{"timestamp":"2025-11-14T19:46:34.899449Z","level":"info","event":"DAG bundles loaded: dags-folder","logger":"airflow.dag_processing.bundles.manager.DagBundlesManager","filename":"manager.py","lineno":179}
{"timestamp":"2025-11-14T19:46:34.901973Z","level":"info","event":"Filling up the DagBag from /opt/airflow/dags/finance_news_pipeline.py","logger":"airflow.models.dagbag.DagBag","filename":"dagbag.py","lineno":593}
{"timestamp":"2025-11-14T19:46:35.226677Z","level":"info","event":"Sẽ lấy tin cho các ngày (trừ hôm nay 2025-11-15): ['2025-11-14', '2025-11-13', '2025-11-12', '2025-11-11', '2025-11-10']","logger":"task.stdout"}
{"timestamp":"2025-11-14T19:46:35.227391Z","level":"info","event":"","logger":"task.stdout"}
{"timestamp":"2025-11-14T19:46:35.244766Z","level":"info","event":"--> 2025-11-14 (VN time) | from=2025-11-13T17:00:00Z to=2025-11-14T16:59:59.999000Z","logger":"task.stdout"}
{"timestamp":"2025-11-14T19:46:37.452661Z","level":"info","event":"   • Trang 1: nhận 96 bài, thêm mới 96, totalResults=166","logger":"task.stdout"}
{"timestamp":"2025-11-14T19:46:37.918916Z","level":"info","event":"⬆️  Uploaded: s3://warehouse/bronze1/finance_news/date=2025-11-14/ts_20251114T194637Z.json (87713 bytes)","logger":"task.stdout"}
{"timestamp":"2025-11-14T19:46:38.921538Z","level":"info","event":"--> 2025-11-13 (VN time) | from=2025-11-12T17:00:00Z to=2025-11-13T16:59:59.999000Z","logger":"task.stdout"}
{"timestamp":"2025-11-14T19:46:39.340658Z","level":"info","event":"   • Trang 1: nhận 97 bài, thêm mới 97, totalResults=965","logger":"task.stdout"}
{"timestamp":"2025-11-14T19:46:39.467217Z","level":"info","event":"⬆️  Uploaded: s3://warehouse/bronze1/finance_news/date=2025-11-13/ts_20251114T194639Z.json (88531 bytes)","logger":"task.stdout"}
{"timestamp":"2025-11-14T19:46:40.467863Z","level":"info","event":"--> 2025-11-12 (VN time) | from=2025-11-11T17:00:00Z to=2025-11-12T16:59:59.999000Z","logger":"task.stdout"}
{"timestamp":"2025-11-14T19:46:40.885915Z","level":"info","event":"   • Trang 1: nhận 98 bài, thêm mới 98, totalResults=1069","logger":"task.stdout"}
{"timestamp":"2025-11-14T19:46:40.958031Z","level":"info","event":"⬆️  Uploaded: s3://warehouse/bronze1/finance_news/date=2025-11-12/ts_20251114T194640Z.json (90238 bytes)","logger":"task.stdout"}
{"timestamp":"2025-11-14T19:46:41.958499Z","level":"info","event":"--> 2025-11-11 (VN time) | from=2025-11-10T17:00:00Z to=2025-11-11T16:59:59.999000Z","logger":"task.stdout"}
{"timestamp":"2025-11-14T19:46:42.419927Z","level":"info","event":"   • Trang 1: nhận 95 bài, thêm mới 95, totalResults=1006","logger":"task.stdout"}
{"timestamp":"2025-11-14T19:46:42.531540Z","level":"info","event":"⬆️  Uploaded: s3://warehouse/bronze1/finance_news/date=2025-11-11/ts_20251114T194642Z.json (86474 bytes)","logger":"task.stdout"}
{"timestamp":"2025-11-14T19:46:43.529844Z","level":"info","event":"--> 2025-11-10 (VN time) | from=2025-11-09T17:00:00Z to=2025-11-10T16:59:59.999000Z","logger":"task.stdout"}
{"timestamp":"2025-11-14T19:46:43.946993Z","level":"info","event":"   • Trang 1: nhận 99 bài, thêm mới 99, totalResults=764","logger":"task.stdout"}
{"timestamp":"2025-11-14T19:46:44.022759Z","level":"info","event":"⬆️  Uploaded: s3://warehouse/bronze1/finance_news/date=2025-11-10/ts_20251114T194643Z.json (90072 bytes)","logger":"task.stdout"}
{"timestamp":"2025-11-14T19:46:45.023182Z","level":"info","event":"✅ Done. Tổng số bài: 485","logger":"task.stdout"}
{"timestamp":"2025-11-14T19:46:45.026187Z","level":"info","event":"Done. Returned value was: 485","logger":"airflow.task.operators.airflow.providers.standard.operators.python.PythonOperator","filename":"python.py","lineno":218}
{"timestamp":"2025-11-14T19:46:45.027024Z","level":"info","event":"Pushing xcom","ti":"RuntimeTaskInstance(id=UUID('019a83e7-bf5a-7b10-bc9b-8232b0770e12'), task_id='collect_finance_news_to_minio', dag_id='newsapi_finance_pipeline', run_id='scheduled__2025-11-14T17:00:00+00:00', try_number=1, dag_version_id=UUID('019a83e6-b994-7c41-96f7-7efcc48ed075'), map_index=-1, hostname='771d2d2559c7', context_carrier={}, task=<Task(PythonOperator): collect_finance_news_to_minio>, bundle_instance=LocalDagBundle(name=dags-folder), max_tries=10, start_date=datetime.datetime(2025, 11, 14, 19, 46, 34, 713182, tzinfo=datetime.timezone.utc), end_date=None, state=<TaskInstanceState.RUNNING: 'running'>, is_mapped=False, rendered_map_index=None)","logger":"task","filename":"task_runner.py","lineno":1352}
