{"timestamp":"2025-11-12T14:58:38.077836Z","level":"info","event":"DAG bundles loaded: dags-folder","logger":"airflow.dag_processing.bundles.manager.DagBundlesManager","filename":"manager.py","lineno":179}
{"timestamp":"2025-11-12T14:58:38.079860Z","level":"info","event":"Filling up the DagBag from /opt/airflow/dags/stock_intraday_pipeline.py","logger":"airflow.models.dagbag.DagBag","filename":"dagbag.py","lineno":593}
{"timestamp":"2025-11-12T14:58:38.829370Z","level":"info","event":"Tmp dir root location: /tmp","logger":"airflow.task.hooks.airflow.providers.standard.hooks.subprocess.SubprocessHook","filename":"subprocess.py","lineno":78}
{"timestamp":"2025-11-12T14:58:38.830973Z","level":"info","event":"Running command: ['/usr/bin/bash', '-c', 'docker exec delta-spark bash -lc \"spark-submit --master local[*] --packages io.delta:delta-spark_2.13:4.0.0,org.apache.hadoop:hadoop-aws:3.4.1 --conf spark.hadoop.fs.s3a.endpoint=http://minio:9000 --conf spark.hadoop.fs.s3a.access.key=admin --conf spark.hadoop.fs.s3a.secret.key=password --conf spark.hadoop.fs.s3a.path.style.access=true --conf spark.hadoop.fs.s3a.impl=org.apache.hadoop.fs.s3a.S3AFileSystem --conf spark.hadoop.fs.s3a.connection.ssl.enabled=false --conf spark.sql.catalogImplementation=hive --conf spark.hadoop.hive.metastore.uris=thrift://hive-metastore:9083 --conf spark.sql.extensions=io.delta.sql.DeltaSparkSessionExtension --conf spark.sql.catalog.spark_catalog=org.apache.spark.sql.delta.catalog.DeltaCatalog /opt/jobs/alphavantage/transform_into_delta.py\"']","logger":"airflow.task.hooks.airflow.providers.standard.hooks.subprocess.SubprocessHook","filename":"subprocess.py","lineno":88}
{"timestamp":"2025-11-12T14:58:38.843248Z","level":"info","event":"Output:","logger":"airflow.task.hooks.airflow.providers.standard.hooks.subprocess.SubprocessHook","filename":"subprocess.py","lineno":99}
{"timestamp":"2025-11-12T15:03:03.889712Z","level":"info","event":"WARNING: Using incubator modules: jdk.incubator.vector","logger":"airflow.task.hooks.airflow.providers.standard.hooks.subprocess.SubprocessHook","filename":"subprocess.py","lineno":106}
{"timestamp":"2025-11-12T15:03:52.050857Z","level":"info","event":":: loading settings :: url = jar:file:/opt/spark/jars/ivy-2.5.3.jar!/org/apache/ivy/core/settings/ivysettings.xml","logger":"airflow.task.hooks.airflow.providers.standard.hooks.subprocess.SubprocessHook","filename":"subprocess.py","lineno":106}
{"timestamp":"2025-11-12T15:03:52.825161Z","level":"info","event":"Ivy Default Cache set to: /home/NBuser/.ivy2.5.2/cache","logger":"airflow.task.hooks.airflow.providers.standard.hooks.subprocess.SubprocessHook","filename":"subprocess.py","lineno":106}
{"timestamp":"2025-11-12T15:03:52.825455Z","level":"info","event":"The jars for the packages stored in: /home/NBuser/.ivy2.5.2/jars","logger":"airflow.task.hooks.airflow.providers.standard.hooks.subprocess.SubprocessHook","filename":"subprocess.py","lineno":106}
{"timestamp":"2025-11-12T15:03:52.838971Z","level":"info","event":"io.delta#delta-spark_2.13 added as a dependency","logger":"airflow.task.hooks.airflow.providers.standard.hooks.subprocess.SubprocessHook","filename":"subprocess.py","lineno":106}
{"timestamp":"2025-11-12T15:03:52.839232Z","level":"info","event":"org.apache.hadoop#hadoop-aws added as a dependency","logger":"airflow.task.hooks.airflow.providers.standard.hooks.subprocess.SubprocessHook","filename":"subprocess.py","lineno":106}
{"timestamp":"2025-11-12T15:03:52.841623Z","level":"info","event":":: resolving dependencies :: org.apache.spark#spark-submit-parent-4e1c8317-52f2-4083-80e0-8a477d7583da;1.0","logger":"airflow.task.hooks.airflow.providers.standard.hooks.subprocess.SubprocessHook","filename":"subprocess.py","lineno":106}
{"timestamp":"2025-11-12T15:03:52.843599Z","level":"info","event":"\tconfs: [default]","logger":"airflow.task.hooks.airflow.providers.standard.hooks.subprocess.SubprocessHook","filename":"subprocess.py","lineno":106}
{"timestamp":"2025-11-12T15:03:53.821707Z","level":"info","event":"\tfound io.delta#delta-spark_2.13;4.0.0 in central","logger":"airflow.task.hooks.airflow.providers.standard.hooks.subprocess.SubprocessHook","filename":"subprocess.py","lineno":106}
{"timestamp":"2025-11-12T15:03:53.949948Z","level":"info","event":"\tfound io.delta#delta-storage;4.0.0 in spark-list","logger":"airflow.task.hooks.airflow.providers.standard.hooks.subprocess.SubprocessHook","filename":"subprocess.py","lineno":106}
{"timestamp":"2025-11-12T15:03:54.046398Z","level":"info","event":"\tfound org.antlr#antlr4-runtime;4.13.1 in central","logger":"airflow.task.hooks.airflow.providers.standard.hooks.subprocess.SubprocessHook","filename":"subprocess.py","lineno":106}
{"timestamp":"2025-11-12T15:03:54.181879Z","level":"info","event":"\tfound org.apache.hadoop#hadoop-aws;3.4.1 in central","logger":"airflow.task.hooks.airflow.providers.standard.hooks.subprocess.SubprocessHook","filename":"subprocess.py","lineno":106}
{"timestamp":"2025-11-12T15:03:54.300964Z","level":"info","event":"\tfound software.amazon.awssdk#bundle;2.24.6 in central","logger":"airflow.task.hooks.airflow.providers.standard.hooks.subprocess.SubprocessHook","filename":"subprocess.py","lineno":106}
{"timestamp":"2025-11-12T15:03:54.515243Z","level":"info","event":"\tfound org.wildfly.openssl#wildfly-openssl;1.1.3.Final in spark-list","logger":"airflow.task.hooks.airflow.providers.standard.hooks.subprocess.SubprocessHook","filename":"subprocess.py","lineno":106}
{"timestamp":"2025-11-12T15:03:54.661855Z","level":"info","event":":: resolution report :: resolve 1751ms :: artifacts dl 70ms","logger":"airflow.task.hooks.airflow.providers.standard.hooks.subprocess.SubprocessHook","filename":"subprocess.py","lineno":106}
{"timestamp":"2025-11-12T15:03:54.669519Z","level":"info","event":"\t:: modules in use:","logger":"airflow.task.hooks.airflow.providers.standard.hooks.subprocess.SubprocessHook","filename":"subprocess.py","lineno":106}
{"timestamp":"2025-11-12T15:03:54.669795Z","level":"info","event":"\tio.delta#delta-spark_2.13;4.0.0 from central in [default]","logger":"airflow.task.hooks.airflow.providers.standard.hooks.subprocess.SubprocessHook","filename":"subprocess.py","lineno":106}
{"timestamp":"2025-11-12T15:03:54.669864Z","level":"info","event":"\tio.delta#delta-storage;4.0.0 from spark-list in [default]","logger":"airflow.task.hooks.airflow.providers.standard.hooks.subprocess.SubprocessHook","filename":"subprocess.py","lineno":106}
{"timestamp":"2025-11-12T15:03:54.669915Z","level":"info","event":"\torg.antlr#antlr4-runtime;4.13.1 from central in [default]","logger":"airflow.task.hooks.airflow.providers.standard.hooks.subprocess.SubprocessHook","filename":"subprocess.py","lineno":106}
{"timestamp":"2025-11-12T15:03:54.669959Z","level":"info","event":"\torg.apache.hadoop#hadoop-aws;3.4.1 from central in [default]","logger":"airflow.task.hooks.airflow.providers.standard.hooks.subprocess.SubprocessHook","filename":"subprocess.py","lineno":106}
{"timestamp":"2025-11-12T15:03:54.670004Z","level":"info","event":"\torg.wildfly.openssl#wildfly-openssl;1.1.3.Final from spark-list in [default]","logger":"airflow.task.hooks.airflow.providers.standard.hooks.subprocess.SubprocessHook","filename":"subprocess.py","lineno":106}
{"timestamp":"2025-11-12T15:03:54.670153Z","level":"info","event":"\tsoftware.amazon.awssdk#bundle;2.24.6 from central in [default]","logger":"airflow.task.hooks.airflow.providers.standard.hooks.subprocess.SubprocessHook","filename":"subprocess.py","lineno":106}
{"timestamp":"2025-11-12T15:03:54.670222Z","level":"info","event":"\t---------------------------------------------------------------------","logger":"airflow.task.hooks.airflow.providers.standard.hooks.subprocess.SubprocessHook","filename":"subprocess.py","lineno":106}
{"timestamp":"2025-11-12T15:03:54.670271Z","level":"info","event":"\t|                  |            modules            ||   artifacts   |","logger":"airflow.task.hooks.airflow.providers.standard.hooks.subprocess.SubprocessHook","filename":"subprocess.py","lineno":106}
{"timestamp":"2025-11-12T15:03:54.670326Z","level":"info","event":"\t|       conf       | number| search|dwnlded|evicted|| number|dwnlded|","logger":"airflow.task.hooks.airflow.providers.standard.hooks.subprocess.SubprocessHook","filename":"subprocess.py","lineno":106}
{"timestamp":"2025-11-12T15:03:54.670368Z","level":"info","event":"\t---------------------------------------------------------------------","logger":"airflow.task.hooks.airflow.providers.standard.hooks.subprocess.SubprocessHook","filename":"subprocess.py","lineno":106}
{"timestamp":"2025-11-12T15:03:54.670407Z","level":"info","event":"\t|      default     |   6   |   0   |   0   |   0   ||   6   |   0   |","logger":"airflow.task.hooks.airflow.providers.standard.hooks.subprocess.SubprocessHook","filename":"subprocess.py","lineno":106}
{"timestamp":"2025-11-12T15:03:54.670450Z","level":"info","event":"\t---------------------------------------------------------------------","logger":"airflow.task.hooks.airflow.providers.standard.hooks.subprocess.SubprocessHook","filename":"subprocess.py","lineno":106}
{"timestamp":"2025-11-12T15:03:54.683804Z","level":"info","event":"","logger":"airflow.task.hooks.airflow.providers.standard.hooks.subprocess.SubprocessHook","filename":"subprocess.py","lineno":106}
{"timestamp":"2025-11-12T15:03:54.684079Z","level":"info","event":":: problems summary ::","logger":"airflow.task.hooks.airflow.providers.standard.hooks.subprocess.SubprocessHook","filename":"subprocess.py","lineno":106}
{"timestamp":"2025-11-12T15:03:54.684175Z","level":"info","event":":::: ERRORS","logger":"airflow.task.hooks.airflow.providers.standard.hooks.subprocess.SubprocessHook","filename":"subprocess.py","lineno":106}
{"timestamp":"2025-11-12T15:03:54.684231Z","level":"info","event":"\tunknown resolver null","logger":"airflow.task.hooks.airflow.providers.standard.hooks.subprocess.SubprocessHook","filename":"subprocess.py","lineno":106}
{"timestamp":"2025-11-12T15:03:54.684277Z","level":"info","event":"","logger":"airflow.task.hooks.airflow.providers.standard.hooks.subprocess.SubprocessHook","filename":"subprocess.py","lineno":106}
{"timestamp":"2025-11-12T15:03:54.684321Z","level":"info","event":"\tunknown resolver null","logger":"airflow.task.hooks.airflow.providers.standard.hooks.subprocess.SubprocessHook","filename":"subprocess.py","lineno":106}
{"timestamp":"2025-11-12T15:03:54.684364Z","level":"info","event":"","logger":"airflow.task.hooks.airflow.providers.standard.hooks.subprocess.SubprocessHook","filename":"subprocess.py","lineno":106}
{"timestamp":"2025-11-12T15:03:54.684405Z","level":"info","event":"\tunknown resolver null","logger":"airflow.task.hooks.airflow.providers.standard.hooks.subprocess.SubprocessHook","filename":"subprocess.py","lineno":106}
{"timestamp":"2025-11-12T15:03:54.684452Z","level":"info","event":"","logger":"airflow.task.hooks.airflow.providers.standard.hooks.subprocess.SubprocessHook","filename":"subprocess.py","lineno":106}
{"timestamp":"2025-11-12T15:03:54.684497Z","level":"info","event":"\tunknown resolver null","logger":"airflow.task.hooks.airflow.providers.standard.hooks.subprocess.SubprocessHook","filename":"subprocess.py","lineno":106}
{"timestamp":"2025-11-12T15:03:54.684541Z","level":"info","event":"","logger":"airflow.task.hooks.airflow.providers.standard.hooks.subprocess.SubprocessHook","filename":"subprocess.py","lineno":106}
{"timestamp":"2025-11-12T15:03:54.684583Z","level":"info","event":"","logger":"airflow.task.hooks.airflow.providers.standard.hooks.subprocess.SubprocessHook","filename":"subprocess.py","lineno":106}
{"timestamp":"2025-11-12T15:03:54.684624Z","level":"info","event":":: USE VERBOSE OR DEBUG MESSAGE LEVEL FOR MORE DETAILS","logger":"airflow.task.hooks.airflow.providers.standard.hooks.subprocess.SubprocessHook","filename":"subprocess.py","lineno":106}
{"timestamp":"2025-11-12T15:03:54.693969Z","level":"info","event":":: retrieving :: org.apache.spark#spark-submit-parent-4e1c8317-52f2-4083-80e0-8a477d7583da","logger":"airflow.task.hooks.airflow.providers.standard.hooks.subprocess.SubprocessHook","filename":"subprocess.py","lineno":106}
{"timestamp":"2025-11-12T15:03:54.694368Z","level":"info","event":"\tconfs: [default]","logger":"airflow.task.hooks.airflow.providers.standard.hooks.subprocess.SubprocessHook","filename":"subprocess.py","lineno":106}
{"timestamp":"2025-11-12T15:03:54.716243Z","level":"info","event":"\t0 artifacts copied, 6 already retrieved (0kB/23ms)","logger":"airflow.task.hooks.airflow.providers.standard.hooks.subprocess.SubprocessHook","filename":"subprocess.py","lineno":106}
{"timestamp":"2025-11-12T15:03:57.850902Z","level":"info","event":"25/11/12 22:03:57 WARN NativeCodeLoader: Unable to load native-hadoop library for your platform... using builtin-java classes where applicable","logger":"airflow.task.hooks.airflow.providers.standard.hooks.subprocess.SubprocessHook","filename":"subprocess.py","lineno":106}
{"timestamp":"2025-11-12T15:04:07.785209Z","level":"info","event":"Using Spark's default log4j profile: org/apache/spark/log4j2-defaults.properties","logger":"airflow.task.hooks.airflow.providers.standard.hooks.subprocess.SubprocessHook","filename":"subprocess.py","lineno":106}
{"timestamp":"2025-11-12T15:04:07.803832Z","level":"info","event":"25/11/12 22:04:07 INFO SparkContext: Running Spark version 4.0.0","logger":"airflow.task.hooks.airflow.providers.standard.hooks.subprocess.SubprocessHook","filename":"subprocess.py","lineno":106}
{"timestamp":"2025-11-12T15:04:07.826606Z","level":"info","event":"25/11/12 22:04:07 INFO SparkContext: OS info Linux, 6.6.87.2-microsoft-standard-WSL2, amd64","logger":"airflow.task.hooks.airflow.providers.standard.hooks.subprocess.SubprocessHook","filename":"subprocess.py","lineno":106}
{"timestamp":"2025-11-12T15:04:07.835113Z","level":"info","event":"25/11/12 22:04:07 INFO SparkContext: Java version 17.0.15","logger":"airflow.task.hooks.airflow.providers.standard.hooks.subprocess.SubprocessHook","filename":"subprocess.py","lineno":106}
{"timestamp":"2025-11-12T15:04:08.028282Z","level":"info","event":"25/11/12 22:04:08 INFO ResourceUtils: ==============================================================","logger":"airflow.task.hooks.airflow.providers.standard.hooks.subprocess.SubprocessHook","filename":"subprocess.py","lineno":106}
{"timestamp":"2025-11-12T15:04:08.032544Z","level":"info","event":"25/11/12 22:04:08 INFO ResourceUtils: No custom resources configured for spark.driver.","logger":"airflow.task.hooks.airflow.providers.standard.hooks.subprocess.SubprocessHook","filename":"subprocess.py","lineno":106}
{"timestamp":"2025-11-12T15:04:08.035097Z","level":"info","event":"25/11/12 22:04:08 INFO ResourceUtils: ==============================================================","logger":"airflow.task.hooks.airflow.providers.standard.hooks.subprocess.SubprocessHook","filename":"subprocess.py","lineno":106}
{"timestamp":"2025-11-12T15:04:08.035776Z","level":"info","event":"25/11/12 22:04:08 INFO SparkContext: Submitted application: bronze1_to_bronze2_json_to_delta_checkpointed","logger":"airflow.task.hooks.airflow.providers.standard.hooks.subprocess.SubprocessHook","filename":"subprocess.py","lineno":106}
{"timestamp":"2025-11-12T15:04:08.316577Z","level":"info","event":"25/11/12 22:04:08 INFO ResourceProfile: Default ResourceProfile created, executor resources: Map(cores -> name: cores, amount: 1, script: , vendor: , memory -> name: memory, amount: 1024, script: , vendor: , offHeap -> name: offHeap, amount: 0, script: , vendor: ), task resources: Map(cpus -> name: cpus, amount: 1.0)","logger":"airflow.task.hooks.airflow.providers.standard.hooks.subprocess.SubprocessHook","filename":"subprocess.py","lineno":106}
{"timestamp":"2025-11-12T15:04:08.332970Z","level":"info","event":"25/11/12 22:04:08 INFO ResourceProfile: Limiting resource is cpu","logger":"airflow.task.hooks.airflow.providers.standard.hooks.subprocess.SubprocessHook","filename":"subprocess.py","lineno":106}
{"timestamp":"2025-11-12T15:04:08.338416Z","level":"info","event":"25/11/12 22:04:08 INFO ResourceProfileManager: Added ResourceProfile id: 0","logger":"airflow.task.hooks.airflow.providers.standard.hooks.subprocess.SubprocessHook","filename":"subprocess.py","lineno":106}
{"timestamp":"2025-11-12T15:04:08.603074Z","level":"info","event":"25/11/12 22:04:08 INFO SecurityManager: Changing view acls to: NBuser","logger":"airflow.task.hooks.airflow.providers.standard.hooks.subprocess.SubprocessHook","filename":"subprocess.py","lineno":106}
{"timestamp":"2025-11-12T15:04:08.604086Z","level":"info","event":"25/11/12 22:04:08 INFO SecurityManager: Changing modify acls to: NBuser","logger":"airflow.task.hooks.airflow.providers.standard.hooks.subprocess.SubprocessHook","filename":"subprocess.py","lineno":106}
{"timestamp":"2025-11-12T15:04:08.606002Z","level":"info","event":"25/11/12 22:04:08 INFO SecurityManager: Changing view acls groups to: NBuser","logger":"airflow.task.hooks.airflow.providers.standard.hooks.subprocess.SubprocessHook","filename":"subprocess.py","lineno":106}
{"timestamp":"2025-11-12T15:04:08.608038Z","level":"info","event":"25/11/12 22:04:08 INFO SecurityManager: Changing modify acls groups to: NBuser","logger":"airflow.task.hooks.airflow.providers.standard.hooks.subprocess.SubprocessHook","filename":"subprocess.py","lineno":106}
{"timestamp":"2025-11-12T15:04:08.631538Z","level":"info","event":"25/11/12 22:04:08 INFO SecurityManager: SecurityManager: authentication disabled; ui acls disabled; users with view permissions: NBuser groups with view permissions: EMPTY; users with modify permissions: NBuser; groups with modify permissions: EMPTY; RPC SSL disabled","logger":"airflow.task.hooks.airflow.providers.standard.hooks.subprocess.SubprocessHook","filename":"subprocess.py","lineno":106}
{"timestamp":"2025-11-12T15:04:09.889267Z","level":"info","event":"25/11/12 22:04:09 INFO Utils: Successfully started service 'sparkDriver' on port 35645.","logger":"airflow.task.hooks.airflow.providers.standard.hooks.subprocess.SubprocessHook","filename":"subprocess.py","lineno":106}
{"timestamp":"2025-11-12T15:04:10.630594Z","level":"info","event":"25/11/12 22:04:10 INFO SparkEnv: Registering MapOutputTracker","logger":"airflow.task.hooks.airflow.providers.standard.hooks.subprocess.SubprocessHook","filename":"subprocess.py","lineno":106}
{"timestamp":"2025-11-12T15:04:10.664768Z","level":"info","event":"25/11/12 22:04:10 INFO SparkEnv: Registering BlockManagerMaster","logger":"airflow.task.hooks.airflow.providers.standard.hooks.subprocess.SubprocessHook","filename":"subprocess.py","lineno":106}
{"timestamp":"2025-11-12T15:04:10.782906Z","level":"info","event":"25/11/12 22:04:10 INFO BlockManagerMasterEndpoint: Using org.apache.spark.storage.DefaultTopologyMapper for getting topology information","logger":"airflow.task.hooks.airflow.providers.standard.hooks.subprocess.SubprocessHook","filename":"subprocess.py","lineno":106}
{"timestamp":"2025-11-12T15:04:10.783378Z","level":"info","event":"25/11/12 22:04:10 INFO BlockManagerMasterEndpoint: BlockManagerMasterEndpoint up","logger":"airflow.task.hooks.airflow.providers.standard.hooks.subprocess.SubprocessHook","filename":"subprocess.py","lineno":106}
{"timestamp":"2025-11-12T15:04:10.795346Z","level":"info","event":"25/11/12 22:04:10 INFO SparkEnv: Registering BlockManagerMasterHeartbeat","logger":"airflow.task.hooks.airflow.providers.standard.hooks.subprocess.SubprocessHook","filename":"subprocess.py","lineno":106}
{"timestamp":"2025-11-12T15:04:10.907643Z","level":"info","event":"25/11/12 22:04:10 INFO DiskBlockManager: Created local directory at /tmp/blockmgr-65122a05-1ad3-4aac-a6ab-e04864c08ab0","logger":"airflow.task.hooks.airflow.providers.standard.hooks.subprocess.SubprocessHook","filename":"subprocess.py","lineno":106}
{"timestamp":"2025-11-12T15:04:11.157818Z","level":"info","event":"25/11/12 22:04:11 INFO SparkEnv: Registering OutputCommitCoordinator","logger":"airflow.task.hooks.airflow.providers.standard.hooks.subprocess.SubprocessHook","filename":"subprocess.py","lineno":106}
{"timestamp":"2025-11-12T15:04:11.951224Z","level":"info","event":"25/11/12 22:04:11 INFO JettyUtils: Start Jetty 0.0.0.0:4040 for SparkUI","logger":"airflow.task.hooks.airflow.providers.standard.hooks.subprocess.SubprocessHook","filename":"subprocess.py","lineno":106}
{"timestamp":"2025-11-12T15:04:12.339544Z","level":"info","event":"25/11/12 22:04:12 WARN Utils: Service 'SparkUI' could not bind on port 4040. Attempting port 4041.","logger":"airflow.task.hooks.airflow.providers.standard.hooks.subprocess.SubprocessHook","filename":"subprocess.py","lineno":106}
{"timestamp":"2025-11-12T15:04:12.339934Z","level":"info","event":"25/11/12 22:04:12 WARN Utils: Service 'SparkUI' could not bind on port 4041. Attempting port 4042.","logger":"airflow.task.hooks.airflow.providers.standard.hooks.subprocess.SubprocessHook","filename":"subprocess.py","lineno":106}
{"timestamp":"2025-11-12T15:04:12.340343Z","level":"info","event":"25/11/12 22:04:12 WARN Utils: Service 'SparkUI' could not bind on port 4042. Attempting port 4043.","logger":"airflow.task.hooks.airflow.providers.standard.hooks.subprocess.SubprocessHook","filename":"subprocess.py","lineno":106}
{"timestamp":"2025-11-12T15:04:12.346719Z","level":"info","event":"25/11/12 22:04:12 WARN Utils: Service 'SparkUI' could not bind on port 4043. Attempting port 4044.","logger":"airflow.task.hooks.airflow.providers.standard.hooks.subprocess.SubprocessHook","filename":"subprocess.py","lineno":106}
{"timestamp":"2025-11-12T15:04:12.375747Z","level":"info","event":"25/11/12 22:04:12 INFO Utils: Successfully started service 'SparkUI' on port 4044.","logger":"airflow.task.hooks.airflow.providers.standard.hooks.subprocess.SubprocessHook","filename":"subprocess.py","lineno":106}
{"timestamp":"2025-11-12T15:04:12.487765Z","level":"info","event":"25/11/12 22:04:12 INFO SparkContext: Added JAR file:///home/NBuser/.ivy2.5.2/jars/io.delta_delta-spark_2.13-4.0.0.jar at spark://delta-spark:35645/jars/io.delta_delta-spark_2.13-4.0.0.jar with timestamp 1762959847758","logger":"airflow.task.hooks.airflow.providers.standard.hooks.subprocess.SubprocessHook","filename":"subprocess.py","lineno":106}
{"timestamp":"2025-11-12T15:04:12.488085Z","level":"info","event":"25/11/12 22:04:12 INFO SparkContext: Added JAR file:///home/NBuser/.ivy2.5.2/jars/org.apache.hadoop_hadoop-aws-3.4.1.jar at spark://delta-spark:35645/jars/org.apache.hadoop_hadoop-aws-3.4.1.jar with timestamp 1762959847758","logger":"airflow.task.hooks.airflow.providers.standard.hooks.subprocess.SubprocessHook","filename":"subprocess.py","lineno":106}
{"timestamp":"2025-11-12T15:04:12.488950Z","level":"info","event":"25/11/12 22:04:12 INFO SparkContext: Added JAR file:///home/NBuser/.ivy2.5.2/jars/io.delta_delta-storage-4.0.0.jar at spark://delta-spark:35645/jars/io.delta_delta-storage-4.0.0.jar with timestamp 1762959847758","logger":"airflow.task.hooks.airflow.providers.standard.hooks.subprocess.SubprocessHook","filename":"subprocess.py","lineno":106}
{"timestamp":"2025-11-12T15:04:12.489328Z","level":"info","event":"25/11/12 22:04:12 INFO SparkContext: Added JAR file:///home/NBuser/.ivy2.5.2/jars/org.antlr_antlr4-runtime-4.13.1.jar at spark://delta-spark:35645/jars/org.antlr_antlr4-runtime-4.13.1.jar with timestamp 1762959847758","logger":"airflow.task.hooks.airflow.providers.standard.hooks.subprocess.SubprocessHook","filename":"subprocess.py","lineno":106}
{"timestamp":"2025-11-12T15:04:12.489424Z","level":"info","event":"25/11/12 22:04:12 INFO SparkContext: Added JAR file:///home/NBuser/.ivy2.5.2/jars/software.amazon.awssdk_bundle-2.24.6.jar at spark://delta-spark:35645/jars/software.amazon.awssdk_bundle-2.24.6.jar with timestamp 1762959847758","logger":"airflow.task.hooks.airflow.providers.standard.hooks.subprocess.SubprocessHook","filename":"subprocess.py","lineno":106}
{"timestamp":"2025-11-12T15:04:12.489993Z","level":"info","event":"25/11/12 22:04:12 INFO SparkContext: Added JAR file:///home/NBuser/.ivy2.5.2/jars/org.wildfly.openssl_wildfly-openssl-1.1.3.Final.jar at spark://delta-spark:35645/jars/org.wildfly.openssl_wildfly-openssl-1.1.3.Final.jar with timestamp 1762959847758","logger":"airflow.task.hooks.airflow.providers.standard.hooks.subprocess.SubprocessHook","filename":"subprocess.py","lineno":106}
{"timestamp":"2025-11-12T15:04:12.544150Z","level":"info","event":"25/11/12 22:04:12 INFO SparkContext: Added file file:///home/NBuser/.ivy2.5.2/jars/io.delta_delta-spark_2.13-4.0.0.jar at file:///home/NBuser/.ivy2.5.2/jars/io.delta_delta-spark_2.13-4.0.0.jar with timestamp 1762959847758","logger":"airflow.task.hooks.airflow.providers.standard.hooks.subprocess.SubprocessHook","filename":"subprocess.py","lineno":106}
{"timestamp":"2025-11-12T15:04:12.545818Z","level":"info","event":"25/11/12 22:04:12 INFO Utils: Copying /home/NBuser/.ivy2.5.2/jars/io.delta_delta-spark_2.13-4.0.0.jar to /tmp/spark-ebc719bd-22c5-4b7a-8ae9-af99eb525dda/userFiles-84dbf8a8-3521-45d6-981c-63d314bcd5d9/io.delta_delta-spark_2.13-4.0.0.jar","logger":"airflow.task.hooks.airflow.providers.standard.hooks.subprocess.SubprocessHook","filename":"subprocess.py","lineno":106}
{"timestamp":"2025-11-12T15:04:12.727384Z","level":"info","event":"25/11/12 22:04:12 INFO SparkContext: Added file file:///home/NBuser/.ivy2.5.2/jars/org.apache.hadoop_hadoop-aws-3.4.1.jar at file:///home/NBuser/.ivy2.5.2/jars/org.apache.hadoop_hadoop-aws-3.4.1.jar with timestamp 1762959847758","logger":"airflow.task.hooks.airflow.providers.standard.hooks.subprocess.SubprocessHook","filename":"subprocess.py","lineno":106}
{"timestamp":"2025-11-12T15:04:12.727627Z","level":"info","event":"25/11/12 22:04:12 INFO Utils: Copying /home/NBuser/.ivy2.5.2/jars/org.apache.hadoop_hadoop-aws-3.4.1.jar to /tmp/spark-ebc719bd-22c5-4b7a-8ae9-af99eb525dda/userFiles-84dbf8a8-3521-45d6-981c-63d314bcd5d9/org.apache.hadoop_hadoop-aws-3.4.1.jar","logger":"airflow.task.hooks.airflow.providers.standard.hooks.subprocess.SubprocessHook","filename":"subprocess.py","lineno":106}
{"timestamp":"2025-11-12T15:04:12.735350Z","level":"info","event":"25/11/12 22:04:12 INFO SparkContext: Added file file:///home/NBuser/.ivy2.5.2/jars/io.delta_delta-storage-4.0.0.jar at file:///home/NBuser/.ivy2.5.2/jars/io.delta_delta-storage-4.0.0.jar with timestamp 1762959847758","logger":"airflow.task.hooks.airflow.providers.standard.hooks.subprocess.SubprocessHook","filename":"subprocess.py","lineno":106}
{"timestamp":"2025-11-12T15:04:12.742658Z","level":"info","event":"25/11/12 22:04:12 INFO Utils: Copying /home/NBuser/.ivy2.5.2/jars/io.delta_delta-storage-4.0.0.jar to /tmp/spark-ebc719bd-22c5-4b7a-8ae9-af99eb525dda/userFiles-84dbf8a8-3521-45d6-981c-63d314bcd5d9/io.delta_delta-storage-4.0.0.jar","logger":"airflow.task.hooks.airflow.providers.standard.hooks.subprocess.SubprocessHook","filename":"subprocess.py","lineno":106}
{"timestamp":"2025-11-12T15:04:12.753314Z","level":"info","event":"25/11/12 22:04:12 INFO SparkContext: Added file file:///home/NBuser/.ivy2.5.2/jars/org.antlr_antlr4-runtime-4.13.1.jar at file:///home/NBuser/.ivy2.5.2/jars/org.antlr_antlr4-runtime-4.13.1.jar with timestamp 1762959847758","logger":"airflow.task.hooks.airflow.providers.standard.hooks.subprocess.SubprocessHook","filename":"subprocess.py","lineno":106}
{"timestamp":"2025-11-12T15:04:12.753628Z","level":"info","event":"25/11/12 22:04:12 INFO Utils: Copying /home/NBuser/.ivy2.5.2/jars/org.antlr_antlr4-runtime-4.13.1.jar to /tmp/spark-ebc719bd-22c5-4b7a-8ae9-af99eb525dda/userFiles-84dbf8a8-3521-45d6-981c-63d314bcd5d9/org.antlr_antlr4-runtime-4.13.1.jar","logger":"airflow.task.hooks.airflow.providers.standard.hooks.subprocess.SubprocessHook","filename":"subprocess.py","lineno":106}
{"timestamp":"2025-11-12T15:04:12.766405Z","level":"info","event":"25/11/12 22:04:12 INFO SparkContext: Added file file:///home/NBuser/.ivy2.5.2/jars/software.amazon.awssdk_bundle-2.24.6.jar at file:///home/NBuser/.ivy2.5.2/jars/software.amazon.awssdk_bundle-2.24.6.jar with timestamp 1762959847758","logger":"airflow.task.hooks.airflow.providers.standard.hooks.subprocess.SubprocessHook","filename":"subprocess.py","lineno":106}
{"timestamp":"2025-11-12T15:04:12.769553Z","level":"info","event":"25/11/12 22:04:12 INFO Utils: Copying /home/NBuser/.ivy2.5.2/jars/software.amazon.awssdk_bundle-2.24.6.jar to /tmp/spark-ebc719bd-22c5-4b7a-8ae9-af99eb525dda/userFiles-84dbf8a8-3521-45d6-981c-63d314bcd5d9/software.amazon.awssdk_bundle-2.24.6.jar","logger":"airflow.task.hooks.airflow.providers.standard.hooks.subprocess.SubprocessHook","filename":"subprocess.py","lineno":106}
