{"timestamp":"2025-11-12T15:23:46.700197Z","level":"info","event":"DAG bundles loaded: dags-folder","logger":"airflow.dag_processing.bundles.manager.DagBundlesManager","filename":"manager.py","lineno":179}
{"timestamp":"2025-11-12T15:23:46.701286Z","level":"info","event":"Filling up the DagBag from /opt/airflow/dags/stock_intraday_pipeline.py","logger":"airflow.models.dagbag.DagBag","filename":"dagbag.py","lineno":593}
{"timestamp":"2025-11-12T15:23:47.116956Z","level":"info","event":"start collector | date_ny=2025-11-12 | interval=5min | batches=3","logger":"task.stdout"}
{"timestamp":"2025-11-12T15:23:47.117291Z","level":"info","event":"batch 1/3: ['AAPL', 'MSFT']","logger":"task.stdout"}
{"timestamp":"2025-11-12T15:23:48.277584Z","level":"info","event":"AAPL: no data (We have detected your API key as ARJCQ8DPQLHQ14N2 and our standard API rate limit is 25 requests per day. Please subscribe to any of the premium plans at https://www.alphavantage.co/premium/ to instantly remove all daily rate limits.)","logger":"task.stdout"}
{"timestamp":"2025-11-12T15:23:48.278395Z","level":"info","event":"AAPL: 0 record for 2025-11-12 → skip","logger":"task.stdout"}
{"timestamp":"2025-11-12T15:45:14.505049Z","level":"info","event":"DAG bundles loaded: dags-folder","logger":"airflow.dag_processing.bundles.manager.DagBundlesManager","filename":"manager.py","lineno":179}
{"timestamp":"2025-11-12T15:45:14.506809Z","level":"info","event":"Filling up the DagBag from /opt/airflow/dags/stock_intraday_pipeline.py","logger":"airflow.models.dagbag.DagBag","filename":"dagbag.py","lineno":593}
{"timestamp":"2025-11-12T15:45:16.293008Z","level":"info","event":"start collector | date_ny=2025-11-12 | interval=5min | batches=3","logger":"task.stdout"}
{"timestamp":"2025-11-12T15:45:16.293442Z","level":"info","event":"batch 1/3: ['AAPL', 'MSFT']","logger":"task.stdout"}
{"timestamp":"2025-11-12T15:45:16.788055Z","level":"info","event":"AAPL: no data (We have detected your API key as ARJCQ8DPQLHQ14N2 and our standard API rate limit is 25 requests per day. Please subscribe to any of the premium plans at https://www.alphavantage.co/premium/ to instantly remove all daily rate limits.)","logger":"task.stdout"}
{"timestamp":"2025-11-12T15:45:16.788429Z","level":"info","event":"AAPL: 0 record for 2025-11-12 → skip","logger":"task.stdout"}
{"timestamp":"2025-11-12T15:45:31.070881Z","level":"info","event":"MSFT: no data (We have detected your API key as ARJCQ8DPQLHQ14N2 and our standard API rate limit is 25 requests per day. Please subscribe to any of the premium plans at https://www.alphavantage.co/premium/ to instantly remove all daily rate limits.)","logger":"task.stdout"}
{"timestamp":"2025-11-12T15:45:31.071313Z","level":"info","event":"MSFT: 0 record for 2025-11-12 → skip","logger":"task.stdout"}
{"timestamp":"2025-11-12T15:46:15.072475Z","level":"info","event":"batch 2/3: ['IBM', 'GOOGL']","logger":"task.stdout"}
{"timestamp":"2025-11-12T15:46:15.357287Z","level":"info","event":"IBM: no data (We have detected your API key as ARJCQ8DPQLHQ14N2 and our standard API rate limit is 25 requests per day. Please subscribe to any of the premium plans at https://www.alphavantage.co/premium/ to instantly remove all daily rate limits.)","logger":"task.stdout"}
{"timestamp":"2025-11-12T15:46:15.357854Z","level":"info","event":"IBM: 0 record for 2025-11-12 → skip","logger":"task.stdout"}
{"timestamp":"2025-11-12T15:46:30.641874Z","level":"info","event":"GOOGL: no data (We have detected your API key as ARJCQ8DPQLHQ14N2 and our standard API rate limit is 25 requests per day. Please subscribe to any of the premium plans at https://www.alphavantage.co/premium/ to instantly remove all daily rate limits.)","logger":"task.stdout"}
{"timestamp":"2025-11-12T15:46:30.642382Z","level":"info","event":"GOOGL: 0 record for 2025-11-12 → skip","logger":"task.stdout"}
{"timestamp":"2025-11-12T15:47:14.630851Z","level":"info","event":"batch 3/3: ['AMZN']","logger":"task.stdout"}
{"timestamp":"2025-11-12T15:47:14.905601Z","level":"info","event":"AMZN: no data (We have detected your API key as ARJCQ8DPQLHQ14N2 and our standard API rate limit is 25 requests per day. Please subscribe to any of the premium plans at https://www.alphavantage.co/premium/ to instantly remove all daily rate limits.)","logger":"task.stdout"}
{"timestamp":"2025-11-12T15:47:14.906212Z","level":"info","event":"AMZN: 0 record for 2025-11-12 → skip","logger":"task.stdout"}
{"timestamp":"2025-11-12T15:48:33.730437Z","level":"info","event":"Done. Returned value was: None","logger":"airflow.task.operators.airflow.providers.standard.operators.python.PythonOperator","filename":"python.py","lineno":218}
