{"timestamp":"2025-11-12T14:59:28.442761Z","level":"info","event":"DAG bundles loaded: dags-folder","logger":"airflow.dag_processing.bundles.manager.DagBundlesManager","filename":"manager.py","lineno":179}
{"timestamp":"2025-11-12T14:59:28.443763Z","level":"info","event":"Filling up the DagBag from /opt/airflow/dags/stock_intraday_pipeline.py","logger":"airflow.models.dagbag.DagBag","filename":"dagbag.py","lineno":593}
{"timestamp":"2025-11-12T15:00:52.062642Z","level":"info","event":"start collector | date_ny=2025-11-12 | interval=5min | batches=3","logger":"task.stdout"}
{"timestamp":"2025-11-12T15:00:52.063168Z","level":"info","event":"batch 1/3: ['AAPL', 'MSFT']","logger":"task.stdout"}
{"timestamp":"2025-11-12T15:01:02.073537Z","level":"warning","event":"Retrying (Retry(total=4, connect=2, read=3, redirect=None, status=None)) after connection broken by 'NameResolutionError(\"<urllib3.connection.HTTPSConnection object at 0x74345d7ebe60>: Failed to resolve 'www.alphavantage.co' ([Errno -3] Temporary failure in name resolution)\")': /query?function=TIME_SERIES_INTRADAY&symbol=AAPL&interval=5min&datatype=json&apikey=ARJCQ8DPQLHQ14N2","logger":"urllib3.connectionpool","filename":"connectionpool.py","lineno":868}
{"timestamp":"2025-11-12T15:01:11.972075Z","level":"warning","event":"Retrying (Retry(total=3, connect=1, read=3, redirect=None, status=None)) after connection broken by 'NameResolutionError(\"<urllib3.connection.HTTPSConnection object at 0x74345d4a3740>: Failed to resolve 'www.alphavantage.co' ([Errno -3] Temporary failure in name resolution)\")': /query?function=TIME_SERIES_INTRADAY&symbol=AAPL&interval=5min&datatype=json&apikey=ARJCQ8DPQLHQ14N2","logger":"urllib3.connectionpool","filename":"connectionpool.py","lineno":868}
{"timestamp":"2025-11-12T15:01:25.989574Z","level":"warning","event":"Retrying (Retry(total=2, connect=0, read=3, redirect=None, status=None)) after connection broken by 'NameResolutionError(\"<urllib3.connection.HTTPSConnection object at 0x74345d4a3ad0>: Failed to resolve 'www.alphavantage.co' ([Errno -3] Temporary failure in name resolution)\")': /query?function=TIME_SERIES_INTRADAY&symbol=AAPL&interval=5min&datatype=json&apikey=ARJCQ8DPQLHQ14N2","logger":"urllib3.connectionpool","filename":"connectionpool.py","lineno":868}
{"timestamp":"2025-11-12T15:01:33.983133Z","level":"info","event":"AAPL: request error → HTTPSConnectionPool(host='www.alphavantage.co', port=443): Max retries exceeded with url: /query?function=TIME_SERIES_INTRADAY&symbol=AAPL&interval=5min&datatype=json&apikey=ARJCQ8DPQLHQ14N2 (Caused by NameResolutionError(\"<urllib3.connection.HTTPSConnection object at 0x74345d4a3d40>: Failed to resolve 'www.alphavantage.co' ([Errno -3] Temporary failure in name resolution)\"))","logger":"task.stdout"}
{"timestamp":"2025-11-12T15:01:33.983787Z","level":"info","event":"AAPL: 0 record for 2025-11-12 → skip","logger":"task.stdout"}
{"timestamp":"2025-11-12T15:01:59.626030Z","level":"info","event":"MSFT: no data (We have detected your API key as ARJCQ8DPQLHQ14N2 and our standard API rate limit is 25 requests per day. Please subscribe to any of the premium plans at https://www.alphavantage.co/premium/ to instantly remove all daily rate limits.)","logger":"task.stdout"}
{"timestamp":"2025-11-12T15:01:59.626487Z","level":"info","event":"MSFT: 0 record for 2025-11-12 → skip","logger":"task.stdout"}
{"timestamp":"2025-11-12T15:03:46.416579Z","level":"info","event":"batch 2/3: ['IBM', 'GOOGL']","logger":"task.stdout"}
{"timestamp":"2025-11-12T15:03:47.175839Z","level":"info","event":"IBM: no data (We have detected your API key as ARJCQ8DPQLHQ14N2 and our standard API rate limit is 25 requests per day. Please subscribe to any of the premium plans at https://www.alphavantage.co/premium/ to instantly remove all daily rate limits.)","logger":"task.stdout"}
{"timestamp":"2025-11-12T15:03:47.176406Z","level":"info","event":"IBM: 0 record for 2025-11-12 → skip","logger":"task.stdout"}
{"timestamp":"2025-11-12T15:02:58.161219Z","level":"info","event":"GOOGL: no data (We have detected your API key as ARJCQ8DPQLHQ14N2 and our standard API rate limit is 25 requests per day. Please subscribe to any of the premium plans at https://www.alphavantage.co/premium/ to instantly remove all daily rate limits.)","logger":"task.stdout"}
{"timestamp":"2025-11-12T15:02:58.161776Z","level":"info","event":"GOOGL: 0 record for 2025-11-12 → skip","logger":"task.stdout"}
{"timestamp":"2025-11-12T15:03:43.158878Z","level":"info","event":"batch 3/3: ['AMZN']","logger":"task.stdout"}
{"timestamp":"2025-11-12T15:03:43.403709Z","level":"info","event":"AMZN: no data (We have detected your API key as ARJCQ8DPQLHQ14N2 and our standard API rate limit is 25 requests per day. Please subscribe to any of the premium plans at https://www.alphavantage.co/premium/ to instantly remove all daily rate limits.)","logger":"task.stdout"}
{"timestamp":"2025-11-12T15:03:43.404179Z","level":"info","event":"AMZN: 0 record for 2025-11-12 → skip","logger":"task.stdout"}
{"timestamp":"2025-11-12T15:03:58.406488Z","level":"info","event":"Done. Returned value was: None","logger":"airflow.task.operators.airflow.providers.standard.operators.python.PythonOperator","filename":"python.py","lineno":218}
