{"timestamp":"2025-11-13T07:02:49.143123Z","level":"info","event":"DAG bundles loaded: dags-folder","logger":"airflow.dag_processing.bundles.manager.DagBundlesManager","filename":"manager.py","lineno":179}
{"timestamp":"2025-11-13T07:02:49.144359Z","level":"info","event":"Filling up the DagBag from /opt/airflow/dags/official_coin_pipeline.py","logger":"airflow.models.dagbag.DagBag","filename":"dagbag.py","lineno":593}
{"timestamp":"2025-11-13T07:02:49.488058Z","level":"info","event":"Tmp dir root location: /tmp","logger":"airflow.task.hooks.airflow.providers.standard.hooks.subprocess.SubprocessHook","filename":"subprocess.py","lineno":78}
{"timestamp":"2025-11-13T07:02:49.489043Z","level":"info","event":"Running command: ['/usr/bin/bash', '-c', 'docker exec delta-spark bash -lc \"spark-submit --master local[*] --packages io.delta:delta-spark_2.13:4.0.0,org.apache.hadoop:hadoop-aws:3.4.1 --conf spark.hadoop.fs.s3a.endpoint=http://minio:9000 --conf spark.hadoop.fs.s3a.access.key=admin --conf spark.hadoop.fs.s3a.secret.key=password --conf spark.hadoop.fs.s3a.path.style.access=true --conf spark.hadoop.fs.s3a.impl=org.apache.hadoop.fs.s3a.S3AFileSystem --conf spark.hadoop.fs.s3a.connection.ssl.enabled=false --conf spark.sql.warehouse.dir=s3a://warehouse/ --conf spark.sql.catalogImplementation=hive --conf spark.hadoop.hive.metastore.uris=thrift://hive-metastore:9083 --conf spark.sql.extensions=io.delta.sql.DeltaSparkSessionExtension --conf spark.sql.catalog.spark_catalog=org.apache.spark.sql.delta.catalog.DeltaCatalog /opt/jobs/coin/convert_to_delta.py\"']","logger":"airflow.task.hooks.airflow.providers.standard.hooks.subprocess.SubprocessHook","filename":"subprocess.py","lineno":88}
{"timestamp":"2025-11-13T07:02:49.497500Z","level":"info","event":"Output:","logger":"airflow.task.hooks.airflow.providers.standard.hooks.subprocess.SubprocessHook","filename":"subprocess.py","lineno":99}
{"timestamp":"2025-11-13T07:02:49.841147Z","level":"info","event":"WARNING: Using incubator modules: jdk.incubator.vector","logger":"airflow.task.hooks.airflow.providers.standard.hooks.subprocess.SubprocessHook","filename":"subprocess.py","lineno":106}
{"timestamp":"2025-11-13T07:02:50.875676Z","level":"info","event":":: loading settings :: url = jar:file:/opt/spark/jars/ivy-2.5.3.jar!/org/apache/ivy/core/settings/ivysettings.xml","logger":"airflow.task.hooks.airflow.providers.standard.hooks.subprocess.SubprocessHook","filename":"subprocess.py","lineno":106}
{"timestamp":"2025-11-13T07:02:50.927852Z","level":"info","event":"Ivy Default Cache set to: /home/NBuser/.ivy2.5.2/cache","logger":"airflow.task.hooks.airflow.providers.standard.hooks.subprocess.SubprocessHook","filename":"subprocess.py","lineno":106}
{"timestamp":"2025-11-13T07:02:50.928033Z","level":"info","event":"The jars for the packages stored in: /home/NBuser/.ivy2.5.2/jars","logger":"airflow.task.hooks.airflow.providers.standard.hooks.subprocess.SubprocessHook","filename":"subprocess.py","lineno":106}
{"timestamp":"2025-11-13T07:02:50.931841Z","level":"info","event":"io.delta#delta-spark_2.13 added as a dependency","logger":"airflow.task.hooks.airflow.providers.standard.hooks.subprocess.SubprocessHook","filename":"subprocess.py","lineno":106}
{"timestamp":"2025-11-13T07:02:50.932002Z","level":"info","event":"org.apache.hadoop#hadoop-aws added as a dependency","logger":"airflow.task.hooks.airflow.providers.standard.hooks.subprocess.SubprocessHook","filename":"subprocess.py","lineno":106}
{"timestamp":"2025-11-13T07:02:50.932286Z","level":"info","event":":: resolving dependencies :: org.apache.spark#spark-submit-parent-bebf2645-b0b3-41e0-90f5-5412c377bbcb;1.0","logger":"airflow.task.hooks.airflow.providers.standard.hooks.subprocess.SubprocessHook","filename":"subprocess.py","lineno":106}
{"timestamp":"2025-11-13T07:02:50.932346Z","level":"info","event":"\tconfs: [default]","logger":"airflow.task.hooks.airflow.providers.standard.hooks.subprocess.SubprocessHook","filename":"subprocess.py","lineno":106}
{"timestamp":"2025-11-13T07:02:51.021587Z","level":"info","event":"\tfound io.delta#delta-spark_2.13;4.0.0 in central","logger":"airflow.task.hooks.airflow.providers.standard.hooks.subprocess.SubprocessHook","filename":"subprocess.py","lineno":106}
{"timestamp":"2025-11-13T07:02:51.041746Z","level":"info","event":"\tfound io.delta#delta-storage;4.0.0 in central","logger":"airflow.task.hooks.airflow.providers.standard.hooks.subprocess.SubprocessHook","filename":"subprocess.py","lineno":106}
{"timestamp":"2025-11-13T07:02:51.058508Z","level":"info","event":"\tfound org.antlr#antlr4-runtime;4.13.1 in central","logger":"airflow.task.hooks.airflow.providers.standard.hooks.subprocess.SubprocessHook","filename":"subprocess.py","lineno":106}
{"timestamp":"2025-11-13T07:02:51.097344Z","level":"info","event":"\tfound org.apache.hadoop#hadoop-aws;3.4.1 in central","logger":"airflow.task.hooks.airflow.providers.standard.hooks.subprocess.SubprocessHook","filename":"subprocess.py","lineno":106}
{"timestamp":"2025-11-13T07:02:51.113735Z","level":"info","event":"\tfound software.amazon.awssdk#bundle;2.24.6 in central","logger":"airflow.task.hooks.airflow.providers.standard.hooks.subprocess.SubprocessHook","filename":"subprocess.py","lineno":106}
{"timestamp":"2025-11-13T07:02:51.126756Z","level":"info","event":"\tfound org.wildfly.openssl#wildfly-openssl;1.1.3.Final in central","logger":"airflow.task.hooks.airflow.providers.standard.hooks.subprocess.SubprocessHook","filename":"subprocess.py","lineno":106}
{"timestamp":"2025-11-13T07:02:51.142325Z","level":"info","event":":: resolution report :: resolve 202ms :: artifacts dl 7ms","logger":"airflow.task.hooks.airflow.providers.standard.hooks.subprocess.SubprocessHook","filename":"subprocess.py","lineno":106}
{"timestamp":"2025-11-13T07:02:51.142640Z","level":"info","event":"\t:: modules in use:","logger":"airflow.task.hooks.airflow.providers.standard.hooks.subprocess.SubprocessHook","filename":"subprocess.py","lineno":106}
{"timestamp":"2025-11-13T07:02:51.142740Z","level":"info","event":"\tio.delta#delta-spark_2.13;4.0.0 from central in [default]","logger":"airflow.task.hooks.airflow.providers.standard.hooks.subprocess.SubprocessHook","filename":"subprocess.py","lineno":106}
{"timestamp":"2025-11-13T07:02:51.142791Z","level":"info","event":"\tio.delta#delta-storage;4.0.0 from central in [default]","logger":"airflow.task.hooks.airflow.providers.standard.hooks.subprocess.SubprocessHook","filename":"subprocess.py","lineno":106}
{"timestamp":"2025-11-13T07:02:51.142834Z","level":"info","event":"\torg.antlr#antlr4-runtime;4.13.1 from central in [default]","logger":"airflow.task.hooks.airflow.providers.standard.hooks.subprocess.SubprocessHook","filename":"subprocess.py","lineno":106}
{"timestamp":"2025-11-13T07:02:51.142872Z","level":"info","event":"\torg.apache.hadoop#hadoop-aws;3.4.1 from central in [default]","logger":"airflow.task.hooks.airflow.providers.standard.hooks.subprocess.SubprocessHook","filename":"subprocess.py","lineno":106}
{"timestamp":"2025-11-13T07:02:51.142914Z","level":"info","event":"\torg.wildfly.openssl#wildfly-openssl;1.1.3.Final from central in [default]","logger":"airflow.task.hooks.airflow.providers.standard.hooks.subprocess.SubprocessHook","filename":"subprocess.py","lineno":106}
{"timestamp":"2025-11-13T07:02:51.142950Z","level":"info","event":"\tsoftware.amazon.awssdk#bundle;2.24.6 from central in [default]","logger":"airflow.task.hooks.airflow.providers.standard.hooks.subprocess.SubprocessHook","filename":"subprocess.py","lineno":106}
{"timestamp":"2025-11-13T07:02:51.142991Z","level":"info","event":"\t---------------------------------------------------------------------","logger":"airflow.task.hooks.airflow.providers.standard.hooks.subprocess.SubprocessHook","filename":"subprocess.py","lineno":106}
{"timestamp":"2025-11-13T07:02:51.143017Z","level":"info","event":"\t|                  |            modules            ||   artifacts   |","logger":"airflow.task.hooks.airflow.providers.standard.hooks.subprocess.SubprocessHook","filename":"subprocess.py","lineno":106}
{"timestamp":"2025-11-13T07:02:51.143040Z","level":"info","event":"\t|       conf       | number| search|dwnlded|evicted|| number|dwnlded|","logger":"airflow.task.hooks.airflow.providers.standard.hooks.subprocess.SubprocessHook","filename":"subprocess.py","lineno":106}
{"timestamp":"2025-11-13T07:02:51.143080Z","level":"info","event":"\t---------------------------------------------------------------------","logger":"airflow.task.hooks.airflow.providers.standard.hooks.subprocess.SubprocessHook","filename":"subprocess.py","lineno":106}
{"timestamp":"2025-11-13T07:02:51.143119Z","level":"info","event":"\t|      default     |   6   |   0   |   0   |   0   ||   6   |   0   |","logger":"airflow.task.hooks.airflow.providers.standard.hooks.subprocess.SubprocessHook","filename":"subprocess.py","lineno":106}
{"timestamp":"2025-11-13T07:02:51.143157Z","level":"info","event":"\t---------------------------------------------------------------------","logger":"airflow.task.hooks.airflow.providers.standard.hooks.subprocess.SubprocessHook","filename":"subprocess.py","lineno":106}
{"timestamp":"2025-11-13T07:02:51.149066Z","level":"info","event":":: retrieving :: org.apache.spark#spark-submit-parent-bebf2645-b0b3-41e0-90f5-5412c377bbcb","logger":"airflow.task.hooks.airflow.providers.standard.hooks.subprocess.SubprocessHook","filename":"subprocess.py","lineno":106}
{"timestamp":"2025-11-13T07:02:51.149253Z","level":"info","event":"\tconfs: [default]","logger":"airflow.task.hooks.airflow.providers.standard.hooks.subprocess.SubprocessHook","filename":"subprocess.py","lineno":106}
{"timestamp":"2025-11-13T07:02:51.156192Z","level":"info","event":"\t0 artifacts copied, 6 already retrieved (0kB/7ms)","logger":"airflow.task.hooks.airflow.providers.standard.hooks.subprocess.SubprocessHook","filename":"subprocess.py","lineno":106}
{"timestamp":"2025-11-13T07:02:51.423767Z","level":"info","event":"25/11/13 14:02:51 WARN NativeCodeLoader: Unable to load native-hadoop library for your platform... using builtin-java classes where applicable","logger":"airflow.task.hooks.airflow.providers.standard.hooks.subprocess.SubprocessHook","filename":"subprocess.py","lineno":106}
{"timestamp":"2025-11-13T07:02:52.299701Z","level":"info","event":"Traceback (most recent call last):","logger":"airflow.task.hooks.airflow.providers.standard.hooks.subprocess.SubprocessHook","filename":"subprocess.py","lineno":106}
{"timestamp":"2025-11-13T07:02:52.299870Z","level":"info","event":"  File \"/opt/jobs/coin/convert_to_delta.py\", line 14, in <module>","logger":"airflow.task.hooks.airflow.providers.standard.hooks.subprocess.SubprocessHook","filename":"subprocess.py","lineno":106}
{"timestamp":"2025-11-13T07:02:52.301850Z","level":"info","event":"    MINIO_ENDPOINT = config.get(\"minio\", \"endpoint\")","logger":"airflow.task.hooks.airflow.providers.standard.hooks.subprocess.SubprocessHook","filename":"subprocess.py","lineno":106}
{"timestamp":"2025-11-13T07:02:52.302081Z","level":"info","event":"  File \"/usr/lib/python3.10/configparser.py\", line 783, in get","logger":"airflow.task.hooks.airflow.providers.standard.hooks.subprocess.SubprocessHook","filename":"subprocess.py","lineno":106}
{"timestamp":"2025-11-13T07:02:52.302164Z","level":"info","event":"    d = self._unify_values(section, vars)","logger":"airflow.task.hooks.airflow.providers.standard.hooks.subprocess.SubprocessHook","filename":"subprocess.py","lineno":106}
{"timestamp":"2025-11-13T07:02:52.302203Z","level":"info","event":"  File \"/usr/lib/python3.10/configparser.py\", line 1154, in _unify_values","logger":"airflow.task.hooks.airflow.providers.standard.hooks.subprocess.SubprocessHook","filename":"subprocess.py","lineno":106}
{"timestamp":"2025-11-13T07:02:52.302245Z","level":"info","event":"    raise NoSectionError(section) from None","logger":"airflow.task.hooks.airflow.providers.standard.hooks.subprocess.SubprocessHook","filename":"subprocess.py","lineno":106}
{"timestamp":"2025-11-13T07:02:52.302278Z","level":"info","event":"configparser.NoSectionError: No section: 'minio'","logger":"airflow.task.hooks.airflow.providers.standard.hooks.subprocess.SubprocessHook","filename":"subprocess.py","lineno":106}
{"timestamp":"2025-11-13T07:02:52.351982Z","level":"info","event":"25/11/13 14:02:52 INFO ShutdownHookManager: Shutdown hook called","logger":"airflow.task.hooks.airflow.providers.standard.hooks.subprocess.SubprocessHook","filename":"subprocess.py","lineno":106}
{"timestamp":"2025-11-13T07:02:52.356567Z","level":"info","event":"25/11/13 14:02:52 INFO ShutdownHookManager: Deleting directory /tmp/spark-374d8878-c664-4891-a253-7d6632ec8373","logger":"airflow.task.hooks.airflow.providers.standard.hooks.subprocess.SubprocessHook","filename":"subprocess.py","lineno":106}
{"timestamp":"2025-11-13T07:02:52.400512Z","level":"info","event":"Command exited with return code 1","logger":"airflow.task.hooks.airflow.providers.standard.hooks.subprocess.SubprocessHook","filename":"subprocess.py","lineno":110}
{"timestamp":"2025-11-13T07:02:52.401157Z","level":"error","event":"Task failed with exception","logger":"task","filename":"task_runner.py","lineno":972,"error_detail":[{"exc_type":"AirflowException","exc_value":"Bash command failed. The command returned a non-zero exit code 1.","exc_notes":[],"syntax_error":null,"is_cause":false,"frames":[{"filename":"/home/airflow/.local/lib/python3.12/site-packages/airflow/sdk/execution_time/task_runner.py","lineno":920,"name":"run"},{"filename":"/home/airflow/.local/lib/python3.12/site-packages/airflow/sdk/execution_time/task_runner.py","lineno":1307,"name":"_execute_task"},{"filename":"/home/airflow/.local/lib/python3.12/site-packages/airflow/sdk/bases/operator.py","lineno":416,"name":"wrapper"},{"filename":"/home/airflow/.local/lib/python3.12/site-packages/airflow/providers/standard/operators/bash.py","lineno":232,"name":"execute"}],"is_group":false,"exceptions":[]}]}
