{"timestamp":"2025-11-13T12:28:56.992473Z","level":"info","event":"DAG bundles loaded: dags-folder","logger":"airflow.dag_processing.bundles.manager.DagBundlesManager","filename":"manager.py","lineno":179}
{"timestamp":"2025-11-13T12:28:56.996893Z","level":"info","event":"Filling up the DagBag from /opt/airflow/dags/stock_intraday_pipeline.py","logger":"airflow.models.dagbag.DagBag","filename":"dagbag.py","lineno":593}
{"timestamp":"2025-11-13T12:28:57.730155Z","level":"info","event":"Collector start | interval=5min | batches=3","logger":"task.stdout"}
{"timestamp":"2025-11-13T12:28:57.730716Z","level":"info","event":"Batch 1/3: ['AAPL', 'MSFT']","logger":"task.stdout"}
{"timestamp":"2025-11-13T12:28:58.395206Z","level":"info","event":"AAPL: infer trading date = 2025-11-12","logger":"task.stdout"}
{"timestamp":"2025-11-13T12:28:58.396423Z","level":"info","event":"AAPL: fetched 100 records for 2025-11-12","logger":"task.stdout"}
{"timestamp":"2025-11-13T12:28:58.488308Z","level":"info","event":"uploaded s3://warehouse/bronze1/stocks_intraday/date_ny=2025-11-12/symbol=AAPL/ts_20251113T122858Z.json (25971 bytes)","logger":"task.stdout"}
{"timestamp":"2025-11-13T12:28:58.488711Z","level":"info","event":"AAPL: uploaded 100 recs","logger":"task.stdout"}
{"timestamp":"2025-11-13T12:30:23.137564Z","level":"info","event":"MSFT: infer trading date = 2025-11-12","logger":"task.stdout"}
{"timestamp":"2025-11-13T12:30:23.139139Z","level":"info","event":"MSFT: fetched 100 records for 2025-11-12","logger":"task.stdout"}
{"timestamp":"2025-11-13T12:29:20.093370Z","level":"info","event":"uploaded s3://warehouse/bronze1/stocks_intraday/date_ny=2025-11-12/symbol=MSFT/ts_20251113T123023Z.json (25971 bytes)","logger":"task.stdout"}
{"timestamp":"2025-11-13T12:29:20.093984Z","level":"info","event":"MSFT: uploaded 100 recs","logger":"task.stdout"}
{"timestamp":"2025-11-13T12:30:51.131053Z","level":"info","event":"Batch 2/3: ['IBM', 'GOOGL']","logger":"task.stdout"}
{"timestamp":"2025-11-13T12:30:51.638759Z","level":"info","event":"IBM: infer trading date = 2025-11-12","logger":"task.stdout"}
{"timestamp":"2025-11-13T12:30:51.640498Z","level":"info","event":"IBM: fetched 100 records for 2025-11-12","logger":"task.stdout"}
{"timestamp":"2025-11-13T12:30:51.748196Z","level":"info","event":"uploaded s3://warehouse/bronze1/stocks_intraday/date_ny=2025-11-12/symbol=IBM/ts_20251113T123051Z.json (25757 bytes)","logger":"task.stdout"}
{"timestamp":"2025-11-13T12:30:51.748663Z","level":"info","event":"IBM: uploaded 100 recs","logger":"task.stdout"}
{"timestamp":"2025-11-13T12:32:18.216092Z","level":"info","event":"GOOGL: infer trading date = 2025-11-12","logger":"task.stdout"}
{"timestamp":"2025-11-13T12:32:18.217561Z","level":"info","event":"GOOGL: fetched 100 records for 2025-11-12","logger":"task.stdout"}
{"timestamp":"2025-11-13T12:32:18.302116Z","level":"info","event":"uploaded s3://warehouse/bronze1/stocks_intraday/date_ny=2025-11-12/symbol=GOOGL/ts_20251113T123218Z.json (26039 bytes)","logger":"task.stdout"}
{"timestamp":"2025-11-13T12:32:18.302512Z","level":"info","event":"GOOGL: uploaded 100 recs","logger":"task.stdout"}
{"timestamp":"2025-11-13T12:32:47.185978Z","level":"info","event":"Batch 3/3: ['AMZN']","logger":"task.stdout"}
{"timestamp":"2025-11-13T12:32:47.747475Z","level":"info","event":"AMZN: infer trading date = 2025-11-12","logger":"task.stdout"}
{"timestamp":"2025-11-13T12:32:47.748837Z","level":"info","event":"AMZN: fetched 100 records for 2025-11-12","logger":"task.stdout"}
{"timestamp":"2025-11-13T12:32:47.861804Z","level":"info","event":"uploaded s3://warehouse/bronze1/stocks_intraday/date_ny=2025-11-12/symbol=AMZN/ts_20251113T123247Z.json (25988 bytes)","logger":"task.stdout"}
{"timestamp":"2025-11-13T12:32:47.862209Z","level":"info","event":"AMZN: uploaded 100 recs","logger":"task.stdout"}
{"timestamp":"2025-11-13T12:33:08.857485Z","level":"info","event":"Done. Returned value was: None","logger":"airflow.task.operators.airflow.providers.standard.operators.python.PythonOperator","filename":"python.py","lineno":218}
