{"timestamp":"2025-11-24T07:27:53.670554Z","level":"info","event":"DAG bundles loaded: dags-folder","logger":"airflow.dag_processing.bundles.manager.DagBundlesManager","filename":"manager.py","lineno":179}
{"timestamp":"2025-11-24T07:27:53.672989Z","level":"info","event":"Filling up the DagBag from /opt/airflow/dags/stock_intraday_pipeline-v2.py","logger":"airflow.models.dagbag.DagBag","filename":"dagbag.py","lineno":593}
{"timestamp":"2025-11-24T07:28:09.612183Z","level":"info","event":"📥 Đang tải Resources (Hybrid v2)...","logger":"task.stdout"}
{"timestamp":"2025-11-24T07:28:09.697603Z","level":"info","event":"✅ Models & Scaler Ready!","logger":"task.stdout"}
{"timestamp":"2025-11-24T07:28:11.336554Z","level":"info","event":"⚙️ Đang tính toán chỉ báo kỹ thuật...","logger":"task.stdout"}
{"timestamp":"2025-11-24T07:28:11.359097Z","level":"warning","event":"X does not have valid feature names, but StandardScaler was fitted with feature names","category":"UserWarning","filename":"/home/airflow/.local/lib/python3.12/site-packages/sklearn/utils/validation.py","lineno":2749,"logger":"py.warnings"}
{"timestamp":"2025-11-24T07:28:11.403058Z","level":"warning","event":"X does not have valid feature names, but StandardScaler was fitted with feature names","category":"UserWarning","filename":"/home/airflow/.local/lib/python3.12/site-packages/sklearn/utils/validation.py","lineno":2749,"logger":"py.warnings"}
{"timestamp":"2025-11-24T07:28:11.406355Z","level":"warning","event":"X does not have valid feature names, but StandardScaler was fitted with feature names","category":"UserWarning","filename":"/home/airflow/.local/lib/python3.12/site-packages/sklearn/utils/validation.py","lineno":2749,"logger":"py.warnings"}
{"timestamp":"2025-11-24T07:28:11.408607Z","level":"warning","event":"X does not have valid feature names, but StandardScaler was fitted with feature names","category":"UserWarning","filename":"/home/airflow/.local/lib/python3.12/site-packages/sklearn/utils/validation.py","lineno":2749,"logger":"py.warnings"}
{"timestamp":"2025-11-24T07:28:11.411782Z","level":"warning","event":"X does not have valid feature names, but StandardScaler was fitted with feature names","category":"UserWarning","filename":"/home/airflow/.local/lib/python3.12/site-packages/sklearn/utils/validation.py","lineno":2749,"logger":"py.warnings"}
{"timestamp":"2025-11-24T07:28:11.413909Z","level":"info","event":"KẾT QUẢ HYBRID V2 (5 mã): {","logger":"task.stdout"}
{"timestamp":"2025-11-24T07:28:11.414197Z","level":"info","event":"  \"AAPL\": {","logger":"task.stdout"}
{"timestamp":"2025-11-24T07:28:11.414416Z","level":"info","event":"    \"Time\": \"08:59\",","logger":"task.stdout"}
{"timestamp":"2025-11-24T07:28:11.414582Z","level":"info","event":"    \"Target_3H\": \"11:59\",","logger":"task.stdout"}
{"timestamp":"2025-11-24T07:28:11.414886Z","level":"info","event":"    \"Du_Bao\": \"GIẢM 🔴\",","logger":"task.stdout"}
{"timestamp":"2025-11-24T07:28:11.415197Z","level":"info","event":"    \"Xac_Suat\": \"11.4%\"","logger":"task.stdout"}
{"timestamp":"2025-11-24T07:28:11.415601Z","level":"info","event":"  },","logger":"task.stdout"}
{"timestamp":"2025-11-24T07:28:11.415970Z","level":"info","event":"  \"AMZN\": {","logger":"task.stdout"}
{"timestamp":"2025-11-24T07:28:11.416369Z","level":"info","event":"    \"Time\": \"08:59\",","logger":"task.stdout"}
{"timestamp":"2025-11-24T07:28:11.416613Z","level":"info","event":"    \"Target_3H\": \"11:59\",","logger":"task.stdout"}
{"timestamp":"2025-11-24T07:28:11.416840Z","level":"info","event":"    \"Du_Bao\": \"TĂNG 🟢\",","logger":"task.stdout"}
{"timestamp":"2025-11-24T07:28:11.417175Z","level":"info","event":"    \"Xac_Suat\": \"65.1%\"","logger":"task.stdout"}
{"timestamp":"2025-11-24T07:28:11.417415Z","level":"info","event":"  },","logger":"task.stdout"}
{"timestamp":"2025-11-24T07:28:11.417795Z","level":"info","event":"  \"GOOGL\": {","logger":"task.stdout"}
{"timestamp":"2025-11-24T07:28:11.417993Z","level":"info","event":"    \"Time\": \"08:59\",","logger":"task.stdout"}
{"timestamp":"2025-11-24T07:28:11.419415Z","level":"info","event":"    \"Target_3H\": \"11:59\",","logger":"task.stdout"}
{"timestamp":"2025-11-24T07:28:11.419613Z","level":"info","event":"    \"Du_Bao\": \"TĂNG 🟢\",","logger":"task.stdout"}
{"timestamp":"2025-11-24T07:28:11.419801Z","level":"info","event":"    \"Xac_Suat\": \"51.7%\"","logger":"task.stdout"}
{"timestamp":"2025-11-24T07:28:11.419996Z","level":"info","event":"  },","logger":"task.stdout"}
{"timestamp":"2025-11-24T07:28:11.420173Z","level":"info","event":"  \"META\": {","logger":"task.stdout"}
{"timestamp":"2025-11-24T07:28:11.420421Z","level":"info","event":"    \"Time\": \"09:00\",","logger":"task.stdout"}
{"timestamp":"2025-11-24T07:28:11.420639Z","level":"info","event":"    \"Target_3H\": \"12:00\",","logger":"task.stdout"}
{"timestamp":"2025-11-24T07:28:11.420859Z","level":"info","event":"    \"Du_Bao\": \"GIẢM 🔴\",","logger":"task.stdout"}
{"timestamp":"2025-11-24T07:28:11.421193Z","level":"info","event":"    \"Xac_Suat\": \"28.2%\"","logger":"task.stdout"}
{"timestamp":"2025-11-24T07:28:11.421396Z","level":"info","event":"  },","logger":"task.stdout"}
{"timestamp":"2025-11-24T07:28:11.421591Z","level":"info","event":"  \"MSFT\": {","logger":"task.stdout"}
{"timestamp":"2025-11-24T07:28:11.421770Z","level":"info","event":"    \"Time\": \"09:00\",","logger":"task.stdout"}
{"timestamp":"2025-11-24T07:28:11.421950Z","level":"info","event":"    \"Target_3H\": \"12:00\",","logger":"task.stdout"}
{"timestamp":"2025-11-24T07:28:11.422119Z","level":"info","event":"    \"Du_Bao\": \"TĂNG 🟢\",","logger":"task.stdout"}
{"timestamp":"2025-11-24T07:28:11.422289Z","level":"info","event":"    \"Xac_Suat\": \"59.3%\"","logger":"task.stdout"}
{"timestamp":"2025-11-24T07:28:11.422464Z","level":"info","event":"  }","logger":"task.stdout"}
{"timestamp":"2025-11-24T07:28:11.422663Z","level":"info","event":"}","logger":"task.stdout"}
{"timestamp":"2025-11-24T07:28:11.414314Z","level":"info","event":"Done. Returned value was: {'AAPL': {'Time': '08:59', 'Target_3H': '11:59', 'Du_Bao': 'GIẢM 🔴', 'Xac_Suat': '11.4%'}, 'AMZN': {'Time': '08:59', 'Target_3H': '11:59', 'Du_Bao': 'TĂNG 🟢', 'Xac_Suat': '65.1%'}, 'GOOGL': {'Time': '08:59', 'Target_3H': '11:59', 'Du_Bao': 'TĂNG 🟢', 'Xac_Suat': '51.7%'}, 'META': {'Time': '09:00', 'Target_3H': '12:00', 'Du_Bao': 'GIẢM 🔴', 'Xac_Suat': '28.2%'}, 'MSFT': {'Time': '09:00', 'Target_3H': '12:00', 'Du_Bao': 'TĂNG 🟢', 'Xac_Suat': '59.3%'}}","logger":"airflow.task.operators.airflow.providers.standard.operators.python.PythonOperator","filename":"python.py","lineno":218}
{"timestamp":"2025-11-24T07:28:11.414598Z","level":"info","event":"Pushing xcom","ti":"RuntimeTaskInstance(id=UUID('019ab4bc-153c-7560-8216-dad763e8fa56'), task_id='silver_intraday_predict_5min', dag_id='stock_v2', run_id='manual__2025-11-24T07:20:16.431492+00:00', try_number=1, dag_version_id=UUID('019ab43b-232f-7130-a8c3-deb6f8ce903f'), map_index=-1, hostname='54a490be73e8', context_carrier={}, task=<Task(PythonOperator): silver_intraday_predict_5min>, bundle_instance=LocalDagBundle(name=dags-folder), max_tries=10, start_date=datetime.datetime(2025, 11, 24, 7, 26, 42, 580414, tzinfo=datetime.timezone.utc), end_date=None, state=<TaskInstanceState.RUNNING: 'running'>, is_mapped=False, rendered_map_index=None)","logger":"task","filename":"task_runner.py","lineno":1352}
