{"timestamp":"2025-11-24T07:29:11.371765Z","level":"info","event":"DAG bundles loaded: dags-folder","logger":"airflow.dag_processing.bundles.manager.DagBundlesManager","filename":"manager.py","lineno":179}
{"timestamp":"2025-11-24T07:29:11.374209Z","level":"info","event":"Filling up the DagBag from /opt/airflow/dags/stock_intraday_pipeline-v2.py","logger":"airflow.models.dagbag.DagBag","filename":"dagbag.py","lineno":593}
{"timestamp":"2025-11-24T07:29:15.152689Z","level":"warning","event":"X does not have valid feature names, but StandardScaler was fitted with feature names","category":"UserWarning","filename":"/home/airflow/.local/lib/python3.12/site-packages/sklearn/utils/validation.py","lineno":2749,"logger":"py.warnings"}
{"timestamp":"2025-11-24T07:29:15.159681Z","level":"warning","event":"X does not have valid feature names, but StandardScaler was fitted with feature names","category":"UserWarning","filename":"/home/airflow/.local/lib/python3.12/site-packages/sklearn/utils/validation.py","lineno":2749,"logger":"py.warnings"}
{"timestamp":"2025-11-24T07:29:15.162806Z","level":"warning","event":"X does not have valid feature names, but StandardScaler was fitted with feature names","category":"UserWarning","filename":"/home/airflow/.local/lib/python3.12/site-packages/sklearn/utils/validation.py","lineno":2749,"logger":"py.warnings"}
{"timestamp":"2025-11-24T07:29:15.165505Z","level":"warning","event":"X does not have valid feature names, but StandardScaler was fitted with feature names","category":"UserWarning","filename":"/home/airflow/.local/lib/python3.12/site-packages/sklearn/utils/validation.py","lineno":2749,"logger":"py.warnings"}
{"timestamp":"2025-11-24T07:29:15.167963Z","level":"warning","event":"X does not have valid feature names, but StandardScaler was fitted with feature names","category":"UserWarning","filename":"/home/airflow/.local/lib/python3.12/site-packages/sklearn/utils/validation.py","lineno":2749,"logger":"py.warnings"}
{"timestamp":"2025-11-24T07:29:15.170094Z","level":"info","event":"KẾT QUẢ HYBRID V2 (5 mã): {","logger":"task.stdout"}
{"timestamp":"2025-11-24T07:29:15.170436Z","level":"info","event":"  \"AAPL\": {","logger":"task.stdout"}
{"timestamp":"2025-11-24T07:29:15.170671Z","level":"info","event":"    \"Time\": \"08:59\",","logger":"task.stdout"}
{"timestamp":"2025-11-24T07:29:15.170865Z","level":"info","event":"    \"Target_3H\": \"11:59\",","logger":"task.stdout"}
{"timestamp":"2025-11-24T07:29:15.171057Z","level":"info","event":"    \"Du_Bao\": \"GIẢM 🔴\",","logger":"task.stdout"}
{"timestamp":"2025-11-24T07:29:15.171430Z","level":"info","event":"    \"Xac_Suat\": \"11.4%\"","logger":"task.stdout"}
{"timestamp":"2025-11-24T07:29:15.171786Z","level":"info","event":"  },","logger":"task.stdout"}
{"timestamp":"2025-11-24T07:29:15.172090Z","level":"info","event":"  \"AMZN\": {","logger":"task.stdout"}
{"timestamp":"2025-11-24T07:29:15.172392Z","level":"info","event":"    \"Time\": \"08:59\",","logger":"task.stdout"}
{"timestamp":"2025-11-24T07:29:15.172900Z","level":"info","event":"    \"Target_3H\": \"11:59\",","logger":"task.stdout"}
{"timestamp":"2025-11-24T07:29:15.173146Z","level":"info","event":"    \"Du_Bao\": \"TĂNG 🟢\",","logger":"task.stdout"}
{"timestamp":"2025-11-24T07:29:15.173518Z","level":"info","event":"    \"Xac_Suat\": \"65.1%\"","logger":"task.stdout"}
{"timestamp":"2025-11-24T07:29:15.173890Z","level":"info","event":"  },","logger":"task.stdout"}
{"timestamp":"2025-11-24T07:29:15.174337Z","level":"info","event":"  \"GOOGL\": {","logger":"task.stdout"}
{"timestamp":"2025-11-24T07:29:15.174616Z","level":"info","event":"    \"Time\": \"08:59\",","logger":"task.stdout"}
{"timestamp":"2025-11-24T07:29:15.174892Z","level":"info","event":"    \"Target_3H\": \"11:59\",","logger":"task.stdout"}
{"timestamp":"2025-11-24T07:29:15.175455Z","level":"info","event":"    \"Du_Bao\": \"TĂNG 🟢\",","logger":"task.stdout"}
{"timestamp":"2025-11-24T07:29:15.175742Z","level":"info","event":"    \"Xac_Suat\": \"51.7%\"","logger":"task.stdout"}
{"timestamp":"2025-11-24T07:29:15.175939Z","level":"info","event":"  },","logger":"task.stdout"}
{"timestamp":"2025-11-24T07:29:15.176159Z","level":"info","event":"  \"META\": {","logger":"task.stdout"}
{"timestamp":"2025-11-24T07:29:15.176367Z","level":"info","event":"    \"Time\": \"09:00\",","logger":"task.stdout"}
{"timestamp":"2025-11-24T07:29:15.176557Z","level":"info","event":"    \"Target_3H\": \"12:00\",","logger":"task.stdout"}
{"timestamp":"2025-11-24T07:29:15.176756Z","level":"info","event":"    \"Du_Bao\": \"GIẢM 🔴\",","logger":"task.stdout"}
{"timestamp":"2025-11-24T07:29:15.176940Z","level":"info","event":"    \"Xac_Suat\": \"28.2%\"","logger":"task.stdout"}
{"timestamp":"2025-11-24T07:29:15.177150Z","level":"info","event":"  },","logger":"task.stdout"}
{"timestamp":"2025-11-24T07:29:15.177358Z","level":"info","event":"  \"MSFT\": {","logger":"task.stdout"}
{"timestamp":"2025-11-24T07:29:15.177659Z","level":"info","event":"    \"Time\": \"09:00\",","logger":"task.stdout"}
{"timestamp":"2025-11-24T07:29:15.177945Z","level":"info","event":"    \"Target_3H\": \"12:00\",","logger":"task.stdout"}
{"timestamp":"2025-11-24T07:29:15.178195Z","level":"info","event":"    \"Du_Bao\": \"TĂNG 🟢\",","logger":"task.stdout"}
{"timestamp":"2025-11-24T07:29:15.178602Z","level":"info","event":"    \"Xac_Suat\": \"59.3%\"","logger":"task.stdout"}
{"timestamp":"2025-11-24T07:29:15.178839Z","level":"info","event":"  }","logger":"task.stdout"}
{"timestamp":"2025-11-24T07:29:15.179096Z","level":"info","event":"}","logger":"task.stdout"}
{"timestamp":"2025-11-24T07:29:15.170387Z","level":"info","event":"Done. Returned value was: {'AAPL': {'Time': '08:59', 'Target_3H': '11:59', 'Du_Bao': 'GIẢM 🔴', 'Xac_Suat': '11.4%'}, 'AMZN': {'Time': '08:59', 'Target_3H': '11:59', 'Du_Bao': 'TĂNG 🟢', 'Xac_Suat': '65.1%'}, 'GOOGL': {'Time': '08:59', 'Target_3H': '11:59', 'Du_Bao': 'TĂNG 🟢', 'Xac_Suat': '51.7%'}, 'META': {'Time': '09:00', 'Target_3H': '12:00', 'Du_Bao': 'GIẢM 🔴', 'Xac_Suat': '28.2%'}, 'MSFT': {'Time': '09:00', 'Target_3H': '12:00', 'Du_Bao': 'TĂNG 🟢', 'Xac_Suat': '59.3%'}}","logger":"airflow.task.operators.airflow.providers.standard.operators.python.PythonOperator","filename":"python.py","lineno":218}
{"timestamp":"2025-11-24T07:29:15.170634Z","level":"info","event":"Pushing xcom","ti":"RuntimeTaskInstance(id=UUID('019ab4c4-39d6-782c-8caf-de92c687ff8d'), task_id='silver_intraday_predict_5min', dag_id='stock_v2', run_id='manual__2025-11-24T07:20:16.431492+00:00', try_number=2, dag_version_id=UUID('019ab43b-232f-7130-a8c3-deb6f8ce903f'), map_index=-1, hostname='54a490be73e8', context_carrier={}, task=<Task(PythonOperator): silver_intraday_predict_5min>, bundle_instance=LocalDagBundle(name=dags-folder), max_tries=11, start_date=datetime.datetime(2025, 11, 24, 7, 29, 11, 283925, tzinfo=datetime.timezone.utc), end_date=None, state=<TaskInstanceState.RUNNING: 'running'>, is_mapped=False, rendered_map_index=None)","logger":"task","filename":"task_runner.py","lineno":1352}
