{"timestamp":"2025-11-24T06:47:37.700488Z","level":"info","event":"DAG bundles loaded: dags-folder","logger":"airflow.dag_processing.bundles.manager.DagBundlesManager","filename":"manager.py","lineno":179}
{"timestamp":"2025-11-24T06:47:37.701916Z","level":"info","event":"Filling up the DagBag from /opt/airflow/dags/stock_intraday_pipeline-v2.py","logger":"airflow.models.dagbag.DagBag","filename":"dagbag.py","lineno":593}
{"timestamp":"2025-11-24T06:47:41.001457Z","level":"info","event":"Đang tải Hybrid Model...","logger":"task.stdout"}
{"timestamp":"2025-11-24T06:47:41.028565Z","level":"info","event":"Models Ready!","logger":"task.stdout"}
{"timestamp":"2025-11-24T06:47:41.215070Z","level":"info","event":"KẾT QUẢ HYBRID (XGBoost): {","logger":"task.stdout"}
{"timestamp":"2025-11-24T06:47:41.218129Z","level":"info","event":"  \"AAPL\": {","logger":"task.stdout"}
{"timestamp":"2025-11-24T06:47:41.218673Z","level":"info","event":"    \"Time\": \"08:59\",","logger":"task.stdout"}
{"timestamp":"2025-11-24T06:47:41.219060Z","level":"info","event":"    \"Target\": \"11:59\",","logger":"task.stdout"}
{"timestamp":"2025-11-24T06:47:41.219469Z","level":"info","event":"    \"Dự_Báo\": \"GIẢM 🔴\",","logger":"task.stdout"}
{"timestamp":"2025-11-24T06:47:41.219754Z","level":"info","event":"    \"Tỉ_Lệ\": \"41.9%\"","logger":"task.stdout"}
{"timestamp":"2025-11-24T06:47:41.220029Z","level":"info","event":"  },","logger":"task.stdout"}
{"timestamp":"2025-11-24T06:47:41.220250Z","level":"info","event":"  \"AMZN\": {","logger":"task.stdout"}
{"timestamp":"2025-11-24T06:47:41.220444Z","level":"info","event":"    \"Time\": \"08:59\",","logger":"task.stdout"}
{"timestamp":"2025-11-24T06:47:41.220640Z","level":"info","event":"    \"Target\": \"11:59\",","logger":"task.stdout"}
{"timestamp":"2025-11-24T06:47:41.220817Z","level":"info","event":"    \"Dự_Báo\": \"GIẢM 🔴\",","logger":"task.stdout"}
{"timestamp":"2025-11-24T06:47:41.220996Z","level":"info","event":"    \"Tỉ_Lệ\": \"46.8%\"","logger":"task.stdout"}
{"timestamp":"2025-11-24T06:47:41.221167Z","level":"info","event":"  },","logger":"task.stdout"}
{"timestamp":"2025-11-24T06:47:41.221341Z","level":"info","event":"  \"GOOGL\": {","logger":"task.stdout"}
{"timestamp":"2025-11-24T06:47:41.221515Z","level":"info","event":"    \"Time\": \"08:59\",","logger":"task.stdout"}
{"timestamp":"2025-11-24T06:47:41.221727Z","level":"info","event":"    \"Target\": \"11:59\",","logger":"task.stdout"}
{"timestamp":"2025-11-24T06:47:41.221906Z","level":"info","event":"    \"Dự_Báo\": \"TĂNG 🟢\",","logger":"task.stdout"}
{"timestamp":"2025-11-24T06:47:41.222156Z","level":"info","event":"    \"Tỉ_Lệ\": \"56.3%\"","logger":"task.stdout"}
{"timestamp":"2025-11-24T06:47:41.222337Z","level":"info","event":"  },","logger":"task.stdout"}
{"timestamp":"2025-11-24T06:47:41.222634Z","level":"info","event":"  \"META\": {","logger":"task.stdout"}
{"timestamp":"2025-11-24T06:47:41.222868Z","level":"info","event":"    \"Time\": \"09:00\",","logger":"task.stdout"}
{"timestamp":"2025-11-24T06:47:41.223085Z","level":"info","event":"    \"Target\": \"12:00\",","logger":"task.stdout"}
{"timestamp":"2025-11-24T06:47:41.223292Z","level":"info","event":"    \"Dự_Báo\": \"GIẢM 🔴\",","logger":"task.stdout"}
{"timestamp":"2025-11-24T06:47:41.223480Z","level":"info","event":"    \"Tỉ_Lệ\": \"40.3%\"","logger":"task.stdout"}
{"timestamp":"2025-11-24T06:47:41.223667Z","level":"info","event":"  },","logger":"task.stdout"}
{"timestamp":"2025-11-24T06:47:41.223845Z","level":"info","event":"  \"MSFT\": {","logger":"task.stdout"}
{"timestamp":"2025-11-24T06:47:41.224039Z","level":"info","event":"    \"Time\": \"09:00\",","logger":"task.stdout"}
{"timestamp":"2025-11-24T06:47:41.224232Z","level":"info","event":"    \"Target\": \"12:00\",","logger":"task.stdout"}
{"timestamp":"2025-11-24T06:47:41.224409Z","level":"info","event":"    \"Dự_Báo\": \"TĂNG 🟢\",","logger":"task.stdout"}
{"timestamp":"2025-11-24T06:47:41.224590Z","level":"info","event":"    \"Tỉ_Lệ\": \"55.4%\"","logger":"task.stdout"}
{"timestamp":"2025-11-24T06:47:41.224826Z","level":"info","event":"  }","logger":"task.stdout"}
{"timestamp":"2025-11-24T06:47:41.225002Z","level":"info","event":"}","logger":"task.stdout"}
{"timestamp":"2025-11-24T06:47:41.215255Z","level":"info","event":"Done. Returned value was: {'AAPL': {'Time': '08:59', 'Target': '11:59', 'Dự_Báo': 'GIẢM 🔴', 'Tỉ_Lệ': '41.9%'}, 'AMZN': {'Time': '08:59', 'Target': '11:59', 'Dự_Báo': 'GIẢM 🔴', 'Tỉ_Lệ': '46.8%'}, 'GOOGL': {'Time': '08:59', 'Target': '11:59', 'Dự_Báo': 'TĂNG 🟢', 'Tỉ_Lệ': '56.3%'}, 'META': {'Time': '09:00', 'Target': '12:00', 'Dự_Báo': 'GIẢM 🔴', 'Tỉ_Lệ': '40.3%'}, 'MSFT': {'Time': '09:00', 'Target': '12:00', 'Dự_Báo': 'TĂNG 🟢', 'Tỉ_Lệ': '55.4%'}}","logger":"airflow.task.operators.airflow.providers.standard.operators.python.PythonOperator","filename":"python.py","lineno":218}
{"timestamp":"2025-11-24T06:47:41.215569Z","level":"info","event":"Pushing xcom","ti":"RuntimeTaskInstance(id=UUID('019ab49b-f0ab-7309-b70d-a9c83893b3f2'), task_id='silver_intraday_predict_5min', dag_id='stock_v2', run_id='manual__2025-11-24T06:45:09.906867+00:00', try_number=1, dag_version_id=UUID('019ab43b-232f-7130-a8c3-deb6f8ce903f'), map_index=-1, hostname='54a490be73e8', context_carrier={}, task=<Task(PythonOperator): silver_intraday_predict_5min>, bundle_instance=LocalDagBundle(name=dags-folder), max_tries=10, start_date=datetime.datetime(2025, 11, 24, 6, 47, 37, 634844, tzinfo=datetime.timezone.utc), end_date=None, state=<TaskInstanceState.RUNNING: 'running'>, is_mapped=False, rendered_map_index=None)","logger":"task","filename":"task_runner.py","lineno":1352}
