{"timestamp":"2025-11-16T10:54:51.438058Z","level":"info","event":"DAG bundles loaded: dags-folder","logger":"airflow.dag_processing.bundles.manager.DagBundlesManager","filename":"manager.py","lineno":179}
{"timestamp":"2025-11-16T10:54:51.439960Z","level":"info","event":"Filling up the DagBag from /opt/airflow/dags/finance_news_pipeline_v1.py","logger":"airflow.models.dagbag.DagBag","filename":"dagbag.py","lineno":593}
{"timestamp":"2025-11-16T10:54:51.696438Z","level":"info","event":"Bắt đầu thu thập tin tức cho 27 giờ qua...","logger":"task.stdout"}
{"timestamp":"2025-11-16T10:54:51.696957Z","level":"info","event":"--> Symbol=AAPL | Last 27h (VN time) | from=2025-11-15T07:54:51.696297Z to=2025-11-16T10:54:51.696297Z","logger":"task.stdout"}
{"timestamp":"2025-11-16T10:54:51.698109Z","level":"info","event":"    Query: (\"Apple\" OR \"AAPL\") AND (\"earnings\" OR \"revenue\" OR \"profit\" OR \"loss\" OR \"forecast\" OR \"guidance\" OR \"stock\" OR \"shares\" OR \"dividend\" OR \"buyback\" OR \"acquisition\" OR \"merger\" OR \"layoffs\" OR \"CFO\" OR \"SEC filing\" OR \"quarterly results\" OR \"analyst rating\" OR \"market cap\")","logger":"task.stdout"}
{"timestamp":"2025-11-16T10:54:52.175183Z","level":"info","event":"    • Trang 1: nhận 7 bài, thêm mới 7, totalResults=8","logger":"task.stdout"}
{"timestamp":"2025-11-16T10:54:52.258053Z","level":"info","event":"⬆️  Uploaded: s3://warehouse/bronze1/finance_news/date=2025-11-15/symbol=AAPL/from_1454_to_1754_ts_20251116T105452Z.json (6797 bytes)","logger":"task.stdout"}
{"timestamp":"2025-11-16T10:54:53.258526Z","level":"info","event":"--> Symbol=MSFT | Last 27h (VN time) | from=2025-11-15T07:54:53.258258Z to=2025-11-16T10:54:53.258258Z","logger":"task.stdout"}
{"timestamp":"2025-11-16T10:54:53.259009Z","level":"info","event":"    Query: (\"Microsoft\" OR \"MSFT\") AND (\"earnings\" OR \"revenue\" OR \"profit\" OR \"loss\" OR \"forecast\" OR \"guidance\" OR \"stock\" OR \"shares\" OR \"dividend\" OR \"buyback\" OR \"acquisition\" OR \"merger\" OR \"layoffs\" OR \"CFO\" OR \"SEC filing\" OR \"quarterly results\" OR \"analyst rating\" OR \"market cap\")","logger":"task.stdout"}
{"timestamp":"2025-11-16T10:54:53.581541Z","level":"info","event":"    • Trang 1: nhận 4 bài, thêm mới 4, totalResults=4","logger":"task.stdout"}
{"timestamp":"2025-11-16T10:54:53.898929Z","level":"info","event":"⬆️  Uploaded: s3://warehouse/bronze1/finance_news/date=2025-11-15/symbol=MSFT/from_1454_to_1754_ts_20251116T105453Z.json (3779 bytes)","logger":"task.stdout"}
{"timestamp":"2025-11-16T10:54:54.899484Z","level":"info","event":"--> Symbol=IBM | Last 27h (VN time) | from=2025-11-15T07:54:54.899120Z to=2025-11-16T10:54:54.899120Z","logger":"task.stdout"}
{"timestamp":"2025-11-16T10:54:54.900059Z","level":"info","event":"    Query: (\"IBM\") AND (\"earnings\" OR \"revenue\" OR \"profit\" OR \"loss\" OR \"forecast\" OR \"guidance\" OR \"stock\" OR \"shares\" OR \"dividend\" OR \"buyback\" OR \"acquisition\" OR \"merger\" OR \"layoffs\" OR \"CFO\" OR \"SEC filing\" OR \"quarterly results\" OR \"analyst rating\" OR \"market cap\")","logger":"task.stdout"}
{"timestamp":"2025-11-16T10:54:55.218980Z","level":"info","event":"    • 0 bài","logger":"task.stdout"}
{"timestamp":"2025-11-16T10:54:55.219398Z","level":"info","event":"✓ Symbol IBM không có tin mới, bỏ qua upload.","logger":"task.stdout"}
{"timestamp":"2025-11-16T10:54:56.229046Z","level":"info","event":"--> Symbol=GOOGL | Last 27h (VN time) | from=2025-11-15T07:54:56.228764Z to=2025-11-16T10:54:56.228764Z","logger":"task.stdout"}
{"timestamp":"2025-11-16T10:54:56.229596Z","level":"info","event":"    Query: (\"Google\" OR \"Alphabet\" OR \"GOOGL\") AND (\"earnings\" OR \"revenue\" OR \"profit\" OR \"loss\" OR \"forecast\" OR \"guidance\" OR \"stock\" OR \"shares\" OR \"dividend\" OR \"buyback\" OR \"acquisition\" OR \"merger\" OR \"layoffs\" OR \"CFO\" OR \"SEC filing\" OR \"quarterly results\" OR \"analyst rating\" OR \"market cap\")","logger":"task.stdout"}
{"timestamp":"2025-11-16T10:54:56.573950Z","level":"info","event":"    • Trang 1: nhận 25 bài, thêm mới 25, totalResults=25","logger":"task.stdout"}
{"timestamp":"2025-11-16T10:54:56.682016Z","level":"info","event":"⬆️  Uploaded: s3://warehouse/bronze1/finance_news/date=2025-11-15/symbol=GOOGL/from_1454_to_1754_ts_20251116T105456Z.json (20423 bytes)","logger":"task.stdout"}
{"timestamp":"2025-11-16T10:54:57.682622Z","level":"info","event":"--> Symbol=AMZN | Last 27h (VN time) | from=2025-11-15T07:54:57.682214Z to=2025-11-16T10:54:57.682214Z","logger":"task.stdout"}
{"timestamp":"2025-11-16T10:54:57.683236Z","level":"info","event":"    Query: (\"Amazon\" OR \"AMZN\" OR \"AWS\") AND (\"earnings\" OR \"revenue\" OR \"profit\" OR \"loss\" OR \"forecast\" OR \"guidance\" OR \"stock\" OR \"shares\" OR \"dividend\" OR \"buyback\" OR \"acquisition\" OR \"merger\" OR \"layoffs\" OR \"CFO\" OR \"SEC filing\" OR \"quarterly results\" OR \"analyst rating\" OR \"market cap\")","logger":"task.stdout"}
{"timestamp":"2025-11-16T10:54:58.017490Z","level":"info","event":"    • Trang 1: nhận 8 bài, thêm mới 8, totalResults=8","logger":"task.stdout"}
{"timestamp":"2025-11-16T10:54:58.093082Z","level":"info","event":"⬆️  Uploaded: s3://warehouse/bronze1/finance_news/date=2025-11-15/symbol=AMZN/from_1454_to_1754_ts_20251116T105458Z.json (7592 bytes)","logger":"task.stdout"}
{"timestamp":"2025-11-16T10:54:59.093615Z","level":"info","event":"✅ Done window 27h cho các symbol ['AAPL', 'MSFT', 'IBM', 'GOOGL', 'AMZN']. Tổng số bài: 44","logger":"task.stdout"}
{"timestamp":"2025-11-16T10:54:59.095822Z","level":"info","event":"Done. Returned value was: 44","logger":"airflow.task.operators.airflow.providers.standard.operators.python.PythonOperator","filename":"python.py","lineno":218}
{"timestamp":"2025-11-16T10:54:59.096575Z","level":"info","event":"Pushing xcom","ti":"RuntimeTaskInstance(id=UUID('019a8c4a-9534-70e8-ab90-3a4cf8d80351'), task_id='collect_finance_news_last_48h', dag_id='news1', run_id='manual__2025-11-16T10:51:29.448655+00:00', try_number=2, dag_version_id=UUID('019a8c3f-c0fc-7059-9bd3-79b29bd1b5a1'), map_index=-1, hostname='e8feec7d62eb', context_carrier={}, task=<Task(PythonOperator): collect_finance_news_last_48h>, bundle_instance=LocalDagBundle(name=dags-folder), max_tries=10, start_date=datetime.datetime(2025, 11, 16, 10, 54, 51, 320015, tzinfo=datetime.timezone.utc), end_date=None, state=<TaskInstanceState.RUNNING: 'running'>, is_mapped=False, rendered_map_index=None)","logger":"task","filename":"task_runner.py","lineno":1352}
