{"timestamp":"2025-11-09T20:06:11.130551Z","level":"info","event":"DAG bundles loaded: dags-folder","logger":"airflow.dag_processing.bundles.manager.DagBundlesManager","filename":"manager.py","lineno":179}
{"timestamp":"2025-11-09T20:06:11.131689Z","level":"info","event":"Filling up the DagBag from /opt/airflow/dags/stock_intraday_pipeline.py","logger":"airflow.models.dagbag.DagBag","filename":"dagbag.py","lineno":593}
{"timestamp":"2025-11-09T20:06:11.594626Z","level":"info","event":"🎯 Target date (NY): 2025-11-08","logger":"task.stdout"}
{"timestamp":"2025-11-09T20:06:11.597478Z","level":"info","event":"🚀 Start AV collector | symbols=['AAPL', 'MSFT', 'IBM', 'GOOGL', 'AMZN'] | interval=5min | batches=3","logger":"task.stdout"}
{"timestamp":"2025-11-09T20:06:11.598331Z","level":"info","event":"","logger":"task.stdout"}
{"timestamp":"2025-11-09T20:06:11.598681Z","level":"info","event":"🔹 Batch 1/3: ['AAPL', 'MSFT']","logger":"task.stdout"}
{"timestamp":"2025-11-09T20:06:13.655382Z","level":"info","event":"AAPL: 0 record (filtered by 2025-11-08) → skip upload","logger":"task.stdout"}
{"timestamp":"2025-11-09T20:06:13.656104Z","level":"info","event":"⏳ sleep 22s between symbols…","logger":"task.stdout"}
{"timestamp":"2025-11-09T20:06:37.337032Z","level":"info","event":"MSFT: 0 record (filtered by 2025-11-08) → skip upload","logger":"task.stdout"}
{"timestamp":"2025-11-09T20:06:37.337753Z","level":"info","event":"⏳ sleep 25s between symbols…","logger":"task.stdout"}
{"timestamp":"2025-11-09T20:07:02.336121Z","level":"info","event":"⏳ Sleep 70s between batches…","logger":"task.stdout"}
{"timestamp":"2025-11-09T20:08:12.330783Z","level":"info","event":"","logger":"task.stdout"}
{"timestamp":"2025-11-09T20:08:12.332333Z","level":"info","event":"🔹 Batch 2/3: ['IBM', 'GOOGL']","logger":"task.stdout"}
{"timestamp":"2025-11-09T20:08:14.026294Z","level":"info","event":"IBM: 0 record (filtered by 2025-11-08) → skip upload","logger":"task.stdout"}
{"timestamp":"2025-11-09T20:08:14.026859Z","level":"info","event":"⏳ sleep 24s between symbols…","logger":"task.stdout"}
{"timestamp":"2025-11-09T20:08:39.706167Z","level":"info","event":"GOOGL: 0 record (filtered by 2025-11-08) → skip upload","logger":"task.stdout"}
{"timestamp":"2025-11-09T20:08:39.706916Z","level":"info","event":"⏳ sleep 24s between symbols…","logger":"task.stdout"}
{"timestamp":"2025-11-09T20:09:03.707215Z","level":"info","event":"⏳ Sleep 70s between batches…","logger":"task.stdout"}
{"timestamp":"2025-11-09T20:10:13.701708Z","level":"info","event":"","logger":"task.stdout"}
{"timestamp":"2025-11-09T20:10:13.702178Z","level":"info","event":"🔹 Batch 3/3: ['AMZN']","logger":"task.stdout"}
{"timestamp":"2025-11-09T20:10:15.426571Z","level":"info","event":"AMZN: 0 record (filtered by 2025-11-08) → skip upload","logger":"task.stdout"}
{"timestamp":"2025-11-09T20:10:15.427181Z","level":"info","event":"⏳ sleep 23s between symbols…","logger":"task.stdout"}
{"timestamp":"2025-11-09T20:10:38.426786Z","level":"info","event":"⏳ Sleep 70s between batches…","logger":"task.stdout"}
{"timestamp":"2025-11-09T20:11:23.783869Z","level":"error","event":"Server indicated the task shouldn't be running anymore. Terminating process","detail":{"detail":{"reason":"not_found","message":"Task Instance not found"}},"logger":"task"}
{"timestamp":"2025-11-09T20:11:28.795990Z","level":"error","event":"Task killed!","logger":"task"}
