{"timestamp":"2025-11-13T11:04:40.319378Z","level":"info","event":"DAG bundles loaded: dags-folder","logger":"airflow.dag_processing.bundles.manager.DagBundlesManager","filename":"manager.py","lineno":179}
{"timestamp":"2025-11-13T11:04:40.321721Z","level":"info","event":"Filling up the DagBag from /opt/airflow/dags/stock_intraday_pipeline.py","logger":"airflow.models.dagbag.DagBag","filename":"dagbag.py","lineno":593}
{"timestamp":"2025-11-13T11:04:41.199914Z","level":"info","event":"Collector start | interval=1min | batches=3","logger":"task.stdout"}
{"timestamp":"2025-11-13T11:04:41.200366Z","level":"info","event":"Batch 1/3: ['AAPL', 'MSFT']","logger":"task.stdout"}
{"timestamp":"2025-11-13T11:04:46.606822Z","level":"info","event":"AAPL: infer trading date = 2025-11-12","logger":"task.stdout"}
{"timestamp":"2025-11-13T11:04:46.607197Z","level":"info","event":"AAPL: fetched 100 records for 2025-11-12","logger":"task.stdout"}
{"timestamp":"2025-11-13T11:05:50.087038Z","level":"info","event":"uploaded s3://warehouse/bronze1/stocks_intraday/date_ny=2025-11-12/symbol=AAPL/ts_20251113T110446Z.json (25734 bytes)","logger":"task.stdout"}
{"timestamp":"2025-11-13T11:05:50.087519Z","level":"info","event":"AAPL: uploaded 100 recs","logger":"task.stdout"}
{"timestamp":"2025-11-13T11:05:10.721471Z","level":"info","event":"MSFT: infer trading date = 2025-11-12","logger":"task.stdout"}
{"timestamp":"2025-11-13T11:05:10.723337Z","level":"info","event":"MSFT: fetched 100 records for 2025-11-12","logger":"task.stdout"}
{"timestamp":"2025-11-13T11:05:10.826789Z","level":"info","event":"uploaded s3://warehouse/bronze1/stocks_intraday/date_ny=2025-11-12/symbol=MSFT/ts_20251113T110510Z.json (25737 bytes)","logger":"task.stdout"}
{"timestamp":"2025-11-13T11:05:10.827223Z","level":"info","event":"MSFT: uploaded 100 recs","logger":"task.stdout"}
{"timestamp":"2025-11-13T11:06:42.838544Z","level":"info","event":"Batch 2/3: ['IBM', 'GOOGL']","logger":"task.stdout"}
{"timestamp":"2025-11-13T11:06:43.511100Z","level":"info","event":"IBM: infer trading date = 2025-11-12","logger":"task.stdout"}
{"timestamp":"2025-11-13T11:06:43.512753Z","level":"info","event":"IBM: fetched 100 records for 2025-11-12","logger":"task.stdout"}
{"timestamp":"2025-11-13T11:06:43.597014Z","level":"info","event":"uploaded s3://warehouse/bronze1/stocks_intraday/date_ny=2025-11-12/symbol=IBM/ts_20251113T110643Z.json (25560 bytes)","logger":"task.stdout"}
{"timestamp":"2025-11-13T11:06:43.597532Z","level":"info","event":"IBM: uploaded 100 recs","logger":"task.stdout"}
{"timestamp":"2025-11-13T11:07:06.301387Z","level":"info","event":"GOOGL: infer trading date = 2025-11-12","logger":"task.stdout"}
{"timestamp":"2025-11-13T11:07:06.303026Z","level":"info","event":"GOOGL: fetched 100 records for 2025-11-12","logger":"task.stdout"}
{"timestamp":"2025-11-13T11:07:06.370760Z","level":"info","event":"uploaded s3://warehouse/bronze1/stocks_intraday/date_ny=2025-11-12/symbol=GOOGL/ts_20251113T110706Z.json (25744 bytes)","logger":"task.stdout"}
{"timestamp":"2025-11-13T11:07:06.371245Z","level":"info","event":"GOOGL: uploaded 100 recs","logger":"task.stdout"}
{"timestamp":"2025-11-13T11:08:38.370127Z","level":"info","event":"Batch 3/3: ['AMZN']","logger":"task.stdout"}
{"timestamp":"2025-11-13T11:08:39.011315Z","level":"info","event":"AMZN: infer trading date = 2025-11-12","logger":"task.stdout"}
{"timestamp":"2025-11-13T11:08:39.014264Z","level":"info","event":"AMZN: fetched 100 records for 2025-11-12","logger":"task.stdout"}
{"timestamp":"2025-11-13T11:08:39.238166Z","level":"info","event":"uploaded s3://warehouse/bronze1/stocks_intraday/date_ny=2025-11-12/symbol=AMZN/ts_20251113T110839Z.json (25706 bytes)","logger":"task.stdout"}
{"timestamp":"2025-11-13T11:08:39.238586Z","level":"info","event":"AMZN: uploaded 100 recs","logger":"task.stdout"}
{"timestamp":"2025-11-13T11:09:00.238408Z","level":"info","event":"Done. Returned value was: None","logger":"airflow.task.operators.airflow.providers.standard.operators.python.PythonOperator","filename":"python.py","lineno":218}
