{"timestamp":"2025-11-15T07:00:32.162950Z","level":"info","event":"DAG bundles loaded: dags-folder","logger":"airflow.dag_processing.bundles.manager.DagBundlesManager","filename":"manager.py","lineno":179}
{"timestamp":"2025-11-15T07:00:32.167824Z","level":"info","event":"Filling up the DagBag from /opt/airflow/dags/stock_intraday_pipeline.py","logger":"airflow.models.dagbag.DagBag","filename":"dagbag.py","lineno":593}
{"timestamp":"2025-11-15T07:00:33.049364Z","level":"info","event":"Collector start | interval=5min | batches=3","logger":"task.stdout"}
{"timestamp":"2025-11-15T07:00:33.049984Z","level":"info","event":"Batch 1/3: ['AAPL', 'MSFT']","logger":"task.stdout"}
{"timestamp":"2025-11-15T07:00:34.890638Z","level":"info","event":"AAPL: infer trading date = 2025-11-14","logger":"task.stdout"}
{"timestamp":"2025-11-15T07:00:34.892134Z","level":"info","event":"AAPL: fetched 100 records for 2025-11-14","logger":"task.stdout"}
{"timestamp":"2025-11-15T07:00:35.164039Z","level":"info","event":"uploaded s3://warehouse/bronze1/stocks_intraday/date_ny=2025-11-14/symbol=AAPL/ts_20251115T070034Z.json (25977 bytes)","logger":"task.stdout"}
{"timestamp":"2025-11-15T07:00:35.164688Z","level":"info","event":"AAPL: uploaded 100 recs","logger":"task.stdout"}
{"timestamp":"2025-11-15T07:00:58.697419Z","level":"info","event":"MSFT: infer trading date = 2025-11-14","logger":"task.stdout"}
{"timestamp":"2025-11-15T07:00:58.698835Z","level":"info","event":"MSFT: fetched 100 records for 2025-11-14","logger":"task.stdout"}
{"timestamp":"2025-11-15T07:00:58.775772Z","level":"info","event":"uploaded s3://warehouse/bronze1/stocks_intraday/date_ny=2025-11-14/symbol=MSFT/ts_20251115T070058Z.json (25928 bytes)","logger":"task.stdout"}
{"timestamp":"2025-11-15T07:00:58.776249Z","level":"info","event":"MSFT: uploaded 100 recs","logger":"task.stdout"}
{"timestamp":"2025-11-15T07:03:36.412302Z","level":"info","event":"Batch 2/3: ['IBM', 'GOOGL']","logger":"task.stdout"}
{"timestamp":"2025-11-15T07:02:32.356462Z","level":"info","event":"IBM: infer trading date = 2025-11-14","logger":"task.stdout"}
{"timestamp":"2025-11-15T07:02:32.357825Z","level":"info","event":"IBM: fetched 100 records for 2025-11-14","logger":"task.stdout"}
{"timestamp":"2025-11-15T07:02:32.494525Z","level":"info","event":"uploaded s3://warehouse/bronze1/stocks_intraday/date_ny=2025-11-14/symbol=IBM/ts_20251115T070232Z.json (25725 bytes)","logger":"task.stdout"}
{"timestamp":"2025-11-15T07:02:32.494968Z","level":"info","event":"IBM: uploaded 100 recs","logger":"task.stdout"}
{"timestamp":"2025-11-15T07:02:54.035041Z","level":"info","event":"GOOGL: infer trading date = 2025-11-14","logger":"task.stdout"}
{"timestamp":"2025-11-15T07:02:54.036383Z","level":"info","event":"GOOGL: fetched 100 records for 2025-11-14","logger":"task.stdout"}
{"timestamp":"2025-11-15T07:02:54.200279Z","level":"info","event":"uploaded s3://warehouse/bronze1/stocks_intraday/date_ny=2025-11-14/symbol=GOOGL/ts_20251115T070254Z.json (26083 bytes)","logger":"task.stdout"}
{"timestamp":"2025-11-15T07:02:54.200803Z","level":"info","event":"GOOGL: uploaded 100 recs","logger":"task.stdout"}
{"timestamp":"2025-11-15T07:04:26.216218Z","level":"info","event":"Batch 3/3: ['AMZN']","logger":"task.stdout"}
{"timestamp":"2025-11-15T07:05:31.399193Z","level":"info","event":"AMZN: infer trading date = 2025-11-14","logger":"task.stdout"}
{"timestamp":"2025-11-15T07:05:31.400472Z","level":"info","event":"AMZN: fetched 100 records for 2025-11-14","logger":"task.stdout"}
{"timestamp":"2025-11-15T07:05:31.472937Z","level":"info","event":"uploaded s3://warehouse/bronze1/stocks_intraday/date_ny=2025-11-14/symbol=AMZN/ts_20251115T070531Z.json (25997 bytes)","logger":"task.stdout"}
{"timestamp":"2025-11-15T07:05:31.473542Z","level":"info","event":"AMZN: uploaded 100 recs","logger":"task.stdout"}
{"timestamp":"2025-11-15T07:04:48.837725Z","level":"info","event":"Done. Returned value was: None","logger":"airflow.task.operators.airflow.providers.standard.operators.python.PythonOperator","filename":"python.py","lineno":218}
