{"timestamp":"2025-11-05T19:21:54.167890Z","level":"info","event":"DAG bundles loaded: dags-folder","logger":"airflow.dag_processing.bundles.manager.DagBundlesManager","filename":"manager.py","lineno":179}
{"timestamp":"2025-11-05T19:21:54.169130Z","level":"info","event":"Filling up the DagBag from /opt/airflow/dags/stock_intraday_pipeline.py","logger":"airflow.models.dagbag.DagBag","filename":"dagbag.py","lineno":593}
{"timestamp":"2025-11-05T19:21:56.114098Z","level":"info","event":"🚀 Start AV collector | symbols=['AAPL', 'MSFT', 'IBM', 'GOOGL', 'AMZN'] | interval=5min | batches=3","logger":"task.stdout"}
{"timestamp":"2025-11-05T19:21:56.115658Z","level":"info","event":"","logger":"task.stdout"}
{"timestamp":"2025-11-05T19:21:56.115889Z","level":"info","event":"🔹 Batch 1/3: ['AAPL', 'MSFT']","logger":"task.stdout"}
{"timestamp":"2025-11-05T19:21:59.520401Z","level":"info","event":"⬆️  Uploaded: s3://warehouse/bronze1/stocks_intraday/symbol=AAPL/ts_20251105T192159Z.json  (659937 bytes)","logger":"task.stdout"}
{"timestamp":"2025-11-05T19:21:59.520910Z","level":"info","event":"✅ AAPL: uploaded 4224 records","logger":"task.stdout"}
{"timestamp":"2025-11-05T19:21:59.521212Z","level":"info","event":"⏳ sleep 23s between symbols…","logger":"task.stdout"}
{"timestamp":"2025-11-05T19:22:22.805366Z","level":"info","event":"⚠️ MSFT: no data (We have detected your API key as FK7Q8R0DVIZNAMR3 and our standard API rate limit is 25 requests per day. Please subscribe to any of the premium plans at https://www.alphavantage.co/premium/ to instantly remove all daily rate limits.)","logger":"task.stdout"}
{"timestamp":"2025-11-05T19:22:22.806037Z","level":"info","event":"ℹ️  MSFT: 0 record → skip upload","logger":"task.stdout"}
{"timestamp":"2025-11-05T19:22:22.806335Z","level":"info","event":"⏳ sleep 23s between symbols…","logger":"task.stdout"}
{"timestamp":"2025-11-05T19:22:45.806023Z","level":"info","event":"⏳ Sleep 70s between batches…","logger":"task.stdout"}
{"timestamp":"2025-11-05T19:23:55.804512Z","level":"info","event":"","logger":"task.stdout"}
{"timestamp":"2025-11-05T19:23:55.804974Z","level":"info","event":"🔹 Batch 2/3: ['IBM', 'GOOGL']","logger":"task.stdout"}
{"timestamp":"2025-11-05T19:23:56.567013Z","level":"info","event":"⚠️ IBM: no data (We have detected your API key as FK7Q8R0DVIZNAMR3 and our standard API rate limit is 25 requests per day. Please subscribe to any of the premium plans at https://www.alphavantage.co/premium/ to instantly remove all daily rate limits.)","logger":"task.stdout"}
{"timestamp":"2025-11-05T19:23:56.567467Z","level":"info","event":"ℹ️  IBM: 0 record → skip upload","logger":"task.stdout"}
{"timestamp":"2025-11-05T19:23:56.567739Z","level":"info","event":"⏳ sleep 25s between symbols…","logger":"task.stdout"}
{"timestamp":"2025-11-05T19:24:21.891272Z","level":"info","event":"⚠️ GOOGL: no data (We have detected your API key as FK7Q8R0DVIZNAMR3 and our standard API rate limit is 25 requests per day. Please subscribe to any of the premium plans at https://www.alphavantage.co/premium/ to instantly remove all daily rate limits.)","logger":"task.stdout"}
{"timestamp":"2025-11-05T19:24:21.892341Z","level":"info","event":"ℹ️  GOOGL: 0 record → skip upload","logger":"task.stdout"}
{"timestamp":"2025-11-05T19:24:21.892641Z","level":"info","event":"⏳ sleep 23s between symbols…","logger":"task.stdout"}
{"timestamp":"2025-11-05T19:24:44.852940Z","level":"info","event":"⏳ Sleep 70s between batches…","logger":"task.stdout"}
{"timestamp":"2025-11-05T19:25:54.850169Z","level":"info","event":"","logger":"task.stdout"}
{"timestamp":"2025-11-05T19:25:54.850597Z","level":"info","event":"🔹 Batch 3/3: ['AMZN']","logger":"task.stdout"}
{"timestamp":"2025-11-05T19:25:55.132764Z","level":"info","event":"⚠️ AMZN: no data (We have detected your API key as FK7Q8R0DVIZNAMR3 and our standard API rate limit is 25 requests per day. Please subscribe to any of the premium plans at https://www.alphavantage.co/premium/ to instantly remove all daily rate limits.)","logger":"task.stdout"}
{"timestamp":"2025-11-05T19:25:55.133250Z","level":"info","event":"ℹ️  AMZN: 0 record → skip upload","logger":"task.stdout"}
{"timestamp":"2025-11-05T19:25:55.133504Z","level":"info","event":"⏳ sleep 25s between symbols…","logger":"task.stdout"}
{"timestamp":"2025-11-05T19:26:20.143053Z","level":"info","event":"⏳ Sleep 70s between batches…","logger":"task.stdout"}
{"timestamp":"2025-11-05T19:27:30.131851Z","level":"info","event":"Done. Returned value was: None","logger":"airflow.task.operators.airflow.providers.standard.operators.python.PythonOperator","filename":"python.py","lineno":218}
