{"timestamp":"2025-11-24T17:52:05.315199Z","level":"info","event":"DAG bundles loaded: dags-folder","logger":"airflow.dag_processing.bundles.manager.DagBundlesManager","filename":"manager.py","lineno":179}
{"timestamp":"2025-11-24T17:52:05.318655Z","level":"info","event":"Filling up the DagBag from /opt/airflow/dags/stock_intraday_pipeline-v2.py","logger":"airflow.models.dagbag.DagBag","filename":"dagbag.py","lineno":593}
{"timestamp":"2025-11-24T17:52:21.283785Z","level":"info","event":"Số mẫu huấn luyện: 3219","logger":"task.stdout"}
{"timestamp":"2025-11-24T17:52:45.686537Z","level":"info","event":"   Epoch   0 | Train Loss: 0.6843 | Val Loss: 0.7090","logger":"task.stdout"}
{"timestamp":"2025-11-24T17:53:04.015662Z","level":"info","event":"   Epoch  10 | Train Loss: 0.6498 | Val Loss: 0.7009","logger":"task.stdout"}
{"timestamp":"2025-11-24T17:53:20.854688Z","level":"info","event":"   Epoch  20 | Train Loss: 0.6356 | Val Loss: 0.7693","logger":"task.stdout"}
{"timestamp":"2025-11-24T17:53:39.894976Z","level":"info","event":"   Epoch  30 | Train Loss: 0.5901 | Val Loss: 0.8656","logger":"task.stdout"}
{"timestamp":"2025-11-24T17:53:56.920131Z","level":"info","event":"   Epoch  40 | Train Loss: 0.5158 | Val Loss: 1.0369","logger":"task.stdout"}
{"timestamp":"2025-11-24T17:54:13.510358Z","level":"info","event":"   Epoch  50 | Train Loss: 0.5702 | Val Loss: 0.7779","logger":"task.stdout"}
{"timestamp":"2025-11-24T17:54:30.090748Z","level":"info","event":"   Epoch  60 | Train Loss: 0.4590 | Val Loss: 0.7935","logger":"task.stdout"}
{"timestamp":"2025-11-24T17:54:47.328788Z","level":"info","event":"   Epoch  70 | Train Loss: 0.4415 | Val Loss: 1.2049","logger":"task.stdout"}
{"timestamp":"2025-11-24T17:55:03.691222Z","level":"info","event":"   Epoch  80 | Train Loss: 0.3037 | Val Loss: 1.3866","logger":"task.stdout"}
{"timestamp":"2025-11-24T17:55:20.696481Z","level":"info","event":"   Epoch  90 | Train Loss: 0.2713 | Val Loss: 1.1699","logger":"task.stdout"}
{"timestamp":"2025-11-24T17:55:36.314639Z","level":"info","event":"✅ Đã hoàn thành. Load lại Best Model (Val Loss: 0.6836)","logger":"task.stdout"}
{"timestamp":"2025-11-24T17:55:38.752094Z","level":"info","event":"","logger":"task.stdout"}
{"timestamp":"2025-11-24T17:55:38.752530Z","level":"info","event":"==================================================","logger":"task.stdout"}
{"timestamp":"2025-11-24T17:55:38.752780Z","level":"info","event":"KẾT QUẢ ĐÁNH GIÁ (Validation Set)","logger":"task.stdout"}
{"timestamp":"2025-11-24T17:55:38.752972Z","level":"info","event":"==================================================","logger":"task.stdout"}
{"timestamp":"2025-11-24T17:55:38.801318Z","level":"info","event":"Accuracy Tổng : 54.35%","logger":"task.stdout"}
{"timestamp":"2025-11-24T17:55:38.801703Z","level":"info","event":"F1-Score Tổng : 51.32%","logger":"task.stdout"}
{"timestamp":"2025-11-24T17:55:38.801911Z","level":"info","event":"--------------------------------------------------","logger":"task.stdout"}
{"timestamp":"2025-11-24T17:55:39.102617Z","level":"info","event":"   💾 Uploaded: hybrid/v2_tech_indicators/lstm_extractor.pth","logger":"task.stdout"}
{"timestamp":"2025-11-24T17:55:39.405645Z","level":"info","event":"   💾 Uploaded: hybrid/v2_tech_indicators/xgboost_cls.json","logger":"task.stdout"}
{"timestamp":"2025-11-24T17:55:39.480769Z","level":"info","event":"   💾 Uploaded: hybrid/v2_tech_indicators/scaler.pkl","logger":"task.stdout"}
{"timestamp":"2025-11-24T17:55:39.547191Z","level":"info","event":"   💾 Uploaded: hybrid/v2_tech_indicators/metadata.json","logger":"task.stdout"}
{"timestamp":"2025-11-24T17:55:39.547614Z","level":"info","event":"✅ Train Hoàn Tất!","logger":"task.stdout"}
{"timestamp":"2025-11-24T17:55:39.549350Z","level":"info","event":"Done. Returned value was: None","logger":"airflow.task.operators.airflow.providers.standard.operators.python.PythonOperator","filename":"python.py","lineno":218}
