{"timestamp":"2025-11-30T21:28:30.431478Z","level":"info","event":"DAG bundles loaded: dags-folder","logger":"airflow.dag_processing.bundles.manager.DagBundlesManager","filename":"manager.py","lineno":179}
{"timestamp":"2025-11-30T21:28:30.432940Z","level":"info","event":"Filling up the DagBag from /opt/airflow/dags/uber_dag.py","logger":"airflow.models.dagbag.DagBag","filename":"dagbag.py","lineno":593}
{"timestamp":"2025-11-30T21:28:30.551738Z","level":"info","event":"Tmp dir root location: /tmp","logger":"airflow.task.hooks.airflow.providers.standard.hooks.subprocess.SubprocessHook","filename":"subprocess.py","lineno":78}
{"timestamp":"2025-11-30T21:28:30.553188Z","level":"info","event":"Running command: ['/usr/bin/bash', '-c', 'docker exec delta-spark bash -lc \"spark-submit --master local[*] --packages io.delta:delta-spark_2.13:4.0.0,org.apache.hadoop:hadoop-aws:3.4.1 --conf spark.hadoop.fs.s3a.endpoint=http://minio:9000 --conf spark.hadoop.fs.s3a.access.key=admin --conf spark.hadoop.fs.s3a.secret.key=password --conf spark.hadoop.fs.s3a.path.style.access=true --conf spark.hadoop.fs.s3a.impl=org.apache.hadoop.fs.s3a.S3AFileSystem --conf spark.hadoop.fs.s3a.connection.ssl.enabled=false --conf spark.sql.warehouse.dir=s3a://warehouse/ --conf spark.sql.catalogImplementation=hive --conf spark.hadoop.hive.metastore.uris=thrift://hive-metastore:9083 --conf spark.sql.extensions=io.delta.sql.DeltaSparkSessionExtension --conf spark.sql.catalog.spark_catalog=org.apache.spark.sql.delta.catalog.DeltaCatalog /opt/jobs/uber/csv_to_delta.py\"']","logger":"airflow.task.hooks.airflow.providers.standard.hooks.subprocess.SubprocessHook","filename":"subprocess.py","lineno":88}
{"timestamp":"2025-11-30T21:28:30.617261Z","level":"info","event":"Output:","logger":"airflow.task.hooks.airflow.providers.standard.hooks.subprocess.SubprocessHook","filename":"subprocess.py","lineno":99}
{"timestamp":"2025-11-30T21:28:36.889866Z","level":"info","event":"WARNING: Using incubator modules: jdk.incubator.vector","logger":"airflow.task.hooks.airflow.providers.standard.hooks.subprocess.SubprocessHook","filename":"subprocess.py","lineno":106}
{"timestamp":"2025-11-30T21:28:42.991866Z","level":"info","event":":: loading settings :: url = jar:file:/opt/spark/jars/ivy-2.5.3.jar!/org/apache/ivy/core/settings/ivysettings.xml","logger":"airflow.task.hooks.airflow.providers.standard.hooks.subprocess.SubprocessHook","filename":"subprocess.py","lineno":106}
{"timestamp":"2025-11-30T21:28:43.421671Z","level":"info","event":"Ivy Default Cache set to: /home/NBuser/.ivy2.5.2/cache","logger":"airflow.task.hooks.airflow.providers.standard.hooks.subprocess.SubprocessHook","filename":"subprocess.py","lineno":106}
{"timestamp":"2025-11-30T21:28:43.421847Z","level":"info","event":"The jars for the packages stored in: /home/NBuser/.ivy2.5.2/jars","logger":"airflow.task.hooks.airflow.providers.standard.hooks.subprocess.SubprocessHook","filename":"subprocess.py","lineno":106}
{"timestamp":"2025-11-30T21:28:43.425709Z","level":"info","event":"io.delta#delta-spark_2.13 added as a dependency","logger":"airflow.task.hooks.airflow.providers.standard.hooks.subprocess.SubprocessHook","filename":"subprocess.py","lineno":106}
{"timestamp":"2025-11-30T21:28:43.425908Z","level":"info","event":"org.apache.hadoop#hadoop-aws added as a dependency","logger":"airflow.task.hooks.airflow.providers.standard.hooks.subprocess.SubprocessHook","filename":"subprocess.py","lineno":106}
{"timestamp":"2025-11-30T21:28:43.426366Z","level":"info","event":":: resolving dependencies :: org.apache.spark#spark-submit-parent-a9b16484-c430-4221-92de-c54c6ff0267d;1.0","logger":"airflow.task.hooks.airflow.providers.standard.hooks.subprocess.SubprocessHook","filename":"subprocess.py","lineno":106}
{"timestamp":"2025-11-30T21:28:43.426491Z","level":"info","event":"\tconfs: [default]","logger":"airflow.task.hooks.airflow.providers.standard.hooks.subprocess.SubprocessHook","filename":"subprocess.py","lineno":106}
{"timestamp":"2025-11-30T21:28:43.791270Z","level":"info","event":"\tfound io.delta#delta-spark_2.13;4.0.0 in central","logger":"airflow.task.hooks.airflow.providers.standard.hooks.subprocess.SubprocessHook","filename":"subprocess.py","lineno":106}
{"timestamp":"2025-11-30T21:28:43.838679Z","level":"info","event":"\tfound io.delta#delta-storage;4.0.0 in central","logger":"airflow.task.hooks.airflow.providers.standard.hooks.subprocess.SubprocessHook","filename":"subprocess.py","lineno":106}
{"timestamp":"2025-11-30T21:28:43.869077Z","level":"info","event":"\tfound org.antlr#antlr4-runtime;4.13.1 in central","logger":"airflow.task.hooks.airflow.providers.standard.hooks.subprocess.SubprocessHook","filename":"subprocess.py","lineno":106}
{"timestamp":"2025-11-30T21:28:43.936466Z","level":"info","event":"\tfound org.apache.hadoop#hadoop-aws;3.4.1 in central","logger":"airflow.task.hooks.airflow.providers.standard.hooks.subprocess.SubprocessHook","filename":"subprocess.py","lineno":106}
{"timestamp":"2025-11-30T21:28:43.981903Z","level":"info","event":"\tfound software.amazon.awssdk#bundle;2.24.6 in central","logger":"airflow.task.hooks.airflow.providers.standard.hooks.subprocess.SubprocessHook","filename":"subprocess.py","lineno":106}
{"timestamp":"2025-11-30T21:28:43.997566Z","level":"info","event":"\tfound org.wildfly.openssl#wildfly-openssl;1.1.3.Final in central","logger":"airflow.task.hooks.airflow.providers.standard.hooks.subprocess.SubprocessHook","filename":"subprocess.py","lineno":106}
{"timestamp":"2025-11-30T21:28:44.018636Z","level":"info","event":":: resolution report :: resolve 580ms :: artifacts dl 11ms","logger":"airflow.task.hooks.airflow.providers.standard.hooks.subprocess.SubprocessHook","filename":"subprocess.py","lineno":106}
{"timestamp":"2025-11-30T21:28:44.018847Z","level":"info","event":"\t:: modules in use:","logger":"airflow.task.hooks.airflow.providers.standard.hooks.subprocess.SubprocessHook","filename":"subprocess.py","lineno":106}
{"timestamp":"2025-11-30T21:28:44.027829Z","level":"info","event":"\tio.delta#delta-spark_2.13;4.0.0 from central in [default]","logger":"airflow.task.hooks.airflow.providers.standard.hooks.subprocess.SubprocessHook","filename":"subprocess.py","lineno":106}
{"timestamp":"2025-11-30T21:28:44.028019Z","level":"info","event":"\tio.delta#delta-storage;4.0.0 from central in [default]","logger":"airflow.task.hooks.airflow.providers.standard.hooks.subprocess.SubprocessHook","filename":"subprocess.py","lineno":106}
{"timestamp":"2025-11-30T21:28:44.028064Z","level":"info","event":"\torg.antlr#antlr4-runtime;4.13.1 from central in [default]","logger":"airflow.task.hooks.airflow.providers.standard.hooks.subprocess.SubprocessHook","filename":"subprocess.py","lineno":106}
{"timestamp":"2025-11-30T21:28:44.028090Z","level":"info","event":"\torg.apache.hadoop#hadoop-aws;3.4.1 from central in [default]","logger":"airflow.task.hooks.airflow.providers.standard.hooks.subprocess.SubprocessHook","filename":"subprocess.py","lineno":106}
{"timestamp":"2025-11-30T21:28:44.028120Z","level":"info","event":"\torg.wildfly.openssl#wildfly-openssl;1.1.3.Final from central in [default]","logger":"airflow.task.hooks.airflow.providers.standard.hooks.subprocess.SubprocessHook","filename":"subprocess.py","lineno":106}
{"timestamp":"2025-11-30T21:28:44.028150Z","level":"info","event":"\tsoftware.amazon.awssdk#bundle;2.24.6 from central in [default]","logger":"airflow.task.hooks.airflow.providers.standard.hooks.subprocess.SubprocessHook","filename":"subprocess.py","lineno":106}
{"timestamp":"2025-11-30T21:28:44.028178Z","level":"info","event":"\t---------------------------------------------------------------------","logger":"airflow.task.hooks.airflow.providers.standard.hooks.subprocess.SubprocessHook","filename":"subprocess.py","lineno":106}
{"timestamp":"2025-11-30T21:28:44.028200Z","level":"info","event":"\t|                  |            modules            ||   artifacts   |","logger":"airflow.task.hooks.airflow.providers.standard.hooks.subprocess.SubprocessHook","filename":"subprocess.py","lineno":106}
{"timestamp":"2025-11-30T21:28:44.028223Z","level":"info","event":"\t|       conf       | number| search|dwnlded|evicted|| number|dwnlded|","logger":"airflow.task.hooks.airflow.providers.standard.hooks.subprocess.SubprocessHook","filename":"subprocess.py","lineno":106}
{"timestamp":"2025-11-30T21:28:44.028245Z","level":"info","event":"\t---------------------------------------------------------------------","logger":"airflow.task.hooks.airflow.providers.standard.hooks.subprocess.SubprocessHook","filename":"subprocess.py","lineno":106}
{"timestamp":"2025-11-30T21:28:44.028266Z","level":"info","event":"\t|      default     |   6   |   0   |   0   |   0   ||   6   |   0   |","logger":"airflow.task.hooks.airflow.providers.standard.hooks.subprocess.SubprocessHook","filename":"subprocess.py","lineno":106}
{"timestamp":"2025-11-30T21:28:44.028287Z","level":"info","event":"\t---------------------------------------------------------------------","logger":"airflow.task.hooks.airflow.providers.standard.hooks.subprocess.SubprocessHook","filename":"subprocess.py","lineno":106}
{"timestamp":"2025-11-30T21:28:44.033863Z","level":"info","event":":: retrieving :: org.apache.spark#spark-submit-parent-a9b16484-c430-4221-92de-c54c6ff0267d","logger":"airflow.task.hooks.airflow.providers.standard.hooks.subprocess.SubprocessHook","filename":"subprocess.py","lineno":106}
{"timestamp":"2025-11-30T21:28:44.034111Z","level":"info","event":"\tconfs: [default]","logger":"airflow.task.hooks.airflow.providers.standard.hooks.subprocess.SubprocessHook","filename":"subprocess.py","lineno":106}
{"timestamp":"2025-11-30T21:28:44.042187Z","level":"info","event":"\t0 artifacts copied, 6 already retrieved (0kB/8ms)","logger":"airflow.task.hooks.airflow.providers.standard.hooks.subprocess.SubprocessHook","filename":"subprocess.py","lineno":106}
{"timestamp":"2025-11-30T21:27:29.138725Z","level":"info","event":"25/12/01 04:27:29 WARN NativeCodeLoader: Unable to load native-hadoop library for your platform... using builtin-java classes where applicable","logger":"airflow.task.hooks.airflow.providers.standard.hooks.subprocess.SubprocessHook","filename":"subprocess.py","lineno":106}
{"timestamp":"2025-11-30T21:27:30.672095Z","level":"info","event":"--- Starting Spark Job (Column Rename Fix) ---","logger":"airflow.task.hooks.airflow.providers.standard.hooks.subprocess.SubprocessHook","filename":"subprocess.py","lineno":106}
{"timestamp":"2025-11-30T21:27:31.180271Z","level":"info","event":"Using Spark's default log4j profile: org/apache/spark/log4j2-defaults.properties","logger":"airflow.task.hooks.airflow.providers.standard.hooks.subprocess.SubprocessHook","filename":"subprocess.py","lineno":106}
