{"timestamp":"2025-11-05T09:52:55.066006Z","level":"info","event":"DAG bundles loaded: dags-folder","logger":"airflow.dag_processing.bundles.manager.DagBundlesManager","filename":"manager.py","lineno":179}
{"timestamp":"2025-11-05T09:52:55.067718Z","level":"info","event":"Filling up the DagBag from /opt/airflow/dags/delta_job_dag.py","logger":"airflow.models.dagbag.DagBag","filename":"dagbag.py","lineno":593}
{"timestamp":"2025-11-05T09:52:57.749995Z","level":"info","event":"Tmp dir root location: /tmp","logger":"airflow.task.hooks.airflow.providers.standard.hooks.subprocess.SubprocessHook","filename":"subprocess.py","lineno":78}
{"timestamp":"2025-11-05T09:52:57.751135Z","level":"info","event":"Running command: ['/usr/bin/bash', '-c', 'docker exec delta-spark bash -lc \"python3 -c \\\\\"import pyspark; print(pyspark.__version__)\\\\\" && pyspark --version\"']","logger":"airflow.task.hooks.airflow.providers.standard.hooks.subprocess.SubprocessHook","filename":"subprocess.py","lineno":88}
{"timestamp":"2025-11-05T09:52:57.762429Z","level":"info","event":"Output:","logger":"airflow.task.hooks.airflow.providers.standard.hooks.subprocess.SubprocessHook","filename":"subprocess.py","lineno":99}
{"timestamp":"2025-11-05T09:52:57.995311Z","level":"info","event":"4.0.1","logger":"airflow.task.hooks.airflow.providers.standard.hooks.subprocess.SubprocessHook","filename":"subprocess.py","lineno":106}
{"timestamp":"2025-11-05T09:52:58.544677Z","level":"info","event":"WARNING: Using incubator modules: jdk.incubator.vector","logger":"airflow.task.hooks.airflow.providers.standard.hooks.subprocess.SubprocessHook","filename":"subprocess.py","lineno":106}
{"timestamp":"2025-11-05T09:52:59.689011Z","level":"info","event":"Welcome to","logger":"airflow.task.hooks.airflow.providers.standard.hooks.subprocess.SubprocessHook","filename":"subprocess.py","lineno":106}
{"timestamp":"2025-11-05T09:52:59.689195Z","level":"info","event":"      ____              __","logger":"airflow.task.hooks.airflow.providers.standard.hooks.subprocess.SubprocessHook","filename":"subprocess.py","lineno":106}
{"timestamp":"2025-11-05T09:52:59.689250Z","level":"info","event":"     / __/__  ___ _____/ /__","logger":"airflow.task.hooks.airflow.providers.standard.hooks.subprocess.SubprocessHook","filename":"subprocess.py","lineno":106}
{"timestamp":"2025-11-05T09:52:59.689278Z","level":"info","event":"    _\\ \\/ _ \\/ _ `/ __/  '_/","logger":"airflow.task.hooks.airflow.providers.standard.hooks.subprocess.SubprocessHook","filename":"subprocess.py","lineno":106}
{"timestamp":"2025-11-05T09:52:59.689304Z","level":"info","event":"   /___/ .__/\\_,_/_/ /_/\\_\\   version 4.0.0","logger":"airflow.task.hooks.airflow.providers.standard.hooks.subprocess.SubprocessHook","filename":"subprocess.py","lineno":106}
{"timestamp":"2025-11-05T09:52:59.689328Z","level":"info","event":"      /_/","logger":"airflow.task.hooks.airflow.providers.standard.hooks.subprocess.SubprocessHook","filename":"subprocess.py","lineno":106}
{"timestamp":"2025-11-05T09:52:59.689353Z","level":"info","event":"","logger":"airflow.task.hooks.airflow.providers.standard.hooks.subprocess.SubprocessHook","filename":"subprocess.py","lineno":106}
{"timestamp":"2025-11-05T09:52:59.698012Z","level":"info","event":"Using Scala version 2.13.16, OpenJDK 64-Bit Server VM, 17.0.15","logger":"airflow.task.hooks.airflow.providers.standard.hooks.subprocess.SubprocessHook","filename":"subprocess.py","lineno":106}
{"timestamp":"2025-11-05T09:52:59.698455Z","level":"info","event":"Branch HEAD","logger":"airflow.task.hooks.airflow.providers.standard.hooks.subprocess.SubprocessHook","filename":"subprocess.py","lineno":106}
{"timestamp":"2025-11-05T09:52:59.701133Z","level":"info","event":"Compiled by user wenchen on 2025-05-19T07:58:03Z","logger":"airflow.task.hooks.airflow.providers.standard.hooks.subprocess.SubprocessHook","filename":"subprocess.py","lineno":106}
{"timestamp":"2025-11-05T09:52:59.701656Z","level":"info","event":"Revision fa33ea000a0bda9e5a3fa1af98e8e85b8cc5e4d4","logger":"airflow.task.hooks.airflow.providers.standard.hooks.subprocess.SubprocessHook","filename":"subprocess.py","lineno":106}
{"timestamp":"2025-11-05T09:52:59.703280Z","level":"info","event":"Url https://github.com/apache/spark","logger":"airflow.task.hooks.airflow.providers.standard.hooks.subprocess.SubprocessHook","filename":"subprocess.py","lineno":106}
{"timestamp":"2025-11-05T09:52:59.704629Z","level":"info","event":"Type --help for more information.","logger":"airflow.task.hooks.airflow.providers.standard.hooks.subprocess.SubprocessHook","filename":"subprocess.py","lineno":106}
{"timestamp":"2025-11-05T09:52:59.738474Z","level":"info","event":"Command exited with return code 0","logger":"airflow.task.hooks.airflow.providers.standard.hooks.subprocess.SubprocessHook","filename":"subprocess.py","lineno":110}
{"timestamp":"2025-11-05T09:52:59.739210Z","level":"info","event":"Pushing xcom","ti":"RuntimeTaskInstance(id=UUID('019a536e-fb81-74c4-9706-d12b248ddb12'), task_id='spark_version', dag_id='delta_job_dag_2', run_id='manual__2025-11-05T09:50:10.130383+00:00', try_number=2, dag_version_id=UUID('019a5351-cc91-7a7e-9e0e-8617c6c9ec13'), map_index=-1, hostname='1ab96ded5c51', context_carrier={}, task=<Task(BashOperator): spark_version>, bundle_instance=LocalDagBundle(name=dags-folder), max_tries=1, start_date=datetime.datetime(2025, 11, 5, 9, 52, 54, 970663, tzinfo=datetime.timezone.utc), end_date=None, state=<TaskInstanceState.RUNNING: 'running'>, is_mapped=False, rendered_map_index=None)","logger":"task","filename":"task_runner.py","lineno":1352}
