{"timestamp":"2025-11-05T19:34:48.868793Z","level":"info","event":"DAG bundles loaded: dags-folder","logger":"airflow.dag_processing.bundles.manager.DagBundlesManager","filename":"manager.py","lineno":179}
{"timestamp":"2025-11-05T19:34:48.870043Z","level":"info","event":"Filling up the DagBag from /opt/airflow/dags/stock_intraday_pipeline.py","logger":"airflow.models.dagbag.DagBag","filename":"dagbag.py","lineno":593}
{"timestamp":"2025-11-05T19:34:49.291027Z","level":"info","event":"🚀 Start AV collector | symbols=['AAPL', 'MSFT', 'IBM', 'GOOGL', 'AMZN'] | interval=5min | batches=3","logger":"task.stdout"}
{"timestamp":"2025-11-05T19:34:49.292573Z","level":"info","event":"","logger":"task.stdout"}
{"timestamp":"2025-11-05T19:34:49.293274Z","level":"info","event":"🔹 Batch 1/3: ['AAPL', 'MSFT']","logger":"task.stdout"}
{"timestamp":"2025-11-05T19:34:49.668129Z","level":"info","event":"⚠️ AAPL: no data (We have detected your API key as UPIANHJG7NH346Q8 and our standard API rate limit is 25 requests per day. Please subscribe to any of the premium plans at https://www.alphavantage.co/premium/ to instantly remove all daily rate limits.)","logger":"task.stdout"}
{"timestamp":"2025-11-05T19:34:49.668557Z","level":"info","event":"ℹ️  AAPL: 0 record → skip upload","logger":"task.stdout"}
{"timestamp":"2025-11-05T19:34:49.668800Z","level":"info","event":"⏳ sleep 22s between symbols…","logger":"task.stdout"}
{"timestamp":"2025-11-05T19:35:11.930556Z","level":"info","event":"⚠️ MSFT: no data (We have detected your API key as UPIANHJG7NH346Q8 and our standard API rate limit is 25 requests per day. Please subscribe to any of the premium plans at https://www.alphavantage.co/premium/ to instantly remove all daily rate limits.)","logger":"task.stdout"}
{"timestamp":"2025-11-05T19:35:11.931067Z","level":"info","event":"ℹ️  MSFT: 0 record → skip upload","logger":"task.stdout"}
{"timestamp":"2025-11-05T19:35:11.931378Z","level":"info","event":"⏳ sleep 24s between symbols…","logger":"task.stdout"}
{"timestamp":"2025-11-05T19:35:35.930698Z","level":"info","event":"⏳ Sleep 70s between batches…","logger":"task.stdout"}
{"timestamp":"2025-11-05T19:36:45.926903Z","level":"info","event":"","logger":"task.stdout"}
{"timestamp":"2025-11-05T19:36:45.927471Z","level":"info","event":"🔹 Batch 2/3: ['IBM', 'GOOGL']","logger":"task.stdout"}
{"timestamp":"2025-11-05T19:36:46.200256Z","level":"info","event":"⚠️ IBM: no data (We have detected your API key as UPIANHJG7NH346Q8 and our standard API rate limit is 25 requests per day. Please subscribe to any of the premium plans at https://www.alphavantage.co/premium/ to instantly remove all daily rate limits.)","logger":"task.stdout"}
{"timestamp":"2025-11-05T19:36:46.200864Z","level":"info","event":"ℹ️  IBM: 0 record → skip upload","logger":"task.stdout"}
{"timestamp":"2025-11-05T19:36:46.201311Z","level":"info","event":"⏳ sleep 22s between symbols…","logger":"task.stdout"}
{"timestamp":"2025-11-05T19:37:08.488290Z","level":"info","event":"⚠️ GOOGL: no data (We have detected your API key as UPIANHJG7NH346Q8 and our standard API rate limit is 25 requests per day. Please subscribe to any of the premium plans at https://www.alphavantage.co/premium/ to instantly remove all daily rate limits.)","logger":"task.stdout"}
{"timestamp":"2025-11-05T19:37:08.489051Z","level":"info","event":"ℹ️  GOOGL: 0 record → skip upload","logger":"task.stdout"}
{"timestamp":"2025-11-05T19:37:08.489633Z","level":"info","event":"⏳ sleep 24s between symbols…","logger":"task.stdout"}
{"timestamp":"2025-11-05T19:37:32.486568Z","level":"info","event":"⏳ Sleep 70s between batches…","logger":"task.stdout"}
{"timestamp":"2025-11-05T19:38:42.477759Z","level":"info","event":"","logger":"task.stdout"}
{"timestamp":"2025-11-05T19:38:42.478172Z","level":"info","event":"🔹 Batch 3/3: ['AMZN']","logger":"task.stdout"}
{"timestamp":"2025-11-05T19:38:42.749280Z","level":"info","event":"⚠️ AMZN: no data (We have detected your API key as UPIANHJG7NH346Q8 and our standard API rate limit is 25 requests per day. Please subscribe to any of the premium plans at https://www.alphavantage.co/premium/ to instantly remove all daily rate limits.)","logger":"task.stdout"}
{"timestamp":"2025-11-05T19:38:42.749868Z","level":"info","event":"ℹ️  AMZN: 0 record → skip upload","logger":"task.stdout"}
{"timestamp":"2025-11-05T19:38:42.750181Z","level":"info","event":"⏳ sleep 24s between symbols…","logger":"task.stdout"}
{"timestamp":"2025-11-05T19:39:06.756589Z","level":"info","event":"⏳ Sleep 70s between batches…","logger":"task.stdout"}
{"timestamp":"2025-11-05T19:41:15.303268Z","level":"info","event":"Done. Returned value was: None","logger":"airflow.task.operators.airflow.providers.standard.operators.python.PythonOperator","filename":"python.py","lineno":218}
