{"timestamp":"2025-11-25T21:42:28.746611Z","level":"info","event":"DAG bundles loaded: dags-folder","logger":"airflow.dag_processing.bundles.manager.DagBundlesManager","filename":"manager.py","lineno":179}
{"timestamp":"2025-11-25T21:42:28.749100Z","level":"info","event":"Filling up the DagBag from /opt/airflow/dags/stock_intraday_pipeline-v2.py","logger":"airflow.models.dagbag.DagBag","filename":"dagbag.py","lineno":593}
{"timestamp":"2025-11-25T21:42:32.712999Z","level":"info","event":"Số mẫu huấn luyện: 3245","logger":"task.stdout"}
{"timestamp":"2025-11-25T21:42:37.089097Z","level":"info","event":"   Epoch   0 | Train Loss: 0.6894 | Val Loss: 0.7096","logger":"task.stdout"}
{"timestamp":"2025-11-25T21:42:56.423835Z","level":"info","event":"   Epoch  10 | Train Loss: 0.6469 | Val Loss: 0.7480","logger":"task.stdout"}
{"timestamp":"2025-11-25T21:43:12.771601Z","level":"info","event":"   Epoch  20 | Train Loss: 0.6438 | Val Loss: 0.7289","logger":"task.stdout"}
{"timestamp":"2025-11-25T21:43:29.292832Z","level":"info","event":"   Epoch  30 | Train Loss: 0.6067 | Val Loss: 0.7705","logger":"task.stdout"}
{"timestamp":"2025-11-25T21:43:46.490302Z","level":"info","event":"   Epoch  40 | Train Loss: 0.6458 | Val Loss: 0.6970","logger":"task.stdout"}
{"timestamp":"2025-11-25T21:44:03.809532Z","level":"info","event":"   Epoch  50 | Train Loss: 0.7012 | Val Loss: 0.6976","logger":"task.stdout"}
{"timestamp":"2025-11-25T21:44:19.482170Z","level":"info","event":"   Epoch  60 | Train Loss: 0.6349 | Val Loss: 0.7399","logger":"task.stdout"}
{"timestamp":"2025-11-25T21:44:36.394895Z","level":"info","event":"   Epoch  70 | Train Loss: 0.5996 | Val Loss: 0.7774","logger":"task.stdout"}
{"timestamp":"2025-11-25T21:44:52.619455Z","level":"info","event":"   Epoch  80 | Train Loss: 0.6441 | Val Loss: 0.6916","logger":"task.stdout"}
{"timestamp":"2025-11-25T21:45:09.146558Z","level":"info","event":"   Epoch  90 | Train Loss: 0.6143 | Val Loss: 0.7137","logger":"task.stdout"}
{"timestamp":"2025-11-25T21:45:23.597152Z","level":"info","event":"✅ Đã hoàn thành. Load lại Best Model (Val Loss: 0.6896)","logger":"task.stdout"}
{"timestamp":"2025-11-25T21:45:25.267195Z","level":"info","event":"","logger":"task.stdout"}
{"timestamp":"2025-11-25T21:45:25.267723Z","level":"info","event":"==================================================","logger":"task.stdout"}
{"timestamp":"2025-11-25T21:45:25.268023Z","level":"info","event":"KẾT QUẢ ĐÁNH GIÁ (Validation Set)","logger":"task.stdout"}
{"timestamp":"2025-11-25T21:45:25.268221Z","level":"info","event":"==================================================","logger":"task.stdout"}
{"timestamp":"2025-11-25T21:45:25.307829Z","level":"info","event":"Accuracy Tổng : 51.00%","logger":"task.stdout"}
{"timestamp":"2025-11-25T21:45:25.308545Z","level":"info","event":"F1-Score Tổng : 50.16%","logger":"task.stdout"}
{"timestamp":"2025-11-25T21:45:25.308900Z","level":"info","event":"--------------------------------------------------","logger":"task.stdout"}
{"timestamp":"2025-11-25T21:45:25.649161Z","level":"info","event":"   💾 Uploaded: hybrid/v2_tech_indicators/lstm_extractor.pth","logger":"task.stdout"}
{"timestamp":"2025-11-25T21:46:37.293471Z","level":"info","event":"   💾 Uploaded: hybrid/v2_tech_indicators/xgboost_cls.json","logger":"task.stdout"}
{"timestamp":"2025-11-25T21:45:26.093376Z","level":"info","event":"   💾 Uploaded: hybrid/v2_tech_indicators/scaler.pkl","logger":"task.stdout"}
{"timestamp":"2025-11-25T21:45:26.269347Z","level":"info","event":"   💾 Uploaded: hybrid/v2_tech_indicators/metadata.json","logger":"task.stdout"}
{"timestamp":"2025-11-25T21:45:26.269966Z","level":"info","event":"✅ Train Hoàn Tất!","logger":"task.stdout"}
{"timestamp":"2025-11-25T21:45:26.271567Z","level":"info","event":"Done. Returned value was: None","logger":"airflow.task.operators.airflow.providers.standard.operators.python.PythonOperator","filename":"python.py","lineno":218}
