{"timestamp":"2025-11-16T11:38:27.222580Z","level":"info","event":"DAG bundles loaded: dags-folder","logger":"airflow.dag_processing.bundles.manager.DagBundlesManager","filename":"manager.py","lineno":179}
{"timestamp":"2025-11-16T11:38:27.231771Z","level":"info","event":"Filling up the DagBag from /opt/airflow/dags/stock_intraday_pipeline.py","logger":"airflow.models.dagbag.DagBag","filename":"dagbag.py","lineno":593}
{"timestamp":"2025-11-16T11:38:34.097258Z","level":"info","event":"Collector start | interval=5min | batches=3","logger":"task.stdout"}
{"timestamp":"2025-11-16T11:38:34.097847Z","level":"info","event":"Batch 1/3: ['AAPL', 'MSFT']","logger":"task.stdout"}
{"timestamp":"2025-11-16T11:38:34.973503Z","level":"info","event":"AAPL: infer trading date = 2025-11-14","logger":"task.stdout"}
{"timestamp":"2025-11-16T11:38:34.975839Z","level":"info","event":"AAPL: fetched 100 records for 2025-11-14","logger":"task.stdout"}
{"timestamp":"2025-11-16T11:40:02.135296Z","level":"info","event":"uploaded s3://warehouse/bronze1/stocks_intraday/date_ny=2025-11-14/symbol=AAPL/ts_20251116T113834Z.json (25977 bytes)","logger":"task.stdout"}
{"timestamp":"2025-11-16T11:40:02.135859Z","level":"info","event":"AAPL: uploaded 100 recs","logger":"task.stdout"}
{"timestamp":"2025-11-16T11:39:32.402251Z","level":"info","event":"MSFT: infer trading date = 2025-11-14","logger":"task.stdout"}
{"timestamp":"2025-11-16T11:39:32.402679Z","level":"info","event":"MSFT: fetched 100 records for 2025-11-14","logger":"task.stdout"}
{"timestamp":"2025-11-16T11:39:33.064554Z","level":"info","event":"uploaded s3://warehouse/bronze1/stocks_intraday/date_ny=2025-11-14/symbol=MSFT/ts_20251116T113931Z.json (25928 bytes)","logger":"task.stdout"}
{"timestamp":"2025-11-16T11:39:33.064990Z","level":"info","event":"MSFT: uploaded 100 recs","logger":"task.stdout"}
{"timestamp":"2025-11-16T11:41:04.062967Z","level":"info","event":"Batch 2/3: ['META', 'GOOGL']","logger":"task.stdout"}
{"timestamp":"2025-11-16T11:41:04.613039Z","level":"info","event":"META: infer trading date = 2025-11-14","logger":"task.stdout"}
{"timestamp":"2025-11-16T11:41:04.614457Z","level":"info","event":"META: fetched 100 records for 2025-11-14","logger":"task.stdout"}
{"timestamp":"2025-11-16T11:41:04.872399Z","level":"info","event":"uploaded s3://warehouse/bronze1/stocks_intraday/date_ny=2025-11-14/symbol=META/ts_20251116T114104Z.json (25966 bytes)","logger":"task.stdout"}
{"timestamp":"2025-11-16T11:41:04.872828Z","level":"info","event":"META: uploaded 100 recs","logger":"task.stdout"}
{"timestamp":"2025-11-16T11:41:26.400036Z","level":"info","event":"GOOGL: infer trading date = 2025-11-14","logger":"task.stdout"}
{"timestamp":"2025-11-16T11:41:26.401378Z","level":"info","event":"GOOGL: fetched 100 records for 2025-11-14","logger":"task.stdout"}
{"timestamp":"2025-11-16T11:41:26.525815Z","level":"info","event":"uploaded s3://warehouse/bronze1/stocks_intraday/date_ny=2025-11-14/symbol=GOOGL/ts_20251116T114126Z.json (26083 bytes)","logger":"task.stdout"}
{"timestamp":"2025-11-16T11:41:26.526274Z","level":"info","event":"GOOGL: uploaded 100 recs","logger":"task.stdout"}
{"timestamp":"2025-11-16T11:42:59.526310Z","level":"info","event":"Batch 3/3: ['AMZN']","logger":"task.stdout"}
{"timestamp":"2025-11-16T11:43:00.056365Z","level":"info","event":"AMZN: infer trading date = 2025-11-14","logger":"task.stdout"}
{"timestamp":"2025-11-16T11:43:00.057645Z","level":"info","event":"AMZN: fetched 100 records for 2025-11-14","logger":"task.stdout"}
{"timestamp":"2025-11-16T11:43:00.218642Z","level":"info","event":"uploaded s3://warehouse/bronze1/stocks_intraday/date_ny=2025-11-14/symbol=AMZN/ts_20251116T114300Z.json (25997 bytes)","logger":"task.stdout"}
{"timestamp":"2025-11-16T11:43:00.219016Z","level":"info","event":"AMZN: uploaded 100 recs","logger":"task.stdout"}
{"timestamp":"2025-11-16T11:43:21.203239Z","level":"info","event":"Done. Returned value was: None","logger":"airflow.task.operators.airflow.providers.standard.operators.python.PythonOperator","filename":"python.py","lineno":218}
