{"timestamp":"2025-11-16T10:49:50.826132Z","level":"info","event":"DAG bundles loaded: dags-folder","logger":"airflow.dag_processing.bundles.manager.DagBundlesManager","filename":"manager.py","lineno":179}
{"timestamp":"2025-11-16T10:49:50.828182Z","level":"info","event":"Filling up the DagBag from /opt/airflow/dags/finance_news_pipeline_v1.py","logger":"airflow.models.dagbag.DagBag","filename":"dagbag.py","lineno":593}
{"timestamp":"2025-11-16T10:49:51.094216Z","level":"info","event":"--> Symbol=AAPL | Last 27h (VN time) | from=2025-11-15T07:49:51.093985Z to=2025-11-16T10:49:51.093985Z","logger":"task.stdout"}
{"timestamp":"2025-11-16T10:49:51.095582Z","level":"info","event":"    Query: \"Apple\" OR \"AAPL\" OR \"iPhone\" OR \"Tim Cook\"","logger":"task.stdout"}
{"timestamp":"2025-11-16T10:49:54.333989Z","level":"info","event":"   • Trang 1: nhận 39 bài, thêm mới 39, totalResults=40","logger":"task.stdout"}
{"timestamp":"2025-11-16T10:49:54.406076Z","level":"info","event":"⬆️  Uploaded: s3://warehouse/bronze1/finance_news/date=2025-11-15/symbol=AAPL/from_1449_to_1749_ts_20251116T104954Z.json (37232 bytes)","logger":"task.stdout"}
{"timestamp":"2025-11-16T10:51:00.824092Z","level":"info","event":"--> Symbol=MSFT | Last 27h (VN time) | from=2025-11-15T07:51:00.823819Z to=2025-11-16T10:51:00.823819Z","logger":"task.stdout"}
{"timestamp":"2025-11-16T10:51:00.824486Z","level":"info","event":"    Query: \"Microsoft\" OR \"MSFT\" OR \"Azure\" OR \"Satya Nadella\"","logger":"task.stdout"}
{"timestamp":"2025-11-16T10:49:55.748369Z","level":"info","event":"   • Trang 1: nhận 22 bài, thêm mới 22, totalResults=22","logger":"task.stdout"}
{"timestamp":"2025-11-16T10:49:55.818237Z","level":"info","event":"⬆️  Uploaded: s3://warehouse/bronze1/finance_news/date=2025-11-15/symbol=MSFT/from_1451_to_1751_ts_20251116T104955Z.json (18958 bytes)","logger":"task.stdout"}
{"timestamp":"2025-11-16T10:49:56.818837Z","level":"info","event":"--> Symbol=IBM | Last 27h (VN time) | from=2025-11-15T07:49:56.818442Z to=2025-11-16T10:49:56.818442Z","logger":"task.stdout"}
{"timestamp":"2025-11-16T10:49:56.819344Z","level":"info","event":"    Query: \"IBM\"","logger":"task.stdout"}
{"timestamp":"2025-11-16T10:49:57.151193Z","level":"info","event":"   • Trang 1: nhận 2 bài, thêm mới 2, totalResults=2","logger":"task.stdout"}
{"timestamp":"2025-11-16T10:49:57.226492Z","level":"info","event":"⬆️  Uploaded: s3://warehouse/bronze1/finance_news/date=2025-11-15/symbol=IBM/from_1449_to_1749_ts_20251116T104957Z.json (1785 bytes)","logger":"task.stdout"}
{"timestamp":"2025-11-16T10:49:58.226861Z","level":"info","event":"--> Symbol=GOOGL | Last 27h (VN time) | from=2025-11-15T07:49:58.226625Z to=2025-11-16T10:49:58.226625Z","logger":"task.stdout"}
{"timestamp":"2025-11-16T10:49:58.227318Z","level":"info","event":"    Query: \"Google\" OR \"Alphabet\" OR \"GOOGL\" OR \"Sundar Pichai\"","logger":"task.stdout"}
{"timestamp":"2025-11-16T10:49:58.607083Z","level":"info","event":"   • Trang 1: nhận 55 bài, thêm mới 55, totalResults=55","logger":"task.stdout"}
{"timestamp":"2025-11-16T10:49:58.692975Z","level":"info","event":"⬆️  Uploaded: s3://warehouse/bronze1/finance_news/date=2025-11-15/symbol=GOOGL/from_1449_to_1749_ts_20251116T104958Z.json (47384 bytes)","logger":"task.stdout"}
{"timestamp":"2025-11-16T10:49:59.693514Z","level":"info","event":"--> Symbol=AMZN | Last 27h (VN time) | from=2025-11-15T07:49:59.693206Z to=2025-11-16T10:49:59.693206Z","logger":"task.stdout"}
{"timestamp":"2025-11-16T10:49:59.693983Z","level":"info","event":"    Query: \"Amazon\" OR \"AMZN\" OR \"AWS\" OR \"Andy Jassy\"","logger":"task.stdout"}
{"timestamp":"2025-11-16T10:51:06.056216Z","level":"info","event":"   • Trang 1: nhận 39 bài, thêm mới 39, totalResults=39","logger":"task.stdout"}
{"timestamp":"2025-11-16T10:50:00.765468Z","level":"info","event":"⬆️  Uploaded: s3://warehouse/bronze1/finance_news/date=2025-11-15/symbol=AMZN/from_1449_to_1749_ts_20251116T105106Z.json (37290 bytes)","logger":"task.stdout"}
{"timestamp":"2025-11-16T10:50:01.765887Z","level":"info","event":"✅ Done window 27h cho các symbol ['AAPL', 'MSFT', 'IBM', 'GOOGL', 'AMZN']. Tổng số bài: 157","logger":"task.stdout"}
{"timestamp":"2025-11-16T10:50:01.768262Z","level":"info","event":"Done. Returned value was: 157","logger":"airflow.task.operators.airflow.providers.standard.operators.python.PythonOperator","filename":"python.py","lineno":218}
{"timestamp":"2025-11-16T10:50:01.768792Z","level":"info","event":"Pushing xcom","ti":"RuntimeTaskInstance(id=UUID('019a8c45-6ca1-749f-b52f-bf56cb4b4e11'), task_id='collect_finance_news_last_48h', dag_id='news1', run_id='manual__2025-11-16T10:38:52.503404+00:00', try_number=6, dag_version_id=UUID('019a8c3f-c0fc-7059-9bd3-79b29bd1b5a1'), map_index=-1, hostname='e8feec7d62eb', context_carrier={}, task=<Task(PythonOperator): collect_finance_news_last_48h>, bundle_instance=LocalDagBundle(name=dags-folder), max_tries=10, start_date=datetime.datetime(2025, 11, 16, 10, 49, 50, 730655, tzinfo=datetime.timezone.utc), end_date=None, state=<TaskInstanceState.RUNNING: 'running'>, is_mapped=False, rendered_map_index=None)","logger":"task","filename":"task_runner.py","lineno":1352}
