{"timestamp":"2025-11-13T16:56:39.218766Z","level":"info","event":"DAG bundles loaded: dags-folder","logger":"airflow.dag_processing.bundles.manager.DagBundlesManager","filename":"manager.py","lineno":179}
{"timestamp":"2025-11-13T16:56:39.219954Z","level":"info","event":"Filling up the DagBag from /opt/airflow/dags/finance_news_pipeline.py","logger":"airflow.models.dagbag.DagBag","filename":"dagbag.py","lineno":593}
{"timestamp":"2025-11-13T16:56:39.741291Z","level":"info","event":"Sẽ lấy tin cho các ngày (trừ hôm nay 2025-11-13): ['2025-11-12', '2025-11-11', '2025-11-10', '2025-11-09', '2025-11-08']","logger":"task.stdout"}
{"timestamp":"2025-11-13T16:56:39.742073Z","level":"info","event":"","logger":"task.stdout"}
{"timestamp":"2025-11-13T16:56:39.801163Z","level":"info","event":"--> 2025-11-12 (VN time) | from=2025-11-11T17:00:00Z to=2025-11-12T16:59:59.999000Z","logger":"task.stdout"}
{"timestamp":"2025-11-13T16:56:40.603489Z","level":"info","event":"   • Trang 1: nhận 98 bài, thêm mới 98, totalResults=1029","logger":"task.stdout"}
{"timestamp":"2025-11-13T16:56:40.680320Z","level":"info","event":"⬆️  Uploaded: s3://warehouse/bronze1/finance_news/date=2025-11-12/ts_20251113T165640Z.json (90844 bytes)","logger":"task.stdout"}
{"timestamp":"2025-11-13T16:56:41.681216Z","level":"info","event":"--> 2025-11-11 (VN time) | from=2025-11-10T17:00:00Z to=2025-11-11T16:59:59.999000Z","logger":"task.stdout"}
{"timestamp":"2025-11-13T16:56:42.363477Z","level":"info","event":"   • Trang 1: nhận 95 bài, thêm mới 95, totalResults=1006","logger":"task.stdout"}
{"timestamp":"2025-11-13T16:56:42.447011Z","level":"info","event":"⬆️  Uploaded: s3://warehouse/bronze1/finance_news/date=2025-11-11/ts_20251113T165642Z.json (86474 bytes)","logger":"task.stdout"}
{"timestamp":"2025-11-13T16:56:43.447592Z","level":"info","event":"--> 2025-11-10 (VN time) | from=2025-11-09T17:00:00Z to=2025-11-10T16:59:59.999000Z","logger":"task.stdout"}
{"timestamp":"2025-11-13T16:56:43.885151Z","level":"info","event":"   • Trang 1: nhận 99 bài, thêm mới 99, totalResults=761","logger":"task.stdout"}
{"timestamp":"2025-11-13T16:56:43.972217Z","level":"info","event":"⬆️  Uploaded: s3://warehouse/bronze1/finance_news/date=2025-11-10/ts_20251113T165643Z.json (90072 bytes)","logger":"task.stdout"}
{"timestamp":"2025-11-13T16:56:44.972761Z","level":"info","event":"--> 2025-11-09 (VN time) | from=2025-11-08T17:00:00Z to=2025-11-09T16:59:59.999000Z","logger":"task.stdout"}
{"timestamp":"2025-11-13T16:56:45.413036Z","level":"info","event":"   • Trang 1: nhận 98 bài, thêm mới 98, totalResults=335","logger":"task.stdout"}
{"timestamp":"2025-11-13T16:56:45.487696Z","level":"info","event":"⬆️  Uploaded: s3://warehouse/bronze1/finance_news/date=2025-11-09/ts_20251113T165645Z.json (84309 bytes)","logger":"task.stdout"}
{"timestamp":"2025-11-13T16:56:46.488248Z","level":"info","event":"--> 2025-11-08 (VN time) | from=2025-11-07T17:00:00Z to=2025-11-08T16:59:59.999000Z","logger":"task.stdout"}
{"timestamp":"2025-11-13T16:56:46.949598Z","level":"info","event":"   • Trang 1: nhận 98 bài, thêm mới 98, totalResults=502","logger":"task.stdout"}
{"timestamp":"2025-11-13T16:56:47.021190Z","level":"info","event":"⬆️  Uploaded: s3://warehouse/bronze1/finance_news/date=2025-11-08/ts_20251113T165646Z.json (91690 bytes)","logger":"task.stdout"}
{"timestamp":"2025-11-13T16:55:44.772095Z","level":"info","event":"✅ Done. Tổng số bài: 488","logger":"task.stdout"}
{"timestamp":"2025-11-13T16:55:44.773592Z","level":"info","event":"Done. Returned value was: 488","logger":"airflow.task.operators.airflow.providers.standard.operators.python.PythonOperator","filename":"python.py","lineno":218}
{"timestamp":"2025-11-13T16:55:44.774140Z","level":"info","event":"Pushing xcom","ti":"RuntimeTaskInstance(id=UUID('019a7e22-b91b-7e5c-9204-e892f5908af4'), task_id='collect_finance_news_to_minio', dag_id='newsapi_finance_pipeline', run_id='manual__2025-11-13T16:46:24.442173+00:00', try_number=5, dag_version_id=UUID('019a7e1d-2cef-72c5-bfe7-409c849d30e1'), map_index=-1, hostname='8acc6b701705', context_carrier={}, task=<Task(PythonOperator): collect_finance_news_to_minio>, bundle_instance=LocalDagBundle(name=dags-folder), max_tries=5, start_date=datetime.datetime(2025, 11, 13, 16, 56, 39, 143725, tzinfo=datetime.timezone.utc), end_date=None, state=<TaskInstanceState.RUNNING: 'running'>, is_mapped=False, rendered_map_index=None)","logger":"task","filename":"task_runner.py","lineno":1352}
{"timestamp":"2025-11-13T16:55:44.782371Z","level":"error","event":"Task failed with exception","logger":"task","filename":"task_runner.py","lineno":972,"error_detail":[{"exc_type":"AirflowRuntimeError","exc_value":"API_SERVER_ERROR: {'status_code': 403, 'message': 'Invalid auth token: The token is not yet valid (iat)', 'detail': {'detail': 'Invalid auth token: The token is not yet valid (iat)'}}","exc_notes":[],"syntax_error":null,"is_cause":false,"frames":[{"filename":"/home/airflow/.local/lib/python3.12/site-packages/airflow/sdk/execution_time/task_runner.py","lineno":931,"name":"run"},{"filename":"/home/airflow/.local/lib/python3.12/site-packages/airflow/sdk/execution_time/task_runner.py","lineno":1369,"name":"_push_xcom_if_needed"},{"filename":"/home/airflow/.local/lib/python3.12/site-packages/airflow/sdk/execution_time/task_runner.py","lineno":579,"name":"_xcom_push"},{"filename":"/home/airflow/.local/lib/python3.12/site-packages/airflow/sdk/bases/xcom.py","lineno":86,"name":"set"},{"filename":"/home/airflow/.local/lib/python3.12/site-packages/airflow/sdk/execution_time/comms.py","lineno":207,"name":"send"},{"filename":"/home/airflow/.local/lib/python3.12/site-packages/airflow/sdk/execution_time/comms.py","lineno":271,"name":"_get_response"},{"filename":"/home/airflow/.local/lib/python3.12/site-packages/airflow/sdk/execution_time/comms.py","lineno":258,"name":"_from_frame"}],"is_group":false,"exceptions":[]}]}
{"timestamp":"2025-11-13T16:55:44.787878Z","level":"error","event":"Top level error","logger":"task","filename":"task_runner.py","lineno":1457,"error_detail":[{"exc_type":"AirflowRuntimeError","exc_value":"API_SERVER_ERROR: {'status_code': 403, 'message': 'Invalid auth token: The token is not yet valid (iat)', 'detail': {'detail': 'Invalid auth token: The token is not yet valid (iat)'}}","exc_notes":[],"syntax_error":null,"is_cause":false,"frames":[{"filename":"/home/airflow/.local/lib/python3.12/site-packages/airflow/sdk/execution_time/task_runner.py","lineno":1450,"name":"main"},{"filename":"/home/airflow/.local/lib/python3.12/site-packages/airflow/sdk/execution_time/task_runner.py","lineno":999,"name":"run"},{"filename":"/home/airflow/.local/lib/python3.12/site-packages/airflow/sdk/execution_time/comms.py","lineno":207,"name":"send"},{"filename":"/home/airflow/.local/lib/python3.12/site-packages/airflow/sdk/execution_time/comms.py","lineno":271,"name":"_get_response"},{"filename":"/home/airflow/.local/lib/python3.12/site-packages/airflow/sdk/execution_time/comms.py","lineno":258,"name":"_from_frame"}],"is_group":false,"exceptions":[]}]}
{"timestamp":"2025-11-13T16:55:44.795204Z","level":"warning","event":"Process exited abnormally","exit_code":1,"logger":"task"}
