{"timestamp":"2025-11-13T17:08:29.112134Z","level":"info","event":"DAG bundles loaded: dags-folder","logger":"airflow.dag_processing.bundles.manager.DagBundlesManager","filename":"manager.py","lineno":179}
{"timestamp":"2025-11-13T17:08:29.113810Z","level":"info","event":"Filling up the DagBag from /opt/airflow/dags/finance_news_pipeline.py","logger":"airflow.models.dagbag.DagBag","filename":"dagbag.py","lineno":593}
{"timestamp":"2025-11-13T17:08:29.909742Z","level":"info","event":"Sẽ lấy tin cho các ngày (trừ hôm nay 2025-11-14): ['2025-11-13', '2025-11-12', '2025-11-11', '2025-11-10', '2025-11-09']","logger":"task.stdout"}
{"timestamp":"2025-11-13T17:08:29.911340Z","level":"info","event":"","logger":"task.stdout"}
{"timestamp":"2025-11-13T17:08:29.917815Z","level":"info","event":"--> 2025-11-13 (VN time) | from=2025-11-12T17:00:00Z to=2025-11-13T16:59:59.999000Z","logger":"task.stdout"}
{"timestamp":"2025-11-13T17:08:30.928767Z","level":"info","event":"   • Trang 1: nhận 11 bài, thêm mới 11, totalResults=11","logger":"task.stdout"}
{"timestamp":"2025-11-13T17:08:31.009088Z","level":"info","event":"⬆️  Uploaded: s3://warehouse/bronze1/finance_news/date=2025-11-13/ts_20251113T170830Z.json (9870 bytes)","logger":"task.stdout"}
{"timestamp":"2025-11-13T17:08:32.028254Z","level":"info","event":"--> 2025-11-12 (VN time) | from=2025-11-11T17:00:00Z to=2025-11-12T16:59:59.999000Z","logger":"task.stdout"}
{"timestamp":"2025-11-13T17:08:32.926634Z","level":"info","event":"   • Trang 1: nhận 98 bài, thêm mới 98, totalResults=1035","logger":"task.stdout"}
{"timestamp":"2025-11-13T17:08:32.994242Z","level":"info","event":"⬆️  Uploaded: s3://warehouse/bronze1/finance_news/date=2025-11-12/ts_20251113T170832Z.json (90262 bytes)","logger":"task.stdout"}
{"timestamp":"2025-11-13T17:08:33.994844Z","level":"info","event":"--> 2025-11-11 (VN time) | from=2025-11-10T17:00:00Z to=2025-11-11T16:59:59.999000Z","logger":"task.stdout"}
{"timestamp":"2025-11-13T17:08:34.895924Z","level":"info","event":"   • Trang 1: nhận 95 bài, thêm mới 95, totalResults=1006","logger":"task.stdout"}
{"timestamp":"2025-11-13T17:08:34.993412Z","level":"info","event":"⬆️  Uploaded: s3://warehouse/bronze1/finance_news/date=2025-11-11/ts_20251113T170834Z.json (86474 bytes)","logger":"task.stdout"}
{"timestamp":"2025-11-13T17:08:35.993835Z","level":"info","event":"--> 2025-11-10 (VN time) | from=2025-11-09T17:00:00Z to=2025-11-10T16:59:59.999000Z","logger":"task.stdout"}
{"timestamp":"2025-11-13T17:09:39.630172Z","level":"info","event":"   • Trang 1: nhận 99 bài, thêm mới 99, totalResults=761","logger":"task.stdout"}
{"timestamp":"2025-11-13T17:08:36.471843Z","level":"info","event":"⬆️  Uploaded: s3://warehouse/bronze1/finance_news/date=2025-11-10/ts_20251113T170939Z.json (90072 bytes)","logger":"task.stdout"}
{"timestamp":"2025-11-13T17:08:37.472387Z","level":"info","event":"--> 2025-11-09 (VN time) | from=2025-11-08T17:00:00Z to=2025-11-09T16:59:59.999000Z","logger":"task.stdout"}
{"timestamp":"2025-11-13T17:08:38.400891Z","level":"info","event":"   • Trang 1: nhận 98 bài, thêm mới 98, totalResults=335","logger":"task.stdout"}
{"timestamp":"2025-11-13T17:08:38.487253Z","level":"info","event":"⬆️  Uploaded: s3://warehouse/bronze1/finance_news/date=2025-11-09/ts_20251113T170838Z.json (84309 bytes)","logger":"task.stdout"}
{"timestamp":"2025-11-13T17:08:39.487696Z","level":"info","event":"✅ Done. Tổng số bài: 401","logger":"task.stdout"}
{"timestamp":"2025-11-13T17:08:39.488924Z","level":"info","event":"Done. Returned value was: 401","logger":"airflow.task.operators.airflow.providers.standard.operators.python.PythonOperator","filename":"python.py","lineno":218}
{"timestamp":"2025-11-13T17:08:39.489498Z","level":"info","event":"Pushing xcom","ti":"RuntimeTaskInstance(id=UUID('019a7e30-a354-7774-9642-ea5939f45617'), task_id='collect_finance_news_to_minio', dag_id='newsapi_finance_pipeline', run_id='manual__2025-11-13T16:46:24.442173+00:00', try_number=7, dag_version_id=UUID('019a7e1d-2cef-72c5-bfe7-409c849d30e1'), map_index=-1, hostname='8acc6b701705', context_carrier={}, task=<Task(PythonOperator): collect_finance_news_to_minio>, bundle_instance=LocalDagBundle(name=dags-folder), max_tries=11, start_date=datetime.datetime(2025, 11, 13, 17, 8, 29, 25269, tzinfo=datetime.timezone.utc), end_date=None, state=<TaskInstanceState.RUNNING: 'running'>, is_mapped=False, rendered_map_index=None)","logger":"task","filename":"task_runner.py","lineno":1352}
