{"timestamp":"2025-11-06T13:31:37.803477Z","level":"info","event":"DAG bundles loaded: dags-folder","logger":"airflow.dag_processing.bundles.manager.DagBundlesManager","filename":"manager.py","lineno":179}
{"timestamp":"2025-11-06T13:31:37.804582Z","level":"info","event":"Filling up the DagBag from /opt/airflow/dags/finance_news_pipeline.py","logger":"airflow.models.dagbag.DagBag","filename":"dagbag.py","lineno":593}
{"timestamp":"2025-11-06T13:31:38.028006Z","level":"info","event":"Sẽ lấy tin cho các ngày (trừ hôm nay 2025-11-06): ['2025-11-05', '2025-11-04', '2025-11-03', '2025-11-02', '2025-11-01']","logger":"task.stdout"}
{"timestamp":"2025-11-06T13:31:38.028538Z","level":"info","event":"","logger":"task.stdout"}
{"timestamp":"2025-11-06T13:31:38.041596Z","level":"info","event":"--> 2025-11-05 (VN time) | from=2025-11-04T17:00:00Z to=2025-11-05T16:59:59.999000Z","logger":"task.stdout"}
{"timestamp":"2025-11-06T13:31:39.668412Z","level":"info","event":"   • Trang 1: nhận 97 bài, thêm mới 97, totalResults=1047","logger":"task.stdout"}
{"timestamp":"2025-11-06T13:31:39.746547Z","level":"info","event":"⬆️  Uploaded: s3://warehouse/bronze1/newsapi/date=2025-11-05/ts_20251106T133139Z.json (88461 bytes)","logger":"task.stdout"}
{"timestamp":"2025-11-06T13:31:40.747050Z","level":"info","event":"--> 2025-11-04 (VN time) | from=2025-11-03T17:00:00Z to=2025-11-04T16:59:59.999000Z","logger":"task.stdout"}
{"timestamp":"2025-11-06T13:31:41.199803Z","level":"info","event":"   • Trang 1: nhận 98 bài, thêm mới 98, totalResults=1298","logger":"task.stdout"}
{"timestamp":"2025-11-06T13:31:41.271042Z","level":"info","event":"⬆️  Uploaded: s3://warehouse/bronze1/newsapi/date=2025-11-04/ts_20251106T133141Z.json (76636 bytes)","logger":"task.stdout"}
{"timestamp":"2025-11-06T13:31:42.271536Z","level":"info","event":"--> 2025-11-03 (VN time) | from=2025-11-02T17:00:00Z to=2025-11-03T16:59:59.999000Z","logger":"task.stdout"}
{"timestamp":"2025-11-06T13:31:42.754902Z","level":"info","event":"   • Trang 1: nhận 99 bài, thêm mới 99, totalResults=829","logger":"task.stdout"}
{"timestamp":"2025-11-06T13:31:42.829829Z","level":"info","event":"⬆️  Uploaded: s3://warehouse/bronze1/newsapi/date=2025-11-03/ts_20251106T133142Z.json (92288 bytes)","logger":"task.stdout"}
{"timestamp":"2025-11-06T13:31:43.830256Z","level":"info","event":"--> 2025-11-02 (VN time) | from=2025-11-01T17:00:00Z to=2025-11-02T16:59:59.999000Z","logger":"task.stdout"}
{"timestamp":"2025-11-06T13:31:44.520670Z","level":"info","event":"   • Trang 1: nhận 98 bài, thêm mới 98, totalResults=345","logger":"task.stdout"}
{"timestamp":"2025-11-06T13:31:44.588632Z","level":"info","event":"⬆️  Uploaded: s3://warehouse/bronze1/newsapi/date=2025-11-02/ts_20251106T133144Z.json (84416 bytes)","logger":"task.stdout"}
{"timestamp":"2025-11-06T13:31:45.588508Z","level":"info","event":"--> 2025-11-01 (VN time) | from=2025-10-31T17:00:00Z to=2025-11-01T16:59:59.999000Z","logger":"task.stdout"}
{"timestamp":"2025-11-06T13:31:49.169799Z","level":"info","event":"   • Trang 1: nhận 99 bài, thêm mới 99, totalResults=504","logger":"task.stdout"}
{"timestamp":"2025-11-06T13:31:49.270393Z","level":"info","event":"⬆️  Uploaded: s3://warehouse/bronze1/newsapi/date=2025-11-01/ts_20251106T133149Z.json (92938 bytes)","logger":"task.stdout"}
{"timestamp":"2025-11-06T13:31:50.270782Z","level":"info","event":"✅ Done. Tổng số bài: 491","logger":"task.stdout"}
{"timestamp":"2025-11-06T13:31:50.273026Z","level":"info","event":"Done. Returned value was: 491","logger":"airflow.task.operators.airflow.providers.standard.operators.python.PythonOperator","filename":"python.py","lineno":218}
{"timestamp":"2025-11-06T13:31:50.273411Z","level":"info","event":"Pushing xcom","ti":"RuntimeTaskInstance(id=UUID('019a595d-962d-7dc4-974d-5a06a56ecfc2'), task_id='collect_finance_news_to_minio', dag_id='newsapi_finance_pipeline', run_id='manual__2025-11-06T13:31:36.861023+00:00', try_number=1, dag_version_id=UUID('019a595d-252c-7009-a3f0-09a1e76e70ee'), map_index=-1, hostname='5e12fe44da57', context_carrier={}, task=<Task(PythonOperator): collect_finance_news_to_minio>, bundle_instance=LocalDagBundle(name=dags-folder), max_tries=0, start_date=datetime.datetime(2025, 11, 6, 13, 31, 37, 724066, tzinfo=datetime.timezone.utc), end_date=None, state=<TaskInstanceState.RUNNING: 'running'>, is_mapped=False, rendered_map_index=None)","logger":"task","filename":"task_runner.py","lineno":1352}
