{"timestamp":"2025-11-16T10:17:32.779024Z","level":"info","event":"DAG bundles loaded: dags-folder","logger":"airflow.dag_processing.bundles.manager.DagBundlesManager","filename":"manager.py","lineno":179}
{"timestamp":"2025-11-16T10:17:32.780708Z","level":"info","event":"Filling up the DagBag from /opt/airflow/dags/finance_news_pipeline_v1.py","logger":"airflow.models.dagbag.DagBag","filename":"dagbag.py","lineno":593}
{"timestamp":"2025-11-16T10:17:33.058920Z","level":"info","event":"--> Symbol=AAPL | Last 48h (VN time) | from=2025-11-14T10:17:33.058620Z to=2025-11-16T10:17:33.058620Z","logger":"task.stdout"}
{"timestamp":"2025-11-16T10:17:33.060656Z","level":"info","event":"    Query: \"Apple\" OR \"AAPL\" OR \"iPhone\" OR \"Tim Cook\"","logger":"task.stdout"}
{"timestamp":"2025-11-16T10:17:33.645838Z","level":"info","event":"   • Trang 1: nhận 98 bài, thêm mới 98, totalResults=747","logger":"task.stdout"}
{"timestamp":"2025-11-16T10:17:33.892106Z","level":"info","event":"⬆️  Uploaded: s3://warehouse/bronze1/finance_news/date=2025-11-14/symbol=AAPL/from_1717_to_1717_ts_20251116T101733Z.json (93380 bytes)","logger":"task.stdout"}
{"timestamp":"2025-11-16T10:17:34.892552Z","level":"info","event":"--> Symbol=MSFT | Last 48h (VN time) | from=2025-11-14T10:17:34.892340Z to=2025-11-16T10:17:34.892340Z","logger":"task.stdout"}
{"timestamp":"2025-11-16T10:17:34.893043Z","level":"info","event":"    Query: \"Microsoft\" OR \"MSFT\" OR \"Azure\" OR \"Satya Nadella\"","logger":"task.stdout"}
{"timestamp":"2025-11-16T10:17:35.356077Z","level":"info","event":"   • Trang 1: nhận 99 bài, thêm mới 99, totalResults=285","logger":"task.stdout"}
{"timestamp":"2025-11-16T10:17:35.479393Z","level":"info","event":"⬆️  Uploaded: s3://warehouse/bronze1/finance_news/date=2025-11-14/symbol=MSFT/from_1717_to_1717_ts_20251116T101735Z.json (86097 bytes)","logger":"task.stdout"}
{"timestamp":"2025-11-16T10:17:36.479806Z","level":"info","event":"--> Symbol=IBM | Last 48h (VN time) | from=2025-11-14T10:17:36.479585Z to=2025-11-16T10:17:36.479585Z","logger":"task.stdout"}
{"timestamp":"2025-11-16T10:17:36.480362Z","level":"info","event":"    Query: \"IBM\"","logger":"task.stdout"}
{"timestamp":"2025-11-16T10:17:36.873575Z","level":"info","event":"   • Trang 1: nhận 40 bài, thêm mới 40, totalResults=40","logger":"task.stdout"}
{"timestamp":"2025-11-16T10:17:36.970809Z","level":"info","event":"⬆️  Uploaded: s3://warehouse/bronze1/finance_news/date=2025-11-14/symbol=IBM/from_1717_to_1717_ts_20251116T101736Z.json (38385 bytes)","logger":"task.stdout"}
{"timestamp":"2025-11-16T10:17:37.972855Z","level":"info","event":"--> Symbol=GOOGL | Last 48h (VN time) | from=2025-11-14T10:17:37.972598Z to=2025-11-16T10:17:37.972598Z","logger":"task.stdout"}
{"timestamp":"2025-11-16T10:17:37.973296Z","level":"info","event":"    Query: \"Google\" OR \"Alphabet\" OR \"GOOGL\" OR \"Sundar Pichai\"","logger":"task.stdout"}
{"timestamp":"2025-11-16T10:17:38.414343Z","level":"info","event":"   • Trang 1: nhận 98 bài, thêm mới 98, totalResults=1149","logger":"task.stdout"}
{"timestamp":"2025-11-16T10:17:38.556336Z","level":"info","event":"⬆️  Uploaded: s3://warehouse/bronze1/finance_news/date=2025-11-14/symbol=GOOGL/from_1717_to_1717_ts_20251116T101738Z.json (85597 bytes)","logger":"task.stdout"}
{"timestamp":"2025-11-16T10:17:39.556864Z","level":"info","event":"--> Symbol=AMZN | Last 48h (VN time) | from=2025-11-14T10:17:39.556504Z to=2025-11-16T10:17:39.556504Z","logger":"task.stdout"}
{"timestamp":"2025-11-16T10:17:39.558254Z","level":"info","event":"    Query: \"Amazon\" OR \"AMZN\" OR \"AWS\" OR \"Andy Jassy\"","logger":"task.stdout"}
{"timestamp":"2025-11-16T10:17:39.999185Z","level":"info","event":"   • Trang 1: nhận 100 bài, thêm mới 100, totalResults=1037","logger":"task.stdout"}
{"timestamp":"2025-11-16T10:17:41.301580Z","level":"info","event":"   ✗ Lỗi API: You have requested too many results. Developer accounts are limited to a max of 100 results. You are trying to request results 100 to 200. Please upgrade to a paid plan if you need more results.","logger":"task.stdout"}
{"timestamp":"2025-11-16T10:17:41.441595Z","level":"info","event":"⬆️  Uploaded: s3://warehouse/bronze1/finance_news/date=2025-11-14/symbol=AMZN/from_1717_to_1717_ts_20251116T101741Z.json (93043 bytes)","logger":"task.stdout"}
{"timestamp":"2025-11-16T10:18:47.861897Z","level":"info","event":"✅ Done window 48h cho các symbol ['AAPL', 'MSFT', 'IBM', 'GOOGL', 'AMZN']. Tổng số bài: 435","logger":"task.stdout"}
{"timestamp":"2025-11-16T10:18:47.864126Z","level":"info","event":"Done. Returned value was: 435","logger":"airflow.task.operators.airflow.providers.standard.operators.python.PythonOperator","filename":"python.py","lineno":218}
{"timestamp":"2025-11-16T10:18:47.864478Z","level":"info","event":"Pushing xcom","ti":"RuntimeTaskInstance(id=UUID('019a8c2c-7f8f-75b1-80a6-ba59bb178bae'), task_id='collect_finance_news_last_48h', dag_id='news1', run_id='manual__2025-11-16T10:16:49.945691+00:00', try_number=1, dag_version_id=UUID('019a8c2b-e346-7f2a-8adb-e4cbc3221699'), map_index=-1, hostname='e8feec7d62eb', context_carrier={}, task=<Task(PythonOperator): collect_finance_news_last_48h>, bundle_instance=LocalDagBundle(name=dags-folder), max_tries=10, start_date=datetime.datetime(2025, 11, 16, 10, 17, 32, 618524, tzinfo=datetime.timezone.utc), end_date=None, state=<TaskInstanceState.RUNNING: 'running'>, is_mapped=False, rendered_map_index=None)","logger":"task","filename":"task_runner.py","lineno":1352}
