{"timestamp":"2025-11-14T10:58:52.806940Z","level":"info","event":"DAG bundles loaded: dags-folder","logger":"airflow.dag_processing.bundles.manager.DagBundlesManager","filename":"manager.py","lineno":179}
{"timestamp":"2025-11-14T10:58:52.811134Z","level":"info","event":"Filling up the DagBag from /opt/airflow/dags/stock_intraday_pipeline.py","logger":"airflow.models.dagbag.DagBag","filename":"dagbag.py","lineno":593}
{"timestamp":"2025-11-14T10:58:54.588427Z","level":"info","event":"Collector start | interval=5min | batches=3","logger":"task.stdout"}
{"timestamp":"2025-11-14T10:58:54.588993Z","level":"info","event":"Batch 1/3: ['AAPL', 'MSFT']","logger":"task.stdout"}
{"timestamp":"2025-11-14T10:58:55.601641Z","level":"info","event":"AAPL: infer trading date = 2025-11-13","logger":"task.stdout"}
{"timestamp":"2025-11-14T10:58:55.602849Z","level":"info","event":"AAPL: fetched 100 records for 2025-11-13","logger":"task.stdout"}
{"timestamp":"2025-11-14T10:58:55.772001Z","level":"info","event":"uploaded s3://warehouse/bronze1/stocks_intraday/date_ny=2025-11-13/symbol=AAPL/ts_20251114T105855Z.json (25961 bytes)","logger":"task.stdout"}
{"timestamp":"2025-11-14T10:58:55.772562Z","level":"info","event":"AAPL: uploaded 100 recs","logger":"task.stdout"}
{"timestamp":"2025-11-14T10:59:18.278617Z","level":"info","event":"MSFT: infer trading date = 2025-11-13","logger":"task.stdout"}
{"timestamp":"2025-11-14T10:59:18.280372Z","level":"info","event":"MSFT: fetched 100 records for 2025-11-13","logger":"task.stdout"}
{"timestamp":"2025-11-14T10:59:18.359655Z","level":"info","event":"uploaded s3://warehouse/bronze1/stocks_intraday/date_ny=2025-11-13/symbol=MSFT/ts_20251114T105918Z.json (25955 bytes)","logger":"task.stdout"}
{"timestamp":"2025-11-14T10:59:18.360412Z","level":"info","event":"MSFT: uploaded 100 recs","logger":"task.stdout"}
{"timestamp":"2025-11-14T11:01:53.934118Z","level":"info","event":"Batch 2/3: ['IBM', 'GOOGL']","logger":"task.stdout"}
{"timestamp":"2025-11-14T11:00:52.284708Z","level":"info","event":"IBM: infer trading date = 2025-11-13","logger":"task.stdout"}
{"timestamp":"2025-11-14T11:00:52.286064Z","level":"info","event":"IBM: fetched 100 records for 2025-11-13","logger":"task.stdout"}
{"timestamp":"2025-11-14T11:00:52.362336Z","level":"info","event":"uploaded s3://warehouse/bronze1/stocks_intraday/date_ny=2025-11-13/symbol=IBM/ts_20251114T110052Z.json (25772 bytes)","logger":"task.stdout"}
{"timestamp":"2025-11-14T11:00:52.362817Z","level":"info","event":"IBM: uploaded 100 recs","logger":"task.stdout"}
{"timestamp":"2025-11-14T11:01:15.864400Z","level":"info","event":"GOOGL: infer trading date = 2025-11-13","logger":"task.stdout"}
{"timestamp":"2025-11-14T11:01:15.866048Z","level":"info","event":"GOOGL: fetched 100 records for 2025-11-13","logger":"task.stdout"}
{"timestamp":"2025-11-14T11:01:15.948423Z","level":"info","event":"uploaded s3://warehouse/bronze1/stocks_intraday/date_ny=2025-11-13/symbol=GOOGL/ts_20251114T110115Z.json (26053 bytes)","logger":"task.stdout"}
{"timestamp":"2025-11-14T11:01:15.948879Z","level":"info","event":"GOOGL: uploaded 100 recs","logger":"task.stdout"}
{"timestamp":"2025-11-14T11:03:50.525201Z","level":"info","event":"Batch 3/3: ['AMZN']","logger":"task.stdout"}
{"timestamp":"2025-11-14T11:03:50.828144Z","level":"info","event":"AMZN: infer trading date = 2025-11-13","logger":"task.stdout"}
{"timestamp":"2025-11-14T11:03:50.829630Z","level":"info","event":"AMZN: fetched 100 records for 2025-11-13","logger":"task.stdout"}
{"timestamp":"2025-11-14T11:03:50.918161Z","level":"info","event":"uploaded s3://warehouse/bronze1/stocks_intraday/date_ny=2025-11-13/symbol=AMZN/ts_20251114T110350Z.json (25967 bytes)","logger":"task.stdout"}
{"timestamp":"2025-11-14T11:03:50.918700Z","level":"info","event":"AMZN: uploaded 100 recs","logger":"task.stdout"}
{"timestamp":"2025-11-14T11:03:08.333187Z","level":"info","event":"Done. Returned value was: None","logger":"airflow.task.operators.airflow.providers.standard.operators.python.PythonOperator","filename":"python.py","lineno":218}
