{"timestamp":"2025-11-24T07:00:45.712041Z","level":"info","event":"DAG bundles loaded: dags-folder","logger":"airflow.dag_processing.bundles.manager.DagBundlesManager","filename":"manager.py","lineno":179}
{"timestamp":"2025-11-24T07:00:45.713271Z","level":"info","event":"Filling up the DagBag from /opt/airflow/dags/stock_intraday_pipeline-v2.py","logger":"airflow.models.dagbag.DagBag","filename":"dagbag.py","lineno":593}
{"timestamp":"2025-11-24T07:00:48.818339Z","level":"info","event":"📥 Đang tải Resources (Hybrid v2)...","logger":"task.stdout"}
{"timestamp":"2025-11-24T07:00:48.890605Z","level":"info","event":"✅ Models & Scaler Ready!","logger":"task.stdout"}
{"timestamp":"2025-11-24T07:02:00.010227Z","level":"info","event":"⚙️ Đang tính toán chỉ báo kỹ thuật...","logger":"task.stdout"}
{"timestamp":"2025-11-24T07:02:00.039051Z","level":"warning","event":"X does not have valid feature names, but StandardScaler was fitted with feature names","category":"UserWarning","filename":"/home/airflow/.local/lib/python3.12/site-packages/sklearn/utils/validation.py","lineno":2749,"logger":"py.warnings"}
{"timestamp":"2025-11-24T07:02:00.046050Z","level":"warning","event":"X does not have valid feature names, but StandardScaler was fitted with feature names","category":"UserWarning","filename":"/home/airflow/.local/lib/python3.12/site-packages/sklearn/utils/validation.py","lineno":2749,"logger":"py.warnings"}
{"timestamp":"2025-11-24T07:02:00.049184Z","level":"warning","event":"X does not have valid feature names, but StandardScaler was fitted with feature names","category":"UserWarning","filename":"/home/airflow/.local/lib/python3.12/site-packages/sklearn/utils/validation.py","lineno":2749,"logger":"py.warnings"}
{"timestamp":"2025-11-24T07:02:00.052067Z","level":"warning","event":"X does not have valid feature names, but StandardScaler was fitted with feature names","category":"UserWarning","filename":"/home/airflow/.local/lib/python3.12/site-packages/sklearn/utils/validation.py","lineno":2749,"logger":"py.warnings"}
{"timestamp":"2025-11-24T07:02:00.054643Z","level":"warning","event":"X does not have valid feature names, but StandardScaler was fitted with feature names","category":"UserWarning","filename":"/home/airflow/.local/lib/python3.12/site-packages/sklearn/utils/validation.py","lineno":2749,"logger":"py.warnings"}
{"timestamp":"2025-11-24T07:02:00.056687Z","level":"info","event":"KẾT QUẢ HYBRID V2 (5 mã): {","logger":"task.stdout"}
{"timestamp":"2025-11-24T07:02:00.057035Z","level":"info","event":"  \"AAPL\": {","logger":"task.stdout"}
{"timestamp":"2025-11-24T07:02:00.057312Z","level":"info","event":"    \"Time\": \"08:59\",","logger":"task.stdout"}
{"timestamp":"2025-11-24T07:02:00.057520Z","level":"info","event":"    \"Target_3H\": \"11:59\",","logger":"task.stdout"}
{"timestamp":"2025-11-24T07:02:00.057693Z","level":"info","event":"    \"Du_Bao\": \"GIẢM 🔴\",","logger":"task.stdout"}
{"timestamp":"2025-11-24T07:02:00.058001Z","level":"info","event":"    \"Xac_Suat\": \"2.9%\"","logger":"task.stdout"}
{"timestamp":"2025-11-24T07:02:00.058278Z","level":"info","event":"  },","logger":"task.stdout"}
{"timestamp":"2025-11-24T07:02:00.058551Z","level":"info","event":"  \"AMZN\": {","logger":"task.stdout"}
{"timestamp":"2025-11-24T07:02:00.058772Z","level":"info","event":"    \"Time\": \"08:59\",","logger":"task.stdout"}
{"timestamp":"2025-11-24T07:02:00.058966Z","level":"info","event":"    \"Target_3H\": \"11:59\",","logger":"task.stdout"}
{"timestamp":"2025-11-24T07:02:00.059175Z","level":"info","event":"    \"Du_Bao\": \"GIẢM 🔴\",","logger":"task.stdout"}
{"timestamp":"2025-11-24T07:02:00.059395Z","level":"info","event":"    \"Xac_Suat\": \"24.8%\"","logger":"task.stdout"}
{"timestamp":"2025-11-24T07:02:00.059566Z","level":"info","event":"  },","logger":"task.stdout"}
{"timestamp":"2025-11-24T07:02:00.059709Z","level":"info","event":"  \"GOOGL\": {","logger":"task.stdout"}
{"timestamp":"2025-11-24T07:02:00.059847Z","level":"info","event":"    \"Time\": \"08:59\",","logger":"task.stdout"}
{"timestamp":"2025-11-24T07:02:00.060019Z","level":"info","event":"    \"Target_3H\": \"11:59\",","logger":"task.stdout"}
{"timestamp":"2025-11-24T07:02:00.060165Z","level":"info","event":"    \"Du_Bao\": \"GIẢM 🔴\",","logger":"task.stdout"}
{"timestamp":"2025-11-24T07:02:00.060337Z","level":"info","event":"    \"Xac_Suat\": \"37.4%\"","logger":"task.stdout"}
{"timestamp":"2025-11-24T07:02:00.060638Z","level":"info","event":"  },","logger":"task.stdout"}
{"timestamp":"2025-11-24T07:02:00.060947Z","level":"info","event":"  \"META\": {","logger":"task.stdout"}
{"timestamp":"2025-11-24T07:02:00.061142Z","level":"info","event":"    \"Time\": \"09:00\",","logger":"task.stdout"}
{"timestamp":"2025-11-24T07:02:00.061418Z","level":"info","event":"    \"Target_3H\": \"12:00\",","logger":"task.stdout"}
{"timestamp":"2025-11-24T07:02:00.061624Z","level":"info","event":"    \"Du_Bao\": \"GIẢM 🔴\",","logger":"task.stdout"}
{"timestamp":"2025-11-24T07:02:00.061913Z","level":"info","event":"    \"Xac_Suat\": \"12.4%\"","logger":"task.stdout"}
{"timestamp":"2025-11-24T07:02:00.062176Z","level":"info","event":"  },","logger":"task.stdout"}
{"timestamp":"2025-11-24T07:02:00.062443Z","level":"info","event":"  \"MSFT\": {","logger":"task.stdout"}
{"timestamp":"2025-11-24T07:02:00.062719Z","level":"info","event":"    \"Time\": \"09:00\",","logger":"task.stdout"}
{"timestamp":"2025-11-24T07:02:00.062972Z","level":"info","event":"    \"Target_3H\": \"12:00\",","logger":"task.stdout"}
{"timestamp":"2025-11-24T07:02:00.063200Z","level":"info","event":"    \"Du_Bao\": \"GIẢM 🔴\",","logger":"task.stdout"}
{"timestamp":"2025-11-24T07:02:00.063466Z","level":"info","event":"    \"Xac_Suat\": \"38.9%\"","logger":"task.stdout"}
{"timestamp":"2025-11-24T07:02:00.063650Z","level":"info","event":"  }","logger":"task.stdout"}
{"timestamp":"2025-11-24T07:02:00.063840Z","level":"info","event":"}","logger":"task.stdout"}
{"timestamp":"2025-11-24T07:02:00.057009Z","level":"info","event":"Done. Returned value was: {'AAPL': {'Time': '08:59', 'Target_3H': '11:59', 'Du_Bao': 'GIẢM 🔴', 'Xac_Suat': '2.9%'}, 'AMZN': {'Time': '08:59', 'Target_3H': '11:59', 'Du_Bao': 'GIẢM 🔴', 'Xac_Suat': '24.8%'}, 'GOOGL': {'Time': '08:59', 'Target_3H': '11:59', 'Du_Bao': 'GIẢM 🔴', 'Xac_Suat': '37.4%'}, 'META': {'Time': '09:00', 'Target_3H': '12:00', 'Du_Bao': 'GIẢM 🔴', 'Xac_Suat': '12.4%'}, 'MSFT': {'Time': '09:00', 'Target_3H': '12:00', 'Du_Bao': 'GIẢM 🔴', 'Xac_Suat': '38.9%'}}","logger":"airflow.task.operators.airflow.providers.standard.operators.python.PythonOperator","filename":"python.py","lineno":218}
{"timestamp":"2025-11-24T07:02:00.057364Z","level":"info","event":"Pushing xcom","ti":"RuntimeTaskInstance(id=UUID('019ab4aa-0123-7538-a001-5d3b85a6a222'), task_id='silver_intraday_predict_5min', dag_id='stock_v2', run_id='manual__2025-11-24T06:56:07.636042+00:00', try_number=6, dag_version_id=UUID('019ab43b-232f-7130-a8c3-deb6f8ce903f'), map_index=-1, hostname='54a490be73e8', context_carrier={}, task=<Task(PythonOperator): silver_intraday_predict_5min>, bundle_instance=LocalDagBundle(name=dags-folder), max_tries=10, start_date=datetime.datetime(2025, 11, 24, 7, 0, 45, 631198, tzinfo=datetime.timezone.utc), end_date=None, state=<TaskInstanceState.RUNNING: 'running'>, is_mapped=False, rendered_map_index=None)","logger":"task","filename":"task_runner.py","lineno":1352}
