{"timestamp":"2025-11-10T07:04:14.277757Z","level":"info","event":"DAG bundles loaded: dags-folder","logger":"airflow.dag_processing.bundles.manager.DagBundlesManager","filename":"manager.py","lineno":179}
{"timestamp":"2025-11-10T07:04:14.278864Z","level":"info","event":"Filling up the DagBag from /opt/airflow/dags/stock_intraday_pipeline.py","logger":"airflow.models.dagbag.DagBag","filename":"dagbag.py","lineno":593}
{"timestamp":"2025-11-10T07:04:15.784144Z","level":"info","event":"🎯 Target date (NY): 2025-11-05","logger":"task.stdout"}
{"timestamp":"2025-11-10T07:04:15.786953Z","level":"info","event":"🚀 Start AV collector | symbols=['AAPL', 'MSFT', 'IBM', 'GOOGL', 'AMZN'] | interval=5min | batches=3","logger":"task.stdout"}
{"timestamp":"2025-11-10T07:04:15.787685Z","level":"info","event":"","logger":"task.stdout"}
{"timestamp":"2025-11-10T07:04:15.788020Z","level":"info","event":"🔹 Batch 1/3: ['AAPL', 'MSFT']","logger":"task.stdout"}
{"timestamp":"2025-11-10T07:04:18.980994Z","level":"info","event":"⬆️  Uploaded: s3://warehouse/bronze1/stocks_intraday/symbol=AAPL/dt=2025-11-05/ts_20251110T070418Z.json  (39809 bytes)","logger":"task.stdout"}
{"timestamp":"2025-11-10T07:04:18.981392Z","level":"info","event":"AAPL: uploaded 192 records for dt=2025-11-05","logger":"task.stdout"}
{"timestamp":"2025-11-10T07:04:18.981569Z","level":"info","event":"⏳ sleep 22s between symbols…","logger":"task.stdout"}
{"timestamp":"2025-11-10T07:05:44.520905Z","level":"info","event":"⬆️  Uploaded: s3://warehouse/bronze1/stocks_intraday/symbol=MSFT/dt=2025-11-05/ts_20251110T070442Z.json  (39739 bytes)","logger":"task.stdout"}
{"timestamp":"2025-11-10T07:05:44.521407Z","level":"info","event":"MSFT: uploaded 192 records for dt=2025-11-05","logger":"task.stdout"}
{"timestamp":"2025-11-10T07:05:44.521659Z","level":"info","event":"⏳ sleep 22s between symbols…","logger":"task.stdout"}
{"timestamp":"2025-11-10T07:05:04.700210Z","level":"info","event":"⏳ Sleep 70s between batches…","logger":"task.stdout"}
{"timestamp":"2025-11-10T07:06:14.695817Z","level":"info","event":"","logger":"task.stdout"}
{"timestamp":"2025-11-10T07:06:14.696254Z","level":"info","event":"🔹 Batch 2/3: ['IBM', 'GOOGL']","logger":"task.stdout"}
{"timestamp":"2025-11-10T07:06:16.473255Z","level":"info","event":"⬆️  Uploaded: s3://warehouse/bronze1/stocks_intraday/symbol=IBM/dt=2025-11-05/ts_20251110T070616Z.json  (37898 bytes)","logger":"task.stdout"}
{"timestamp":"2025-11-10T07:06:16.473763Z","level":"info","event":"IBM: uploaded 185 records for dt=2025-11-05","logger":"task.stdout"}
{"timestamp":"2025-11-10T07:06:16.474090Z","level":"info","event":"⏳ sleep 25s between symbols…","logger":"task.stdout"}
{"timestamp":"2025-11-10T07:06:43.270172Z","level":"info","event":"⬆️  Uploaded: s3://warehouse/bronze1/stocks_intraday/symbol=GOOGL/dt=2025-11-05/ts_20251110T070643Z.json  (39965 bytes)","logger":"task.stdout"}
{"timestamp":"2025-11-10T07:06:43.270807Z","level":"info","event":"GOOGL: uploaded 192 records for dt=2025-11-05","logger":"task.stdout"}
{"timestamp":"2025-11-10T07:06:43.271123Z","level":"info","event":"⏳ sleep 25s between symbols…","logger":"task.stdout"}
{"timestamp":"2025-11-10T07:07:08.280887Z","level":"info","event":"⏳ Sleep 70s between batches…","logger":"task.stdout"}
{"timestamp":"2025-11-10T07:08:18.291160Z","level":"info","event":"","logger":"task.stdout"}
{"timestamp":"2025-11-10T07:08:18.291541Z","level":"info","event":"🔹 Batch 3/3: ['AMZN']","logger":"task.stdout"}
{"timestamp":"2025-11-10T07:08:20.016961Z","level":"info","event":"⬆️  Uploaded: s3://warehouse/bronze1/stocks_intraday/symbol=AMZN/dt=2025-11-05/ts_20251110T070819Z.json  (39800 bytes)","logger":"task.stdout"}
{"timestamp":"2025-11-10T07:08:20.017482Z","level":"info","event":"AMZN: uploaded 192 records for dt=2025-11-05","logger":"task.stdout"}
{"timestamp":"2025-11-10T07:08:20.059549Z","level":"info","event":"⏳ sleep 23s between symbols…","logger":"task.stdout"}
{"timestamp":"2025-11-10T07:09:44.824726Z","level":"info","event":"⏳ Sleep 70s between batches…","logger":"task.stdout"}
{"timestamp":"2025-11-10T07:09:53.001167Z","level":"info","event":"Done. Returned value was: None","logger":"airflow.task.operators.airflow.providers.standard.operators.python.PythonOperator","filename":"python.py","lineno":218}
