{"timestamp":"2025-11-16T08:28:08.850706Z","level":"info","event":"DAG bundles loaded: dags-folder","logger":"airflow.dag_processing.bundles.manager.DagBundlesManager","filename":"manager.py","lineno":179}
{"timestamp":"2025-11-16T08:28:08.851913Z","level":"info","event":"Filling up the DagBag from /opt/airflow/dags/stock_intraday_pipeline.py","logger":"airflow.models.dagbag.DagBag","filename":"dagbag.py","lineno":593}
{"timestamp":"2025-11-16T08:28:10.569976Z","level":"info","event":"Collector start | interval=5min | batches=3","logger":"task.stdout"}
{"timestamp":"2025-11-16T08:28:10.570492Z","level":"info","event":"Batch 1/3: ['AAPL', 'MSFT']","logger":"task.stdout"}
{"timestamp":"2025-11-16T08:28:11.588464Z","level":"info","event":"AAPL: infer trading date = 2025-11-14","logger":"task.stdout"}
{"timestamp":"2025-11-16T08:28:11.589754Z","level":"info","event":"AAPL: fetched 100 records for 2025-11-14","logger":"task.stdout"}
{"timestamp":"2025-11-16T08:28:11.767907Z","level":"info","event":"uploaded s3://warehouse/bronze1/stocks_intraday/date_ny=2025-11-14/symbol=AAPL/ts_20251116T082811Z.json (25977 bytes)","logger":"task.stdout"}
{"timestamp":"2025-11-16T08:28:11.768375Z","level":"info","event":"AAPL: uploaded 100 recs","logger":"task.stdout"}
{"timestamp":"2025-11-16T08:28:34.295473Z","level":"info","event":"MSFT: infer trading date = 2025-11-14","logger":"task.stdout"}
{"timestamp":"2025-11-16T08:28:34.297176Z","level":"info","event":"MSFT: fetched 100 records for 2025-11-14","logger":"task.stdout"}
{"timestamp":"2025-11-16T08:28:34.356853Z","level":"info","event":"uploaded s3://warehouse/bronze1/stocks_intraday/date_ny=2025-11-14/symbol=MSFT/ts_20251116T082834Z.json (25928 bytes)","logger":"task.stdout"}
{"timestamp":"2025-11-16T08:28:34.357376Z","level":"info","event":"MSFT: uploaded 100 recs","logger":"task.stdout"}
{"timestamp":"2025-11-16T08:30:05.360202Z","level":"info","event":"Batch 2/3: ['IBM', 'GOOGL']","logger":"task.stdout"}
{"timestamp":"2025-11-16T08:30:05.882665Z","level":"info","event":"IBM: infer trading date = 2025-11-14","logger":"task.stdout"}
{"timestamp":"2025-11-16T08:30:05.884189Z","level":"info","event":"IBM: fetched 100 records for 2025-11-14","logger":"task.stdout"}
{"timestamp":"2025-11-16T08:30:05.978078Z","level":"info","event":"uploaded s3://warehouse/bronze1/stocks_intraday/date_ny=2025-11-14/symbol=IBM/ts_20251116T083005Z.json (25725 bytes)","logger":"task.stdout"}
{"timestamp":"2025-11-16T08:30:05.978539Z","level":"info","event":"IBM: uploaded 100 recs","logger":"task.stdout"}
{"timestamp":"2025-11-16T08:30:27.556852Z","level":"info","event":"GOOGL: infer trading date = 2025-11-14","logger":"task.stdout"}
{"timestamp":"2025-11-16T08:30:27.558082Z","level":"info","event":"GOOGL: fetched 100 records for 2025-11-14","logger":"task.stdout"}
{"timestamp":"2025-11-16T08:30:27.653033Z","level":"info","event":"uploaded s3://warehouse/bronze1/stocks_intraday/date_ny=2025-11-14/symbol=GOOGL/ts_20251116T083027Z.json (26083 bytes)","logger":"task.stdout"}
{"timestamp":"2025-11-16T08:30:27.653577Z","level":"info","event":"GOOGL: uploaded 100 recs","logger":"task.stdout"}
{"timestamp":"2025-11-16T08:31:58.691928Z","level":"info","event":"Batch 3/3: ['AMZN']","logger":"task.stdout"}
{"timestamp":"2025-11-16T08:31:59.195251Z","level":"info","event":"AMZN: infer trading date = 2025-11-14","logger":"task.stdout"}
{"timestamp":"2025-11-16T08:31:59.196530Z","level":"info","event":"AMZN: fetched 100 records for 2025-11-14","logger":"task.stdout"}
{"timestamp":"2025-11-16T08:31:59.266609Z","level":"info","event":"uploaded s3://warehouse/bronze1/stocks_intraday/date_ny=2025-11-14/symbol=AMZN/ts_20251116T083159Z.json (25997 bytes)","logger":"task.stdout"}
{"timestamp":"2025-11-16T08:31:59.267041Z","level":"info","event":"AMZN: uploaded 100 recs","logger":"task.stdout"}
{"timestamp":"2025-11-16T08:33:27.619147Z","level":"info","event":"Done. Returned value was: None","logger":"airflow.task.operators.airflow.providers.standard.operators.python.PythonOperator","filename":"python.py","lineno":218}
