{"timestamp":"2025-11-06T17:36:31.740194Z","level":"info","event":"DAG bundles loaded: dags-folder","logger":"airflow.dag_processing.bundles.manager.DagBundlesManager","filename":"manager.py","lineno":179}
{"timestamp":"2025-11-06T17:36:31.741299Z","level":"info","event":"Filling up the DagBag from /opt/airflow/dags/stock_intraday_pipeline.py","logger":"airflow.models.dagbag.DagBag","filename":"dagbag.py","lineno":593}
{"timestamp":"2025-11-06T17:36:32.103877Z","level":"info","event":"🚀 Start AV collector | symbols=['AAPL', 'MSFT', 'IBM', 'GOOGL', 'AMZN'] | interval=5min | batches=3","logger":"task.stdout"}
{"timestamp":"2025-11-06T17:36:32.105373Z","level":"info","event":"","logger":"task.stdout"}
{"timestamp":"2025-11-06T17:36:32.105859Z","level":"info","event":"🔹 Batch 1/3: ['AAPL', 'MSFT']","logger":"task.stdout"}
{"timestamp":"2025-11-06T17:36:34.317747Z","level":"info","event":"⬆️  Uploaded: s3://warehouse/bronze1/stocks_intraday/symbol=AAPL/ts_20251106T173634Z.json  (659975 bytes)","logger":"task.stdout"}
{"timestamp":"2025-11-06T17:36:34.318151Z","level":"info","event":"✅ AAPL: uploaded 4224 records","logger":"task.stdout"}
{"timestamp":"2025-11-06T17:36:34.318396Z","level":"info","event":"⏳ sleep 23s between symbols…","logger":"task.stdout"}
{"timestamp":"2025-11-06T17:36:59.851889Z","level":"info","event":"⬆️  Uploaded: s3://warehouse/bronze1/stocks_intraday/symbol=MSFT/ts_20251106T173659Z.json  (657892 bytes)","logger":"task.stdout"}
{"timestamp":"2025-11-06T17:36:59.852384Z","level":"info","event":"✅ MSFT: uploaded 4224 records","logger":"task.stdout"}
{"timestamp":"2025-11-06T17:36:59.852707Z","level":"info","event":"⏳ sleep 22s between symbols…","logger":"task.stdout"}
{"timestamp":"2025-11-06T17:37:21.850810Z","level":"info","event":"⏳ Sleep 70s between batches…","logger":"task.stdout"}
{"timestamp":"2025-11-06T17:38:31.858381Z","level":"info","event":"","logger":"task.stdout"}
{"timestamp":"2025-11-06T17:38:31.858869Z","level":"info","event":"🔹 Batch 2/3: ['IBM', 'GOOGL']","logger":"task.stdout"}
{"timestamp":"2025-11-06T17:38:34.186996Z","level":"info","event":"⬆️  Uploaded: s3://warehouse/bronze1/stocks_intraday/symbol=IBM/ts_20251106T173834Z.json  (645889 bytes)","logger":"task.stdout"}
{"timestamp":"2025-11-06T17:38:34.187440Z","level":"info","event":"✅ IBM: uploaded 4197 records","logger":"task.stdout"}
{"timestamp":"2025-11-06T17:38:34.187648Z","level":"info","event":"⏳ sleep 25s between symbols…","logger":"task.stdout"}
{"timestamp":"2025-11-06T17:39:59.783047Z","level":"info","event":"⬆️  Uploaded: s3://warehouse/bronze1/stocks_intraday/symbol=GOOGL/ts_20251106T173901Z.json  (663328 bytes)","logger":"task.stdout"}
{"timestamp":"2025-11-06T17:39:59.783470Z","level":"info","event":"✅ GOOGL: uploaded 4224 records","logger":"task.stdout"}
{"timestamp":"2025-11-06T17:39:59.783703Z","level":"info","event":"⏳ sleep 25s between symbols…","logger":"task.stdout"}
{"timestamp":"2025-11-06T17:39:26.585653Z","level":"info","event":"⏳ Sleep 70s between batches…","logger":"task.stdout"}
{"timestamp":"2025-11-06T17:40:39.907535Z","level":"error","event":"Server indicated the task shouldn't be running anymore. Terminating process","detail":{"detail":{"reason":"not_found","message":"Task Instance not found"}},"logger":"task"}
{"timestamp":"2025-11-06T17:40:44.919772Z","level":"error","event":"Task killed!","logger":"task"}
