{"timestamp":"2025-11-10T05:51:45.777426Z","level":"info","event":"DAG bundles loaded: dags-folder","logger":"airflow.dag_processing.bundles.manager.DagBundlesManager","filename":"manager.py","lineno":179}
{"timestamp":"2025-11-10T05:51:45.781955Z","level":"info","event":"Filling up the DagBag from /opt/airflow/dags/stock_intraday_pipeline.py","logger":"airflow.models.dagbag.DagBag","filename":"dagbag.py","lineno":593}
{"timestamp":"2025-11-10T05:51:47.512204Z","level":"info","event":"🎯 Target date (NY): 2025-11-04","logger":"task.stdout"}
{"timestamp":"2025-11-10T05:51:47.512710Z","level":"info","event":"🚀 Start AV collector | symbols=['AAPL', 'MSFT', 'IBM', 'GOOGL', 'AMZN'] | interval=5min | batches=3","logger":"task.stdout"}
{"timestamp":"2025-11-10T05:51:47.514104Z","level":"info","event":"","logger":"task.stdout"}
{"timestamp":"2025-11-10T05:51:47.514368Z","level":"info","event":"🔹 Batch 1/3: ['AAPL', 'MSFT']","logger":"task.stdout"}
{"timestamp":"2025-11-10T05:51:49.767222Z","level":"info","event":"⬆️  Uploaded: s3://warehouse/bronze1/stocks_intraday/symbol=AAPL/dt=2025-11-04/ts_20251110T055149Z.json  (39809 bytes)","logger":"task.stdout"}
{"timestamp":"2025-11-10T05:51:49.767609Z","level":"info","event":"AAPL: uploaded 192 records for dt=2025-11-04","logger":"task.stdout"}
{"timestamp":"2025-11-10T05:51:49.767867Z","level":"info","event":"⏳ sleep 24s between symbols…","logger":"task.stdout"}
{"timestamp":"2025-11-10T05:52:15.512140Z","level":"info","event":"⬆️  Uploaded: s3://warehouse/bronze1/stocks_intraday/symbol=MSFT/dt=2025-11-04/ts_20251110T055215Z.json  (39743 bytes)","logger":"task.stdout"}
{"timestamp":"2025-11-10T05:52:15.512691Z","level":"info","event":"MSFT: uploaded 192 records for dt=2025-11-04","logger":"task.stdout"}
{"timestamp":"2025-11-10T05:52:15.513004Z","level":"info","event":"⏳ sleep 23s between symbols…","logger":"task.stdout"}
{"timestamp":"2025-11-10T05:52:38.507421Z","level":"info","event":"⏳ Sleep 70s between batches…","logger":"task.stdout"}
{"timestamp":"2025-11-10T05:53:48.508558Z","level":"info","event":"","logger":"task.stdout"}
{"timestamp":"2025-11-10T05:53:48.509093Z","level":"info","event":"🔹 Batch 2/3: ['IBM', 'GOOGL']","logger":"task.stdout"}
{"timestamp":"2025-11-10T05:53:50.369982Z","level":"info","event":"⬆️  Uploaded: s3://warehouse/bronze1/stocks_intraday/symbol=IBM/dt=2025-11-04/ts_20251110T055350Z.json  (39364 bytes)","logger":"task.stdout"}
{"timestamp":"2025-11-10T05:53:50.370534Z","level":"info","event":"IBM: uploaded 192 records for dt=2025-11-04","logger":"task.stdout"}
{"timestamp":"2025-11-10T05:53:50.370804Z","level":"info","event":"⏳ sleep 23s between symbols…","logger":"task.stdout"}
{"timestamp":"2025-11-10T05:54:15.191680Z","level":"info","event":"⬆️  Uploaded: s3://warehouse/bronze1/stocks_intraday/symbol=GOOGL/dt=2025-11-04/ts_20251110T055415Z.json  (39992 bytes)","logger":"task.stdout"}
{"timestamp":"2025-11-10T05:54:15.192105Z","level":"info","event":"GOOGL: uploaded 192 records for dt=2025-11-04","logger":"task.stdout"}
{"timestamp":"2025-11-10T05:54:15.192380Z","level":"info","event":"⏳ sleep 22s between symbols…","logger":"task.stdout"}
{"timestamp":"2025-11-10T05:54:37.196502Z","level":"info","event":"⏳ Sleep 70s between batches…","logger":"task.stdout"}
{"timestamp":"2025-11-10T05:55:47.193400Z","level":"info","event":"","logger":"task.stdout"}
{"timestamp":"2025-11-10T05:55:47.193954Z","level":"info","event":"🔹 Batch 3/3: ['AMZN']","logger":"task.stdout"}
{"timestamp":"2025-11-10T05:55:49.043149Z","level":"info","event":"⬆️  Uploaded: s3://warehouse/bronze1/stocks_intraday/symbol=AMZN/dt=2025-11-04/ts_20251110T055548Z.json  (39814 bytes)","logger":"task.stdout"}
{"timestamp":"2025-11-10T05:55:49.043601Z","level":"info","event":"AMZN: uploaded 192 records for dt=2025-11-04","logger":"task.stdout"}
{"timestamp":"2025-11-10T05:55:49.043842Z","level":"info","event":"⏳ sleep 25s between symbols…","logger":"task.stdout"}
{"timestamp":"2025-11-10T05:56:14.049513Z","level":"info","event":"⏳ Sleep 70s between batches…","logger":"task.stdout"}
{"timestamp":"2025-11-10T05:57:24.041832Z","level":"info","event":"Done. Returned value was: None","logger":"airflow.task.operators.airflow.providers.standard.operators.python.PythonOperator","filename":"python.py","lineno":218}
