{"timestamp":"2025-11-14T20:09:17.371797Z","level":"info","event":"DAG bundles loaded: dags-folder","logger":"airflow.dag_processing.bundles.manager.DagBundlesManager","filename":"manager.py","lineno":179}
{"timestamp":"2025-11-14T20:09:17.377036Z","level":"info","event":"Filling up the DagBag from /opt/airflow/dags/finance_news_pipeline.py","logger":"airflow.models.dagbag.DagBag","filename":"dagbag.py","lineno":593}
{"timestamp":"2025-11-14T20:09:18.959263Z","level":"info","event":"Sẽ lấy tin cho các ngày (trừ hôm nay 2025-11-15): ['2025-11-14', '2025-11-13', '2025-11-12', '2025-11-11', '2025-11-10']","logger":"task.stdout"}
{"timestamp":"2025-11-14T20:09:18.959868Z","level":"info","event":"","logger":"task.stdout"}
{"timestamp":"2025-11-14T20:09:18.977254Z","level":"info","event":"--> 2025-11-14 (VN time) | from=2025-11-13T17:00:00Z to=2025-11-14T16:59:59.999000Z","logger":"task.stdout"}
{"timestamp":"2025-11-14T20:08:16.082776Z","level":"info","event":"   • Trang 1: nhận 97 bài, thêm mới 97, totalResults=182","logger":"task.stdout"}
{"timestamp":"2025-11-14T20:08:16.231609Z","level":"info","event":"⬆️  Uploaded: s3://warehouse/bronze1/finance_news/date=2025-11-14/ts_20251114T200816Z.json (87850 bytes)","logger":"task.stdout"}
{"timestamp":"2025-11-14T20:08:17.231981Z","level":"info","event":"--> 2025-11-13 (VN time) | from=2025-11-12T17:00:00Z to=2025-11-13T16:59:59.999000Z","logger":"task.stdout"}
{"timestamp":"2025-11-14T20:08:17.865745Z","level":"info","event":"   • Trang 1: nhận 97 bài, thêm mới 97, totalResults=967","logger":"task.stdout"}
{"timestamp":"2025-11-14T20:08:17.939835Z","level":"info","event":"⬆️  Uploaded: s3://warehouse/bronze1/finance_news/date=2025-11-13/ts_20251114T200817Z.json (88531 bytes)","logger":"task.stdout"}
{"timestamp":"2025-11-14T20:08:18.940412Z","level":"info","event":"--> 2025-11-12 (VN time) | from=2025-11-11T17:00:00Z to=2025-11-12T16:59:59.999000Z","logger":"task.stdout"}
{"timestamp":"2025-11-14T20:09:24.341242Z","level":"info","event":"   • Trang 1: nhận 98 bài, thêm mới 98, totalResults=1069","logger":"task.stdout"}
{"timestamp":"2025-11-14T20:09:24.447004Z","level":"info","event":"⬆️  Uploaded: s3://warehouse/bronze1/finance_news/date=2025-11-12/ts_20251114T200924Z.json (90238 bytes)","logger":"task.stdout"}
{"timestamp":"2025-11-14T20:08:21.150939Z","level":"info","event":"--> 2025-11-11 (VN time) | from=2025-11-10T17:00:00Z to=2025-11-11T16:59:59.999000Z","logger":"task.stdout"}
{"timestamp":"2025-11-14T20:08:21.569875Z","level":"info","event":"   • Trang 1: nhận 95 bài, thêm mới 95, totalResults=1006","logger":"task.stdout"}
{"timestamp":"2025-11-14T20:08:21.643061Z","level":"info","event":"⬆️  Uploaded: s3://warehouse/bronze1/finance_news/date=2025-11-11/ts_20251114T200821Z.json (86474 bytes)","logger":"task.stdout"}
{"timestamp":"2025-11-14T20:08:22.644043Z","level":"info","event":"--> 2025-11-10 (VN time) | from=2025-11-09T17:00:00Z to=2025-11-10T16:59:59.999000Z","logger":"task.stdout"}
{"timestamp":"2025-11-14T20:09:27.556763Z","level":"info","event":"   • Trang 1: nhận 99 bài, thêm mới 99, totalResults=764","logger":"task.stdout"}
{"timestamp":"2025-11-14T20:08:23.342712Z","level":"info","event":"⬆️  Uploaded: s3://warehouse/bronze1/finance_news/date=2025-11-10/ts_20251114T200927Z.json (90072 bytes)","logger":"task.stdout"}
{"timestamp":"2025-11-14T20:08:24.343086Z","level":"info","event":"✅ Done. Tổng số bài: 486","logger":"task.stdout"}
{"timestamp":"2025-11-14T20:08:24.344441Z","level":"info","event":"Done. Returned value was: 486","logger":"airflow.task.operators.airflow.providers.standard.operators.python.PythonOperator","filename":"python.py","lineno":218}
{"timestamp":"2025-11-14T20:08:24.344910Z","level":"info","event":"Pushing xcom","ti":"RuntimeTaskInstance(id=UUID('019a83fc-8044-7b58-996a-4caa13e12c25'), task_id='collect_finance_news_to_minio', dag_id='newsapi_finance_pipeline', run_id='manual__2025-11-14T20:09:14.524380+00:00', try_number=1, dag_version_id=UUID('019a83fb-3fe8-7daf-836e-c899f662d77a'), map_index=-1, hostname='a0a0337a0ff3', context_carrier={}, task=<Task(PythonOperator): collect_finance_news_to_minio>, bundle_instance=LocalDagBundle(name=dags-folder), max_tries=10, start_date=datetime.datetime(2025, 11, 14, 20, 9, 15, 609510, tzinfo=datetime.timezone.utc), end_date=None, state=<TaskInstanceState.RUNNING: 'running'>, is_mapped=False, rendered_map_index=None)","logger":"task","filename":"task_runner.py","lineno":1352}
{"timestamp":"2025-11-14T20:08:24.354490Z","level":"error","event":"Task failed with exception","logger":"task","filename":"task_runner.py","lineno":972,"error_detail":[{"exc_type":"AirflowRuntimeError","exc_value":"API_SERVER_ERROR: {'status_code': 403, 'message': 'Invalid auth token: The token is not yet valid (iat)', 'detail': {'detail': 'Invalid auth token: The token is not yet valid (iat)'}}","exc_notes":[],"syntax_error":null,"is_cause":false,"frames":[{"filename":"/home/airflow/.local/lib/python3.12/site-packages/airflow/sdk/execution_time/task_runner.py","lineno":931,"name":"run"},{"filename":"/home/airflow/.local/lib/python3.12/site-packages/airflow/sdk/execution_time/task_runner.py","lineno":1369,"name":"_push_xcom_if_needed"},{"filename":"/home/airflow/.local/lib/python3.12/site-packages/airflow/sdk/execution_time/task_runner.py","lineno":579,"name":"_xcom_push"},{"filename":"/home/airflow/.local/lib/python3.12/site-packages/airflow/sdk/bases/xcom.py","lineno":86,"name":"set"},{"filename":"/home/airflow/.local/lib/python3.12/site-packages/airflow/sdk/execution_time/comms.py","lineno":207,"name":"send"},{"filename":"/home/airflow/.local/lib/python3.12/site-packages/airflow/sdk/execution_time/comms.py","lineno":271,"name":"_get_response"},{"filename":"/home/airflow/.local/lib/python3.12/site-packages/airflow/sdk/execution_time/comms.py","lineno":258,"name":"_from_frame"}],"is_group":false,"exceptions":[]}]}
{"timestamp":"2025-11-14T20:08:24.360135Z","level":"error","event":"Top level error","logger":"task","filename":"task_runner.py","lineno":1457,"error_detail":[{"exc_type":"AirflowRuntimeError","exc_value":"API_SERVER_ERROR: {'status_code': 403, 'message': 'Invalid auth token: The token is not yet valid (iat)', 'detail': {'detail': 'Invalid auth token: The token is not yet valid (iat)'}}","exc_notes":[],"syntax_error":null,"is_cause":false,"frames":[{"filename":"/home/airflow/.local/lib/python3.12/site-packages/airflow/sdk/execution_time/task_runner.py","lineno":1450,"name":"main"},{"filename":"/home/airflow/.local/lib/python3.12/site-packages/airflow/sdk/execution_time/task_runner.py","lineno":999,"name":"run"},{"filename":"/home/airflow/.local/lib/python3.12/site-packages/airflow/sdk/execution_time/comms.py","lineno":207,"name":"send"},{"filename":"/home/airflow/.local/lib/python3.12/site-packages/airflow/sdk/execution_time/comms.py","lineno":271,"name":"_get_response"},{"filename":"/home/airflow/.local/lib/python3.12/site-packages/airflow/sdk/execution_time/comms.py","lineno":258,"name":"_from_frame"}],"is_group":false,"exceptions":[]}]}
{"timestamp":"2025-11-14T20:08:24.366516Z","level":"warning","event":"Process exited abnormally","exit_code":1,"logger":"task"}
