{"timestamp":"2025-11-05T18:27:27.085432Z","level":"info","event":"DAG bundles loaded: dags-folder","logger":"airflow.dag_processing.bundles.manager.DagBundlesManager","filename":"manager.py","lineno":179}
{"timestamp":"2025-11-05T18:27:27.086690Z","level":"info","event":"Filling up the DagBag from /opt/airflow/dags/stock_intraday_pipeline.py","logger":"airflow.models.dagbag.DagBag","filename":"dagbag.py","lineno":593}
{"timestamp":"2025-11-05T18:27:27.251066Z","level":"info","event":"🚀 Start AV collector | symbols=['AAPL', 'MSFT', 'IBM', 'GOOGL', 'AMZN'] | interval=5min | batches=3","logger":"task.stdout"}
{"timestamp":"2025-11-05T18:27:27.252373Z","level":"info","event":"","logger":"task.stdout"}
{"timestamp":"2025-11-05T18:27:27.252523Z","level":"info","event":"🔹 Batch 1/3: ['AAPL', 'MSFT']","logger":"task.stdout"}
{"timestamp":"2025-11-05T18:27:29.872041Z","level":"info","event":"⬆️  Uploaded: s3://warehouse/bronze1/stocks_intraday/symbol=AAPL/ts_20251105T182729Z.json  (659937 bytes)","logger":"task.stdout"}
{"timestamp":"2025-11-05T18:27:29.872492Z","level":"info","event":"✅ AAPL: uploaded 4224 records","logger":"task.stdout"}
{"timestamp":"2025-11-05T18:27:29.872670Z","level":"info","event":"⏳ sleep 22s between symbols…","logger":"task.stdout"}
{"timestamp":"2025-11-05T18:28:52.463969Z","level":"info","event":"⬆️  Uploaded: s3://warehouse/bronze1/stocks_intraday/symbol=MSFT/ts_20251105T182753Z.json  (657784 bytes)","logger":"task.stdout"}
{"timestamp":"2025-11-05T18:28:52.464302Z","level":"info","event":"✅ MSFT: uploaded 4224 records","logger":"task.stdout"}
{"timestamp":"2025-11-05T18:28:52.464580Z","level":"info","event":"⏳ sleep 24s between symbols…","logger":"task.stdout"}
{"timestamp":"2025-11-05T18:28:17.947355Z","level":"info","event":"⏳ Sleep 70s between batches…","logger":"task.stdout"}
{"timestamp":"2025-11-05T18:29:27.936403Z","level":"info","event":"","logger":"task.stdout"}
{"timestamp":"2025-11-05T18:29:27.936994Z","level":"info","event":"🔹 Batch 2/3: ['IBM', 'GOOGL']","logger":"task.stdout"}
{"timestamp":"2025-11-05T18:29:29.889898Z","level":"info","event":"⬆️  Uploaded: s3://warehouse/bronze1/stocks_intraday/symbol=IBM/ts_20251105T182929Z.json  (646915 bytes)","logger":"task.stdout"}
{"timestamp":"2025-11-05T18:29:29.890396Z","level":"info","event":"✅ IBM: uploaded 4204 records","logger":"task.stdout"}
{"timestamp":"2025-11-05T18:29:29.941220Z","level":"info","event":"⏳ sleep 24s between symbols…","logger":"task.stdout"}
{"timestamp":"2025-11-05T18:29:55.816559Z","level":"info","event":"⬆️  Uploaded: s3://warehouse/bronze1/stocks_intraday/symbol=GOOGL/ts_20251105T182955Z.json  (663284 bytes)","logger":"task.stdout"}
{"timestamp":"2025-11-05T18:29:55.816991Z","level":"info","event":"✅ GOOGL: uploaded 4224 records","logger":"task.stdout"}
{"timestamp":"2025-11-05T18:29:55.817311Z","level":"info","event":"⏳ sleep 23s between symbols…","logger":"task.stdout"}
{"timestamp":"2025-11-05T18:30:18.811260Z","level":"info","event":"⏳ Sleep 70s between batches…","logger":"task.stdout"}
{"timestamp":"2025-11-05T18:31:28.812927Z","level":"info","event":"","logger":"task.stdout"}
{"timestamp":"2025-11-05T18:31:28.813585Z","level":"info","event":"🔹 Batch 3/3: ['AMZN']","logger":"task.stdout"}
{"timestamp":"2025-11-05T18:31:30.907866Z","level":"info","event":"⬆️  Uploaded: s3://warehouse/bronze1/stocks_intraday/symbol=AMZN/ts_20251105T183130Z.json  (660934 bytes)","logger":"task.stdout"}
{"timestamp":"2025-11-05T18:31:30.908500Z","level":"info","event":"✅ AMZN: uploaded 4224 records","logger":"task.stdout"}
{"timestamp":"2025-11-05T18:31:30.908814Z","level":"info","event":"⏳ sleep 22s between symbols…","logger":"task.stdout"}
{"timestamp":"2025-11-05T18:31:52.915259Z","level":"info","event":"⏳ Sleep 70s between batches…","logger":"task.stdout"}
{"timestamp":"2025-11-05T18:33:02.904265Z","level":"info","event":"Done. Returned value was: None","logger":"airflow.task.operators.airflow.providers.standard.operators.python.PythonOperator","filename":"python.py","lineno":218}
