{"timestamp":"2025-11-14T17:48:58.677460Z","level":"info","event":"DAG bundles loaded: dags-folder","logger":"airflow.dag_processing.bundles.manager.DagBundlesManager","filename":"manager.py","lineno":179}
{"timestamp":"2025-11-14T17:48:58.680679Z","level":"info","event":"Filling up the DagBag from /opt/airflow/dags/finance_news_pipeline.py","logger":"airflow.models.dagbag.DagBag","filename":"dagbag.py","lineno":593}
{"timestamp":"2025-11-14T17:48:59.130356Z","level":"info","event":"Sẽ lấy tin cho các ngày (trừ hôm nay 2025-11-15): ['2025-11-14', '2025-11-13', '2025-11-12', '2025-11-11', '2025-11-10']","logger":"task.stdout"}
{"timestamp":"2025-11-14T17:48:59.131151Z","level":"info","event":"","logger":"task.stdout"}
{"timestamp":"2025-11-14T17:48:59.218308Z","level":"info","event":"--> 2025-11-14 (VN time) | from=2025-11-13T17:00:00Z to=2025-11-14T16:59:59.999000Z","logger":"task.stdout"}
{"timestamp":"2025-11-14T17:49:01.182664Z","level":"info","event":"   • Trang 1: nhận 51 bài, thêm mới 51, totalResults=52","logger":"task.stdout"}
{"timestamp":"2025-11-14T17:49:01.571759Z","level":"info","event":"⬆️  Uploaded: s3://warehouse/bronze1/finance_news/date=2025-11-14/ts_20251114T174901Z.json (47829 bytes)","logger":"task.stdout"}
{"timestamp":"2025-11-14T17:49:02.572318Z","level":"info","event":"--> 2025-11-13 (VN time) | from=2025-11-12T17:00:00Z to=2025-11-13T16:59:59.999000Z","logger":"task.stdout"}
{"timestamp":"2025-11-14T17:49:02.990370Z","level":"info","event":"   • Trang 1: nhận 97 bài, thêm mới 97, totalResults=953","logger":"task.stdout"}
{"timestamp":"2025-11-14T17:49:03.087543Z","level":"info","event":"⬆️  Uploaded: s3://warehouse/bronze1/finance_news/date=2025-11-13/ts_20251114T174902Z.json (88531 bytes)","logger":"task.stdout"}
{"timestamp":"2025-11-14T17:49:04.088088Z","level":"info","event":"--> 2025-11-12 (VN time) | from=2025-11-11T17:00:00Z to=2025-11-12T16:59:59.999000Z","logger":"task.stdout"}
{"timestamp":"2025-11-14T17:49:05.038099Z","level":"info","event":"   • Trang 1: nhận 98 bài, thêm mới 98, totalResults=1069","logger":"task.stdout"}
{"timestamp":"2025-11-14T17:49:05.104719Z","level":"info","event":"⬆️  Uploaded: s3://warehouse/bronze1/finance_news/date=2025-11-12/ts_20251114T174905Z.json (90238 bytes)","logger":"task.stdout"}
{"timestamp":"2025-11-14T17:49:06.105256Z","level":"info","event":"--> 2025-11-11 (VN time) | from=2025-11-10T17:00:00Z to=2025-11-11T16:59:59.999000Z","logger":"task.stdout"}
{"timestamp":"2025-11-14T17:49:06.527534Z","level":"info","event":"   • Trang 1: nhận 95 bài, thêm mới 95, totalResults=1006","logger":"task.stdout"}
{"timestamp":"2025-11-14T17:49:06.595168Z","level":"info","event":"⬆️  Uploaded: s3://warehouse/bronze1/finance_news/date=2025-11-11/ts_20251114T174906Z.json (86474 bytes)","logger":"task.stdout"}
{"timestamp":"2025-11-14T17:49:07.595780Z","level":"info","event":"--> 2025-11-10 (VN time) | from=2025-11-09T17:00:00Z to=2025-11-10T16:59:59.999000Z","logger":"task.stdout"}
{"timestamp":"2025-11-14T17:49:08.488409Z","level":"info","event":"   • Trang 1: nhận 99 bài, thêm mới 99, totalResults=764","logger":"task.stdout"}
{"timestamp":"2025-11-14T17:49:08.553869Z","level":"info","event":"⬆️  Uploaded: s3://warehouse/bronze1/finance_news/date=2025-11-10/ts_20251114T174908Z.json (90072 bytes)","logger":"task.stdout"}
{"timestamp":"2025-11-14T17:49:09.554312Z","level":"info","event":"✅ Done. Tổng số bài: 440","logger":"task.stdout"}
{"timestamp":"2025-11-14T17:49:09.555706Z","level":"info","event":"Done. Returned value was: 440","logger":"airflow.task.operators.airflow.providers.standard.operators.python.PythonOperator","filename":"python.py","lineno":218}
{"timestamp":"2025-11-14T17:49:09.556416Z","level":"info","event":"Pushing xcom","ti":"RuntimeTaskInstance(id=UUID('019a837c-1077-7b33-9c0c-20c840f6e32b'), task_id='collect_finance_news_to_minio', dag_id='newsapi_finance_pipeline', run_id='manual__2025-11-14T17:48:57.319011+00:00', try_number=1, dag_version_id=UUID('019a8363-1b01-7cb3-9fc9-590143c82072'), map_index=-1, hostname='c675e25bc68d', context_carrier={}, task=<Task(PythonOperator): collect_finance_news_to_minio>, bundle_instance=LocalDagBundle(name=dags-folder), max_tries=5, start_date=datetime.datetime(2025, 11, 14, 17, 48, 58, 561456, tzinfo=datetime.timezone.utc), end_date=None, state=<TaskInstanceState.RUNNING: 'running'>, is_mapped=False, rendered_map_index=None)","logger":"task","filename":"task_runner.py","lineno":1352}
