{"timestamp":"2025-11-25T15:32:57.963657Z","level":"info","event":"DAG bundles loaded: dags-folder","logger":"airflow.dag_processing.bundles.manager.DagBundlesManager","filename":"manager.py","lineno":179}
{"timestamp":"2025-11-25T15:32:57.967692Z","level":"info","event":"Filling up the DagBag from /opt/airflow/dags/stock_intraday_pipeline-v2.py","logger":"airflow.models.dagbag.DagBag","filename":"dagbag.py","lineno":593}
{"timestamp":"2025-11-25T15:33:17.926034Z","level":"info","event":"Số mẫu huấn luyện: 3195","logger":"task.stdout"}
{"timestamp":"2025-11-25T15:35:08.346745Z","level":"info","event":"   Epoch   0 | Train Loss: 0.6889 | Val Loss: 0.7109","logger":"task.stdout"}
{"timestamp":"2025-11-25T15:34:24.071418Z","level":"info","event":"   Epoch  10 | Train Loss: 0.6498 | Val Loss: 0.7566","logger":"task.stdout"}
{"timestamp":"2025-11-25T15:34:55.387752Z","level":"info","event":"   Epoch  20 | Train Loss: 0.6346 | Val Loss: 0.7252","logger":"task.stdout"}
{"timestamp":"2025-11-25T15:35:21.080920Z","level":"info","event":"   Epoch  30 | Train Loss: 0.6227 | Val Loss: 0.7721","logger":"task.stdout"}
{"timestamp":"2025-11-25T15:35:50.622534Z","level":"info","event":"   Epoch  40 | Train Loss: 0.6686 | Val Loss: 0.7558","logger":"task.stdout"}
{"timestamp":"2025-11-25T15:36:19.170821Z","level":"info","event":"   Epoch  50 | Train Loss: 0.6610 | Val Loss: 0.7560","logger":"task.stdout"}
{"timestamp":"2025-11-25T15:36:43.390448Z","level":"info","event":"   Epoch  60 | Train Loss: 0.5902 | Val Loss: 0.8068","logger":"task.stdout"}
{"timestamp":"2025-11-25T15:38:18.686418Z","level":"info","event":"   Epoch  70 | Train Loss: 0.5888 | Val Loss: 0.7167","logger":"task.stdout"}
{"timestamp":"2025-11-25T15:37:32.457570Z","level":"info","event":"   Epoch  80 | Train Loss: 0.5352 | Val Loss: 1.0356","logger":"task.stdout"}
{"timestamp":"2025-11-25T15:37:56.004720Z","level":"info","event":"   Epoch  90 | Train Loss: 0.4616 | Val Loss: 1.1241","logger":"task.stdout"}
{"timestamp":"2025-11-25T15:38:19.701006Z","level":"info","event":"✅ Đã hoàn thành. Load lại Best Model (Val Loss: 0.6963)","logger":"task.stdout"}
{"timestamp":"2025-11-25T15:38:23.434567Z","level":"info","event":"","logger":"task.stdout"}
{"timestamp":"2025-11-25T15:38:23.435051Z","level":"info","event":"==================================================","logger":"task.stdout"}
{"timestamp":"2025-11-25T15:38:23.435343Z","level":"info","event":"KẾT QUẢ ĐÁNH GIÁ (Validation Set)","logger":"task.stdout"}
{"timestamp":"2025-11-25T15:38:23.435556Z","level":"info","event":"==================================================","logger":"task.stdout"}
{"timestamp":"2025-11-25T15:38:23.509261Z","level":"info","event":"Accuracy Tổng : 47.26%","logger":"task.stdout"}
{"timestamp":"2025-11-25T15:38:23.510544Z","level":"info","event":"F1-Score Tổng : 45.56%","logger":"task.stdout"}
{"timestamp":"2025-11-25T15:38:23.511097Z","level":"info","event":"--------------------------------------------------","logger":"task.stdout"}
{"timestamp":"2025-11-25T15:38:23.911260Z","level":"info","event":"   💾 Uploaded: hybrid/v2_tech_indicators/lstm_extractor.pth","logger":"task.stdout"}
{"timestamp":"2025-11-25T15:38:24.185866Z","level":"info","event":"   💾 Uploaded: hybrid/v2_tech_indicators/xgboost_cls.json","logger":"task.stdout"}
{"timestamp":"2025-11-25T15:38:24.260701Z","level":"info","event":"   💾 Uploaded: hybrid/v2_tech_indicators/scaler.pkl","logger":"task.stdout"}
{"timestamp":"2025-11-25T15:38:24.318922Z","level":"info","event":"   💾 Uploaded: hybrid/v2_tech_indicators/metadata.json","logger":"task.stdout"}
{"timestamp":"2025-11-25T15:38:24.319366Z","level":"info","event":"✅ Train Hoàn Tất!","logger":"task.stdout"}
{"timestamp":"2025-11-25T15:38:24.320931Z","level":"info","event":"Done. Returned value was: None","logger":"airflow.task.operators.airflow.providers.standard.operators.python.PythonOperator","filename":"python.py","lineno":218}
