{"timestamp":"2025-11-16T10:38:09.755425Z","level":"info","event":"DAG bundles loaded: dags-folder","logger":"airflow.dag_processing.bundles.manager.DagBundlesManager","filename":"manager.py","lineno":179}
{"timestamp":"2025-11-16T10:38:09.757949Z","level":"info","event":"Filling up the DagBag from /opt/airflow/dags/finance_news_pipeline_v1.py","logger":"airflow.models.dagbag.DagBag","filename":"dagbag.py","lineno":593}
{"timestamp":"2025-11-16T10:38:10.065038Z","level":"info","event":"--> Symbol=AAPL | Last 26h (VN time) | from=2025-11-15T08:38:10.064776Z to=2025-11-16T10:38:10.064776Z","logger":"task.stdout"}
{"timestamp":"2025-11-16T10:38:10.066673Z","level":"info","event":"    Query: \"Apple\" OR \"AAPL\" OR \"iPhone\" OR \"Tim Cook\"","logger":"task.stdout"}
{"timestamp":"2025-11-16T10:39:16.062834Z","level":"info","event":"   • Trang 1: nhận 27 bài, thêm mới 27, totalResults=28","logger":"task.stdout"}
{"timestamp":"2025-11-16T10:39:16.163220Z","level":"info","event":"⬆️  Uploaded: s3://warehouse/bronze1/finance_news/date=2025-11-15/symbol=AAPL/from_1538_to_1738_ts_20251116T103916Z.json (25996 bytes)","logger":"task.stdout"}
{"timestamp":"2025-11-16T10:38:11.747765Z","level":"info","event":"--> Symbol=MSFT | Last 26h (VN time) | from=2025-11-15T08:38:11.747462Z to=2025-11-16T10:38:11.747462Z","logger":"task.stdout"}
{"timestamp":"2025-11-16T10:38:11.748184Z","level":"info","event":"    Query: \"Microsoft\" OR \"MSFT\" OR \"Azure\" OR \"Satya Nadella\"","logger":"task.stdout"}
{"timestamp":"2025-11-16T10:38:12.104637Z","level":"info","event":"   • Trang 1: nhận 17 bài, thêm mới 17, totalResults=17","logger":"task.stdout"}
{"timestamp":"2025-11-16T10:38:12.179535Z","level":"info","event":"⬆️  Uploaded: s3://warehouse/bronze1/finance_news/date=2025-11-15/symbol=MSFT/from_1538_to_1738_ts_20251116T103812Z.json (13727 bytes)","logger":"task.stdout"}
{"timestamp":"2025-11-16T10:38:13.179982Z","level":"info","event":"--> Symbol=IBM | Last 26h (VN time) | from=2025-11-15T08:38:13.179739Z to=2025-11-16T10:38:13.179739Z","logger":"task.stdout"}
{"timestamp":"2025-11-16T10:38:13.180419Z","level":"info","event":"    Query: \"IBM\"","logger":"task.stdout"}
{"timestamp":"2025-11-16T10:38:13.487881Z","level":"info","event":"   • Trang 1: nhận 2 bài, thêm mới 2, totalResults=2","logger":"task.stdout"}
{"timestamp":"2025-11-16T10:38:13.571980Z","level":"info","event":"⬆️  Uploaded: s3://warehouse/bronze1/finance_news/date=2025-11-15/symbol=IBM/from_1538_to_1738_ts_20251116T103813Z.json (1785 bytes)","logger":"task.stdout"}
{"timestamp":"2025-11-16T10:38:14.564551Z","level":"info","event":"--> Symbol=GOOGL | Last 26h (VN time) | from=2025-11-15T08:38:14.564276Z to=2025-11-16T10:38:14.564276Z","logger":"task.stdout"}
{"timestamp":"2025-11-16T10:38:14.565059Z","level":"info","event":"    Query: \"Google\" OR \"Alphabet\" OR \"GOOGL\" OR \"Sundar Pichai\"","logger":"task.stdout"}
{"timestamp":"2025-11-16T10:38:14.934495Z","level":"info","event":"   • Trang 1: nhận 40 bài, thêm mới 40, totalResults=40","logger":"task.stdout"}
{"timestamp":"2025-11-16T10:38:15.038177Z","level":"info","event":"⬆️  Uploaded: s3://warehouse/bronze1/finance_news/date=2025-11-15/symbol=GOOGL/from_1538_to_1738_ts_20251116T103814Z.json (33647 bytes)","logger":"task.stdout"}
{"timestamp":"2025-11-16T10:38:16.038606Z","level":"info","event":"--> Symbol=AMZN | Last 26h (VN time) | from=2025-11-15T08:38:16.038345Z to=2025-11-16T10:38:16.038345Z","logger":"task.stdout"}
{"timestamp":"2025-11-16T10:38:16.039106Z","level":"info","event":"    Query: \"Amazon\" OR \"AMZN\" OR \"AWS\" OR \"Andy Jassy\"","logger":"task.stdout"}
{"timestamp":"2025-11-16T10:38:16.385421Z","level":"info","event":"   • Trang 1: nhận 22 bài, thêm mới 22, totalResults=22","logger":"task.stdout"}
{"timestamp":"2025-11-16T10:38:16.471459Z","level":"info","event":"⬆️  Uploaded: s3://warehouse/bronze1/finance_news/date=2025-11-15/symbol=AMZN/from_1538_to_1738_ts_20251116T103816Z.json (21128 bytes)","logger":"task.stdout"}
{"timestamp":"2025-11-16T10:38:17.471936Z","level":"info","event":"✅ Done window 26h cho các symbol ['AAPL', 'MSFT', 'IBM', 'GOOGL', 'AMZN']. Tổng số bài: 108","logger":"task.stdout"}
{"timestamp":"2025-11-16T10:38:17.474307Z","level":"info","event":"Done. Returned value was: 108","logger":"airflow.task.operators.airflow.providers.standard.operators.python.PythonOperator","filename":"python.py","lineno":218}
{"timestamp":"2025-11-16T10:38:17.474918Z","level":"info","event":"Pushing xcom","ti":"RuntimeTaskInstance(id=UUID('019a8c3e-14b2-7534-a177-18a8cffe417f'), task_id='collect_finance_news_last_48h', dag_id='news1', run_id='manual__2025-11-16T10:37:50.119527+00:00', try_number=1, dag_version_id=UUID('019a8c3e-9b75-7891-a353-18d54427ce90'), map_index=-1, hostname='e8feec7d62eb', context_carrier={}, task=<Task(PythonOperator): collect_finance_news_last_48h>, bundle_instance=LocalDagBundle(name=dags-folder), max_tries=10, start_date=datetime.datetime(2025, 11, 16, 10, 38, 9, 634083, tzinfo=datetime.timezone.utc), end_date=None, state=<TaskInstanceState.RUNNING: 'running'>, is_mapped=False, rendered_map_index=None)","logger":"task","filename":"task_runner.py","lineno":1352}
