{"timestamp":"2025-11-06T16:03:11.302622Z","level":"info","event":"DAG bundles loaded: dags-folder","logger":"airflow.dag_processing.bundles.manager.DagBundlesManager","filename":"manager.py","lineno":179}
{"timestamp":"2025-11-06T16:03:11.304044Z","level":"info","event":"Filling up the DagBag from /opt/airflow/dags/finance_news_pipeline.py","logger":"airflow.models.dagbag.DagBag","filename":"dagbag.py","lineno":593}
{"timestamp":"2025-11-06T16:03:11.474084Z","level":"info","event":"Sẽ lấy tin cho các ngày (trừ hôm nay 2025-11-06): ['2025-11-05', '2025-11-04', '2025-11-03', '2025-11-02', '2025-11-01']","logger":"task.stdout"}
{"timestamp":"2025-11-06T16:03:11.475506Z","level":"info","event":"","logger":"task.stdout"}
{"timestamp":"2025-11-06T16:03:11.479554Z","level":"info","event":"--> 2025-11-05 (VN time) | from=2025-11-04T17:00:00Z to=2025-11-05T16:59:59.999000Z","logger":"task.stdout"}
{"timestamp":"2025-11-06T16:03:12.505061Z","level":"info","event":"   • Trang 1: nhận 99 bài, thêm mới 99, totalResults=1182","logger":"task.stdout"}
{"timestamp":"2025-11-06T16:03:12.588157Z","level":"info","event":"⬆️  Uploaded: s3://warehouse/bronze1/finance_news/date=2025-11-05/ts_20251106T160312Z.json (88768 bytes)","logger":"task.stdout"}
{"timestamp":"2025-11-06T16:03:13.590952Z","level":"info","event":"--> 2025-11-04 (VN time) | from=2025-11-03T17:00:00Z to=2025-11-04T16:59:59.999000Z","logger":"task.stdout"}
{"timestamp":"2025-11-06T16:03:14.046595Z","level":"info","event":"   • Trang 1: nhận 98 bài, thêm mới 98, totalResults=1298","logger":"task.stdout"}
{"timestamp":"2025-11-06T16:03:14.131397Z","level":"info","event":"⬆️  Uploaded: s3://warehouse/bronze1/finance_news/date=2025-11-04/ts_20251106T160314Z.json (76636 bytes)","logger":"task.stdout"}
{"timestamp":"2025-11-06T16:03:15.131968Z","level":"info","event":"--> 2025-11-03 (VN time) | from=2025-11-02T17:00:00Z to=2025-11-03T16:59:59.999000Z","logger":"task.stdout"}
{"timestamp":"2025-11-06T16:03:15.855452Z","level":"info","event":"   • Trang 1: nhận 99 bài, thêm mới 99, totalResults=829","logger":"task.stdout"}
{"timestamp":"2025-11-06T16:03:15.965750Z","level":"info","event":"⬆️  Uploaded: s3://warehouse/bronze1/finance_news/date=2025-11-03/ts_20251106T160315Z.json (92288 bytes)","logger":"task.stdout"}
{"timestamp":"2025-11-06T16:03:16.966286Z","level":"info","event":"--> 2025-11-02 (VN time) | from=2025-11-01T17:00:00Z to=2025-11-02T16:59:59.999000Z","logger":"task.stdout"}
{"timestamp":"2025-11-06T16:03:17.428176Z","level":"info","event":"   • Trang 1: nhận 98 bài, thêm mới 98, totalResults=345","logger":"task.stdout"}
{"timestamp":"2025-11-06T16:03:17.515805Z","level":"info","event":"⬆️  Uploaded: s3://warehouse/bronze1/finance_news/date=2025-11-02/ts_20251106T160317Z.json (84416 bytes)","logger":"task.stdout"}
{"timestamp":"2025-11-06T16:03:18.515713Z","level":"info","event":"--> 2025-11-01 (VN time) | from=2025-10-31T17:00:00Z to=2025-11-01T16:59:59.999000Z","logger":"task.stdout"}
{"timestamp":"2025-11-06T16:03:18.988494Z","level":"info","event":"   • Trang 1: nhận 99 bài, thêm mới 99, totalResults=504","logger":"task.stdout"}
{"timestamp":"2025-11-06T16:03:19.080822Z","level":"info","event":"⬆️  Uploaded: s3://warehouse/bronze1/finance_news/date=2025-11-01/ts_20251106T160318Z.json (92938 bytes)","logger":"task.stdout"}
{"timestamp":"2025-11-06T16:03:20.081209Z","level":"info","event":"✅ Done. Tổng số bài: 493","logger":"task.stdout"}
{"timestamp":"2025-11-06T16:03:20.083839Z","level":"info","event":"Done. Returned value was: 493","logger":"airflow.task.operators.airflow.providers.standard.operators.python.PythonOperator","filename":"python.py","lineno":218}
{"timestamp":"2025-11-06T16:03:20.084317Z","level":"info","event":"Pushing xcom","ti":"RuntimeTaskInstance(id=UUID('019a59e8-5674-7d99-b3e8-f5b624ea6f8f'), task_id='collect_finance_news_to_minio', dag_id='newsapi_finance_pipeline', run_id='manual__2025-11-06T15:57:21.366033+00:00', try_number=2, dag_version_id=UUID('019a59e2-ef4b-7447-8f42-0171d39fbda4'), map_index=-1, hostname='19486da2718c', context_carrier={}, task=<Task(PythonOperator): collect_finance_news_to_minio>, bundle_instance=LocalDagBundle(name=dags-folder), max_tries=1, start_date=datetime.datetime(2025, 11, 6, 16, 3, 11, 210895, tzinfo=datetime.timezone.utc), end_date=None, state=<TaskInstanceState.RUNNING: 'running'>, is_mapped=False, rendered_map_index=None)","logger":"task","filename":"task_runner.py","lineno":1352}
