{"timestamp":"2025-11-24T07:44:21.774944Z","level":"info","event":"DAG bundles loaded: dags-folder","logger":"airflow.dag_processing.bundles.manager.DagBundlesManager","filename":"manager.py","lineno":179}
{"timestamp":"2025-11-24T07:44:21.778381Z","level":"info","event":"Filling up the DagBag from /opt/airflow/dags/stock_intraday_pipeline-v2.py","logger":"airflow.models.dagbag.DagBag","filename":"dagbag.py","lineno":593}
{"timestamp":"2025-11-24T07:44:25.382095Z","level":"info","event":"📥 Đang tải Resources (Hybrid v2)...","logger":"task.stdout"}
{"timestamp":"2025-11-24T07:44:25.452263Z","level":"info","event":"✅ Models & Scaler Ready!","logger":"task.stdout"}
{"timestamp":"2025-11-24T07:44:25.690675Z","level":"info","event":"⚙️ Đang tính toán chỉ báo kỹ thuật...","logger":"task.stdout"}
{"timestamp":"2025-11-24T07:44:25.743299Z","level":"info","event":"KẾT QUẢ HYBRID V2 (5 mã): {","logger":"task.stdout"}
{"timestamp":"2025-11-24T07:44:25.743753Z","level":"info","event":"  \"AAPL\": {","logger":"task.stdout"}
{"timestamp":"2025-11-24T07:44:25.744139Z","level":"info","event":"    \"Time\": \"08:59\",","logger":"task.stdout"}
{"timestamp":"2025-11-24T07:44:25.744508Z","level":"info","event":"    \"Target_3H\": \"11:59\",","logger":"task.stdout"}
{"timestamp":"2025-11-24T07:44:25.744935Z","level":"info","event":"    \"Du_Bao\": \"GIẢM 🔴\",","logger":"task.stdout"}
{"timestamp":"2025-11-24T07:44:25.745317Z","level":"info","event":"    \"Xac_Suat\": \"31.4%\"","logger":"task.stdout"}
{"timestamp":"2025-11-24T07:44:25.745638Z","level":"info","event":"  },","logger":"task.stdout"}
{"timestamp":"2025-11-24T07:44:25.745884Z","level":"info","event":"  \"AMZN\": {","logger":"task.stdout"}
{"timestamp":"2025-11-24T07:44:25.746043Z","level":"info","event":"    \"Time\": \"08:59\",","logger":"task.stdout"}
{"timestamp":"2025-11-24T07:44:25.746199Z","level":"info","event":"    \"Target_3H\": \"11:59\",","logger":"task.stdout"}
{"timestamp":"2025-11-24T07:44:25.746353Z","level":"info","event":"    \"Du_Bao\": \"GIẢM 🔴\",","logger":"task.stdout"}
{"timestamp":"2025-11-24T07:44:25.746507Z","level":"info","event":"    \"Xac_Suat\": \"4.3%\"","logger":"task.stdout"}
{"timestamp":"2025-11-24T07:44:25.746660Z","level":"info","event":"  },","logger":"task.stdout"}
{"timestamp":"2025-11-24T07:44:25.746839Z","level":"info","event":"  \"GOOGL\": {","logger":"task.stdout"}
{"timestamp":"2025-11-24T07:44:25.746992Z","level":"info","event":"    \"Time\": \"08:59\",","logger":"task.stdout"}
{"timestamp":"2025-11-24T07:44:25.747145Z","level":"info","event":"    \"Target_3H\": \"11:59\",","logger":"task.stdout"}
{"timestamp":"2025-11-24T07:44:25.747297Z","level":"info","event":"    \"Du_Bao\": \"GIẢM 🔴\",","logger":"task.stdout"}
{"timestamp":"2025-11-24T07:44:25.747448Z","level":"info","event":"    \"Xac_Suat\": \"8.8%\"","logger":"task.stdout"}
{"timestamp":"2025-11-24T07:44:25.747602Z","level":"info","event":"  },","logger":"task.stdout"}
{"timestamp":"2025-11-24T07:44:25.747759Z","level":"info","event":"  \"META\": {","logger":"task.stdout"}
{"timestamp":"2025-11-24T07:44:25.747915Z","level":"info","event":"    \"Time\": \"09:00\",","logger":"task.stdout"}
{"timestamp":"2025-11-24T07:44:25.748069Z","level":"info","event":"    \"Target_3H\": \"12:00\",","logger":"task.stdout"}
{"timestamp":"2025-11-24T07:44:25.748224Z","level":"info","event":"    \"Du_Bao\": \"TĂNG 🟢\",","logger":"task.stdout"}
{"timestamp":"2025-11-24T07:44:25.748489Z","level":"info","event":"    \"Xac_Suat\": \"97.0%\"","logger":"task.stdout"}
{"timestamp":"2025-11-24T07:44:25.748721Z","level":"info","event":"  },","logger":"task.stdout"}
{"timestamp":"2025-11-24T07:44:25.748991Z","level":"info","event":"  \"MSFT\": {","logger":"task.stdout"}
{"timestamp":"2025-11-24T07:44:25.749225Z","level":"info","event":"    \"Time\": \"09:00\",","logger":"task.stdout"}
{"timestamp":"2025-11-24T07:44:25.749483Z","level":"info","event":"    \"Target_3H\": \"12:00\",","logger":"task.stdout"}
{"timestamp":"2025-11-24T07:44:25.749727Z","level":"info","event":"    \"Du_Bao\": \"GIẢM 🔴\",","logger":"task.stdout"}
{"timestamp":"2025-11-24T07:44:25.749973Z","level":"info","event":"    \"Xac_Suat\": \"1.7%\"","logger":"task.stdout"}
{"timestamp":"2025-11-24T07:44:25.750146Z","level":"info","event":"  }","logger":"task.stdout"}
{"timestamp":"2025-11-24T07:44:25.750306Z","level":"info","event":"}","logger":"task.stdout"}
{"timestamp":"2025-11-24T07:44:25.743690Z","level":"info","event":"Done. Returned value was: {'AAPL': {'Time': '08:59', 'Target_3H': '11:59', 'Du_Bao': 'GIẢM 🔴', 'Xac_Suat': '31.4%'}, 'AMZN': {'Time': '08:59', 'Target_3H': '11:59', 'Du_Bao': 'GIẢM 🔴', 'Xac_Suat': '4.3%'}, 'GOOGL': {'Time': '08:59', 'Target_3H': '11:59', 'Du_Bao': 'GIẢM 🔴', 'Xac_Suat': '8.8%'}, 'META': {'Time': '09:00', 'Target_3H': '12:00', 'Du_Bao': 'TĂNG 🟢', 'Xac_Suat': '97.0%'}, 'MSFT': {'Time': '09:00', 'Target_3H': '12:00', 'Du_Bao': 'GIẢM 🔴', 'Xac_Suat': '1.7%'}}","logger":"airflow.task.operators.airflow.providers.standard.operators.python.PythonOperator","filename":"python.py","lineno":218}
{"timestamp":"2025-11-24T07:44:25.744088Z","level":"info","event":"Pushing xcom","ti":"RuntimeTaskInstance(id=UUID('019ab4d2-1f16-7998-b2db-4975e1477c41'), task_id='silver_intraday_predict_5min', dag_id='stock_v2', run_id='manual__2025-11-24T07:33:27.240799+00:00', try_number=2, dag_version_id=UUID('019ab43b-232f-7130-a8c3-deb6f8ce903f'), map_index=-1, hostname='54a490be73e8', context_carrier={}, task=<Task(PythonOperator): silver_intraday_predict_5min>, bundle_instance=LocalDagBundle(name=dags-folder), max_tries=11, start_date=datetime.datetime(2025, 11, 24, 7, 44, 21, 659330, tzinfo=datetime.timezone.utc), end_date=None, state=<TaskInstanceState.RUNNING: 'running'>, is_mapped=False, rendered_map_index=None)","logger":"task","filename":"task_runner.py","lineno":1352}
