{"timestamp":"2025-11-09T19:59:15.487704Z","level":"info","event":"DAG bundles loaded: dags-folder","logger":"airflow.dag_processing.bundles.manager.DagBundlesManager","filename":"manager.py","lineno":179}
{"timestamp":"2025-11-09T19:59:15.489365Z","level":"info","event":"Filling up the DagBag from /opt/airflow/dags/stock_intraday_pipeline.py","logger":"airflow.models.dagbag.DagBag","filename":"dagbag.py","lineno":593}
{"timestamp":"2025-11-09T19:59:15.763624Z","level":"info","event":"🚀 Start AV collector | symbols=['AAPL', 'MSFT', 'IBM', 'GOOGL', 'AMZN'] | interval=5min | batches=3","logger":"task.stdout"}
{"timestamp":"2025-11-09T19:59:15.765052Z","level":"info","event":"","logger":"task.stdout"}
{"timestamp":"2025-11-09T19:59:15.765307Z","level":"info","event":"🔹 Batch 1/3: ['AAPL', 'MSFT']","logger":"task.stdout"}
{"timestamp":"2025-11-09T19:59:36.224263Z","level":"warning","event":"Retrying (Retry(total=4, connect=2, read=3, redirect=None, status=None)) after connection broken by 'NewConnectionError('<urllib3.connection.HTTPSConnection object at 0x7410b3ed8aa0>: Failed to establish a new connection: [Errno 101] Network is unreachable')': /query?function=TIME_SERIES_INTRADAY&symbol=AAPL&interval=5min&outputsize=full&datatype=json&apikey=ARJCQ8DPQLHQ14N2","logger":"urllib3.connectionpool","filename":"connectionpool.py","lineno":868}
{"timestamp":"2025-11-09T20:00:00.244188Z","level":"warning","event":"Retrying (Retry(total=3, connect=1, read=3, redirect=None, status=None)) after connection broken by 'NewConnectionError('<urllib3.connection.HTTPSConnection object at 0x7410b3e1ddf0>: Failed to establish a new connection: [Errno 101] Network is unreachable')': /query?function=TIME_SERIES_INTRADAY&symbol=AAPL&interval=5min&outputsize=full&datatype=json&apikey=ARJCQ8DPQLHQ14N2","logger":"urllib3.connectionpool","filename":"connectionpool.py","lineno":868}
{"timestamp":"2025-11-09T20:00:28.262942Z","level":"warning","event":"Retrying (Retry(total=2, connect=0, read=3, redirect=None, status=None)) after connection broken by 'NewConnectionError('<urllib3.connection.HTTPSConnection object at 0x7410b4c9c2c0>: Failed to establish a new connection: [Errno 101] Network is unreachable')': /query?function=TIME_SERIES_INTRADAY&symbol=AAPL&interval=5min&outputsize=full&datatype=json&apikey=ARJCQ8DPQLHQ14N2","logger":"urllib3.connectionpool","filename":"connectionpool.py","lineno":868}
{"timestamp":"2025-11-09T20:00:48.281140Z","level":"info","event":"❌ AAPL: request error → HTTPSConnectionPool(host='www.alphavantage.co', port=443): Max retries exceeded with url: /query?function=TIME_SERIES_INTRADAY&symbol=AAPL&interval=5min&outputsize=full&datatype=json&apikey=ARJCQ8DPQLHQ14N2 (Caused by NewConnectionError('<urllib3.connection.HTTPSConnection object at 0x7410b1775cd0>: Failed to establish a new connection: [Errno 101] Network is unreachable'))","logger":"task.stdout"}
{"timestamp":"2025-11-09T20:00:48.281708Z","level":"info","event":"ℹ️  AAPL: 0 record → skip upload","logger":"task.stdout"}
{"timestamp":"2025-11-09T20:00:48.282062Z","level":"info","event":"⏳ sleep 24s between symbols…","logger":"task.stdout"}
{"timestamp":"2025-11-09T20:01:32.300048Z","level":"warning","event":"Retrying (Retry(total=4, connect=2, read=3, redirect=None, status=None)) after connection broken by 'NewConnectionError('<urllib3.connection.HTTPSConnection object at 0x7410b1775b50>: Failed to establish a new connection: [Errno 101] Network is unreachable')': /query?function=TIME_SERIES_INTRADAY&symbol=MSFT&interval=5min&outputsize=full&datatype=json&apikey=ARJCQ8DPQLHQ14N2","logger":"urllib3.connectionpool","filename":"connectionpool.py","lineno":868}
{"timestamp":"2025-11-09T20:01:56.323937Z","level":"warning","event":"Retrying (Retry(total=3, connect=1, read=3, redirect=None, status=None)) after connection broken by 'NewConnectionError('<urllib3.connection.HTTPSConnection object at 0x7410b17759a0>: Failed to establish a new connection: [Errno 101] Network is unreachable')': /query?function=TIME_SERIES_INTRADAY&symbol=MSFT&interval=5min&outputsize=full&datatype=json&apikey=ARJCQ8DPQLHQ14N2","logger":"urllib3.connectionpool","filename":"connectionpool.py","lineno":868}
{"timestamp":"2025-11-09T20:02:24.349219Z","level":"warning","event":"Retrying (Retry(total=2, connect=0, read=3, redirect=None, status=None)) after connection broken by 'NewConnectionError('<urllib3.connection.HTTPSConnection object at 0x7410b1775e80>: Failed to establish a new connection: [Errno 101] Network is unreachable')': /query?function=TIME_SERIES_INTRADAY&symbol=MSFT&interval=5min&outputsize=full&datatype=json&apikey=ARJCQ8DPQLHQ14N2","logger":"urllib3.connectionpool","filename":"connectionpool.py","lineno":868}
{"timestamp":"2025-11-09T20:02:44.363935Z","level":"info","event":"❌ MSFT: request error → HTTPSConnectionPool(host='www.alphavantage.co', port=443): Max retries exceeded with url: /query?function=TIME_SERIES_INTRADAY&symbol=MSFT&interval=5min&outputsize=full&datatype=json&apikey=ARJCQ8DPQLHQ14N2 (Caused by NewConnectionError('<urllib3.connection.HTTPSConnection object at 0x7410b1776030>: Failed to establish a new connection: [Errno 101] Network is unreachable'))","logger":"task.stdout"}
{"timestamp":"2025-11-09T20:02:44.364691Z","level":"info","event":"ℹ️  MSFT: 0 record → skip upload","logger":"task.stdout"}
{"timestamp":"2025-11-09T20:02:44.365170Z","level":"info","event":"⏳ sleep 23s between symbols…","logger":"task.stdout"}
{"timestamp":"2025-11-09T20:03:07.364204Z","level":"info","event":"⏳ Sleep 70s between batches…","logger":"task.stdout"}
{"timestamp":"2025-11-09T20:04:17.359252Z","level":"info","event":"","logger":"task.stdout"}
{"timestamp":"2025-11-09T20:04:17.359773Z","level":"info","event":"🔹 Batch 2/3: ['IBM', 'GOOGL']","logger":"task.stdout"}
{"timestamp":"2025-11-09T20:04:37.421390Z","level":"warning","event":"Retrying (Retry(total=4, connect=2, read=3, redirect=None, status=None)) after connection broken by 'NewConnectionError('<urllib3.connection.HTTPSConnection object at 0x7410b1776540>: Failed to establish a new connection: [Errno 101] Network is unreachable')': /query?function=TIME_SERIES_INTRADAY&symbol=IBM&interval=5min&outputsize=full&datatype=json&apikey=ARJCQ8DPQLHQ14N2","logger":"urllib3.connectionpool","filename":"connectionpool.py","lineno":868}
{"timestamp":"2025-11-09T20:05:01.875062Z","level":"warning","event":"Retrying (Retry(total=3, connect=1, read=3, redirect=None, status=None)) after connection broken by 'NewConnectionError('<urllib3.connection.HTTPSConnection object at 0x7410b17767e0>: Failed to establish a new connection: [Errno 101] Network is unreachable')': /query?function=TIME_SERIES_INTRADAY&symbol=IBM&interval=5min&outputsize=full&datatype=json&apikey=ARJCQ8DPQLHQ14N2","logger":"urllib3.connectionpool","filename":"connectionpool.py","lineno":868}
{"timestamp":"2025-11-09T20:05:29.896314Z","level":"warning","event":"Retrying (Retry(total=2, connect=0, read=3, redirect=None, status=None)) after connection broken by 'NewConnectionError('<urllib3.connection.HTTPSConnection object at 0x7410b1776ae0>: Failed to establish a new connection: [Errno 101] Network is unreachable')': /query?function=TIME_SERIES_INTRADAY&symbol=IBM&interval=5min&outputsize=full&datatype=json&apikey=ARJCQ8DPQLHQ14N2","logger":"urllib3.connectionpool","filename":"connectionpool.py","lineno":868}
{"timestamp":"2025-11-09T20:05:32.190604Z","level":"info","event":"⬆️  Uploaded: s3://warehouse/bronze1/stocks_intraday/symbol=IBM/ts_20251109T200531Z.json  (561269 bytes)","logger":"task.stdout"}
{"timestamp":"2025-11-09T20:05:32.191372Z","level":"info","event":"✅ IBM: uploaded 4193 records","logger":"task.stdout"}
{"timestamp":"2025-11-09T20:05:32.191857Z","level":"info","event":"⏳ sleep 22s between symbols…","logger":"task.stdout"}
{"timestamp":"2025-11-09T20:05:56.216905Z","level":"info","event":"⬆️  Uploaded: s3://warehouse/bronze1/stocks_intraday/symbol=GOOGL/ts_20251109T200556Z.json  (579016 bytes)","logger":"task.stdout"}
{"timestamp":"2025-11-09T20:05:56.217278Z","level":"info","event":"✅ GOOGL: uploaded 4224 records","logger":"task.stdout"}
{"timestamp":"2025-11-09T20:05:56.217672Z","level":"info","event":"⏳ sleep 25s between symbols…","logger":"task.stdout"}
{"timestamp":"2025-11-09T20:06:06.318393Z","level":"error","event":"Server indicated the task shouldn't be running anymore. Terminating process","detail":{"detail":{"reason":"not_found","message":"Task Instance not found"}},"logger":"task"}
{"timestamp":"2025-11-09T20:06:11.331915Z","level":"error","event":"Task killed!","logger":"task"}
