{"timestamp":"2025-11-06T15:29:53.818045Z","level":"info","event":"DAG bundles loaded: dags-folder","logger":"airflow.dag_processing.bundles.manager.DagBundlesManager","filename":"manager.py","lineno":179}
{"timestamp":"2025-11-06T15:29:53.819758Z","level":"info","event":"Filling up the DagBag from /opt/airflow/dags/finance_news_pipeline.py","logger":"airflow.models.dagbag.DagBag","filename":"dagbag.py","lineno":593}
{"timestamp":"2025-11-06T15:29:54.184280Z","level":"info","event":"Sẽ lấy tin cho các ngày (trừ hôm nay 2025-11-06): ['2025-11-05', '2025-11-04', '2025-11-03', '2025-11-02', '2025-11-01', '2025-10-31', '2025-10-30', '2025-10-29', '2025-10-28', '2025-10-27']","logger":"task.stdout"}
{"timestamp":"2025-11-06T15:29:54.185619Z","level":"info","event":"","logger":"task.stdout"}
{"timestamp":"2025-11-06T15:29:54.196220Z","level":"info","event":"--> 2025-11-05 (VN time) | from=2025-11-04T17:00:00Z to=2025-11-05T16:59:59.999000Z","logger":"task.stdout"}
{"timestamp":"2025-11-06T15:29:56.247993Z","level":"info","event":"   • Trang 1: nhận 97 bài, thêm mới 97, totalResults=1156","logger":"task.stdout"}
{"timestamp":"2025-11-06T15:29:56.397443Z","level":"info","event":"⬆️  Uploaded: s3://warehouse/bronze1/newsapi/date=2025-11-05/ts_20251106T152956Z.json (88240 bytes)","logger":"task.stdout"}
{"timestamp":"2025-11-06T15:29:57.397988Z","level":"info","event":"--> 2025-11-04 (VN time) | from=2025-11-03T17:00:00Z to=2025-11-04T16:59:59.999000Z","logger":"task.stdout"}
{"timestamp":"2025-11-06T15:29:57.734550Z","level":"info","event":"   • Trang 1: nhận 98 bài, thêm mới 98, totalResults=1298","logger":"task.stdout"}
{"timestamp":"2025-11-06T15:29:57.829195Z","level":"info","event":"⬆️  Uploaded: s3://warehouse/bronze1/newsapi/date=2025-11-04/ts_20251106T152957Z.json (76636 bytes)","logger":"task.stdout"}
{"timestamp":"2025-11-06T15:29:58.829707Z","level":"info","event":"--> 2025-11-03 (VN time) | from=2025-11-02T17:00:00Z to=2025-11-03T16:59:59.999000Z","logger":"task.stdout"}
{"timestamp":"2025-11-06T15:29:59.874658Z","level":"info","event":"   • Trang 1: nhận 99 bài, thêm mới 99, totalResults=829","logger":"task.stdout"}
{"timestamp":"2025-11-06T15:29:59.953855Z","level":"info","event":"⬆️  Uploaded: s3://warehouse/bronze1/newsapi/date=2025-11-03/ts_20251106T152959Z.json (92288 bytes)","logger":"task.stdout"}
{"timestamp":"2025-11-06T15:30:00.954333Z","level":"info","event":"--> 2025-11-02 (VN time) | from=2025-11-01T17:00:00Z to=2025-11-02T16:59:59.999000Z","logger":"task.stdout"}
{"timestamp":"2025-11-06T15:30:02.412067Z","level":"info","event":"   • Trang 1: nhận 98 bài, thêm mới 98, totalResults=345","logger":"task.stdout"}
{"timestamp":"2025-11-06T15:30:02.487844Z","level":"info","event":"⬆️  Uploaded: s3://warehouse/bronze1/newsapi/date=2025-11-02/ts_20251106T153002Z.json (84416 bytes)","logger":"task.stdout"}
{"timestamp":"2025-11-06T15:30:03.488306Z","level":"info","event":"--> 2025-11-01 (VN time) | from=2025-10-31T17:00:00Z to=2025-11-01T16:59:59.999000Z","logger":"task.stdout"}
{"timestamp":"2025-11-06T15:30:04.250944Z","level":"info","event":"   • Trang 1: nhận 99 bài, thêm mới 99, totalResults=504","logger":"task.stdout"}
{"timestamp":"2025-11-06T15:30:04.370813Z","level":"info","event":"⬆️  Uploaded: s3://warehouse/bronze1/newsapi/date=2025-11-01/ts_20251106T153004Z.json (92938 bytes)","logger":"task.stdout"}
{"timestamp":"2025-11-06T15:30:05.371306Z","level":"info","event":"--> 2025-10-31 (VN time) | from=2025-10-30T17:00:00Z to=2025-10-31T16:59:59.999000Z","logger":"task.stdout"}
{"timestamp":"2025-11-06T15:30:06.697828Z","level":"info","event":"   • Trang 1: nhận 97 bài, thêm mới 97, totalResults=1068","logger":"task.stdout"}
{"timestamp":"2025-11-06T15:30:06.788714Z","level":"info","event":"⬆️  Uploaded: s3://warehouse/bronze1/newsapi/date=2025-10-31/ts_20251106T153006Z.json (86448 bytes)","logger":"task.stdout"}
{"timestamp":"2025-11-06T15:30:07.789280Z","level":"info","event":"--> 2025-10-30 (VN time) | from=2025-10-29T17:00:00Z to=2025-10-30T16:59:59.999000Z","logger":"task.stdout"}
{"timestamp":"2025-11-06T15:29:10.692400Z","level":"info","event":"   • Trang 1: nhận 99 bài, thêm mới 99, totalResults=1440","logger":"task.stdout"}
{"timestamp":"2025-11-06T15:29:10.772002Z","level":"info","event":"⬆️  Uploaded: s3://warehouse/bronze1/newsapi/date=2025-10-30/ts_20251106T152910Z.json (90608 bytes)","logger":"task.stdout"}
{"timestamp":"2025-11-06T15:29:11.772466Z","level":"info","event":"--> 2025-10-29 (VN time) | from=2025-10-28T17:00:00Z to=2025-10-29T16:59:59.999000Z","logger":"task.stdout"}
