{"timestamp":"2025-11-14T16:55:05.729633Z","level":"info","event":"DAG bundles loaded: dags-folder","logger":"airflow.dag_processing.bundles.manager.DagBundlesManager","filename":"manager.py","lineno":179}
{"timestamp":"2025-11-14T16:55:05.731994Z","level":"info","event":"Filling up the DagBag from /opt/airflow/dags/finance_news_pipeline.py","logger":"airflow.models.dagbag.DagBag","filename":"dagbag.py","lineno":593}
{"timestamp":"2025-11-14T16:55:06.960017Z","level":"info","event":"Sẽ lấy tin cho các ngày (trừ hôm nay 2025-11-14): ['2025-11-13', '2025-11-12', '2025-11-11', '2025-11-10', '2025-11-09']","logger":"task.stdout"}
{"timestamp":"2025-11-14T16:55:06.960570Z","level":"info","event":"","logger":"task.stdout"}
{"timestamp":"2025-11-14T16:55:06.984636Z","level":"info","event":"--> 2025-11-13 (VN time) | from=2025-11-12T17:00:00Z to=2025-11-13T16:59:59.999000Z","logger":"task.stdout"}
{"timestamp":"2025-11-14T16:55:09.534179Z","level":"info","event":"   • Trang 1: nhận 98 bài, thêm mới 98, totalResults=948","logger":"task.stdout"}
{"timestamp":"2025-11-14T16:55:09.658663Z","level":"info","event":"⬆️  Uploaded: s3://warehouse/bronze1/finance_news/date=2025-11-13/ts_20251114T165509Z.json (89503 bytes)","logger":"task.stdout"}
{"timestamp":"2025-11-14T16:55:10.659301Z","level":"info","event":"--> 2025-11-12 (VN time) | from=2025-11-11T17:00:00Z to=2025-11-12T16:59:59.999000Z","logger":"task.stdout"}
{"timestamp":"2025-11-14T16:55:11.087065Z","level":"info","event":"   • Trang 1: nhận 98 bài, thêm mới 98, totalResults=1069","logger":"task.stdout"}
{"timestamp":"2025-11-14T16:55:11.164971Z","level":"info","event":"⬆️  Uploaded: s3://warehouse/bronze1/finance_news/date=2025-11-12/ts_20251114T165511Z.json (90238 bytes)","logger":"task.stdout"}
{"timestamp":"2025-11-14T16:55:12.165454Z","level":"info","event":"--> 2025-11-11 (VN time) | from=2025-11-10T17:00:00Z to=2025-11-11T16:59:59.999000Z","logger":"task.stdout"}
{"timestamp":"2025-11-14T16:55:12.606055Z","level":"info","event":"   • Trang 1: nhận 95 bài, thêm mới 95, totalResults=1006","logger":"task.stdout"}
{"timestamp":"2025-11-14T16:55:12.706355Z","level":"info","event":"⬆️  Uploaded: s3://warehouse/bronze1/finance_news/date=2025-11-11/ts_20251114T165512Z.json (86474 bytes)","logger":"task.stdout"}
{"timestamp":"2025-11-14T16:55:13.706866Z","level":"info","event":"--> 2025-11-10 (VN time) | from=2025-11-09T17:00:00Z to=2025-11-10T16:59:59.999000Z","logger":"task.stdout"}
{"timestamp":"2025-11-14T16:55:14.173731Z","level":"info","event":"   • Trang 1: nhận 99 bài, thêm mới 99, totalResults=764","logger":"task.stdout"}
{"timestamp":"2025-11-14T16:55:14.247927Z","level":"info","event":"⬆️  Uploaded: s3://warehouse/bronze1/finance_news/date=2025-11-10/ts_20251114T165514Z.json (90072 bytes)","logger":"task.stdout"}
{"timestamp":"2025-11-14T16:55:15.248387Z","level":"info","event":"--> 2025-11-09 (VN time) | from=2025-11-08T17:00:00Z to=2025-11-09T16:59:59.999000Z","logger":"task.stdout"}
{"timestamp":"2025-11-14T16:55:15.680703Z","level":"info","event":"   • Trang 1: nhận 98 bài, thêm mới 98, totalResults=337","logger":"task.stdout"}
{"timestamp":"2025-11-14T16:55:15.772293Z","level":"info","event":"⬆️  Uploaded: s3://warehouse/bronze1/finance_news/date=2025-11-09/ts_20251114T165515Z.json (84169 bytes)","logger":"task.stdout"}
{"timestamp":"2025-11-14T16:55:16.772696Z","level":"info","event":"✅ Done. Tổng số bài: 488","logger":"task.stdout"}
{"timestamp":"2025-11-14T16:55:16.774347Z","level":"info","event":"Done. Returned value was: 488","logger":"airflow.task.operators.airflow.providers.standard.operators.python.PythonOperator","filename":"python.py","lineno":218}
{"timestamp":"2025-11-14T16:55:16.774811Z","level":"info","event":"Pushing xcom","ti":"RuntimeTaskInstance(id=UUID('019a8347-8f49-7271-9c85-f85595d1fe72'), task_id='collect_finance_news_to_minio', dag_id='newsapi_finance_pipeline', run_id='manual__2025-11-14T16:51:36.353880+00:00', try_number=2, dag_version_id=UUID('019a8203-41fc-7090-a808-72f39143cdc3'), map_index=-1, hostname='3477a2a40dfd', context_carrier={}, task=<Task(PythonOperator): collect_finance_news_to_minio>, bundle_instance=LocalDagBundle(name=dags-folder), max_tries=5, start_date=datetime.datetime(2025, 11, 14, 16, 55, 5, 655001, tzinfo=datetime.timezone.utc), end_date=None, state=<TaskInstanceState.RUNNING: 'running'>, is_mapped=False, rendered_map_index=None)","logger":"task","filename":"task_runner.py","lineno":1352}
