{"timestamp":"2025-11-16T11:17:45.059101Z","level":"info","event":"DAG bundles loaded: dags-folder","logger":"airflow.dag_processing.bundles.manager.DagBundlesManager","filename":"manager.py","lineno":179}
{"timestamp":"2025-11-16T11:17:45.060337Z","level":"info","event":"Filling up the DagBag from /opt/airflow/dags/finance_news_pipeline_v1.py","logger":"airflow.models.dagbag.DagBag","filename":"dagbag.py","lineno":593}
{"timestamp":"2025-11-16T11:17:45.522205Z","level":"info","event":"Bắt đầu thu thập tin tức cho 28 giờ qua...","logger":"task.stdout"}
{"timestamp":"2025-11-16T11:17:45.522689Z","level":"info","event":"--> Symbol=AAPL | Last 28h (VN time) | from=2025-11-15T07:17:45.522097Z to=2025-11-16T11:17:45.522097Z","logger":"task.stdout"}
{"timestamp":"2025-11-16T11:17:45.524062Z","level":"info","event":"    Query: (\"Apple\" OR \"AAPL\") AND (\"earnings\" OR \"revenue\" OR \"profit\" OR \"loss\" OR \"forecast\" OR \"guidance\" OR \"stock\" OR \"shares\" OR \"dividend\" OR \"buyback\" OR \"acquisition\" OR \"merger\" OR \"layoffs\" OR \"CFO\" OR \"SEC filing\" OR \"quarterly results\" OR \"analyst rating\" OR \"market cap\")","logger":"task.stdout"}
{"timestamp":"2025-11-16T11:17:46.107961Z","level":"info","event":"    • Trang 1: nhận 9 bài, thêm mới 9, totalResults=10","logger":"task.stdout"}
{"timestamp":"2025-11-16T11:17:46.184588Z","level":"info","event":"⬆️  Uploaded: s3://warehouse/bronze1/finance_news/date=2025-11-15/symbol=AAPL/from_1417_to_1817_ts_20251116T111746Z.json (8756 bytes)","logger":"task.stdout"}
{"timestamp":"2025-11-16T11:17:47.185029Z","level":"info","event":"--> Symbol=MSFT | Last 28h (VN time) | from=2025-11-15T07:17:47.184778Z to=2025-11-16T11:17:47.184778Z","logger":"task.stdout"}
{"timestamp":"2025-11-16T11:17:47.185519Z","level":"info","event":"    Query: (\"Microsoft\" OR \"MSFT\") AND (\"earnings\" OR \"revenue\" OR \"profit\" OR \"loss\" OR \"forecast\" OR \"guidance\" OR \"stock\" OR \"shares\" OR \"dividend\" OR \"buyback\" OR \"acquisition\" OR \"merger\" OR \"layoffs\" OR \"CFO\" OR \"SEC filing\" OR \"quarterly results\" OR \"analyst rating\" OR \"market cap\")","logger":"task.stdout"}
{"timestamp":"2025-11-16T11:17:47.517455Z","level":"info","event":"    • Trang 1: nhận 5 bài, thêm mới 5, totalResults=5","logger":"task.stdout"}
{"timestamp":"2025-11-16T11:17:47.628296Z","level":"info","event":"⬆️  Uploaded: s3://warehouse/bronze1/finance_news/date=2025-11-15/symbol=MSFT/from_1417_to_1817_ts_20251116T111747Z.json (4805 bytes)","logger":"task.stdout"}
{"timestamp":"2025-11-16T11:17:48.626916Z","level":"info","event":"--> Symbol=IBM | Last 28h (VN time) | from=2025-11-15T07:17:48.626535Z to=2025-11-16T11:17:48.626535Z","logger":"task.stdout"}
{"timestamp":"2025-11-16T11:17:48.627694Z","level":"info","event":"    Query: (\"IBM\") AND (\"earnings\" OR \"revenue\" OR \"profit\" OR \"loss\" OR \"forecast\" OR \"guidance\" OR \"stock\" OR \"shares\" OR \"dividend\" OR \"buyback\" OR \"acquisition\" OR \"merger\" OR \"layoffs\" OR \"CFO\" OR \"SEC filing\" OR \"quarterly results\" OR \"analyst rating\" OR \"market cap\")","logger":"task.stdout"}
{"timestamp":"2025-11-16T11:17:48.949864Z","level":"info","event":"    • 0 bài","logger":"task.stdout"}
{"timestamp":"2025-11-16T11:17:48.950459Z","level":"info","event":"✓ Symbol IBM không có tin mới, bỏ qua upload.","logger":"task.stdout"}
{"timestamp":"2025-11-16T11:17:49.950683Z","level":"info","event":"--> Symbol=GOOGL | Last 28h (VN time) | from=2025-11-15T07:17:49.949968Z to=2025-11-16T11:17:49.949968Z","logger":"task.stdout"}
{"timestamp":"2025-11-16T11:17:49.951664Z","level":"info","event":"    Query: (\"Google\" OR \"Alphabet\" OR \"GOOGL\") AND (\"earnings\" OR \"revenue\" OR \"profit\" OR \"loss\" OR \"forecast\" OR \"guidance\" OR \"stock\" OR \"shares\" OR \"dividend\" OR \"buyback\" OR \"acquisition\" OR \"merger\" OR \"layoffs\" OR \"CFO\" OR \"SEC filing\" OR \"quarterly results\" OR \"analyst rating\" OR \"market cap\")","logger":"task.stdout"}
{"timestamp":"2025-11-16T11:17:50.323600Z","level":"info","event":"    • Trang 1: nhận 30 bài, thêm mới 30, totalResults=30","logger":"task.stdout"}
{"timestamp":"2025-11-16T11:17:50.429118Z","level":"info","event":"⬆️  Uploaded: s3://warehouse/bronze1/finance_news/date=2025-11-15/symbol=GOOGL/from_1417_to_1817_ts_20251116T111750Z.json (24974 bytes)","logger":"task.stdout"}
{"timestamp":"2025-11-16T11:17:51.429781Z","level":"info","event":"--> Symbol=AMZN | Last 28h (VN time) | from=2025-11-15T07:17:51.429434Z to=2025-11-16T11:17:51.429434Z","logger":"task.stdout"}
{"timestamp":"2025-11-16T11:17:51.430480Z","level":"info","event":"    Query: (\"Amazon\" OR \"AMZN\" OR \"AWS\") AND (\"earnings\" OR \"revenue\" OR \"profit\" OR \"loss\" OR \"forecast\" OR \"guidance\" OR \"stock\" OR \"shares\" OR \"dividend\" OR \"buyback\" OR \"acquisition\" OR \"merger\" OR \"layoffs\" OR \"CFO\" OR \"SEC filing\" OR \"quarterly results\" OR \"analyst rating\" OR \"market cap\")","logger":"task.stdout"}
{"timestamp":"2025-11-16T11:17:51.832009Z","level":"info","event":"    • Trang 1: nhận 11 bài, thêm mới 11, totalResults=11","logger":"task.stdout"}
{"timestamp":"2025-11-16T11:17:51.915572Z","level":"info","event":"⬆️  Uploaded: s3://warehouse/bronze1/finance_news/date=2025-11-15/symbol=AMZN/from_1417_to_1817_ts_20251116T111751Z.json (10459 bytes)","logger":"task.stdout"}
{"timestamp":"2025-11-16T11:17:52.916278Z","level":"info","event":"✅ Done window 28h cho các symbol ['AAPL', 'MSFT', 'IBM', 'GOOGL', 'AMZN']. Tổng số bài: 55","logger":"task.stdout"}
{"timestamp":"2025-11-16T11:17:52.918553Z","level":"info","event":"Done. Returned value was: 55","logger":"airflow.task.operators.airflow.providers.standard.operators.python.PythonOperator","filename":"python.py","lineno":218}
{"timestamp":"2025-11-16T11:17:52.919696Z","level":"info","event":"Pushing xcom","ti":"RuntimeTaskInstance(id=UUID('019a8c57-74fe-7bc8-bf1f-ba2d95f31ec9'), task_id='collect_finance_news_last_48h', dag_id='news1', run_id='manual__2025-11-16T10:56:34.414197+00:00', try_number=11, dag_version_id=UUID('019a8c63-8f41-73dc-bc18-5bb5ae21da15'), map_index=-1, hostname='e8feec7d62eb', context_carrier={}, task=<Task(PythonOperator): collect_finance_news_last_48h>, bundle_instance=LocalDagBundle(name=dags-folder), max_tries=10, start_date=datetime.datetime(2025, 11, 16, 11, 17, 44, 971308, tzinfo=datetime.timezone.utc), end_date=None, state=<TaskInstanceState.RUNNING: 'running'>, is_mapped=False, rendered_map_index=None)","logger":"task","filename":"task_runner.py","lineno":1352}
