{"timestamp":"2025-11-05T18:13:25.615644Z","level":"info","event":"DAG bundles loaded: dags-folder","logger":"airflow.dag_processing.bundles.manager.DagBundlesManager","filename":"manager.py","lineno":179}
{"timestamp":"2025-11-05T18:13:25.616760Z","level":"info","event":"Filling up the DagBag from /opt/airflow/dags/stock_intraday_pipeline.py","logger":"airflow.models.dagbag.DagBag","filename":"dagbag.py","lineno":593}
{"timestamp":"2025-11-05T18:13:27.169385Z","level":"info","event":"🚀 Start AV collector | symbols=['AAPL', 'MSFT', 'IBM', 'GOOGL', 'AMZN'] | interval=5min | batches=3","logger":"task.stdout"}
{"timestamp":"2025-11-05T18:13:27.170888Z","level":"info","event":"","logger":"task.stdout"}
{"timestamp":"2025-11-05T18:13:27.171139Z","level":"info","event":"🔹 Batch 1/3: ['AAPL', 'MSFT']","logger":"task.stdout"}
{"timestamp":"2025-11-05T18:14:29.042757Z","level":"info","event":"⬆️  Uploaded: s3://warehouse/bronze1/stocks_intraday/symbol=AAPL/interval=5min/ts_20251105T181428Z.jsonl  (659937 bytes)","logger":"task.stdout"}
{"timestamp":"2025-11-05T18:14:29.043348Z","level":"info","event":"✅ AAPL: uploaded 4224 records","logger":"task.stdout"}
{"timestamp":"2025-11-05T18:14:29.043801Z","level":"info","event":"⏳ sleep 22s between symbols…","logger":"task.stdout"}
{"timestamp":"2025-11-05T18:13:55.218002Z","level":"info","event":"⬆️  Uploaded: s3://warehouse/bronze1/stocks_intraday/symbol=MSFT/interval=5min/ts_20251105T181354Z.jsonl  (657784 bytes)","logger":"task.stdout"}
{"timestamp":"2025-11-05T18:13:55.218577Z","level":"info","event":"✅ MSFT: uploaded 4224 records","logger":"task.stdout"}
{"timestamp":"2025-11-05T18:13:55.218964Z","level":"info","event":"⏳ sleep 22s between symbols…","logger":"task.stdout"}
{"timestamp":"2025-11-05T18:14:17.217717Z","level":"info","event":"⏳ Sleep 70s between batches…","logger":"task.stdout"}
{"timestamp":"2025-11-05T18:15:27.216142Z","level":"info","event":"","logger":"task.stdout"}
{"timestamp":"2025-11-05T18:15:27.216850Z","level":"info","event":"🔹 Batch 2/3: ['IBM', 'GOOGL']","logger":"task.stdout"}
{"timestamp":"2025-11-05T18:15:28.690709Z","level":"info","event":"⬆️  Uploaded: s3://warehouse/bronze1/stocks_intraday/symbol=IBM/interval=5min/ts_20251105T181528Z.jsonl  (646915 bytes)","logger":"task.stdout"}
{"timestamp":"2025-11-05T18:15:28.691214Z","level":"info","event":"✅ IBM: uploaded 4204 records","logger":"task.stdout"}
{"timestamp":"2025-11-05T18:15:28.731158Z","level":"info","event":"⏳ sleep 24s between symbols…","logger":"task.stdout"}
{"timestamp":"2025-11-05T18:15:54.616956Z","level":"info","event":"⬆️  Uploaded: s3://warehouse/bronze1/stocks_intraday/symbol=GOOGL/interval=5min/ts_20251105T181554Z.jsonl  (663284 bytes)","logger":"task.stdout"}
{"timestamp":"2025-11-05T18:15:54.617475Z","level":"info","event":"✅ GOOGL: uploaded 4224 records","logger":"task.stdout"}
{"timestamp":"2025-11-05T18:15:54.617831Z","level":"info","event":"⏳ sleep 25s between symbols…","logger":"task.stdout"}
{"timestamp":"2025-11-05T18:16:19.616240Z","level":"info","event":"⏳ Sleep 70s between batches…","logger":"task.stdout"}
{"timestamp":"2025-11-05T18:17:29.614345Z","level":"info","event":"","logger":"task.stdout"}
{"timestamp":"2025-11-05T18:17:29.614986Z","level":"info","event":"🔹 Batch 3/3: ['AMZN']","logger":"task.stdout"}
{"timestamp":"2025-11-05T18:17:31.541392Z","level":"info","event":"⬆️  Uploaded: s3://warehouse/bronze1/stocks_intraday/symbol=AMZN/interval=5min/ts_20251105T181731Z.jsonl  (660934 bytes)","logger":"task.stdout"}
{"timestamp":"2025-11-05T18:17:31.542041Z","level":"info","event":"✅ AMZN: uploaded 4224 records","logger":"task.stdout"}
{"timestamp":"2025-11-05T18:17:31.542490Z","level":"info","event":"⏳ sleep 22s between symbols…","logger":"task.stdout"}
{"timestamp":"2025-11-05T18:17:53.550781Z","level":"info","event":"⏳ Sleep 70s between batches…","logger":"task.stdout"}
{"timestamp":"2025-11-05T18:19:03.541621Z","level":"info","event":"Done. Returned value was: None","logger":"airflow.task.operators.airflow.providers.standard.operators.python.PythonOperator","filename":"python.py","lineno":218}
{"timestamp":"2025-11-05T19:21:54.134217Z","level":"info","event":"DAG bundles loaded: dags-folder","logger":"airflow.dag_processing.bundles.manager.DagBundlesManager","filename":"manager.py","lineno":179}
{"timestamp":"2025-11-05T19:21:54.135418Z","level":"info","event":"Filling up the DagBag from /opt/airflow/dags/stock_intraday_pipeline.py","logger":"airflow.models.dagbag.DagBag","filename":"dagbag.py","lineno":593}
{"timestamp":"2025-11-05T19:21:56.114098Z","level":"info","event":"🚀 Start AV collector | symbols=['AAPL', 'MSFT', 'IBM', 'GOOGL', 'AMZN'] | interval=5min | batches=3","logger":"task.stdout"}
{"timestamp":"2025-11-05T19:21:56.114599Z","level":"info","event":"","logger":"task.stdout"}
{"timestamp":"2025-11-05T19:21:56.114869Z","level":"info","event":"🔹 Batch 1/3: ['AAPL', 'MSFT']","logger":"task.stdout"}
{"timestamp":"2025-11-05T19:21:59.379389Z","level":"info","event":"⬆️  Uploaded: s3://warehouse/bronze1/stocks_intraday/symbol=AAPL/ts_20251105T192159Z.json  (659937 bytes)","logger":"task.stdout"}
{"timestamp":"2025-11-05T19:21:59.379985Z","level":"info","event":"✅ AAPL: uploaded 4224 records","logger":"task.stdout"}
{"timestamp":"2025-11-05T19:21:59.380410Z","level":"info","event":"⏳ sleep 23s between symbols…","logger":"task.stdout"}
{"timestamp":"2025-11-05T19:22:22.658588Z","level":"info","event":"⚠️ MSFT: no data (We have detected your API key as FK7Q8R0DVIZNAMR3 and our standard API rate limit is 25 requests per day. Please subscribe to any of the premium plans at https://www.alphavantage.co/premium/ to instantly remove all daily rate limits.)","logger":"task.stdout"}
{"timestamp":"2025-11-05T19:22:22.659229Z","level":"info","event":"ℹ️  MSFT: 0 record → skip upload","logger":"task.stdout"}
{"timestamp":"2025-11-05T19:22:22.659673Z","level":"info","event":"⏳ sleep 24s between symbols…","logger":"task.stdout"}
{"timestamp":"2025-11-05T19:22:46.659227Z","level":"info","event":"⏳ Sleep 70s between batches…","logger":"task.stdout"}
{"timestamp":"2025-11-05T19:23:56.657678Z","level":"info","event":"","logger":"task.stdout"}
{"timestamp":"2025-11-05T19:23:56.658089Z","level":"info","event":"🔹 Batch 2/3: ['IBM', 'GOOGL']","logger":"task.stdout"}
{"timestamp":"2025-11-05T19:23:57.457417Z","level":"info","event":"⚠️ IBM: no data (We have detected your API key as FK7Q8R0DVIZNAMR3 and our standard API rate limit is 25 requests per day. Please subscribe to any of the premium plans at https://www.alphavantage.co/premium/ to instantly remove all daily rate limits.)","logger":"task.stdout"}
{"timestamp":"2025-11-05T19:23:57.457974Z","level":"info","event":"ℹ️  IBM: 0 record → skip upload","logger":"task.stdout"}
{"timestamp":"2025-11-05T19:23:57.458241Z","level":"info","event":"⏳ sleep 25s between symbols…","logger":"task.stdout"}
{"timestamp":"2025-11-05T19:24:23.175565Z","level":"info","event":"⚠️ GOOGL: no data (We have detected your API key as FK7Q8R0DVIZNAMR3 and our standard API rate limit is 25 requests per day. Please subscribe to any of the premium plans at https://www.alphavantage.co/premium/ to instantly remove all daily rate limits.)","logger":"task.stdout"}
{"timestamp":"2025-11-05T19:24:23.176047Z","level":"info","event":"ℹ️  GOOGL: 0 record → skip upload","logger":"task.stdout"}
{"timestamp":"2025-11-05T19:24:23.176419Z","level":"info","event":"⏳ sleep 25s between symbols…","logger":"task.stdout"}
{"timestamp":"2025-11-05T19:24:48.173133Z","level":"info","event":"⏳ Sleep 70s between batches…","logger":"task.stdout"}
{"timestamp":"2025-11-05T19:25:58.170422Z","level":"info","event":"","logger":"task.stdout"}
{"timestamp":"2025-11-05T19:25:58.170952Z","level":"info","event":"🔹 Batch 3/3: ['AMZN']","logger":"task.stdout"}
{"timestamp":"2025-11-05T19:25:58.451836Z","level":"info","event":"⚠️ AMZN: no data (We have detected your API key as FK7Q8R0DVIZNAMR3 and our standard API rate limit is 25 requests per day. Please subscribe to any of the premium plans at https://www.alphavantage.co/premium/ to instantly remove all daily rate limits.)","logger":"task.stdout"}
{"timestamp":"2025-11-05T19:25:58.452294Z","level":"info","event":"ℹ️  AMZN: 0 record → skip upload","logger":"task.stdout"}
{"timestamp":"2025-11-05T19:25:58.452499Z","level":"info","event":"⏳ sleep 25s between symbols…","logger":"task.stdout"}
{"timestamp":"2025-11-05T19:26:23.462130Z","level":"info","event":"⏳ Sleep 70s between batches…","logger":"task.stdout"}
{"timestamp":"2025-11-05T19:27:33.451005Z","level":"info","event":"Done. Returned value was: None","logger":"airflow.task.operators.airflow.providers.standard.operators.python.PythonOperator","filename":"python.py","lineno":218}
{"timestamp":"2025-11-05T19:34:53.353827Z","level":"info","event":"DAG bundles loaded: dags-folder","logger":"airflow.dag_processing.bundles.manager.DagBundlesManager","filename":"manager.py","lineno":179}
{"timestamp":"2025-11-05T19:34:53.354856Z","level":"info","event":"Filling up the DagBag from /opt/airflow/dags/stock_intraday_pipeline.py","logger":"airflow.models.dagbag.DagBag","filename":"dagbag.py","lineno":593}
{"timestamp":"2025-11-05T19:33:56.482102Z","level":"info","event":"🚀 Start AV collector | symbols=['AAPL', 'MSFT', 'IBM', 'GOOGL', 'AMZN'] | interval=5min | batches=3","logger":"task.stdout"}
{"timestamp":"2025-11-05T19:33:56.482559Z","level":"info","event":"","logger":"task.stdout"}
{"timestamp":"2025-11-05T19:33:56.482819Z","level":"info","event":"🔹 Batch 1/3: ['AAPL', 'MSFT']","logger":"task.stdout"}
{"timestamp":"2025-11-05T19:33:57.929155Z","level":"info","event":"⚠️ AAPL: no data (We have detected your API key as UPIANHJG7NH346Q8 and our standard API rate limit is 25 requests per day. Please subscribe to any of the premium plans at https://www.alphavantage.co/premium/ to instantly remove all daily rate limits.)","logger":"task.stdout"}
{"timestamp":"2025-11-05T19:33:57.929877Z","level":"info","event":"ℹ️  AAPL: 0 record → skip upload","logger":"task.stdout"}
{"timestamp":"2025-11-05T19:33:57.930278Z","level":"info","event":"⏳ sleep 23s between symbols…","logger":"task.stdout"}
{"timestamp":"2025-11-05T19:34:21.410084Z","level":"info","event":"⚠️ MSFT: no data (We have detected your API key as UPIANHJG7NH346Q8 and our standard API rate limit is 25 requests per day. Please subscribe to any of the premium plans at https://www.alphavantage.co/premium/ to instantly remove all daily rate limits.)","logger":"task.stdout"}
{"timestamp":"2025-11-05T19:34:21.410489Z","level":"info","event":"ℹ️  MSFT: 0 record → skip upload","logger":"task.stdout"}
{"timestamp":"2025-11-05T19:34:21.410690Z","level":"info","event":"⏳ sleep 24s between symbols…","logger":"task.stdout"}
{"timestamp":"2025-11-05T19:34:45.409986Z","level":"info","event":"⏳ Sleep 70s between batches…","logger":"task.stdout"}
{"timestamp":"2025-11-05T19:35:55.398698Z","level":"info","event":"","logger":"task.stdout"}
{"timestamp":"2025-11-05T19:35:55.399318Z","level":"info","event":"🔹 Batch 2/3: ['IBM', 'GOOGL']","logger":"task.stdout"}
{"timestamp":"2025-11-05T19:35:55.680194Z","level":"info","event":"⚠️ IBM: no data (We have detected your API key as UPIANHJG7NH346Q8 and our standard API rate limit is 25 requests per day. Please subscribe to any of the premium plans at https://www.alphavantage.co/premium/ to instantly remove all daily rate limits.)","logger":"task.stdout"}
{"timestamp":"2025-11-05T19:35:55.680598Z","level":"info","event":"ℹ️  IBM: 0 record → skip upload","logger":"task.stdout"}
{"timestamp":"2025-11-05T19:35:55.680782Z","level":"info","event":"⏳ sleep 22s between symbols…","logger":"task.stdout"}
{"timestamp":"2025-11-05T19:36:17.968717Z","level":"info","event":"⚠️ GOOGL: no data (We have detected your API key as UPIANHJG7NH346Q8 and our standard API rate limit is 25 requests per day. Please subscribe to any of the premium plans at https://www.alphavantage.co/premium/ to instantly remove all daily rate limits.)","logger":"task.stdout"}
{"timestamp":"2025-11-05T19:36:17.969143Z","level":"info","event":"ℹ️  GOOGL: 0 record → skip upload","logger":"task.stdout"}
{"timestamp":"2025-11-05T19:36:17.969751Z","level":"info","event":"⏳ sleep 23s between symbols…","logger":"task.stdout"}
{"timestamp":"2025-11-05T19:36:40.966401Z","level":"info","event":"⏳ Sleep 70s between batches…","logger":"task.stdout"}
{"timestamp":"2025-11-05T19:37:50.967684Z","level":"info","event":"","logger":"task.stdout"}
{"timestamp":"2025-11-05T19:37:50.969291Z","level":"info","event":"🔹 Batch 3/3: ['AMZN']","logger":"task.stdout"}
{"timestamp":"2025-11-05T19:37:51.700745Z","level":"info","event":"⚠️ AMZN: no data (We have detected your API key as UPIANHJG7NH346Q8 and our standard API rate limit is 25 requests per day. Please subscribe to any of the premium plans at https://www.alphavantage.co/premium/ to instantly remove all daily rate limits.)","logger":"task.stdout"}
{"timestamp":"2025-11-05T19:37:51.701698Z","level":"info","event":"ℹ️  AMZN: 0 record → skip upload","logger":"task.stdout"}
{"timestamp":"2025-11-05T19:37:51.702570Z","level":"info","event":"⏳ sleep 25s between symbols…","logger":"task.stdout"}
{"timestamp":"2025-11-05T19:38:16.709152Z","level":"info","event":"⏳ Sleep 70s between batches…","logger":"task.stdout"}
{"timestamp":"2025-11-05T19:39:26.708756Z","level":"info","event":"Done. Returned value was: None","logger":"airflow.task.operators.airflow.providers.standard.operators.python.PythonOperator","filename":"python.py","lineno":218}
