{"timestamp":"2025-11-16T10:34:49.281457Z","level":"info","event":"DAG bundles loaded: dags-folder","logger":"airflow.dag_processing.bundles.manager.DagBundlesManager","filename":"manager.py","lineno":179}
{"timestamp":"2025-11-16T10:34:49.282521Z","level":"info","event":"Filling up the DagBag from /opt/airflow/dags/finance_news_pipeline_v1.py","logger":"airflow.models.dagbag.DagBag","filename":"dagbag.py","lineno":593}
{"timestamp":"2025-11-16T10:34:49.638060Z","level":"info","event":"--> Symbol=AAPL | Last 30h (VN time) | from=2025-11-15T04:34:49.637923Z to=2025-11-16T10:34:49.637923Z","logger":"task.stdout"}
{"timestamp":"2025-11-16T10:34:49.639460Z","level":"info","event":"    Query: \"Apple\" OR \"AAPL\" OR \"iPhone\" OR \"Tim Cook\"","logger":"task.stdout"}
{"timestamp":"2025-11-16T10:34:50.356718Z","level":"info","event":"   • Trang 1: nhận 78 bài, thêm mới 78, totalResults=80","logger":"task.stdout"}
{"timestamp":"2025-11-16T10:34:50.450623Z","level":"info","event":"⬆️  Uploaded: s3://warehouse/bronze1/finance_news/date=2025-11-15/symbol=AAPL/from_1134_to_1734_ts_20251116T103450Z.json (74525 bytes)","logger":"task.stdout"}
{"timestamp":"2025-11-16T10:34:51.451027Z","level":"info","event":"--> Symbol=MSFT | Last 30h (VN time) | from=2025-11-15T04:34:51.450797Z to=2025-11-16T10:34:51.450797Z","logger":"task.stdout"}
{"timestamp":"2025-11-16T10:34:51.451529Z","level":"info","event":"    Query: \"Microsoft\" OR \"MSFT\" OR \"Azure\" OR \"Satya Nadella\"","logger":"task.stdout"}
{"timestamp":"2025-11-16T10:34:51.849426Z","level":"info","event":"   • Trang 1: nhận 38 bài, thêm mới 38, totalResults=38","logger":"task.stdout"}
{"timestamp":"2025-11-16T10:34:51.926434Z","level":"info","event":"⬆️  Uploaded: s3://warehouse/bronze1/finance_news/date=2025-11-15/symbol=MSFT/from_1134_to_1734_ts_20251116T103451Z.json (32001 bytes)","logger":"task.stdout"}
{"timestamp":"2025-11-16T10:34:52.926851Z","level":"info","event":"--> Symbol=IBM | Last 30h (VN time) | from=2025-11-15T04:34:52.926627Z to=2025-11-16T10:34:52.926627Z","logger":"task.stdout"}
{"timestamp":"2025-11-16T10:34:52.927415Z","level":"info","event":"    Query: \"IBM\"","logger":"task.stdout"}
{"timestamp":"2025-11-16T10:34:53.267033Z","level":"info","event":"   • Trang 1: nhận 3 bài, thêm mới 3, totalResults=3","logger":"task.stdout"}
{"timestamp":"2025-11-16T10:34:53.335177Z","level":"info","event":"⬆️  Uploaded: s3://warehouse/bronze1/finance_news/date=2025-11-15/symbol=IBM/from_1134_to_1734_ts_20251116T103453Z.json (2610 bytes)","logger":"task.stdout"}
{"timestamp":"2025-11-16T10:34:54.328133Z","level":"info","event":"--> Symbol=GOOGL | Last 30h (VN time) | from=2025-11-15T04:34:54.327851Z to=2025-11-16T10:34:54.327851Z","logger":"task.stdout"}
{"timestamp":"2025-11-16T10:34:54.328716Z","level":"info","event":"    Query: \"Google\" OR \"Alphabet\" OR \"GOOGL\" OR \"Sundar Pichai\"","logger":"task.stdout"}
{"timestamp":"2025-11-16T10:34:54.772945Z","level":"info","event":"   • Trang 1: nhận 99 bài, thêm mới 99, totalResults=107","logger":"task.stdout"}
{"timestamp":"2025-11-16T10:34:54.869258Z","level":"info","event":"⬆️  Uploaded: s3://warehouse/bronze1/finance_news/date=2025-11-15/symbol=GOOGL/from_1134_to_1734_ts_20251116T103454Z.json (85807 bytes)","logger":"task.stdout"}
{"timestamp":"2025-11-16T10:34:55.869737Z","level":"info","event":"--> Symbol=AMZN | Last 30h (VN time) | from=2025-11-15T04:34:55.869448Z to=2025-11-16T10:34:55.869448Z","logger":"task.stdout"}
{"timestamp":"2025-11-16T10:34:55.870188Z","level":"info","event":"    Query: \"Amazon\" OR \"AMZN\" OR \"AWS\" OR \"Andy Jassy\"","logger":"task.stdout"}
{"timestamp":"2025-11-16T10:34:56.297993Z","level":"info","event":"   • Trang 1: nhận 100 bài, thêm mới 100, totalResults=112","logger":"task.stdout"}
{"timestamp":"2025-11-16T10:34:57.606914Z","level":"info","event":"   ✗ Lỗi API: You have requested too many results. Developer accounts are limited to a max of 100 results. You are trying to request results 100 to 200. Please upgrade to a paid plan if you need more results.","logger":"task.stdout"}
{"timestamp":"2025-11-16T10:34:57.685750Z","level":"info","event":"⬆️  Uploaded: s3://warehouse/bronze1/finance_news/date=2025-11-15/symbol=AMZN/from_1134_to_1734_ts_20251116T103457Z.json (93029 bytes)","logger":"task.stdout"}
{"timestamp":"2025-11-16T10:34:58.686236Z","level":"info","event":"✅ Done window 30h cho các symbol ['AAPL', 'MSFT', 'IBM', 'GOOGL', 'AMZN']. Tổng số bài: 318","logger":"task.stdout"}
{"timestamp":"2025-11-16T10:34:58.687903Z","level":"info","event":"Done. Returned value was: 318","logger":"airflow.task.operators.airflow.providers.standard.operators.python.PythonOperator","filename":"python.py","lineno":218}
{"timestamp":"2025-11-16T10:34:58.688239Z","level":"info","event":"Pushing xcom","ti":"RuntimeTaskInstance(id=UUID('019a8c3b-2f24-7840-ad18-28216a81a7aa'), task_id='collect_finance_news_last_48h', dag_id='news1', run_id='manual__2025-11-16T10:34:40.280368+00:00', try_number=1, dag_version_id=UUID('019a8c3b-db29-7bd8-9036-2268c1d15bfd'), map_index=-1, hostname='e8feec7d62eb', context_carrier={}, task=<Task(PythonOperator): collect_finance_news_last_48h>, bundle_instance=LocalDagBundle(name=dags-folder), max_tries=10, start_date=datetime.datetime(2025, 11, 16, 10, 34, 49, 223780, tzinfo=datetime.timezone.utc), end_date=None, state=<TaskInstanceState.RUNNING: 'running'>, is_mapped=False, rendered_map_index=None)","logger":"task","filename":"task_runner.py","lineno":1352}
