{"timestamp":"2025-11-05T20:35:57.668987Z","level":"info","event":"DAG bundles loaded: dags-folder","logger":"airflow.dag_processing.bundles.manager.DagBundlesManager","filename":"manager.py","lineno":179}
{"timestamp":"2025-11-05T20:35:57.671458Z","level":"info","event":"Filling up the DagBag from /opt/airflow/dags/stock_intraday_pipeline.py","logger":"airflow.models.dagbag.DagBag","filename":"dagbag.py","lineno":593}
{"timestamp":"2025-11-05T20:35:58.070485Z","level":"info","event":"🚀 Start AV collector | symbols=['AAPL', 'MSFT', 'IBM', 'GOOGL', 'AMZN'] | interval=5min | batches=3","logger":"task.stdout"}
{"timestamp":"2025-11-05T20:35:58.071483Z","level":"info","event":"","logger":"task.stdout"}
{"timestamp":"2025-11-05T20:35:58.071830Z","level":"info","event":"🔹 Batch 1/3: ['AAPL', 'MSFT']","logger":"task.stdout"}
{"timestamp":"2025-11-05T20:35:58.955453Z","level":"info","event":"⚠️ AAPL: no data (We have detected your API key as TJ36KWWPYCDOX90X and our standard API rate limit is 25 requests per day. Please subscribe to any of the premium plans at https://www.alphavantage.co/premium/ to instantly remove all daily rate limits.)","logger":"task.stdout"}
{"timestamp":"2025-11-05T20:35:58.955989Z","level":"info","event":"ℹ️  AAPL: 0 record → skip upload","logger":"task.stdout"}
{"timestamp":"2025-11-05T20:35:58.956267Z","level":"info","event":"⏳ sleep 24s between symbols…","logger":"task.stdout"}
{"timestamp":"2025-11-05T20:36:23.227438Z","level":"info","event":"⚠️ MSFT: no data (We have detected your API key as TJ36KWWPYCDOX90X and our standard API rate limit is 25 requests per day. Please subscribe to any of the premium plans at https://www.alphavantage.co/premium/ to instantly remove all daily rate limits.)","logger":"task.stdout"}
{"timestamp":"2025-11-05T20:36:23.228026Z","level":"info","event":"ℹ️  MSFT: 0 record → skip upload","logger":"task.stdout"}
{"timestamp":"2025-11-05T20:36:23.228310Z","level":"info","event":"⏳ sleep 23s between symbols…","logger":"task.stdout"}
{"timestamp":"2025-11-05T20:36:46.227374Z","level":"info","event":"⏳ Sleep 70s between batches…","logger":"task.stdout"}
{"timestamp":"2025-11-05T20:38:54.807454Z","level":"info","event":"","logger":"task.stdout"}
{"timestamp":"2025-11-05T20:38:54.808325Z","level":"info","event":"🔹 Batch 2/3: ['IBM', 'GOOGL']","logger":"task.stdout"}
{"timestamp":"2025-11-05T20:38:55.615618Z","level":"info","event":"⚠️ IBM: no data (We have detected your API key as TJ36KWWPYCDOX90X and our standard API rate limit is 25 requests per day. Please subscribe to any of the premium plans at https://www.alphavantage.co/premium/ to instantly remove all daily rate limits.)","logger":"task.stdout"}
{"timestamp":"2025-11-05T20:38:55.616074Z","level":"info","event":"ℹ️  IBM: 0 record → skip upload","logger":"task.stdout"}
{"timestamp":"2025-11-05T20:38:55.616470Z","level":"info","event":"⏳ sleep 22s between symbols…","logger":"task.stdout"}
{"timestamp":"2025-11-05T20:38:19.339121Z","level":"info","event":"⚠️ GOOGL: no data (We have detected your API key as TJ36KWWPYCDOX90X and our standard API rate limit is 25 requests per day. Please subscribe to any of the premium plans at https://www.alphavantage.co/premium/ to instantly remove all daily rate limits.)","logger":"task.stdout"}
{"timestamp":"2025-11-05T20:38:19.339526Z","level":"info","event":"ℹ️  GOOGL: 0 record → skip upload","logger":"task.stdout"}
{"timestamp":"2025-11-05T20:38:19.339819Z","level":"info","event":"⏳ sleep 22s between symbols…","logger":"task.stdout"}
{"timestamp":"2025-11-05T20:38:41.328866Z","level":"info","event":"⏳ Sleep 70s between batches…","logger":"task.stdout"}
{"timestamp":"2025-11-05T20:39:51.336992Z","level":"info","event":"","logger":"task.stdout"}
{"timestamp":"2025-11-05T20:39:51.337545Z","level":"info","event":"🔹 Batch 3/3: ['AMZN']","logger":"task.stdout"}
{"timestamp":"2025-11-05T20:39:52.026978Z","level":"info","event":"⚠️ AMZN: no data (We have detected your API key as TJ36KWWPYCDOX90X and our standard API rate limit is 25 requests per day. Please subscribe to any of the premium plans at https://www.alphavantage.co/premium/ to instantly remove all daily rate limits.)","logger":"task.stdout"}
{"timestamp":"2025-11-05T20:39:52.027464Z","level":"info","event":"ℹ️  AMZN: 0 record → skip upload","logger":"task.stdout"}
{"timestamp":"2025-11-05T20:39:52.027767Z","level":"info","event":"⏳ sleep 24s between symbols…","logger":"task.stdout"}
{"timestamp":"2025-11-05T20:41:14.599488Z","level":"info","event":"⏳ Sleep 70s between batches…","logger":"task.stdout"}
{"timestamp":"2025-11-05T20:41:26.025858Z","level":"info","event":"Done. Returned value was: None","logger":"airflow.task.operators.airflow.providers.standard.operators.python.PythonOperator","filename":"python.py","lineno":218}
