{"timestamp":"2025-11-05T19:57:59.755727Z","level":"info","event":"DAG bundles loaded: dags-folder","logger":"airflow.dag_processing.bundles.manager.DagBundlesManager","filename":"manager.py","lineno":179}
{"timestamp":"2025-11-05T19:57:59.757323Z","level":"info","event":"Filling up the DagBag from /opt/airflow/dags/stock_intraday_pipeline.py","logger":"airflow.models.dagbag.DagBag","filename":"dagbag.py","lineno":593}
{"timestamp":"2025-11-05T19:57:59.950884Z","level":"info","event":"🚀 Start AV collector | symbols=['AAPL', 'MSFT', 'IBM', 'GOOGL', 'AMZN'] | interval=5min | batches=3","logger":"task.stdout"}
{"timestamp":"2025-11-05T19:57:59.952416Z","level":"info","event":"","logger":"task.stdout"}
{"timestamp":"2025-11-05T19:57:59.952746Z","level":"info","event":"🔹 Batch 1/3: ['AAPL', 'MSFT']","logger":"task.stdout"}
{"timestamp":"2025-11-05T19:58:01.530715Z","level":"info","event":"⚠️ AAPL: no data (We have detected your API key as TJ36KWWPYCDOX90X and our standard API rate limit is 25 requests per day. Please subscribe to any of the premium plans at https://www.alphavantage.co/premium/ to instantly remove all daily rate limits.)","logger":"task.stdout"}
{"timestamp":"2025-11-05T19:58:01.531264Z","level":"info","event":"ℹ️  AAPL: 0 record → skip upload","logger":"task.stdout"}
{"timestamp":"2025-11-05T19:58:01.531526Z","level":"info","event":"⏳ sleep 25s between symbols…","logger":"task.stdout"}
{"timestamp":"2025-11-05T19:58:26.757975Z","level":"info","event":"⚠️ MSFT: no data (We have detected your API key as TJ36KWWPYCDOX90X and our standard API rate limit is 25 requests per day. Please subscribe to any of the premium plans at https://www.alphavantage.co/premium/ to instantly remove all daily rate limits.)","logger":"task.stdout"}
{"timestamp":"2025-11-05T19:58:26.758421Z","level":"info","event":"ℹ️  MSFT: 0 record → skip upload","logger":"task.stdout"}
{"timestamp":"2025-11-05T19:58:26.758720Z","level":"info","event":"⏳ sleep 23s between symbols…","logger":"task.stdout"}
{"timestamp":"2025-11-05T19:58:49.821221Z","level":"info","event":"⏳ Sleep 70s between batches…","logger":"task.stdout"}
{"timestamp":"2025-11-05T20:00:58.383866Z","level":"info","event":"","logger":"task.stdout"}
{"timestamp":"2025-11-05T20:00:58.384715Z","level":"info","event":"🔹 Batch 2/3: ['IBM', 'GOOGL']","logger":"task.stdout"}
{"timestamp":"2025-11-05T20:00:58.676617Z","level":"info","event":"⚠️ IBM: no data (We have detected your API key as TJ36KWWPYCDOX90X and our standard API rate limit is 25 requests per day. Please subscribe to any of the premium plans at https://www.alphavantage.co/premium/ to instantly remove all daily rate limits.)","logger":"task.stdout"}
{"timestamp":"2025-11-05T20:00:58.677188Z","level":"info","event":"ℹ️  IBM: 0 record → skip upload","logger":"task.stdout"}
{"timestamp":"2025-11-05T20:00:58.677464Z","level":"info","event":"⏳ sleep 23s between symbols…","logger":"task.stdout"}
{"timestamp":"2025-11-05T20:00:23.407381Z","level":"info","event":"⚠️ GOOGL: no data (We have detected your API key as TJ36KWWPYCDOX90X and our standard API rate limit is 25 requests per day. Please subscribe to any of the premium plans at https://www.alphavantage.co/premium/ to instantly remove all daily rate limits.)","logger":"task.stdout"}
{"timestamp":"2025-11-05T20:00:23.408491Z","level":"info","event":"ℹ️  GOOGL: 0 record → skip upload","logger":"task.stdout"}
{"timestamp":"2025-11-05T20:00:23.409407Z","level":"info","event":"⏳ sleep 25s between symbols…","logger":"task.stdout"}
{"timestamp":"2025-11-05T20:00:48.410533Z","level":"info","event":"⏳ Sleep 70s between batches…","logger":"task.stdout"}
{"timestamp":"2025-11-05T20:01:58.408750Z","level":"info","event":"","logger":"task.stdout"}
{"timestamp":"2025-11-05T20:01:58.409673Z","level":"info","event":"🔹 Batch 3/3: ['AMZN']","logger":"task.stdout"}
{"timestamp":"2025-11-05T20:01:58.701401Z","level":"info","event":"⚠️ AMZN: no data (We have detected your API key as TJ36KWWPYCDOX90X and our standard API rate limit is 25 requests per day. Please subscribe to any of the premium plans at https://www.alphavantage.co/premium/ to instantly remove all daily rate limits.)","logger":"task.stdout"}
{"timestamp":"2025-11-05T20:01:58.702221Z","level":"info","event":"ℹ️  AMZN: 0 record → skip upload","logger":"task.stdout"}
{"timestamp":"2025-11-05T20:01:58.702674Z","level":"info","event":"⏳ sleep 23s between symbols…","logger":"task.stdout"}
{"timestamp":"2025-11-05T20:02:21.708464Z","level":"info","event":"⏳ Sleep 70s between batches…","logger":"task.stdout"}
{"timestamp":"2025-11-05T20:03:31.699796Z","level":"info","event":"Done. Returned value was: None","logger":"airflow.task.operators.airflow.providers.standard.operators.python.PythonOperator","filename":"python.py","lineno":218}
