{"timestamp":"2025-11-16T10:22:43.522964Z","level":"info","event":"DAG bundles loaded: dags-folder","logger":"airflow.dag_processing.bundles.manager.DagBundlesManager","filename":"manager.py","lineno":179}
{"timestamp":"2025-11-16T10:22:43.524433Z","level":"info","event":"Filling up the DagBag from /opt/airflow/dags/finance_news_pipeline_v1.py","logger":"airflow.models.dagbag.DagBag","filename":"dagbag.py","lineno":593}
{"timestamp":"2025-11-16T10:22:43.918207Z","level":"info","event":"--> Symbol=AAPL | Last 36h (VN time) | from=2025-11-14T22:22:43.917986Z to=2025-11-16T10:22:43.917986Z","logger":"task.stdout"}
{"timestamp":"2025-11-16T10:22:43.919678Z","level":"info","event":"    Query: \"Apple\" OR \"AAPL\" OR \"iPhone\" OR \"Tim Cook\"","logger":"task.stdout"}
{"timestamp":"2025-11-16T10:22:44.702185Z","level":"info","event":"   • Trang 1: nhận 98 bài, thêm mới 98, totalResults=178","logger":"task.stdout"}
{"timestamp":"2025-11-16T10:22:44.789539Z","level":"info","event":"⬆️  Uploaded: s3://warehouse/bronze1/finance_news/date=2025-11-15/symbol=AAPL/from_0522_to_1722_ts_20251116T102244Z.json (93380 bytes)","logger":"task.stdout"}
{"timestamp":"2025-11-16T10:22:45.790014Z","level":"info","event":"--> Symbol=MSFT | Last 36h (VN time) | from=2025-11-14T22:22:45.789753Z to=2025-11-16T10:22:45.789753Z","logger":"task.stdout"}
{"timestamp":"2025-11-16T10:22:45.790505Z","level":"info","event":"    Query: \"Microsoft\" OR \"MSFT\" OR \"Azure\" OR \"Satya Nadella\"","logger":"task.stdout"}
{"timestamp":"2025-11-16T10:22:46.175951Z","level":"info","event":"   • Trang 1: nhận 65 bài, thêm mới 65, totalResults=65","logger":"task.stdout"}
{"timestamp":"2025-11-16T10:22:46.255503Z","level":"info","event":"⬆️  Uploaded: s3://warehouse/bronze1/finance_news/date=2025-11-15/symbol=MSFT/from_0522_to_1722_ts_20251116T102246Z.json (56181 bytes)","logger":"task.stdout"}
{"timestamp":"2025-11-16T10:22:47.256016Z","level":"info","event":"--> Symbol=IBM | Last 36h (VN time) | from=2025-11-14T22:22:47.255697Z to=2025-11-16T10:22:47.255697Z","logger":"task.stdout"}
{"timestamp":"2025-11-16T10:22:47.256616Z","level":"info","event":"    Query: \"IBM\"","logger":"task.stdout"}
{"timestamp":"2025-11-16T10:22:47.629474Z","level":"info","event":"   • Trang 1: nhận 5 bài, thêm mới 5, totalResults=5","logger":"task.stdout"}
{"timestamp":"2025-11-16T10:22:47.697407Z","level":"info","event":"⬆️  Uploaded: s3://warehouse/bronze1/finance_news/date=2025-11-15/symbol=IBM/from_0522_to_1722_ts_20251116T102247Z.json (4004 bytes)","logger":"task.stdout"}
{"timestamp":"2025-11-16T10:22:48.697751Z","level":"info","event":"--> Symbol=GOOGL | Last 36h (VN time) | from=2025-11-14T22:22:48.697544Z to=2025-11-16T10:22:48.697544Z","logger":"task.stdout"}
{"timestamp":"2025-11-16T10:22:48.698332Z","level":"info","event":"    Query: \"Google\" OR \"Alphabet\" OR \"GOOGL\" OR \"Sundar Pichai\"","logger":"task.stdout"}
{"timestamp":"2025-11-16T10:22:49.179122Z","level":"info","event":"   • Trang 1: nhận 98 bài, thêm mới 98, totalResults=363","logger":"task.stdout"}
{"timestamp":"2025-11-16T10:22:49.322665Z","level":"info","event":"⬆️  Uploaded: s3://warehouse/bronze1/finance_news/date=2025-11-15/symbol=GOOGL/from_0522_to_1722_ts_20251116T102249Z.json (85597 bytes)","logger":"task.stdout"}
{"timestamp":"2025-11-16T10:22:50.323057Z","level":"info","event":"--> Symbol=AMZN | Last 36h (VN time) | from=2025-11-14T22:22:50.322803Z to=2025-11-16T10:22:50.322803Z","logger":"task.stdout"}
{"timestamp":"2025-11-16T10:22:50.323653Z","level":"info","event":"    Query: \"Amazon\" OR \"AMZN\" OR \"AWS\" OR \"Andy Jassy\"","logger":"task.stdout"}
{"timestamp":"2025-11-16T10:22:50.756265Z","level":"info","event":"   • Trang 1: nhận 100 bài, thêm mới 100, totalResults=215","logger":"task.stdout"}
{"timestamp":"2025-11-16T10:22:52.112607Z","level":"info","event":"   ✗ Lỗi API: You have requested too many results. Developer accounts are limited to a max of 100 results. You are trying to request results 100 to 200. Please upgrade to a paid plan if you need more results.","logger":"task.stdout"}
{"timestamp":"2025-11-16T10:22:52.198445Z","level":"info","event":"⬆️  Uploaded: s3://warehouse/bronze1/finance_news/date=2025-11-15/symbol=AMZN/from_0522_to_1722_ts_20251116T102252Z.json (93043 bytes)","logger":"task.stdout"}
{"timestamp":"2025-11-16T10:22:53.198737Z","level":"info","event":"✅ Done window 36h cho các symbol ['AAPL', 'MSFT', 'IBM', 'GOOGL', 'AMZN']. Tổng số bài: 366","logger":"task.stdout"}
{"timestamp":"2025-11-16T10:22:53.199903Z","level":"info","event":"Done. Returned value was: 366","logger":"airflow.task.operators.airflow.providers.standard.operators.python.PythonOperator","filename":"python.py","lineno":218}
{"timestamp":"2025-11-16T10:22:53.200311Z","level":"info","event":"Pushing xcom","ti":"RuntimeTaskInstance(id=UUID('019a8c2e-2da5-76fc-865d-ba00c46819ec'), task_id='collect_finance_news_last_48h', dag_id='news1', run_id='manual__2025-11-16T10:20:27.911174+00:00', try_number=2, dag_version_id=UUID('019a8c2d-911a-751f-898b-87735cdf750c'), map_index=-1, hostname='e8feec7d62eb', context_carrier={}, task=<Task(PythonOperator): collect_finance_news_last_48h>, bundle_instance=LocalDagBundle(name=dags-folder), max_tries=10, start_date=datetime.datetime(2025, 11, 16, 10, 22, 43, 439718, tzinfo=datetime.timezone.utc), end_date=None, state=<TaskInstanceState.RUNNING: 'running'>, is_mapped=False, rendered_map_index=None)","logger":"task","filename":"task_runner.py","lineno":1352}
