{"timestamp":"2025-11-20T14:44:35.250545Z","level":"info","event":"DAG bundles loaded: dags-folder","logger":"airflow.dag_processing.bundles.manager.DagBundlesManager","filename":"manager.py","lineno":179}
{"timestamp":"2025-11-20T14:44:35.253345Z","level":"info","event":"Filling up the DagBag from /opt/airflow/dags/stock_intraday_pipeline.py","logger":"airflow.models.dagbag.DagBag","filename":"dagbag.py","lineno":593}
{"timestamp":"2025-11-20T14:44:35.552738Z","level":"info","event":"Collector start | interval=5min | batches=3","logger":"task.stdout"}
{"timestamp":"2025-11-20T14:44:35.553274Z","level":"info","event":"Batch 1/3: ['AAPL', 'MSFT']","logger":"task.stdout"}
{"timestamp":"2025-11-20T14:45:44.969471Z","level":"info","event":"AAPL: infer trading date = 2025-11-19","logger":"task.stdout"}
{"timestamp":"2025-11-20T14:45:44.970735Z","level":"info","event":"AAPL: fetched 100 records for 2025-11-19","logger":"task.stdout"}
{"timestamp":"2025-11-20T14:45:45.070711Z","level":"info","event":"uploaded s3://warehouse/bronze1/stocks_intraday/date_ny=2025-11-19/symbol=AAPL/ts_20251120T144544Z.json (25953 bytes)","logger":"task.stdout"}
{"timestamp":"2025-11-20T14:45:45.071465Z","level":"info","event":"AAPL: uploaded 100 recs","logger":"task.stdout"}
{"timestamp":"2025-11-20T14:44:59.979090Z","level":"info","event":"MSFT: infer trading date = 2025-11-19","logger":"task.stdout"}
{"timestamp":"2025-11-20T14:44:59.980394Z","level":"info","event":"MSFT: fetched 100 records for 2025-11-19","logger":"task.stdout"}
{"timestamp":"2025-11-20T14:45:00.118440Z","level":"info","event":"uploaded s3://warehouse/bronze1/stocks_intraday/date_ny=2025-11-19/symbol=MSFT/ts_20251120T144459Z.json (25983 bytes)","logger":"task.stdout"}
{"timestamp":"2025-11-20T14:45:00.118882Z","level":"info","event":"MSFT: uploaded 100 recs","logger":"task.stdout"}
{"timestamp":"2025-11-20T14:46:33.124014Z","level":"info","event":"Batch 2/3: ['META', 'GOOGL']","logger":"task.stdout"}
{"timestamp":"2025-11-20T14:46:33.641942Z","level":"info","event":"META: infer trading date = 2025-11-19","logger":"task.stdout"}
{"timestamp":"2025-11-20T14:46:33.643221Z","level":"info","event":"META: fetched 100 records for 2025-11-19","logger":"task.stdout"}
{"timestamp":"2025-11-20T14:46:33.716359Z","level":"info","event":"uploaded s3://warehouse/bronze1/stocks_intraday/date_ny=2025-11-19/symbol=META/ts_20251120T144633Z.json (25979 bytes)","logger":"task.stdout"}
{"timestamp":"2025-11-20T14:46:33.716891Z","level":"info","event":"META: uploaded 100 recs","logger":"task.stdout"}
{"timestamp":"2025-11-20T14:46:55.272636Z","level":"info","event":"GOOGL: infer trading date = 2025-11-19","logger":"task.stdout"}
{"timestamp":"2025-11-20T14:46:55.273888Z","level":"info","event":"GOOGL: fetched 100 records for 2025-11-19","logger":"task.stdout"}
{"timestamp":"2025-11-20T14:46:55.380971Z","level":"info","event":"uploaded s3://warehouse/bronze1/stocks_intraday/date_ny=2025-11-19/symbol=GOOGL/ts_20251120T144655Z.json (26103 bytes)","logger":"task.stdout"}
{"timestamp":"2025-11-20T14:46:55.381544Z","level":"info","event":"GOOGL: uploaded 100 recs","logger":"task.stdout"}
{"timestamp":"2025-11-20T14:49:34.991898Z","level":"info","event":"Batch 3/3: ['AMZN']","logger":"task.stdout"}
{"timestamp":"2025-11-20T14:49:35.539300Z","level":"info","event":"AMZN: infer trading date = 2025-11-19","logger":"task.stdout"}
{"timestamp":"2025-11-20T14:49:35.540507Z","level":"info","event":"AMZN: fetched 100 records for 2025-11-19","logger":"task.stdout"}
{"timestamp":"2025-11-20T14:49:35.625964Z","level":"info","event":"uploaded s3://warehouse/bronze1/stocks_intraday/date_ny=2025-11-19/symbol=AMZN/ts_20251120T144935Z.json (25982 bytes)","logger":"task.stdout"}
{"timestamp":"2025-11-20T14:49:35.626338Z","level":"info","event":"AMZN: uploaded 100 recs","logger":"task.stdout"}
{"timestamp":"2025-11-20T14:48:48.009417Z","level":"info","event":"Done. Returned value was: None","logger":"airflow.task.operators.airflow.providers.standard.operators.python.PythonOperator","filename":"python.py","lineno":218}
