{"timestamp":"2025-11-22T15:32:24.463249Z","level":"info","event":"DAG bundles loaded: dags-folder","logger":"airflow.dag_processing.bundles.manager.DagBundlesManager","filename":"manager.py","lineno":179}
{"timestamp":"2025-11-22T15:32:24.464364Z","level":"info","event":"Filling up the DagBag from /opt/airflow/dags/stock_intraday_pipeline.py","logger":"airflow.models.dagbag.DagBag","filename":"dagbag.py","lineno":593}
{"timestamp":"2025-11-22T15:32:24.830626Z","level":"info","event":"Collector start | interval=5min | batches=3","logger":"task.stdout"}
{"timestamp":"2025-11-22T15:32:24.831065Z","level":"info","event":"Batch 1/3: ['AAPL', 'MSFT']","logger":"task.stdout"}
{"timestamp":"2025-11-22T15:32:26.990360Z","level":"info","event":"AAPL: infer trading date = 2025-11-21","logger":"task.stdout"}
{"timestamp":"2025-11-22T15:32:26.991665Z","level":"info","event":"AAPL: fetched 100 records for 2025-11-21","logger":"task.stdout"}
{"timestamp":"2025-11-22T15:32:27.138826Z","level":"info","event":"uploaded s3://warehouse/bronze1/stocks_intraday/date_ny=2025-11-21/symbol=AAPL/ts_20251122T153226Z.json (25937 bytes)","logger":"task.stdout"}
{"timestamp":"2025-11-22T15:32:27.139241Z","level":"info","event":"AAPL: uploaded 100 recs","logger":"task.stdout"}
{"timestamp":"2025-11-22T15:32:49.699628Z","level":"info","event":"MSFT: infer trading date = 2025-11-21","logger":"task.stdout"}
{"timestamp":"2025-11-22T15:32:49.700796Z","level":"info","event":"MSFT: fetched 100 records for 2025-11-21","logger":"task.stdout"}
{"timestamp":"2025-11-22T15:32:49.890053Z","level":"info","event":"uploaded s3://warehouse/bronze1/stocks_intraday/date_ny=2025-11-21/symbol=MSFT/ts_20251122T153249Z.json (25944 bytes)","logger":"task.stdout"}
{"timestamp":"2025-11-22T15:32:49.891151Z","level":"info","event":"MSFT: uploaded 100 recs","logger":"task.stdout"}
{"timestamp":"2025-11-22T15:35:29.860255Z","level":"info","event":"Batch 2/3: ['META', 'GOOGL']","logger":"task.stdout"}
{"timestamp":"2025-11-22T15:34:21.238642Z","level":"info","event":"META: infer trading date = 2025-11-21","logger":"task.stdout"}
{"timestamp":"2025-11-22T15:34:21.300968Z","level":"info","event":"META: fetched 100 records for 2025-11-21","logger":"task.stdout"}
{"timestamp":"2025-11-22T15:34:21.342671Z","level":"info","event":"uploaded s3://warehouse/bronze1/stocks_intraday/date_ny=2025-11-21/symbol=META/ts_20251122T153421Z.json (25975 bytes)","logger":"task.stdout"}
{"timestamp":"2025-11-22T15:34:21.343100Z","level":"info","event":"META: uploaded 100 recs","logger":"task.stdout"}
{"timestamp":"2025-11-22T15:34:44.902304Z","level":"info","event":"GOOGL: infer trading date = 2025-11-21","logger":"task.stdout"}
{"timestamp":"2025-11-22T15:34:44.903842Z","level":"info","event":"GOOGL: fetched 100 records for 2025-11-21","logger":"task.stdout"}
{"timestamp":"2025-11-22T15:34:45.036816Z","level":"info","event":"uploaded s3://warehouse/bronze1/stocks_intraday/date_ny=2025-11-21/symbol=GOOGL/ts_20251122T153444Z.json (26057 bytes)","logger":"task.stdout"}
{"timestamp":"2025-11-22T15:34:45.037228Z","level":"info","event":"GOOGL: uploaded 100 recs","logger":"task.stdout"}
{"timestamp":"2025-11-22T15:37:25.010675Z","level":"info","event":"Batch 3/3: ['AMZN']","logger":"task.stdout"}
{"timestamp":"2025-11-22T15:36:16.635019Z","level":"info","event":"AMZN: infer trading date = 2025-11-21","logger":"task.stdout"}
{"timestamp":"2025-11-22T15:36:16.636456Z","level":"info","event":"AMZN: fetched 100 records for 2025-11-21","logger":"task.stdout"}
{"timestamp":"2025-11-22T15:36:16.727281Z","level":"info","event":"uploaded s3://warehouse/bronze1/stocks_intraday/date_ny=2025-11-21/symbol=AMZN/ts_20251122T153616Z.json (25982 bytes)","logger":"task.stdout"}
{"timestamp":"2025-11-22T15:36:16.727685Z","level":"info","event":"AMZN: uploaded 100 recs","logger":"task.stdout"}
{"timestamp":"2025-11-22T15:36:37.713759Z","level":"info","event":"Done. Returned value was: None","logger":"airflow.task.operators.airflow.providers.standard.operators.python.PythonOperator","filename":"python.py","lineno":218}
