{"timestamp":"2025-11-13T11:17:55.945869Z","level":"info","event":"DAG bundles loaded: dags-folder","logger":"airflow.dag_processing.bundles.manager.DagBundlesManager","filename":"manager.py","lineno":179}
{"timestamp":"2025-11-13T11:17:55.947902Z","level":"info","event":"Filling up the DagBag from /opt/airflow/dags/stock_intraday_pipeline.py","logger":"airflow.models.dagbag.DagBag","filename":"dagbag.py","lineno":593}
{"timestamp":"2025-11-13T11:17:56.187553Z","level":"info","event":"Collector start | interval=5min | batches=3","logger":"task.stdout"}
{"timestamp":"2025-11-13T11:17:56.188050Z","level":"info","event":"Batch 1/3: ['AAPL', 'MSFT']","logger":"task.stdout"}
{"timestamp":"2025-11-13T11:17:57.480317Z","level":"info","event":"AAPL: infer trading date = 2025-11-12","logger":"task.stdout"}
{"timestamp":"2025-11-13T11:17:57.483201Z","level":"info","event":"AAPL: fetched 100 records for 2025-11-12","logger":"task.stdout"}
{"timestamp":"2025-11-13T11:17:57.715409Z","level":"info","event":"uploaded s3://warehouse/bronze1/stocks_intraday/date_ny=2025-11-12/symbol=AAPL/ts_20251113T111757Z.json (25971 bytes)","logger":"task.stdout"}
{"timestamp":"2025-11-13T11:17:57.715840Z","level":"info","event":"AAPL: uploaded 100 recs","logger":"task.stdout"}
{"timestamp":"2025-11-13T11:18:20.257060Z","level":"info","event":"MSFT: infer trading date = 2025-11-12","logger":"task.stdout"}
{"timestamp":"2025-11-13T11:18:20.258209Z","level":"info","event":"MSFT: fetched 100 records for 2025-11-12","logger":"task.stdout"}
{"timestamp":"2025-11-13T11:18:20.374781Z","level":"info","event":"uploaded s3://warehouse/bronze1/stocks_intraday/date_ny=2025-11-12/symbol=MSFT/ts_20251113T111820Z.json (25971 bytes)","logger":"task.stdout"}
{"timestamp":"2025-11-13T11:18:20.375469Z","level":"info","event":"MSFT: uploaded 100 recs","logger":"task.stdout"}
{"timestamp":"2025-11-13T11:19:53.366440Z","level":"info","event":"Batch 2/3: ['IBM', 'GOOGL']","logger":"task.stdout"}
{"timestamp":"2025-11-13T11:19:53.903840Z","level":"info","event":"IBM: infer trading date = 2025-11-12","logger":"task.stdout"}
{"timestamp":"2025-11-13T11:19:53.905136Z","level":"info","event":"IBM: fetched 100 records for 2025-11-12","logger":"task.stdout"}
{"timestamp":"2025-11-13T11:19:54.002563Z","level":"info","event":"uploaded s3://warehouse/bronze1/stocks_intraday/date_ny=2025-11-12/symbol=IBM/ts_20251113T111953Z.json (25757 bytes)","logger":"task.stdout"}
{"timestamp":"2025-11-13T11:19:54.003252Z","level":"info","event":"IBM: uploaded 100 recs","logger":"task.stdout"}
{"timestamp":"2025-11-13T11:20:16.551543Z","level":"info","event":"GOOGL: infer trading date = 2025-11-12","logger":"task.stdout"}
{"timestamp":"2025-11-13T11:20:16.553031Z","level":"info","event":"GOOGL: fetched 100 records for 2025-11-12","logger":"task.stdout"}
{"timestamp":"2025-11-13T11:20:16.656503Z","level":"info","event":"uploaded s3://warehouse/bronze1/stocks_intraday/date_ny=2025-11-12/symbol=GOOGL/ts_20251113T112016Z.json (26039 bytes)","logger":"task.stdout"}
{"timestamp":"2025-11-13T11:20:16.657013Z","level":"info","event":"GOOGL: uploaded 100 recs","logger":"task.stdout"}
{"timestamp":"2025-11-13T11:21:49.654100Z","level":"info","event":"Batch 3/3: ['AMZN']","logger":"task.stdout"}
{"timestamp":"2025-11-13T11:21:50.183003Z","level":"info","event":"AMZN: infer trading date = 2025-11-12","logger":"task.stdout"}
{"timestamp":"2025-11-13T11:21:50.184259Z","level":"info","event":"AMZN: fetched 100 records for 2025-11-12","logger":"task.stdout"}
{"timestamp":"2025-11-13T11:21:50.379981Z","level":"info","event":"uploaded s3://warehouse/bronze1/stocks_intraday/date_ny=2025-11-12/symbol=AMZN/ts_20251113T112150Z.json (25988 bytes)","logger":"task.stdout"}
{"timestamp":"2025-11-13T11:21:50.381549Z","level":"info","event":"AMZN: uploaded 100 recs","logger":"task.stdout"}
{"timestamp":"2025-11-13T11:22:11.373156Z","level":"info","event":"Done. Returned value was: None","logger":"airflow.task.operators.airflow.providers.standard.operators.python.PythonOperator","filename":"python.py","lineno":218}
