{"timestamp":"2025-11-06T18:29:58.909626Z","level":"info","event":"DAG bundles loaded: dags-folder","logger":"airflow.dag_processing.bundles.manager.DagBundlesManager","filename":"manager.py","lineno":179}
{"timestamp":"2025-11-06T18:29:58.910716Z","level":"info","event":"Filling up the DagBag from /opt/airflow/dags/finance_news_pipeline.py","logger":"airflow.models.dagbag.DagBag","filename":"dagbag.py","lineno":593}
{"timestamp":"2025-11-06T18:29:59.218948Z","level":"info","event":"Sẽ lấy tin cho các ngày (trừ hôm nay 2025-11-07): ['2025-11-06', '2025-11-05', '2025-11-04', '2025-11-03', '2025-11-02']","logger":"task.stdout"}
{"timestamp":"2025-11-06T18:29:59.220374Z","level":"info","event":"","logger":"task.stdout"}
{"timestamp":"2025-11-06T18:29:59.224160Z","level":"info","event":"--> 2025-11-06 (VN time) | from=2025-11-05T17:00:00Z to=2025-11-06T16:59:59.999000Z","logger":"task.stdout"}
{"timestamp":"2025-11-06T18:29:59.923692Z","level":"info","event":"   • Trang 1: nhận 74 bài, thêm mới 74, totalResults=76","logger":"task.stdout"}
{"timestamp":"2025-11-06T18:30:00.017711Z","level":"info","event":"⬆️  Uploaded: s3://warehouse/bronze1/finance_news/date=2025-11-06/ts_20251106T182959Z.json (68476 bytes)","logger":"task.stdout"}
{"timestamp":"2025-11-06T18:30:01.018268Z","level":"info","event":"--> 2025-11-05 (VN time) | from=2025-11-04T17:00:00Z to=2025-11-05T16:59:59.999000Z","logger":"task.stdout"}
{"timestamp":"2025-11-06T18:30:01.334655Z","level":"info","event":"   • Trang 1: nhận 97 bài, thêm mới 97, totalResults=1242","logger":"task.stdout"}
{"timestamp":"2025-11-06T18:30:59.587514Z","level":"info","event":"⬆️  Uploaded: s3://warehouse/bronze1/finance_news/date=2025-11-05/ts_20251106T183001Z.json (88232 bytes)","logger":"task.stdout"}
{"timestamp":"2025-11-06T18:31:00.588056Z","level":"info","event":"--> 2025-11-04 (VN time) | from=2025-11-03T17:00:00Z to=2025-11-04T16:59:59.999000Z","logger":"task.stdout"}
{"timestamp":"2025-11-06T18:31:00.907117Z","level":"info","event":"   • Trang 1: nhận 98 bài, thêm mới 98, totalResults=1298","logger":"task.stdout"}
{"timestamp":"2025-11-06T18:31:00.978247Z","level":"info","event":"⬆️  Uploaded: s3://warehouse/bronze1/finance_news/date=2025-11-04/ts_20251106T183100Z.json (76636 bytes)","logger":"task.stdout"}
{"timestamp":"2025-11-06T18:31:01.978785Z","level":"info","event":"--> 2025-11-03 (VN time) | from=2025-11-02T17:00:00Z to=2025-11-03T16:59:59.999000Z","logger":"task.stdout"}
{"timestamp":"2025-11-06T18:31:02.300615Z","level":"info","event":"   • Trang 1: nhận 99 bài, thêm mới 99, totalResults=829","logger":"task.stdout"}
{"timestamp":"2025-11-06T18:31:02.369907Z","level":"info","event":"⬆️  Uploaded: s3://warehouse/bronze1/finance_news/date=2025-11-03/ts_20251106T183102Z.json (92288 bytes)","logger":"task.stdout"}
{"timestamp":"2025-11-06T18:31:03.370399Z","level":"info","event":"--> 2025-11-02 (VN time) | from=2025-11-01T17:00:00Z to=2025-11-02T16:59:59.999000Z","logger":"task.stdout"}
{"timestamp":"2025-11-06T18:31:03.802655Z","level":"info","event":"   • Trang 1: nhận 98 bài, thêm mới 98, totalResults=345","logger":"task.stdout"}
{"timestamp":"2025-11-06T18:31:03.879261Z","level":"info","event":"⬆️  Uploaded: s3://warehouse/bronze1/finance_news/date=2025-11-02/ts_20251106T183103Z.json (84416 bytes)","logger":"task.stdout"}
{"timestamp":"2025-11-06T18:31:04.879918Z","level":"info","event":"✅ Done. Tổng số bài: 466","logger":"task.stdout"}
{"timestamp":"2025-11-06T18:31:04.881590Z","level":"info","event":"Done. Returned value was: 466","logger":"airflow.task.operators.airflow.providers.standard.operators.python.PythonOperator","filename":"python.py","lineno":218}
{"timestamp":"2025-11-06T18:31:04.881947Z","level":"info","event":"Pushing xcom","ti":"RuntimeTaskInstance(id=UUID('019a5a6e-bc8f-7565-b7d4-188e26d2c3de'), task_id='collect_finance_news_to_minio', dag_id='newsapi_finance_pipeline', run_id='manual__2025-11-06T18:28:20.714133+00:00', try_number=2, dag_version_id=UUID('019a5a6a-c93c-74a7-aaee-9f7730aff28f'), map_index=-1, hostname='8da743b96098', context_carrier={}, task=<Task(PythonOperator): collect_finance_news_to_minio>, bundle_instance=LocalDagBundle(name=dags-folder), max_tries=1, start_date=datetime.datetime(2025, 11, 6, 18, 29, 58, 856492, tzinfo=datetime.timezone.utc), end_date=None, state=<TaskInstanceState.RUNNING: 'running'>, is_mapped=False, rendered_map_index=None)","logger":"task","filename":"task_runner.py","lineno":1352}
