{"timestamp":"2025-11-16T11:38:27.531451Z","level":"info","event":"DAG bundles loaded: dags-folder","logger":"airflow.dag_processing.bundles.manager.DagBundlesManager","filename":"manager.py","lineno":179}
{"timestamp":"2025-11-16T11:38:27.532611Z","level":"info","event":"Filling up the DagBag from /opt/airflow/dags/finance_news_pipeline.py","logger":"airflow.models.dagbag.DagBag","filename":"dagbag.py","lineno":593}
{"timestamp":"2025-11-16T11:38:30.133241Z","level":"info","event":"Bắt đầu thu thập tin tức cho 4 giờ qua...","logger":"task.stdout"}
{"timestamp":"2025-11-16T11:38:30.133773Z","level":"info","event":"--> Symbol=AAPL | Last 4h (VN time) | from=2025-11-16T07:38:30.133102Z to=2025-11-16T11:38:30.133102Z","logger":"task.stdout"}
{"timestamp":"2025-11-16T11:38:30.134252Z","level":"info","event":"    Query: (\"Apple\" OR \"AAPL\") AND (\"earnings\" OR \"revenue\" OR \"profit\" OR \"loss\" OR \"forecast\" OR \"guidance\" OR \"stock\" OR \"shares\" OR \"dividend\" OR \"buyback\" OR \"acquisition\" OR \"merger\" OR \"layoffs\" OR \"CFO\" OR \"SEC filing\" OR \"quarterly results\" OR \"analyst rating\" OR \"market cap\")","logger":"task.stdout"}
{"timestamp":"2025-11-16T11:38:31.709601Z","level":"info","event":"    • 0 bài","logger":"task.stdout"}
{"timestamp":"2025-11-16T11:38:31.709961Z","level":"info","event":"✓ Symbol AAPL không có tin mới, bỏ qua upload.","logger":"task.stdout"}
{"timestamp":"2025-11-16T11:38:32.709863Z","level":"info","event":"--> Symbol=MSFT | Last 4h (VN time) | from=2025-11-16T07:38:32.709643Z to=2025-11-16T11:38:32.709643Z","logger":"task.stdout"}
{"timestamp":"2025-11-16T11:38:32.710296Z","level":"info","event":"    Query: (\"Microsoft\" OR \"MSFT\") AND (\"earnings\" OR \"revenue\" OR \"profit\" OR \"loss\" OR \"forecast\" OR \"guidance\" OR \"stock\" OR \"shares\" OR \"dividend\" OR \"buyback\" OR \"acquisition\" OR \"merger\" OR \"layoffs\" OR \"CFO\" OR \"SEC filing\" OR \"quarterly results\" OR \"analyst rating\" OR \"market cap\")","logger":"task.stdout"}
{"timestamp":"2025-11-16T11:38:33.036988Z","level":"info","event":"    • 0 bài","logger":"task.stdout"}
{"timestamp":"2025-11-16T11:38:33.037360Z","level":"info","event":"✓ Symbol MSFT không có tin mới, bỏ qua upload.","logger":"task.stdout"}
{"timestamp":"2025-11-16T11:38:34.037230Z","level":"info","event":"--> Symbol=META | Last 4h (VN time) | from=2025-11-16T07:38:34.037007Z to=2025-11-16T11:38:34.037007Z","logger":"task.stdout"}
{"timestamp":"2025-11-16T11:38:34.037665Z","level":"info","event":"    Query: (\"Meta Platforms\" OR \"META\" OR \"Facebook\" OR \"Mark Zuckerberg\") AND (\"earnings\" OR \"revenue\" OR \"profit\" OR \"loss\" OR \"forecast\" OR \"guidance\" OR \"stock\" OR \"shares\" OR \"dividend\" OR \"buyback\" OR \"acquisition\" OR \"merger\" OR \"layoffs\" OR \"CFO\" OR \"SEC filing\" OR \"quarterly results\" OR \"analyst rating\" OR \"market cap\")","logger":"task.stdout"}
{"timestamp":"2025-11-16T11:38:34.366219Z","level":"info","event":"    • 0 bài","logger":"task.stdout"}
{"timestamp":"2025-11-16T11:38:34.366875Z","level":"info","event":"✓ Symbol META không có tin mới, bỏ qua upload.","logger":"task.stdout"}
{"timestamp":"2025-11-16T11:38:35.366585Z","level":"info","event":"--> Symbol=GOOGL | Last 4h (VN time) | from=2025-11-16T07:38:35.366306Z to=2025-11-16T11:38:35.366306Z","logger":"task.stdout"}
{"timestamp":"2025-11-16T11:38:35.367240Z","level":"info","event":"    Query: (\"Google\" OR \"Alphabet\" OR \"GOOGL\") AND (\"earnings\" OR \"revenue\" OR \"profit\" OR \"loss\" OR \"forecast\" OR \"guidance\" OR \"stock\" OR \"shares\" OR \"dividend\" OR \"buyback\" OR \"acquisition\" OR \"merger\" OR \"layoffs\" OR \"CFO\" OR \"SEC filing\" OR \"quarterly results\" OR \"analyst rating\" OR \"market cap\")","logger":"task.stdout"}
{"timestamp":"2025-11-16T11:38:35.692358Z","level":"info","event":"    • 0 bài","logger":"task.stdout"}
{"timestamp":"2025-11-16T11:38:35.692684Z","level":"info","event":"✓ Symbol GOOGL không có tin mới, bỏ qua upload.","logger":"task.stdout"}
{"timestamp":"2025-11-16T11:38:36.692665Z","level":"info","event":"--> Symbol=AMZN | Last 4h (VN time) | from=2025-11-16T07:38:36.692411Z to=2025-11-16T11:38:36.692411Z","logger":"task.stdout"}
{"timestamp":"2025-11-16T11:38:36.693111Z","level":"info","event":"    Query: (\"Amazon\" OR \"AMZN\" OR \"AWS\") AND (\"earnings\" OR \"revenue\" OR \"profit\" OR \"loss\" OR \"forecast\" OR \"guidance\" OR \"stock\" OR \"shares\" OR \"dividend\" OR \"buyback\" OR \"acquisition\" OR \"merger\" OR \"layoffs\" OR \"CFO\" OR \"SEC filing\" OR \"quarterly results\" OR \"analyst rating\" OR \"market cap\")","logger":"task.stdout"}
{"timestamp":"2025-11-16T11:38:37.021382Z","level":"info","event":"    • 0 bài","logger":"task.stdout"}
{"timestamp":"2025-11-16T11:38:37.021731Z","level":"info","event":"✓ Symbol AMZN không có tin mới, bỏ qua upload.","logger":"task.stdout"}
{"timestamp":"2025-11-16T11:38:38.021641Z","level":"info","event":"✅ Done window 4h cho các symbol ['AAPL', 'MSFT', 'META', 'GOOGL', 'AMZN']. Tổng số bài: 0","logger":"task.stdout"}
{"timestamp":"2025-11-16T11:38:38.023040Z","level":"info","event":"Done. Returned value was: 0","logger":"airflow.task.operators.airflow.providers.standard.operators.python.PythonOperator","filename":"python.py","lineno":218}
{"timestamp":"2025-11-16T11:38:38.023532Z","level":"info","event":"Pushing xcom","ti":"RuntimeTaskInstance(id=UUID('019a8c73-ff65-745e-ba7c-19855afafee0'), task_id='collect_finance_news_last_2h', dag_id='newsapi_finance_pipeline', run_id='manual__2025-11-16T11:36:43.601453+00:00', try_number=1, dag_version_id=UUID('019a8c6a-39d0-7865-bb42-ce78029f25a4'), map_index=-1, hostname='b104abbdf5a2', context_carrier={}, task=<Task(PythonOperator): collect_finance_news_last_2h>, bundle_instance=LocalDagBundle(name=dags-folder), max_tries=10, start_date=datetime.datetime(2025, 11, 16, 11, 38, 26, 2768, tzinfo=datetime.timezone.utc), end_date=None, state=<TaskInstanceState.RUNNING: 'running'>, is_mapped=False, rendered_map_index=None)","logger":"task","filename":"task_runner.py","lineno":1352}
