{"timestamp":"2025-11-06T12:25:36.234309Z","level":"info","event":"DAG bundles loaded: dags-folder","logger":"airflow.dag_processing.bundles.manager.DagBundlesManager","filename":"manager.py","lineno":179}
{"timestamp":"2025-11-06T12:25:36.235423Z","level":"info","event":"Filling up the DagBag from /opt/airflow/dags/stock_intraday_pipeline.py","logger":"airflow.models.dagbag.DagBag","filename":"dagbag.py","lineno":593}
{"timestamp":"2025-11-06T12:25:49.711340Z","level":"info","event":"🚀 Start AV collector | symbols=['AAPL', 'MSFT', 'IBM', 'GOOGL', 'AMZN'] | interval=5min | batches=3","logger":"task.stdout"}
{"timestamp":"2025-11-06T12:25:49.712960Z","level":"info","event":"","logger":"task.stdout"}
{"timestamp":"2025-11-06T12:25:49.713210Z","level":"info","event":"🔹 Batch 1/3: ['AAPL', 'MSFT']","logger":"task.stdout"}
{"timestamp":"2025-11-06T12:26:02.440204Z","level":"info","event":"⬆️  Uploaded: s3://warehouse/bronze1/stocks_intraday/symbol=AAPL/ts_20251106T122601Z.json  (659975 bytes)","logger":"task.stdout"}
{"timestamp":"2025-11-06T12:26:02.440664Z","level":"info","event":"✅ AAPL: uploaded 4224 records","logger":"task.stdout"}
{"timestamp":"2025-11-06T12:26:02.440943Z","level":"info","event":"⏳ sleep 22s between symbols…","logger":"task.stdout"}
{"timestamp":"2025-11-06T12:26:26.741954Z","level":"info","event":"⬆️  Uploaded: s3://warehouse/bronze1/stocks_intraday/symbol=MSFT/ts_20251106T122626Z.json  (657892 bytes)","logger":"task.stdout"}
{"timestamp":"2025-11-06T12:26:26.742512Z","level":"info","event":"✅ MSFT: uploaded 4224 records","logger":"task.stdout"}
{"timestamp":"2025-11-06T12:26:26.742852Z","level":"info","event":"⏳ sleep 23s between symbols…","logger":"task.stdout"}
{"timestamp":"2025-11-06T12:27:48.023811Z","level":"info","event":"⏳ Sleep 70s between batches…","logger":"task.stdout"}
{"timestamp":"2025-11-06T12:27:59.722861Z","level":"info","event":"","logger":"task.stdout"}
{"timestamp":"2025-11-06T12:27:59.723454Z","level":"info","event":"🔹 Batch 2/3: ['IBM', 'GOOGL']","logger":"task.stdout"}
{"timestamp":"2025-11-06T12:28:01.965638Z","level":"info","event":"⬆️  Uploaded: s3://warehouse/bronze1/stocks_intraday/symbol=IBM/ts_20251106T122801Z.json  (645889 bytes)","logger":"task.stdout"}
{"timestamp":"2025-11-06T12:28:01.966122Z","level":"info","event":"✅ IBM: uploaded 4197 records","logger":"task.stdout"}
{"timestamp":"2025-11-06T12:28:01.966305Z","level":"info","event":"⏳ sleep 23s between symbols…","logger":"task.stdout"}
{"timestamp":"2025-11-06T12:29:25.428442Z","level":"info","event":"⬆️  Uploaded: s3://warehouse/bronze1/stocks_intraday/symbol=GOOGL/ts_20251106T122925Z.json  (663328 bytes)","logger":"task.stdout"}
{"timestamp":"2025-11-06T12:29:25.429876Z","level":"info","event":"✅ GOOGL: uploaded 4224 records","logger":"task.stdout"}
{"timestamp":"2025-11-06T12:29:25.430684Z","level":"info","event":"⏳ sleep 23s between symbols…","logger":"task.stdout"}
{"timestamp":"2025-11-06T12:29:48.428019Z","level":"info","event":"⏳ Sleep 70s between batches…","logger":"task.stdout"}
{"timestamp":"2025-11-06T12:30:00.128822Z","level":"info","event":"","logger":"task.stdout"}
{"timestamp":"2025-11-06T12:30:00.130228Z","level":"info","event":"🔹 Batch 3/3: ['AMZN']","logger":"task.stdout"}
{"timestamp":"2025-11-06T12:31:00.543441Z","level":"info","event":"⬆️  Uploaded: s3://warehouse/bronze1/stocks_intraday/symbol=AMZN/ts_20251106T123002Z.json  (660893 bytes)","logger":"task.stdout"}
{"timestamp":"2025-11-06T12:31:00.543970Z","level":"info","event":"✅ AMZN: uploaded 4224 records","logger":"task.stdout"}
{"timestamp":"2025-11-06T12:31:00.544324Z","level":"info","event":"⏳ sleep 23s between symbols…","logger":"task.stdout"}
{"timestamp":"2025-11-06T12:31:23.543634Z","level":"info","event":"⏳ Sleep 70s between batches…","logger":"task.stdout"}
{"timestamp":"2025-11-06T12:31:35.240640Z","level":"info","event":"Done. Returned value was: None","logger":"airflow.task.operators.airflow.providers.standard.operators.python.PythonOperator","filename":"python.py","lineno":218}
{"timestamp":"2025-11-06T15:37:04.030599Z","level":"info","event":"DAG bundles loaded: dags-folder","logger":"airflow.dag_processing.bundles.manager.DagBundlesManager","filename":"manager.py","lineno":179}
{"timestamp":"2025-11-06T15:37:04.032397Z","level":"info","event":"Filling up the DagBag from /opt/airflow/dags/stock_intraday_pipeline.py","logger":"airflow.models.dagbag.DagBag","filename":"dagbag.py","lineno":593}
{"timestamp":"2025-11-06T15:37:04.296417Z","level":"info","event":"🚀 Start AV collector | symbols=['AAPL', 'MSFT', 'IBM', 'GOOGL', 'AMZN'] | interval=5min | batches=3","logger":"task.stdout"}
{"timestamp":"2025-11-06T15:37:04.296944Z","level":"info","event":"","logger":"task.stdout"}
{"timestamp":"2025-11-06T15:37:04.297225Z","level":"info","event":"🔹 Batch 1/3: ['AAPL', 'MSFT']","logger":"task.stdout"}
{"timestamp":"2025-11-06T15:37:06.752727Z","level":"info","event":"⬆️  Uploaded: s3://warehouse/bronze1/stocks_intraday/symbol=AAPL/ts_20251106T153706Z.json  (659975 bytes)","logger":"task.stdout"}
{"timestamp":"2025-11-06T15:37:06.753116Z","level":"info","event":"✅ AAPL: uploaded 4224 records","logger":"task.stdout"}
{"timestamp":"2025-11-06T15:37:06.753314Z","level":"info","event":"⏳ sleep 22s between symbols…","logger":"task.stdout"}
{"timestamp":"2025-11-06T17:36:08.431079Z","level":"info","event":"DAG bundles loaded: dags-folder","logger":"airflow.dag_processing.bundles.manager.DagBundlesManager","filename":"manager.py","lineno":179}
{"timestamp":"2025-11-06T17:36:08.432329Z","level":"info","event":"Filling up the DagBag from /opt/airflow/dags/stock_intraday_pipeline.py","logger":"airflow.models.dagbag.DagBag","filename":"dagbag.py","lineno":593}
{"timestamp":"2025-11-06T17:36:10.117122Z","level":"info","event":"🚀 Start AV collector | symbols=['AAPL', 'MSFT', 'IBM', 'GOOGL', 'AMZN'] | interval=5min | batches=3","logger":"task.stdout"}
{"timestamp":"2025-11-06T17:36:10.117596Z","level":"info","event":"","logger":"task.stdout"}
{"timestamp":"2025-11-06T17:36:10.117856Z","level":"info","event":"🔹 Batch 1/3: ['AAPL', 'MSFT']","logger":"task.stdout"}
{"timestamp":"2025-11-06T17:36:12.873261Z","level":"info","event":"⬆️  Uploaded: s3://warehouse/bronze1/stocks_intraday/symbol=AAPL/ts_20251106T173612Z.json  (659975 bytes)","logger":"task.stdout"}
{"timestamp":"2025-11-06T17:36:12.873805Z","level":"info","event":"✅ AAPL: uploaded 4224 records","logger":"task.stdout"}
{"timestamp":"2025-11-06T17:36:12.874061Z","level":"info","event":"⏳ sleep 24s between symbols…","logger":"task.stdout"}
{"timestamp":"2025-11-06T17:37:37.240315Z","level":"info","event":"⬆️  Uploaded: s3://warehouse/bronze1/stocks_intraday/symbol=MSFT/ts_20251106T173638Z.json  (657892 bytes)","logger":"task.stdout"}
{"timestamp":"2025-11-06T17:37:37.240701Z","level":"info","event":"✅ MSFT: uploaded 4224 records","logger":"task.stdout"}
{"timestamp":"2025-11-06T17:37:37.240860Z","level":"info","event":"⏳ sleep 22s between symbols…","logger":"task.stdout"}
{"timestamp":"2025-11-06T17:37:01.034431Z","level":"info","event":"⏳ Sleep 70s between batches…","logger":"task.stdout"}
{"timestamp":"2025-11-06T17:38:11.029580Z","level":"info","event":"","logger":"task.stdout"}
{"timestamp":"2025-11-06T17:38:11.029995Z","level":"info","event":"🔹 Batch 2/3: ['IBM', 'GOOGL']","logger":"task.stdout"}
{"timestamp":"2025-11-06T17:38:13.216153Z","level":"info","event":"⬆️  Uploaded: s3://warehouse/bronze1/stocks_intraday/symbol=IBM/ts_20251106T173813Z.json  (645889 bytes)","logger":"task.stdout"}
{"timestamp":"2025-11-06T17:38:13.216522Z","level":"info","event":"✅ IBM: uploaded 4197 records","logger":"task.stdout"}
{"timestamp":"2025-11-06T17:38:13.216721Z","level":"info","event":"⏳ sleep 24s between symbols…","logger":"task.stdout"}
{"timestamp":"2025-11-06T17:38:39.391045Z","level":"info","event":"⬆️  Uploaded: s3://warehouse/bronze1/stocks_intraday/symbol=GOOGL/ts_20251106T173839Z.json  (663328 bytes)","logger":"task.stdout"}
{"timestamp":"2025-11-06T17:38:39.391602Z","level":"info","event":"✅ GOOGL: uploaded 4224 records","logger":"task.stdout"}
{"timestamp":"2025-11-06T17:38:39.392902Z","level":"info","event":"⏳ sleep 25s between symbols…","logger":"task.stdout"}
{"timestamp":"2025-11-06T17:39:04.391387Z","level":"info","event":"⏳ Sleep 70s between batches…","logger":"task.stdout"}
{"timestamp":"2025-11-06T17:39:44.773802Z","level":"error","event":"Server indicated the task shouldn't be running anymore. Terminating process","detail":{"detail":{"reason":"not_found","message":"Task Instance not found"}},"logger":"task"}
{"timestamp":"2025-11-06T17:39:49.785291Z","level":"error","event":"Task killed!","logger":"task"}
{"timestamp":"2025-11-06T17:45:16.969859Z","level":"info","event":"DAG bundles loaded: dags-folder","logger":"airflow.dag_processing.bundles.manager.DagBundlesManager","filename":"manager.py","lineno":179}
{"timestamp":"2025-11-06T17:45:16.971234Z","level":"info","event":"Filling up the DagBag from /opt/airflow/dags/stock_intraday_pipeline.py","logger":"airflow.models.dagbag.DagBag","filename":"dagbag.py","lineno":593}
{"timestamp":"2025-11-06T17:45:17.498105Z","level":"info","event":"🚀 Start AV collector | symbols=['AAPL', 'MSFT', 'IBM', 'GOOGL', 'AMZN'] | interval=5min | batches=3","logger":"task.stdout"}
{"timestamp":"2025-11-06T17:45:17.498650Z","level":"info","event":"","logger":"task.stdout"}
{"timestamp":"2025-11-06T17:45:17.499156Z","level":"info","event":"🔹 Batch 1/3: ['AAPL', 'MSFT']","logger":"task.stdout"}
{"timestamp":"2025-11-06T17:45:21.328748Z","level":"info","event":"⬆️  Uploaded: s3://warehouse/bronze1/stocks_intraday/symbol=AAPL/ts_20251106T174521Z.json  (659975 bytes)","logger":"task.stdout"}
{"timestamp":"2025-11-06T17:45:21.329185Z","level":"info","event":"✅ AAPL: uploaded 4224 records","logger":"task.stdout"}
{"timestamp":"2025-11-06T17:45:21.329400Z","level":"info","event":"⏳ sleep 23s between symbols…","logger":"task.stdout"}
{"timestamp":"2025-11-06T17:45:46.189230Z","level":"info","event":"⬆️  Uploaded: s3://warehouse/bronze1/stocks_intraday/symbol=MSFT/ts_20251106T174546Z.json  (657892 bytes)","logger":"task.stdout"}
{"timestamp":"2025-11-06T17:45:46.189712Z","level":"info","event":"✅ MSFT: uploaded 4224 records","logger":"task.stdout"}
{"timestamp":"2025-11-06T17:45:46.189944Z","level":"info","event":"⏳ sleep 22s between symbols…","logger":"task.stdout"}
{"timestamp":"2025-11-06T17:46:08.189756Z","level":"info","event":"⏳ Sleep 70s between batches…","logger":"task.stdout"}
{"timestamp":"2025-11-06T17:47:18.177398Z","level":"info","event":"","logger":"task.stdout"}
{"timestamp":"2025-11-06T17:47:18.178022Z","level":"info","event":"🔹 Batch 2/3: ['IBM', 'GOOGL']","logger":"task.stdout"}
{"timestamp":"2025-11-06T17:47:20.864301Z","level":"info","event":"⬆️  Uploaded: s3://warehouse/bronze1/stocks_intraday/symbol=IBM/ts_20251106T174720Z.json  (645889 bytes)","logger":"task.stdout"}
{"timestamp":"2025-11-06T17:47:20.864758Z","level":"info","event":"✅ IBM: uploaded 4197 records","logger":"task.stdout"}
{"timestamp":"2025-11-06T17:47:20.904887Z","level":"info","event":"⏳ sleep 23s between symbols…","logger":"task.stdout"}
{"timestamp":"2025-11-06T17:47:45.953212Z","level":"info","event":"⬆️  Uploaded: s3://warehouse/bronze1/stocks_intraday/symbol=GOOGL/ts_20251106T174745Z.json  (663328 bytes)","logger":"task.stdout"}
{"timestamp":"2025-11-06T17:47:45.953763Z","level":"info","event":"✅ GOOGL: uploaded 4224 records","logger":"task.stdout"}
{"timestamp":"2025-11-06T17:47:45.954148Z","level":"info","event":"⏳ sleep 22s between symbols…","logger":"task.stdout"}
{"timestamp":"2025-11-06T17:49:06.165500Z","level":"info","event":"⏳ Sleep 70s between batches…","logger":"task.stdout"}
{"timestamp":"2025-11-06T17:49:17.942162Z","level":"info","event":"","logger":"task.stdout"}
{"timestamp":"2025-11-06T17:49:17.942720Z","level":"info","event":"🔹 Batch 3/3: ['AMZN']","logger":"task.stdout"}
{"timestamp":"2025-11-06T17:49:18.430998Z","level":"info","event":"⚠️ AMZN: no data (We have detected your API key as TJ36KWWPYCDOX90X and our standard API rate limit is 25 requests per day. Please subscribe to any of the premium plans at https://www.alphavantage.co/premium/ to instantly remove all daily rate limits.)","logger":"task.stdout"}
{"timestamp":"2025-11-06T17:49:18.432818Z","level":"info","event":"ℹ️  AMZN: 0 record → skip upload","logger":"task.stdout"}
{"timestamp":"2025-11-06T17:49:18.433747Z","level":"info","event":"⏳ sleep 24s between symbols…","logger":"task.stdout"}
{"timestamp":"2025-11-06T17:49:42.432475Z","level":"info","event":"⏳ Sleep 70s between batches…","logger":"task.stdout"}
{"timestamp":"2025-11-06T17:50:52.449538Z","level":"info","event":"Done. Returned value was: None","logger":"airflow.task.operators.airflow.providers.standard.operators.python.PythonOperator","filename":"python.py","lineno":218}
