{"timestamp":"2025-11-06T19:23:33.609047Z","level":"info","event":"DAG bundles loaded: dags-folder","logger":"airflow.dag_processing.bundles.manager.DagBundlesManager","filename":"manager.py","lineno":179}
{"timestamp":"2025-11-06T19:23:33.611972Z","level":"info","event":"Filling up the DagBag from /opt/airflow/dags/stock_intraday_pipeline.py","logger":"airflow.models.dagbag.DagBag","filename":"dagbag.py","lineno":593}
{"timestamp":"2025-11-06T19:23:36.146750Z","level":"info","event":"🚀 Start AV collector | symbols=['AAPL', 'MSFT', 'IBM', 'GOOGL', 'AMZN'] | interval=5min | batches=3","logger":"task.stdout"}
{"timestamp":"2025-11-06T19:23:36.147768Z","level":"info","event":"","logger":"task.stdout"}
{"timestamp":"2025-11-06T19:23:36.148368Z","level":"info","event":"🔹 Batch 1/3: ['AAPL', 'MSFT']","logger":"task.stdout"}
{"timestamp":"2025-11-06T19:23:38.599315Z","level":"info","event":"⬆️  Uploaded: s3://warehouse/bronze1/stocks_intraday/symbol=AAPL/ts_20251106T192338Z.json  (659975 bytes)","logger":"task.stdout"}
{"timestamp":"2025-11-06T19:23:38.600052Z","level":"info","event":"✅ AAPL: uploaded 4224 records","logger":"task.stdout"}
{"timestamp":"2025-11-06T19:23:38.600630Z","level":"info","event":"⏳ sleep 23s between symbols…","logger":"task.stdout"}
{"timestamp":"2025-11-06T19:24:03.392775Z","level":"info","event":"⬆️  Uploaded: s3://warehouse/bronze1/stocks_intraday/symbol=MSFT/ts_20251106T192403Z.json  (657892 bytes)","logger":"task.stdout"}
{"timestamp":"2025-11-06T19:24:03.393370Z","level":"info","event":"✅ MSFT: uploaded 4224 records","logger":"task.stdout"}
{"timestamp":"2025-11-06T19:24:03.393736Z","level":"info","event":"⏳ sleep 24s between symbols…","logger":"task.stdout"}
{"timestamp":"2025-11-06T19:24:27.404615Z","level":"info","event":"⏳ Sleep 70s between batches…","logger":"task.stdout"}
{"timestamp":"2025-11-06T19:25:37.393914Z","level":"info","event":"","logger":"task.stdout"}
{"timestamp":"2025-11-06T19:25:37.394518Z","level":"info","event":"🔹 Batch 2/3: ['IBM', 'GOOGL']","logger":"task.stdout"}
{"timestamp":"2025-11-06T19:25:39.735685Z","level":"info","event":"⬆️  Uploaded: s3://warehouse/bronze1/stocks_intraday/symbol=IBM/ts_20251106T192539Z.json  (645889 bytes)","logger":"task.stdout"}
{"timestamp":"2025-11-06T19:25:39.736113Z","level":"info","event":"✅ IBM: uploaded 4197 records","logger":"task.stdout"}
{"timestamp":"2025-11-06T19:25:39.736276Z","level":"info","event":"⏳ sleep 23s between symbols…","logger":"task.stdout"}
{"timestamp":"2025-11-06T19:26:05.444328Z","level":"info","event":"⬆️  Uploaded: s3://warehouse/bronze1/stocks_intraday/symbol=GOOGL/ts_20251106T192605Z.json  (663328 bytes)","logger":"task.stdout"}
{"timestamp":"2025-11-06T19:26:05.444898Z","level":"info","event":"✅ GOOGL: uploaded 4224 records","logger":"task.stdout"}
{"timestamp":"2025-11-06T19:26:05.445135Z","level":"info","event":"⏳ sleep 23s between symbols…","logger":"task.stdout"}
{"timestamp":"2025-11-06T19:26:28.443877Z","level":"info","event":"⏳ Sleep 70s between batches…","logger":"task.stdout"}
{"timestamp":"2025-11-06T19:27:38.435724Z","level":"info","event":"","logger":"task.stdout"}
{"timestamp":"2025-11-06T19:27:38.437204Z","level":"info","event":"🔹 Batch 3/3: ['AMZN']","logger":"task.stdout"}
{"timestamp":"2025-11-06T19:27:39.178430Z","level":"info","event":"⬆️  Uploaded: s3://warehouse/bronze1/stocks_intraday/symbol=AMZN/ts_20251106T192739Z.json  (660893 bytes)","logger":"task.stdout"}
{"timestamp":"2025-11-06T19:27:39.178886Z","level":"info","event":"✅ AMZN: uploaded 4224 records","logger":"task.stdout"}
{"timestamp":"2025-11-06T19:27:39.179065Z","level":"info","event":"⏳ sleep 24s between symbols…","logger":"task.stdout"}
{"timestamp":"2025-11-06T19:29:01.429953Z","level":"info","event":"⏳ Sleep 70s between batches…","logger":"task.stdout"}
{"timestamp":"2025-11-06T19:29:13.177482Z","level":"info","event":"Done. Returned value was: None","logger":"airflow.task.operators.airflow.providers.standard.operators.python.PythonOperator","filename":"python.py","lineno":218}
