{"timestamp":"2025-11-06T19:44:53.489065Z","level":"info","event":"DAG bundles loaded: dags-folder","logger":"airflow.dag_processing.bundles.manager.DagBundlesManager","filename":"manager.py","lineno":179}
{"timestamp":"2025-11-06T19:44:53.491973Z","level":"info","event":"Filling up the DagBag from /opt/airflow/dags/stock_intraday_pipeline.py","logger":"airflow.models.dagbag.DagBag","filename":"dagbag.py","lineno":593}
{"timestamp":"2025-11-06T19:44:54.091547Z","level":"info","event":"🚀 Start AV collector | symbols=['AAPL', 'MSFT', 'IBM', 'GOOGL', 'AMZN'] | interval=5min | batches=3","logger":"task.stdout"}
{"timestamp":"2025-11-06T19:44:54.092252Z","level":"info","event":"","logger":"task.stdout"}
{"timestamp":"2025-11-06T19:44:54.092696Z","level":"info","event":"🔹 Batch 1/3: ['AAPL', 'MSFT']","logger":"task.stdout"}
{"timestamp":"2025-11-06T19:44:57.929930Z","level":"info","event":"⬆️  Uploaded: s3://warehouse/bronze1/stocks_intraday/symbol=AAPL/ts_20251106T194457Z.json  (575495 bytes)","logger":"task.stdout"}
{"timestamp":"2025-11-06T19:44:57.930433Z","level":"info","event":"✅ AAPL: uploaded 4224 records","logger":"task.stdout"}
{"timestamp":"2025-11-06T19:44:57.930792Z","level":"info","event":"⏳ sleep 22s between symbols…","logger":"task.stdout"}
{"timestamp":"2025-11-06T19:45:22.685365Z","level":"info","event":"⬆️  Uploaded: s3://warehouse/bronze1/stocks_intraday/symbol=MSFT/ts_20251106T194522Z.json  (573412 bytes)","logger":"task.stdout"}
{"timestamp":"2025-11-06T19:45:22.685842Z","level":"info","event":"✅ MSFT: uploaded 4224 records","logger":"task.stdout"}
{"timestamp":"2025-11-06T19:45:22.686134Z","level":"info","event":"⏳ sleep 25s between symbols…","logger":"task.stdout"}
{"timestamp":"2025-11-06T19:45:47.687872Z","level":"info","event":"⏳ Sleep 70s between batches…","logger":"task.stdout"}
{"timestamp":"2025-11-06T19:47:00.263705Z","level":"info","event":"","logger":"task.stdout"}
{"timestamp":"2025-11-06T19:47:00.264284Z","level":"info","event":"🔹 Batch 2/3: ['IBM', 'GOOGL']","logger":"task.stdout"}
{"timestamp":"2025-11-06T19:47:00.448735Z","level":"info","event":"⬆️  Uploaded: s3://warehouse/bronze1/stocks_intraday/symbol=IBM/ts_20251106T194659Z.json  (561949 bytes)","logger":"task.stdout"}
{"timestamp":"2025-11-06T19:47:00.449286Z","level":"info","event":"✅ IBM: uploaded 4197 records","logger":"task.stdout"}
{"timestamp":"2025-11-06T19:47:00.449555Z","level":"info","event":"⏳ sleep 24s between symbols…","logger":"task.stdout"}
{"timestamp":"2025-11-06T19:47:26.489458Z","level":"info","event":"⬆️  Uploaded: s3://warehouse/bronze1/stocks_intraday/symbol=GOOGL/ts_20251106T194726Z.json  (578848 bytes)","logger":"task.stdout"}
{"timestamp":"2025-11-06T19:47:26.489923Z","level":"info","event":"✅ GOOGL: uploaded 4224 records","logger":"task.stdout"}
{"timestamp":"2025-11-06T19:47:26.490221Z","level":"info","event":"⏳ sleep 23s between symbols…","logger":"task.stdout"}
{"timestamp":"2025-11-06T19:47:49.497166Z","level":"info","event":"⏳ Sleep 70s between batches…","logger":"task.stdout"}
{"timestamp":"2025-11-06T19:48:59.489383Z","level":"info","event":"","logger":"task.stdout"}
{"timestamp":"2025-11-06T19:48:59.490053Z","level":"info","event":"🔹 Batch 3/3: ['AMZN']","logger":"task.stdout"}
{"timestamp":"2025-11-06T19:49:02.281810Z","level":"info","event":"⬆️  Uploaded: s3://warehouse/bronze1/stocks_intraday/symbol=AMZN/ts_20251106T194902Z.json  (576413 bytes)","logger":"task.stdout"}
{"timestamp":"2025-11-06T19:49:02.282264Z","level":"info","event":"✅ AMZN: uploaded 4224 records","logger":"task.stdout"}
{"timestamp":"2025-11-06T19:49:02.282495Z","level":"info","event":"⏳ sleep 22s between symbols…","logger":"task.stdout"}
{"timestamp":"2025-11-06T19:49:24.279711Z","level":"info","event":"⏳ Sleep 70s between batches…","logger":"task.stdout"}
{"timestamp":"2025-11-06T19:50:34.282577Z","level":"info","event":"Done. Returned value was: None","logger":"airflow.task.operators.airflow.providers.standard.operators.python.PythonOperator","filename":"python.py","lineno":218}
