{"timestamp":"2025-11-16T13:11:36.642717Z","level":"info","event":"DAG bundles loaded: dags-folder","logger":"airflow.dag_processing.bundles.manager.DagBundlesManager","filename":"manager.py","lineno":179}
{"timestamp":"2025-11-16T13:11:36.644471Z","level":"info","event":"Filling up the DagBag from /opt/airflow/dags/finance_news_pipeline.py","logger":"airflow.models.dagbag.DagBag","filename":"dagbag.py","lineno":593}
{"timestamp":"2025-11-16T13:11:39.126338Z","level":"info","event":"Bắt đầu thu thập tin tức cho 28 giờ qua...","logger":"task.stdout"}
{"timestamp":"2025-11-16T13:11:39.126925Z","level":"info","event":"--> Symbol=AAPL | Last 28h (VN time) | from=2025-11-15T09:11:39.126536Z to=2025-11-16T13:11:39.126536Z","logger":"task.stdout"}
{"timestamp":"2025-11-16T13:11:39.127333Z","level":"info","event":"    Query (Length: 430): (\"Apple\" OR \"AAPL\") AND (\"earnings\" OR \"revenue\" OR \"profit\" OR \"loss\" OR \"forecast\" OR \"stock\" OR \"shares\" OR \"dividend\" OR \"buyback\" OR \"analyst rating\" OR \"acquisition\" OR \"merger\" OR \"partnership\" OR \"layoffs\" OR \"restructuring\" OR \"lawsuit\" OR \"sued\" OR \"investigation\" OR \"SEC\" OR \"FTC\" OR \"antitrust\" OR \"regulatory\" OR \"security breach\" OR \"outage\" OR \"product launch\" OR \"unveils\" OR \"recalls\" OR \"CEO\" OR \"CFO\" OR \"CTO\")","logger":"task.stdout"}
{"timestamp":"2025-11-16T13:11:40.088243Z","level":"info","event":"    • Trang 1: nhận 30 bài, thêm mới 30, totalResults=31","logger":"task.stdout"}
{"timestamp":"2025-11-16T13:11:40.343118Z","level":"info","event":"⬆️  Uploaded: s3://warehouse/bronze1/finance_news/date=2025-11-15/symbol=AAPL/from_1611_to_2011_ts_20251116T131140Z.json (25890 bytes)","logger":"task.stdout"}
{"timestamp":"2025-11-16T13:12:46.489475Z","level":"info","event":"--> Symbol=MSFT | Last 28h (VN time) | from=2025-11-15T09:12:46.489119Z to=2025-11-16T13:12:46.489119Z","logger":"task.stdout"}
{"timestamp":"2025-11-16T13:12:46.490100Z","level":"info","event":"    Query (Length: 434): (\"Microsoft\" OR \"MSFT\") AND (\"earnings\" OR \"revenue\" OR \"profit\" OR \"loss\" OR \"forecast\" OR \"stock\" OR \"shares\" OR \"dividend\" OR \"buyback\" OR \"analyst rating\" OR \"acquisition\" OR \"merger\" OR \"partnership\" OR \"layoffs\" OR \"restructuring\" OR \"lawsuit\" OR \"sued\" OR \"investigation\" OR \"SEC\" OR \"FTC\" OR \"antitrust\" OR \"regulatory\" OR \"security breach\" OR \"outage\" OR \"product launch\" OR \"unveils\" OR \"recalls\" OR \"CEO\" OR \"CFO\" OR \"CTO\")","logger":"task.stdout"}
{"timestamp":"2025-11-16T13:11:41.699607Z","level":"info","event":"    • Trang 1: nhận 13 bài, thêm mới 13, totalResults=13","logger":"task.stdout"}
{"timestamp":"2025-11-16T13:11:41.779064Z","level":"info","event":"⬆️  Uploaded: s3://warehouse/bronze1/finance_news/date=2025-11-15/symbol=MSFT/from_1612_to_2012_ts_20251116T131141Z.json (13483 bytes)","logger":"task.stdout"}
{"timestamp":"2025-11-16T13:11:42.779576Z","level":"info","event":"--> Symbol=META | Last 28h (VN time) | from=2025-11-15T09:11:42.779318Z to=2025-11-16T13:11:42.779318Z","logger":"task.stdout"}
{"timestamp":"2025-11-16T13:11:42.780333Z","level":"info","event":"    Query (Length: 474): (\"Meta Platforms\" OR \"META\" OR \"Facebook\" OR \"Mark Zuckerberg\") AND (\"earnings\" OR \"revenue\" OR \"profit\" OR \"loss\" OR \"forecast\" OR \"stock\" OR \"shares\" OR \"dividend\" OR \"buyback\" OR \"analyst rating\" OR \"acquisition\" OR \"merger\" OR \"partnership\" OR \"layoffs\" OR \"restructuring\" OR \"lawsuit\" OR \"sued\" OR \"investigation\" OR \"SEC\" OR \"FTC\" OR \"antitrust\" OR \"regulatory\" OR \"security breach\" OR \"outage\" OR \"product launch\" OR \"unveils\" OR \"recalls\" OR \"CEO\" OR \"CFO\" OR \"CTO\")","logger":"task.stdout"}
{"timestamp":"2025-11-16T13:11:43.158360Z","level":"info","event":"    • Trang 1: nhận 32 bài, thêm mới 32, totalResults=33","logger":"task.stdout"}
{"timestamp":"2025-11-16T13:11:43.229986Z","level":"info","event":"⬆️  Uploaded: s3://warehouse/bronze1/finance_news/date=2025-11-15/symbol=META/from_1611_to_2011_ts_20251116T131143Z.json (32157 bytes)","logger":"task.stdout"}
{"timestamp":"2025-11-16T13:11:44.230371Z","level":"info","event":"--> Symbol=GOOGL | Last 28h (VN time) | from=2025-11-15T09:11:44.230148Z to=2025-11-16T13:11:44.230148Z","logger":"task.stdout"}
{"timestamp":"2025-11-16T13:11:44.230971Z","level":"info","event":"    Query (Length: 446): (\"Google\" OR \"Alphabet\" OR \"GOOGL\") AND (\"earnings\" OR \"revenue\" OR \"profit\" OR \"loss\" OR \"forecast\" OR \"stock\" OR \"shares\" OR \"dividend\" OR \"buyback\" OR \"analyst rating\" OR \"acquisition\" OR \"merger\" OR \"partnership\" OR \"layoffs\" OR \"restructuring\" OR \"lawsuit\" OR \"sued\" OR \"investigation\" OR \"SEC\" OR \"FTC\" OR \"antitrust\" OR \"regulatory\" OR \"security breach\" OR \"outage\" OR \"product launch\" OR \"unveils\" OR \"recalls\" OR \"CEO\" OR \"CFO\" OR \"CTO\")","logger":"task.stdout"}
{"timestamp":"2025-11-16T13:11:44.628799Z","level":"info","event":"    • Trang 1: nhận 42 bài, thêm mới 42, totalResults=42","logger":"task.stdout"}
{"timestamp":"2025-11-16T13:11:44.778992Z","level":"info","event":"⬆️  Uploaded: s3://warehouse/bronze1/finance_news/date=2025-11-15/symbol=GOOGL/from_1611_to_2011_ts_20251116T131144Z.json (41072 bytes)","logger":"task.stdout"}
{"timestamp":"2025-11-16T13:11:45.779466Z","level":"info","event":"--> Symbol=AMZN | Last 28h (VN time) | from=2025-11-15T09:11:45.779195Z to=2025-11-16T13:11:45.779195Z","logger":"task.stdout"}
{"timestamp":"2025-11-16T13:11:45.779898Z","level":"info","event":"    Query (Length: 440): (\"Amazon\" OR \"AMZN\" OR \"AWS\") AND (\"earnings\" OR \"revenue\" OR \"profit\" OR \"loss\" OR \"forecast\" OR \"stock\" OR \"shares\" OR \"dividend\" OR \"buyback\" OR \"analyst rating\" OR \"acquisition\" OR \"merger\" OR \"partnership\" OR \"layoffs\" OR \"restructuring\" OR \"lawsuit\" OR \"sued\" OR \"investigation\" OR \"SEC\" OR \"FTC\" OR \"antitrust\" OR \"regulatory\" OR \"security breach\" OR \"outage\" OR \"product launch\" OR \"unveils\" OR \"recalls\" OR \"CEO\" OR \"CFO\" OR \"CTO\")","logger":"task.stdout"}
{"timestamp":"2025-11-16T13:11:46.144133Z","level":"info","event":"    • Trang 1: nhận 20 bài, thêm mới 20, totalResults=20","logger":"task.stdout"}
{"timestamp":"2025-11-16T13:12:51.373404Z","level":"info","event":"⬆️  Uploaded: s3://warehouse/bronze1/finance_news/date=2025-11-15/symbol=AMZN/from_1611_to_2011_ts_20251116T131146Z.json (19645 bytes)","logger":"task.stdout"}
{"timestamp":"2025-11-16T13:11:47.228071Z","level":"info","event":"✅ Done window 28h cho các symbol ['AAPL', 'MSFT', 'META', 'GOOGL', 'AMZN']. Tổng số bài: 137","logger":"task.stdout"}
{"timestamp":"2025-11-16T13:11:47.229327Z","level":"info","event":"Done. Returned value was: 137","logger":"airflow.task.operators.airflow.providers.standard.operators.python.PythonOperator","filename":"python.py","lineno":218}
{"timestamp":"2025-11-16T13:11:47.229711Z","level":"info","event":"Pushing xcom","ti":"RuntimeTaskInstance(id=UUID('019a8cc8-74e0-7d9f-9b27-e58439476aa9'), task_id='collect_finance_news_last_2h', dag_id='newsapi_finance_pipeline', run_id='manual__2025-11-16T13:08:58.705219+00:00', try_number=2, dag_version_id=UUID('019a8cb3-e70d-7ccf-b442-5bbf0d505d43'), map_index=-1, hostname='41e3c8fc6a4d', context_carrier={}, task=<Task(PythonOperator): collect_finance_news_last_2h>, bundle_instance=LocalDagBundle(name=dags-folder), max_tries=10, start_date=datetime.datetime(2025, 11, 16, 13, 11, 36, 555412, tzinfo=datetime.timezone.utc), end_date=None, state=<TaskInstanceState.RUNNING: 'running'>, is_mapped=False, rendered_map_index=None)","logger":"task","filename":"task_runner.py","lineno":1352}
