{"timestamp":"2025-11-14T18:28:04.394564Z","level":"info","event":"DAG bundles loaded: dags-folder","logger":"airflow.dag_processing.bundles.manager.DagBundlesManager","filename":"manager.py","lineno":179}
{"timestamp":"2025-11-14T18:28:04.396504Z","level":"info","event":"Filling up the DagBag from /opt/airflow/dags/stock_intraday_pipeline.py","logger":"airflow.models.dagbag.DagBag","filename":"dagbag.py","lineno":593}
{"timestamp":"2025-11-14T18:27:02.197045Z","level":"info","event":"Collector start | interval=5min | batches=3","logger":"task.stdout"}
{"timestamp":"2025-11-14T18:27:02.197477Z","level":"info","event":"Batch 1/3: ['AAPL', 'MSFT']","logger":"task.stdout"}
{"timestamp":"2025-11-14T18:27:04.963327Z","level":"info","event":"AAPL: infer trading date = 2025-11-13","logger":"task.stdout"}
{"timestamp":"2025-11-14T18:27:04.964506Z","level":"info","event":"AAPL: fetched 100 records for 2025-11-13","logger":"task.stdout"}
{"timestamp":"2025-11-14T18:27:05.041434Z","level":"info","event":"uploaded s3://warehouse/bronze1/stocks_intraday/date_ny=2025-11-13/symbol=AAPL/ts_20251114T182704Z.json (25961 bytes)","logger":"task.stdout"}
{"timestamp":"2025-11-14T18:27:05.041827Z","level":"info","event":"AAPL: uploaded 100 recs","logger":"task.stdout"}
{"timestamp":"2025-11-14T18:27:28.798126Z","level":"info","event":"MSFT: infer trading date = 2025-11-13","logger":"task.stdout"}
{"timestamp":"2025-11-14T18:27:28.799425Z","level":"info","event":"MSFT: fetched 100 records for 2025-11-13","logger":"task.stdout"}
{"timestamp":"2025-11-14T18:27:28.927067Z","level":"info","event":"uploaded s3://warehouse/bronze1/stocks_intraday/date_ny=2025-11-13/symbol=MSFT/ts_20251114T182728Z.json (25955 bytes)","logger":"task.stdout"}
{"timestamp":"2025-11-14T18:27:28.927516Z","level":"info","event":"MSFT: uploaded 100 recs","logger":"task.stdout"}
{"timestamp":"2025-11-14T18:29:00.946239Z","level":"info","event":"Batch 2/3: ['IBM', 'GOOGL']","logger":"task.stdout"}
{"timestamp":"2025-11-14T18:29:01.469354Z","level":"info","event":"IBM: infer trading date = 2025-11-13","logger":"task.stdout"}
{"timestamp":"2025-11-14T18:29:01.472917Z","level":"info","event":"IBM: fetched 100 records for 2025-11-13","logger":"task.stdout"}
{"timestamp":"2025-11-14T18:29:01.543800Z","level":"info","event":"uploaded s3://warehouse/bronze1/stocks_intraday/date_ny=2025-11-13/symbol=IBM/ts_20251114T182901Z.json (25772 bytes)","logger":"task.stdout"}
{"timestamp":"2025-11-14T18:29:01.545083Z","level":"info","event":"IBM: uploaded 100 recs","logger":"task.stdout"}
{"timestamp":"2025-11-14T18:29:25.292903Z","level":"info","event":"GOOGL: infer trading date = 2025-11-13","logger":"task.stdout"}
{"timestamp":"2025-11-14T18:29:25.294291Z","level":"info","event":"GOOGL: fetched 100 records for 2025-11-13","logger":"task.stdout"}
{"timestamp":"2025-11-14T18:29:25.364798Z","level":"info","event":"uploaded s3://warehouse/bronze1/stocks_intraday/date_ny=2025-11-13/symbol=GOOGL/ts_20251114T182925Z.json (26053 bytes)","logger":"task.stdout"}
{"timestamp":"2025-11-14T18:29:25.365258Z","level":"info","event":"GOOGL: uploaded 100 recs","logger":"task.stdout"}
{"timestamp":"2025-11-14T18:30:58.374299Z","level":"info","event":"Batch 3/3: ['AMZN']","logger":"task.stdout"}
{"timestamp":"2025-11-14T18:30:59.430249Z","level":"info","event":"AMZN: infer trading date = 2025-11-13","logger":"task.stdout"}
{"timestamp":"2025-11-14T18:30:59.431546Z","level":"info","event":"AMZN: fetched 100 records for 2025-11-13","logger":"task.stdout"}
{"timestamp":"2025-11-14T18:30:59.490185Z","level":"info","event":"uploaded s3://warehouse/bronze1/stocks_intraday/date_ny=2025-11-13/symbol=AMZN/ts_20251114T183059Z.json (25967 bytes)","logger":"task.stdout"}
{"timestamp":"2025-11-14T18:30:59.490467Z","level":"info","event":"AMZN: uploaded 100 recs","logger":"task.stdout"}
{"timestamp":"2025-11-14T18:31:21.492551Z","level":"info","event":"Done. Returned value was: None","logger":"airflow.task.operators.airflow.providers.standard.operators.python.PythonOperator","filename":"python.py","lineno":218}
