{"timestamp":"2025-11-21T14:10:29.688602Z","level":"info","event":"DAG bundles loaded: dags-folder","logger":"airflow.dag_processing.bundles.manager.DagBundlesManager","filename":"manager.py","lineno":179}
{"timestamp":"2025-11-21T14:10:29.690322Z","level":"info","event":"Filling up the DagBag from /opt/airflow/dags/stock_intraday_pipeline.py","logger":"airflow.models.dagbag.DagBag","filename":"dagbag.py","lineno":593}
{"timestamp":"2025-11-21T14:10:31.386681Z","level":"info","event":"Collector start | interval=5min | batches=3","logger":"task.stdout"}
{"timestamp":"2025-11-21T14:10:31.387327Z","level":"info","event":"Batch 1/3: ['AAPL', 'MSFT']","logger":"task.stdout"}
{"timestamp":"2025-11-21T14:10:32.556200Z","level":"info","event":"AAPL: infer trading date = 2025-11-20","logger":"task.stdout"}
{"timestamp":"2025-11-21T14:10:32.557379Z","level":"info","event":"AAPL: fetched 100 records for 2025-11-20","logger":"task.stdout"}
{"timestamp":"2025-11-21T14:10:32.796093Z","level":"info","event":"uploaded s3://warehouse/bronze1/stocks_intraday/date_ny=2025-11-20/symbol=AAPL/ts_20251121T141032Z.json (25927 bytes)","logger":"task.stdout"}
{"timestamp":"2025-11-21T14:10:32.796585Z","level":"info","event":"AAPL: uploaded 100 recs","logger":"task.stdout"}
{"timestamp":"2025-11-21T14:10:56.330028Z","level":"info","event":"MSFT: infer trading date = 2025-11-20","logger":"task.stdout"}
{"timestamp":"2025-11-21T14:10:56.331367Z","level":"info","event":"MSFT: fetched 100 records for 2025-11-20","logger":"task.stdout"}
{"timestamp":"2025-11-21T14:10:56.409172Z","level":"info","event":"uploaded s3://warehouse/bronze1/stocks_intraday/date_ny=2025-11-20/symbol=MSFT/ts_20251121T141056Z.json (25971 bytes)","logger":"task.stdout"}
{"timestamp":"2025-11-21T14:10:56.409802Z","level":"info","event":"MSFT: uploaded 100 recs","logger":"task.stdout"}
{"timestamp":"2025-11-21T14:12:27.395890Z","level":"info","event":"Batch 2/3: ['META', 'GOOGL']","logger":"task.stdout"}
{"timestamp":"2025-11-21T14:12:27.936367Z","level":"info","event":"META: infer trading date = 2025-11-20","logger":"task.stdout"}
{"timestamp":"2025-11-21T14:12:27.938328Z","level":"info","event":"META: fetched 100 records for 2025-11-20","logger":"task.stdout"}
{"timestamp":"2025-11-21T14:12:28.017206Z","level":"info","event":"uploaded s3://warehouse/bronze1/stocks_intraday/date_ny=2025-11-20/symbol=META/ts_20251121T141227Z.json (25940 bytes)","logger":"task.stdout"}
{"timestamp":"2025-11-21T14:12:28.017746Z","level":"info","event":"META: uploaded 100 recs","logger":"task.stdout"}
{"timestamp":"2025-11-21T14:12:51.742118Z","level":"info","event":"GOOGL: infer trading date = 2025-11-20","logger":"task.stdout"}
{"timestamp":"2025-11-21T14:12:51.743404Z","level":"info","event":"GOOGL: fetched 100 records for 2025-11-20","logger":"task.stdout"}
{"timestamp":"2025-11-21T14:12:51.810345Z","level":"info","event":"uploaded s3://warehouse/bronze1/stocks_intraday/date_ny=2025-11-20/symbol=GOOGL/ts_20251121T141251Z.json (26059 bytes)","logger":"task.stdout"}
{"timestamp":"2025-11-21T14:12:51.810862Z","level":"info","event":"GOOGL: uploaded 100 recs","logger":"task.stdout"}
{"timestamp":"2025-11-21T14:14:24.811740Z","level":"info","event":"Batch 3/3: ['AMZN']","logger":"task.stdout"}
{"timestamp":"2025-11-21T14:14:25.342201Z","level":"info","event":"AMZN: infer trading date = 2025-11-20","logger":"task.stdout"}
{"timestamp":"2025-11-21T14:14:25.343825Z","level":"info","event":"AMZN: fetched 100 records for 2025-11-20","logger":"task.stdout"}
{"timestamp":"2025-11-21T14:14:25.431957Z","level":"info","event":"uploaded s3://warehouse/bronze1/stocks_intraday/date_ny=2025-11-20/symbol=AMZN/ts_20251121T141425Z.json (25969 bytes)","logger":"task.stdout"}
{"timestamp":"2025-11-21T14:14:25.432457Z","level":"info","event":"AMZN: uploaded 100 recs","logger":"task.stdout"}
{"timestamp":"2025-11-21T14:14:48.445233Z","level":"info","event":"Done. Returned value was: None","logger":"airflow.task.operators.airflow.providers.standard.operators.python.PythonOperator","filename":"python.py","lineno":218}
