{"timestamp":"2025-11-06T15:47:46.223953Z","level":"info","event":"DAG bundles loaded: dags-folder","logger":"airflow.dag_processing.bundles.manager.DagBundlesManager","filename":"manager.py","lineno":179}
{"timestamp":"2025-11-06T15:47:46.225148Z","level":"info","event":"Filling up the DagBag from /opt/airflow/dags/finance_news_pipeline.py","logger":"airflow.models.dagbag.DagBag","filename":"dagbag.py","lineno":593}
{"timestamp":"2025-11-06T15:47:46.396102Z","level":"info","event":"Sẽ lấy tin cho các ngày (trừ hôm nay 2025-11-06): ['2025-11-05', '2025-11-04', '2025-11-03', '2025-11-02', '2025-11-01', '2025-10-31', '2025-10-30', '2025-10-29', '2025-10-28', '2025-10-27']","logger":"task.stdout"}
{"timestamp":"2025-11-06T15:47:46.397571Z","level":"info","event":"","logger":"task.stdout"}
{"timestamp":"2025-11-06T15:47:46.401100Z","level":"info","event":"--> 2025-11-05 (VN time) | from=2025-11-04T17:00:00Z to=2025-11-05T16:59:59.999000Z","logger":"task.stdout"}
{"timestamp":"2025-11-06T15:47:49.602403Z","level":"info","event":"   • Trang 1: nhận 98 bài, thêm mới 98, totalResults=1168","logger":"task.stdout"}
{"timestamp":"2025-11-06T15:47:49.677505Z","level":"info","event":"⬆️  Uploaded: s3://warehouse/bronze1/newsapi/date=2025-11-05/ts_20251106T154749Z.json (88679 bytes)","logger":"task.stdout"}
{"timestamp":"2025-11-06T15:47:50.678048Z","level":"info","event":"--> 2025-11-04 (VN time) | from=2025-11-03T17:00:00Z to=2025-11-04T16:59:59.999000Z","logger":"task.stdout"}
{"timestamp":"2025-11-06T15:47:51.907710Z","level":"info","event":"   • Trang 1: nhận 98 bài, thêm mới 98, totalResults=1298","logger":"task.stdout"}
{"timestamp":"2025-11-06T15:47:52.019033Z","level":"info","event":"⬆️  Uploaded: s3://warehouse/bronze1/newsapi/date=2025-11-04/ts_20251106T154751Z.json (76636 bytes)","logger":"task.stdout"}
{"timestamp":"2025-11-06T15:47:53.019555Z","level":"info","event":"--> 2025-11-03 (VN time) | from=2025-11-02T17:00:00Z to=2025-11-03T16:59:59.999000Z","logger":"task.stdout"}
{"timestamp":"2025-11-06T15:47:54.172915Z","level":"info","event":"   • Trang 1: nhận 99 bài, thêm mới 99, totalResults=829","logger":"task.stdout"}
{"timestamp":"2025-11-06T15:47:54.259730Z","level":"info","event":"⬆️  Uploaded: s3://warehouse/bronze1/newsapi/date=2025-11-03/ts_20251106T154754Z.json (92288 bytes)","logger":"task.stdout"}
{"timestamp":"2025-11-06T15:47:55.260145Z","level":"info","event":"--> 2025-11-02 (VN time) | from=2025-11-01T17:00:00Z to=2025-11-02T16:59:59.999000Z","logger":"task.stdout"}
{"timestamp":"2025-11-06T15:47:56.508673Z","level":"info","event":"   • Trang 1: nhận 98 bài, thêm mới 98, totalResults=345","logger":"task.stdout"}
{"timestamp":"2025-11-06T15:47:56.610484Z","level":"info","event":"⬆️  Uploaded: s3://warehouse/bronze1/newsapi/date=2025-11-02/ts_20251106T154756Z.json (84416 bytes)","logger":"task.stdout"}
{"timestamp":"2025-11-06T15:47:57.610876Z","level":"info","event":"--> 2025-11-01 (VN time) | from=2025-10-31T17:00:00Z to=2025-11-01T16:59:59.999000Z","logger":"task.stdout"}
{"timestamp":"2025-11-06T15:47:58.289057Z","level":"info","event":"   • Trang 1: nhận 99 bài, thêm mới 99, totalResults=504","logger":"task.stdout"}
{"timestamp":"2025-11-06T15:47:58.393628Z","level":"info","event":"⬆️  Uploaded: s3://warehouse/bronze1/newsapi/date=2025-11-01/ts_20251106T154758Z.json (92938 bytes)","logger":"task.stdout"}
{"timestamp":"2025-11-06T15:47:59.394174Z","level":"info","event":"--> 2025-10-31 (VN time) | from=2025-10-30T17:00:00Z to=2025-10-31T16:59:59.999000Z","logger":"task.stdout"}
{"timestamp":"2025-11-06T15:48:00.370371Z","level":"info","event":"   • Trang 1: nhận 97 bài, thêm mới 97, totalResults=1068","logger":"task.stdout"}
{"timestamp":"2025-11-06T15:48:00.452107Z","level":"info","event":"⬆️  Uploaded: s3://warehouse/bronze1/newsapi/date=2025-10-31/ts_20251106T154800Z.json (86448 bytes)","logger":"task.stdout"}
{"timestamp":"2025-11-06T15:47:03.289175Z","level":"info","event":"--> 2025-10-30 (VN time) | from=2025-10-29T17:00:00Z to=2025-10-30T16:59:59.999000Z","logger":"task.stdout"}
{"timestamp":"2025-11-06T15:47:03.719299Z","level":"info","event":"   • Trang 1: nhận 99 bài, thêm mới 99, totalResults=1440","logger":"task.stdout"}
{"timestamp":"2025-11-06T15:47:03.797160Z","level":"info","event":"⬆️  Uploaded: s3://warehouse/bronze1/newsapi/date=2025-10-30/ts_20251106T154703Z.json (90608 bytes)","logger":"task.stdout"}
{"timestamp":"2025-11-06T15:47:04.797646Z","level":"info","event":"--> 2025-10-29 (VN time) | from=2025-10-28T17:00:00Z to=2025-10-29T16:59:59.999000Z","logger":"task.stdout"}
