{"timestamp":"2025-11-16T11:39:00.891271Z","level":"info","event":"DAG bundles loaded: dags-folder","logger":"airflow.dag_processing.bundles.manager.DagBundlesManager","filename":"manager.py","lineno":179}
{"timestamp":"2025-11-16T11:39:00.892966Z","level":"info","event":"Filling up the DagBag from /opt/airflow/dags/official_coin_pipeline.py","logger":"airflow.models.dagbag.DagBag","filename":"dagbag.py","lineno":593}
{"timestamp":"2025-11-16T11:39:01.002930Z","level":"info","event":"Tmp dir root location: /tmp","logger":"airflow.task.hooks.airflow.providers.standard.hooks.subprocess.SubprocessHook","filename":"subprocess.py","lineno":78}
{"timestamp":"2025-11-16T11:39:01.004565Z","level":"info","event":"Running command: ['/usr/bin/bash', '-c', 'docker exec delta-spark bash -lc \"spark-submit --master local[*] --packages io.delta:delta-spark_2.13:4.0.0,org.apache.hadoop:hadoop-aws:3.4.1 --conf spark.hadoop.fs.s3a.endpoint=http://minio:9000 --conf spark.hadoop.fs.s3a.access.key=admin --conf spark.hadoop.fs.s3a.secret.key=password --conf spark.hadoop.fs.s3a.path.style.access=true --conf spark.hadoop.fs.s3a.impl=org.apache.hadoop.fs.s3a.S3AFileSystem --conf spark.hadoop.fs.s3a.connection.ssl.enabled=false --conf spark.sql.warehouse.dir=s3a://warehouse/ --conf spark.sql.catalogImplementation=hive --conf spark.hadoop.hive.metastore.uris=thrift://hive-metastore:9083 --conf spark.sql.extensions=io.delta.sql.DeltaSparkSessionExtension --conf spark.sql.catalog.spark_catalog=org.apache.spark.sql.delta.catalog.DeltaCatalog /opt/jobs/coin/convert_to_delta.py\"']","logger":"airflow.task.hooks.airflow.providers.standard.hooks.subprocess.SubprocessHook","filename":"subprocess.py","lineno":88}
{"timestamp":"2025-11-16T11:39:01.030507Z","level":"info","event":"Output:","logger":"airflow.task.hooks.airflow.providers.standard.hooks.subprocess.SubprocessHook","filename":"subprocess.py","lineno":99}
{"timestamp":"2025-11-16T11:39:01.427500Z","level":"info","event":"WARNING: Using incubator modules: jdk.incubator.vector","logger":"airflow.task.hooks.airflow.providers.standard.hooks.subprocess.SubprocessHook","filename":"subprocess.py","lineno":106}
{"timestamp":"2025-11-16T11:39:02.826932Z","level":"info","event":":: loading settings :: url = jar:file:/opt/spark/jars/ivy-2.5.3.jar!/org/apache/ivy/core/settings/ivysettings.xml","logger":"airflow.task.hooks.airflow.providers.standard.hooks.subprocess.SubprocessHook","filename":"subprocess.py","lineno":106}
{"timestamp":"2025-11-16T11:39:02.962035Z","level":"info","event":"Ivy Default Cache set to: /home/NBuser/.ivy2.5.2/cache","logger":"airflow.task.hooks.airflow.providers.standard.hooks.subprocess.SubprocessHook","filename":"subprocess.py","lineno":106}
{"timestamp":"2025-11-16T11:39:02.962376Z","level":"info","event":"The jars for the packages stored in: /home/NBuser/.ivy2.5.2/jars","logger":"airflow.task.hooks.airflow.providers.standard.hooks.subprocess.SubprocessHook","filename":"subprocess.py","lineno":106}
{"timestamp":"2025-11-16T11:39:02.971307Z","level":"info","event":"io.delta#delta-spark_2.13 added as a dependency","logger":"airflow.task.hooks.airflow.providers.standard.hooks.subprocess.SubprocessHook","filename":"subprocess.py","lineno":106}
{"timestamp":"2025-11-16T11:39:02.971651Z","level":"info","event":"org.apache.hadoop#hadoop-aws added as a dependency","logger":"airflow.task.hooks.airflow.providers.standard.hooks.subprocess.SubprocessHook","filename":"subprocess.py","lineno":106}
{"timestamp":"2025-11-16T11:39:02.977216Z","level":"info","event":":: resolving dependencies :: org.apache.spark#spark-submit-parent-0a03bdf9-3756-46f3-8e02-00c2d6f1e752;1.0","logger":"airflow.task.hooks.airflow.providers.standard.hooks.subprocess.SubprocessHook","filename":"subprocess.py","lineno":106}
{"timestamp":"2025-11-16T11:39:02.977643Z","level":"info","event":"\tconfs: [default]","logger":"airflow.task.hooks.airflow.providers.standard.hooks.subprocess.SubprocessHook","filename":"subprocess.py","lineno":106}
{"timestamp":"2025-11-16T11:39:03.180029Z","level":"info","event":"\tfound io.delta#delta-spark_2.13;4.0.0 in central","logger":"airflow.task.hooks.airflow.providers.standard.hooks.subprocess.SubprocessHook","filename":"subprocess.py","lineno":106}
{"timestamp":"2025-11-16T11:39:03.221057Z","level":"info","event":"\tfound io.delta#delta-storage;4.0.0 in central","logger":"airflow.task.hooks.airflow.providers.standard.hooks.subprocess.SubprocessHook","filename":"subprocess.py","lineno":106}
{"timestamp":"2025-11-16T11:39:03.261451Z","level":"info","event":"\tfound org.antlr#antlr4-runtime;4.13.1 in central","logger":"airflow.task.hooks.airflow.providers.standard.hooks.subprocess.SubprocessHook","filename":"subprocess.py","lineno":106}
{"timestamp":"2025-11-16T11:39:03.346210Z","level":"info","event":"\tfound org.apache.hadoop#hadoop-aws;3.4.1 in central","logger":"airflow.task.hooks.airflow.providers.standard.hooks.subprocess.SubprocessHook","filename":"subprocess.py","lineno":106}
{"timestamp":"2025-11-16T11:39:03.391853Z","level":"info","event":"\tfound software.amazon.awssdk#bundle;2.24.6 in central","logger":"airflow.task.hooks.airflow.providers.standard.hooks.subprocess.SubprocessHook","filename":"subprocess.py","lineno":106}
{"timestamp":"2025-11-16T11:39:03.435052Z","level":"info","event":"\tfound org.wildfly.openssl#wildfly-openssl;1.1.3.Final in central","logger":"airflow.task.hooks.airflow.providers.standard.hooks.subprocess.SubprocessHook","filename":"subprocess.py","lineno":106}
{"timestamp":"2025-11-16T11:39:04.172257Z","level":"info","event":"downloading https://repo1.maven.org/maven2/io/delta/delta-storage/4.0.0/delta-storage-4.0.0.jar ...","logger":"airflow.task.hooks.airflow.providers.standard.hooks.subprocess.SubprocessHook","filename":"subprocess.py","lineno":106}
{"timestamp":"2025-11-16T11:39:04.322243Z","level":"info","event":"\t[SUCCESSFUL ] io.delta#delta-storage;4.0.0!delta-storage.jar (857ms)","logger":"airflow.task.hooks.airflow.providers.standard.hooks.subprocess.SubprocessHook","filename":"subprocess.py","lineno":106}
{"timestamp":"2025-11-16T11:39:04.430118Z","level":"info","event":"downloading https://repo1.maven.org/maven2/software/amazon/awssdk/bundle/2.24.6/bundle-2.24.6.jar ...","logger":"airflow.task.hooks.airflow.providers.standard.hooks.subprocess.SubprocessHook","filename":"subprocess.py","lineno":106}
