{"timestamp":"2025-11-10T06:15:04.370031Z","level":"info","event":"DAG bundles loaded: dags-folder","logger":"airflow.dag_processing.bundles.manager.DagBundlesManager","filename":"manager.py","lineno":179}
{"timestamp":"2025-11-10T06:15:04.374461Z","level":"info","event":"Filling up the DagBag from /opt/airflow/dags/stock_intraday_pipeline.py","logger":"airflow.models.dagbag.DagBag","filename":"dagbag.py","lineno":593}
{"timestamp":"2025-11-10T06:16:10.205286Z","level":"info","event":"🎯 Target date (NY): 2025-11-05","logger":"task.stdout"}
{"timestamp":"2025-11-10T06:16:10.205772Z","level":"info","event":"🚀 Start AV collector | symbols=['AAPL', 'MSFT', 'IBM', 'GOOGL', 'AMZN'] | interval=5min | batches=3","logger":"task.stdout"}
{"timestamp":"2025-11-10T06:16:10.207155Z","level":"info","event":"","logger":"task.stdout"}
{"timestamp":"2025-11-10T06:16:10.207452Z","level":"info","event":"🔹 Batch 1/3: ['AAPL', 'MSFT']","logger":"task.stdout"}
{"timestamp":"2025-11-10T06:15:11.161399Z","level":"info","event":"⬆️  Uploaded: s3://warehouse/bronze1/stocks_intraday/symbol=AAPL/dt=2025-11-05/ts_20251110T061511Z.json  (39809 bytes)","logger":"task.stdout"}
{"timestamp":"2025-11-10T06:15:11.161977Z","level":"info","event":"AAPL: uploaded 192 records for dt=2025-11-05","logger":"task.stdout"}
{"timestamp":"2025-11-10T06:15:11.162334Z","level":"info","event":"⏳ sleep 22s between symbols…","logger":"task.stdout"}
{"timestamp":"2025-11-10T06:15:34.896729Z","level":"info","event":"⬆️  Uploaded: s3://warehouse/bronze1/stocks_intraday/symbol=MSFT/dt=2025-11-05/ts_20251110T061534Z.json  (39739 bytes)","logger":"task.stdout"}
{"timestamp":"2025-11-10T06:15:34.897110Z","level":"info","event":"MSFT: uploaded 192 records for dt=2025-11-05","logger":"task.stdout"}
{"timestamp":"2025-11-10T06:15:34.897258Z","level":"info","event":"⏳ sleep 25s between symbols…","logger":"task.stdout"}
{"timestamp":"2025-11-10T06:15:59.897072Z","level":"info","event":"⏳ Sleep 70s between batches…","logger":"task.stdout"}
{"timestamp":"2025-11-10T06:17:09.903061Z","level":"info","event":"","logger":"task.stdout"}
{"timestamp":"2025-11-10T06:17:09.903524Z","level":"info","event":"🔹 Batch 2/3: ['IBM', 'GOOGL']","logger":"task.stdout"}
{"timestamp":"2025-11-10T06:17:11.477985Z","level":"info","event":"⬆️  Uploaded: s3://warehouse/bronze1/stocks_intraday/symbol=IBM/dt=2025-11-05/ts_20251110T061711Z.json  (37898 bytes)","logger":"task.stdout"}
{"timestamp":"2025-11-10T06:17:11.478405Z","level":"info","event":"IBM: uploaded 185 records for dt=2025-11-05","logger":"task.stdout"}
{"timestamp":"2025-11-10T06:17:11.478645Z","level":"info","event":"⏳ sleep 22s between symbols…","logger":"task.stdout"}
{"timestamp":"2025-11-10T06:17:35.165675Z","level":"info","event":"⬆️  Uploaded: s3://warehouse/bronze1/stocks_intraday/symbol=GOOGL/dt=2025-11-05/ts_20251110T061735Z.json  (39965 bytes)","logger":"task.stdout"}
{"timestamp":"2025-11-10T06:17:35.166162Z","level":"info","event":"GOOGL: uploaded 192 records for dt=2025-11-05","logger":"task.stdout"}
{"timestamp":"2025-11-10T06:17:35.166392Z","level":"info","event":"⏳ sleep 22s between symbols…","logger":"task.stdout"}
{"timestamp":"2025-11-10T06:17:57.175879Z","level":"info","event":"⏳ Sleep 70s between batches…","logger":"task.stdout"}
{"timestamp":"2025-11-10T06:19:07.161488Z","level":"info","event":"","logger":"task.stdout"}
{"timestamp":"2025-11-10T06:19:07.161904Z","level":"info","event":"🔹 Batch 3/3: ['AMZN']","logger":"task.stdout"}
{"timestamp":"2025-11-10T06:19:09.026761Z","level":"info","event":"⬆️  Uploaded: s3://warehouse/bronze1/stocks_intraday/symbol=AMZN/dt=2025-11-05/ts_20251110T062010Z.json  (39800 bytes)","logger":"task.stdout"}
{"timestamp":"2025-11-10T06:19:09.027177Z","level":"info","event":"AMZN: uploaded 192 records for dt=2025-11-05","logger":"task.stdout"}
{"timestamp":"2025-11-10T06:19:09.027364Z","level":"info","event":"⏳ sleep 23s between symbols…","logger":"task.stdout"}
{"timestamp":"2025-11-10T06:19:32.028006Z","level":"info","event":"⏳ Sleep 70s between batches…","logger":"task.stdout"}
{"timestamp":"2025-11-10T06:20:42.016863Z","level":"info","event":"Done. Returned value was: None","logger":"airflow.task.operators.airflow.providers.standard.operators.python.PythonOperator","filename":"python.py","lineno":218}
