{"timestamp":"2025-11-12T08:02:14.711128Z","level":"info","event":"DAG bundles loaded: dags-folder","logger":"airflow.dag_processing.bundles.manager.DagBundlesManager","filename":"manager.py","lineno":179}
{"timestamp":"2025-11-12T08:02:14.712526Z","level":"info","event":"Filling up the DagBag from /opt/airflow/dags/stock_intraday_pipeline.py","logger":"airflow.models.dagbag.DagBag","filename":"dagbag.py","lineno":593}
{"timestamp":"2025-11-12T08:02:15.076266Z","level":"info","event":"🎯 Target date (NY): 2025-11-11","logger":"task.stdout"}
{"timestamp":"2025-11-12T08:02:15.076836Z","level":"info","event":"🚀 Start AV collector | symbols=['AAPL', 'MSFT', 'IBM', 'GOOGL', 'AMZN'] | interval=5min | batches=3","logger":"task.stdout"}
{"timestamp":"2025-11-12T08:02:15.078138Z","level":"info","event":"","logger":"task.stdout"}
{"timestamp":"2025-11-12T08:02:15.078471Z","level":"info","event":"🔹 Batch 1/3: ['AAPL', 'MSFT']","logger":"task.stdout"}
{"timestamp":"2025-11-12T08:02:18.644932Z","level":"info","event":"⬆️  Uploaded: s3://warehouse/bronze1/stocks_intraday/symbol=AAPL/dt=2025-11-11/ts_20251112T080216Z.json  (39787 bytes)","logger":"task.stdout"}
{"timestamp":"2025-11-12T08:02:18.645389Z","level":"info","event":"AAPL: uploaded 192 records for dt=2025-11-11","logger":"task.stdout"}
{"timestamp":"2025-11-12T08:02:18.645632Z","level":"info","event":"⏳ sleep 22s between symbols…","logger":"task.stdout"}
{"timestamp":"2025-11-12T08:02:42.651547Z","level":"info","event":"⬆️  Uploaded: s3://warehouse/bronze1/stocks_intraday/symbol=MSFT/dt=2025-11-11/ts_20251112T080242Z.json  (39696 bytes)","logger":"task.stdout"}
{"timestamp":"2025-11-12T08:02:42.652056Z","level":"info","event":"MSFT: uploaded 192 records for dt=2025-11-11","logger":"task.stdout"}
{"timestamp":"2025-11-12T08:02:42.652434Z","level":"info","event":"⏳ sleep 23s between symbols…","logger":"task.stdout"}
{"timestamp":"2025-11-12T08:03:05.651084Z","level":"info","event":"⏳ Sleep 70s between batches…","logger":"task.stdout"}
{"timestamp":"2025-11-12T08:04:15.659617Z","level":"info","event":"","logger":"task.stdout"}
{"timestamp":"2025-11-12T08:04:15.660208Z","level":"info","event":"🔹 Batch 2/3: ['IBM', 'GOOGL']","logger":"task.stdout"}
{"timestamp":"2025-11-12T08:05:22.109878Z","level":"info","event":"⬆️  Uploaded: s3://warehouse/bronze1/stocks_intraday/symbol=IBM/dt=2025-11-11/ts_20251112T080417Z.json  (36874 bytes)","logger":"task.stdout"}
{"timestamp":"2025-11-12T08:05:22.110332Z","level":"info","event":"IBM: uploaded 180 records for dt=2025-11-11","logger":"task.stdout"}
{"timestamp":"2025-11-12T08:05:22.110652Z","level":"info","event":"⏳ sleep 24s between symbols…","logger":"task.stdout"}
{"timestamp":"2025-11-12T08:04:45.613803Z","level":"info","event":"⬆️  Uploaded: s3://warehouse/bronze1/stocks_intraday/symbol=GOOGL/dt=2025-11-11/ts_20251112T080444Z.json  (39883 bytes)","logger":"task.stdout"}
{"timestamp":"2025-11-12T08:04:45.614348Z","level":"info","event":"GOOGL: uploaded 192 records for dt=2025-11-11","logger":"task.stdout"}
{"timestamp":"2025-11-12T08:04:45.614671Z","level":"info","event":"⏳ sleep 22s between symbols…","logger":"task.stdout"}
{"timestamp":"2025-11-12T08:05:07.609498Z","level":"info","event":"⏳ Sleep 70s between batches…","logger":"task.stdout"}
{"timestamp":"2025-11-12T08:06:17.585817Z","level":"info","event":"","logger":"task.stdout"}
{"timestamp":"2025-11-12T08:06:17.586346Z","level":"info","event":"🔹 Batch 3/3: ['AMZN']","logger":"task.stdout"}
{"timestamp":"2025-11-12T08:06:22.513515Z","level":"info","event":"⬆️  Uploaded: s3://warehouse/bronze1/stocks_intraday/symbol=AMZN/dt=2025-11-11/ts_20251112T080619Z.json  (39788 bytes)","logger":"task.stdout"}
{"timestamp":"2025-11-12T08:06:22.514099Z","level":"info","event":"AMZN: uploaded 192 records for dt=2025-11-11","logger":"task.stdout"}
{"timestamp":"2025-11-12T08:06:22.514525Z","level":"info","event":"⏳ sleep 22s between symbols…","logger":"task.stdout"}
{"timestamp":"2025-11-12T08:06:44.504275Z","level":"info","event":"⏳ Sleep 70s between batches…","logger":"task.stdout"}
{"timestamp":"2025-11-12T08:07:54.504182Z","level":"info","event":"Done. Returned value was: None","logger":"airflow.task.operators.airflow.providers.standard.operators.python.PythonOperator","filename":"python.py","lineno":218}
