{"timestamp":"2025-11-16T14:12:33.304794Z","level":"info","event":"DAG bundles loaded: dags-folder","logger":"airflow.dag_processing.bundles.manager.DagBundlesManager","filename":"manager.py","lineno":179}
{"timestamp":"2025-11-16T14:12:33.309137Z","level":"info","event":"Filling up the DagBag from /opt/airflow/dags/stock_intraday_pipeline.py","logger":"airflow.models.dagbag.DagBag","filename":"dagbag.py","lineno":593}
{"timestamp":"2025-11-16T14:12:33.717396Z","level":"info","event":"Collector start | interval=5min | batches=3","logger":"task.stdout"}
{"timestamp":"2025-11-16T14:12:33.717839Z","level":"info","event":"Batch 1/3: ['AAPL', 'MSFT']","logger":"task.stdout"}
{"timestamp":"2025-11-16T14:12:34.380408Z","level":"info","event":"AAPL: infer trading date = 2025-11-14","logger":"task.stdout"}
{"timestamp":"2025-11-16T14:12:34.381789Z","level":"info","event":"AAPL: fetched 100 records for 2025-11-14","logger":"task.stdout"}
{"timestamp":"2025-11-16T14:12:34.457136Z","level":"info","event":"uploaded s3://warehouse/bronze1/stocks_intraday/date_ny=2025-11-14/symbol=AAPL/ts_20251116T141234Z.json (25977 bytes)","logger":"task.stdout"}
{"timestamp":"2025-11-16T14:12:34.457600Z","level":"info","event":"AAPL: uploaded 100 recs","logger":"task.stdout"}
{"timestamp":"2025-11-16T14:14:02.155627Z","level":"info","event":"MSFT: infer trading date = 2025-11-14","logger":"task.stdout"}
{"timestamp":"2025-11-16T14:14:02.156914Z","level":"info","event":"MSFT: fetched 100 records for 2025-11-14","logger":"task.stdout"}
{"timestamp":"2025-11-16T14:14:02.225820Z","level":"info","event":"uploaded s3://warehouse/bronze1/stocks_intraday/date_ny=2025-11-14/symbol=MSFT/ts_20251116T141402Z.json (25928 bytes)","logger":"task.stdout"}
{"timestamp":"2025-11-16T14:14:02.226248Z","level":"info","event":"MSFT: uploaded 100 recs","logger":"task.stdout"}
{"timestamp":"2025-11-16T14:15:35.226509Z","level":"info","event":"Batch 2/3: ['META', 'GOOGL']","logger":"task.stdout"}
{"timestamp":"2025-11-16T14:15:35.559887Z","level":"info","event":"META: infer trading date = 2025-11-14","logger":"task.stdout"}
{"timestamp":"2025-11-16T14:15:35.561264Z","level":"info","event":"META: fetched 100 records for 2025-11-14","logger":"task.stdout"}
{"timestamp":"2025-11-16T14:15:35.645150Z","level":"info","event":"uploaded s3://warehouse/bronze1/stocks_intraday/date_ny=2025-11-14/symbol=META/ts_20251116T141535Z.json (25966 bytes)","logger":"task.stdout"}
{"timestamp":"2025-11-16T14:15:35.645673Z","level":"info","event":"META: uploaded 100 recs","logger":"task.stdout"}
{"timestamp":"2025-11-16T14:14:52.000951Z","level":"info","event":"GOOGL: infer trading date = 2025-11-14","logger":"task.stdout"}
{"timestamp":"2025-11-16T14:14:52.003230Z","level":"info","event":"GOOGL: fetched 100 records for 2025-11-14","logger":"task.stdout"}
{"timestamp":"2025-11-16T14:14:52.144775Z","level":"info","event":"uploaded s3://warehouse/bronze1/stocks_intraday/date_ny=2025-11-14/symbol=GOOGL/ts_20251116T141452Z.json (26083 bytes)","logger":"task.stdout"}
{"timestamp":"2025-11-16T14:14:52.145369Z","level":"info","event":"GOOGL: uploaded 100 recs","logger":"task.stdout"}
{"timestamp":"2025-11-16T14:16:23.125521Z","level":"info","event":"Batch 3/3: ['AMZN']","logger":"task.stdout"}
{"timestamp":"2025-11-16T14:16:23.678842Z","level":"info","event":"AMZN: infer trading date = 2025-11-14","logger":"task.stdout"}
{"timestamp":"2025-11-16T14:16:23.680059Z","level":"info","event":"AMZN: fetched 100 records for 2025-11-14","logger":"task.stdout"}
{"timestamp":"2025-11-16T14:16:23.747607Z","level":"info","event":"uploaded s3://warehouse/bronze1/stocks_intraday/date_ny=2025-11-14/symbol=AMZN/ts_20251116T141623Z.json (25997 bytes)","logger":"task.stdout"}
{"timestamp":"2025-11-16T14:16:23.748285Z","level":"info","event":"AMZN: uploaded 100 recs","logger":"task.stdout"}
{"timestamp":"2025-11-16T14:17:49.928817Z","level":"info","event":"Done. Returned value was: None","logger":"airflow.task.operators.airflow.providers.standard.operators.python.PythonOperator","filename":"python.py","lineno":218}
