{"timestamp":"2025-11-14T10:35:10.206831Z","level":"info","event":"DAG bundles loaded: dags-folder","logger":"airflow.dag_processing.bundles.manager.DagBundlesManager","filename":"manager.py","lineno":179}
{"timestamp":"2025-11-14T10:35:10.208506Z","level":"info","event":"Filling up the DagBag from /opt/airflow/dags/stock_intraday_pipeline.py","logger":"airflow.models.dagbag.DagBag","filename":"dagbag.py","lineno":593}
{"timestamp":"2025-11-14T10:35:11.933132Z","level":"info","event":"Collector start | interval=5min | batches=3","logger":"task.stdout"}
{"timestamp":"2025-11-14T10:35:11.933537Z","level":"info","event":"Batch 1/3: ['AAPL', 'MSFT']","logger":"task.stdout"}
{"timestamp":"2025-11-14T10:35:13.260810Z","level":"info","event":"AAPL: infer trading date = 2025-11-13","logger":"task.stdout"}
{"timestamp":"2025-11-14T10:35:13.262197Z","level":"info","event":"AAPL: fetched 100 records for 2025-11-13","logger":"task.stdout"}
{"timestamp":"2025-11-14T10:36:17.028180Z","level":"info","event":"uploaded s3://warehouse/bronze1/stocks_intraday/date_ny=2025-11-13/symbol=AAPL/ts_20251114T103513Z.json (25961 bytes)","logger":"task.stdout"}
{"timestamp":"2025-11-14T10:36:17.028617Z","level":"info","event":"AAPL: uploaded 100 recs","logger":"task.stdout"}
{"timestamp":"2025-11-14T10:35:37.059028Z","level":"info","event":"MSFT: infer trading date = 2025-11-13","logger":"task.stdout"}
{"timestamp":"2025-11-14T10:35:37.060351Z","level":"info","event":"MSFT: fetched 100 records for 2025-11-13","logger":"task.stdout"}
{"timestamp":"2025-11-14T10:35:37.159127Z","level":"info","event":"uploaded s3://warehouse/bronze1/stocks_intraday/date_ny=2025-11-13/symbol=MSFT/ts_20251114T103537Z.json (25955 bytes)","logger":"task.stdout"}
{"timestamp":"2025-11-14T10:35:37.159545Z","level":"info","event":"MSFT: uploaded 100 recs","logger":"task.stdout"}
{"timestamp":"2025-11-14T10:37:09.176545Z","level":"info","event":"Batch 2/3: ['IBM', 'GOOGL']","logger":"task.stdout"}
{"timestamp":"2025-11-14T10:37:09.751341Z","level":"info","event":"IBM: infer trading date = 2025-11-13","logger":"task.stdout"}
{"timestamp":"2025-11-14T10:37:09.753058Z","level":"info","event":"IBM: fetched 100 records for 2025-11-13","logger":"task.stdout"}
{"timestamp":"2025-11-14T10:37:09.827469Z","level":"info","event":"uploaded s3://warehouse/bronze1/stocks_intraday/date_ny=2025-11-13/symbol=IBM/ts_20251114T103709Z.json (25772 bytes)","logger":"task.stdout"}
{"timestamp":"2025-11-14T10:37:09.827934Z","level":"info","event":"IBM: uploaded 100 recs","logger":"task.stdout"}
{"timestamp":"2025-11-14T10:37:32.360670Z","level":"info","event":"GOOGL: infer trading date = 2025-11-13","logger":"task.stdout"}
{"timestamp":"2025-11-14T10:37:32.361912Z","level":"info","event":"GOOGL: fetched 100 records for 2025-11-13","logger":"task.stdout"}
{"timestamp":"2025-11-14T10:37:32.434191Z","level":"info","event":"uploaded s3://warehouse/bronze1/stocks_intraday/date_ny=2025-11-13/symbol=GOOGL/ts_20251114T103732Z.json (26053 bytes)","logger":"task.stdout"}
{"timestamp":"2025-11-14T10:37:32.434727Z","level":"info","event":"GOOGL: uploaded 100 recs","logger":"task.stdout"}
{"timestamp":"2025-11-14T10:39:05.422584Z","level":"info","event":"Batch 3/3: ['AMZN']","logger":"task.stdout"}
{"timestamp":"2025-11-14T10:39:05.957752Z","level":"info","event":"AMZN: infer trading date = 2025-11-13","logger":"task.stdout"}
{"timestamp":"2025-11-14T10:39:05.959147Z","level":"info","event":"AMZN: fetched 100 records for 2025-11-13","logger":"task.stdout"}
{"timestamp":"2025-11-14T10:39:06.031637Z","level":"info","event":"uploaded s3://warehouse/bronze1/stocks_intraday/date_ny=2025-11-13/symbol=AMZN/ts_20251114T103905Z.json (25967 bytes)","logger":"task.stdout"}
{"timestamp":"2025-11-14T10:39:06.032057Z","level":"info","event":"AMZN: uploaded 100 recs","logger":"task.stdout"}
{"timestamp":"2025-11-14T10:39:28.024381Z","level":"info","event":"Done. Returned value was: None","logger":"airflow.task.operators.airflow.providers.standard.operators.python.PythonOperator","filename":"python.py","lineno":218}
