{"timestamp":"2025-11-09T19:52:17.726072Z","level":"info","event":"DAG bundles loaded: dags-folder","logger":"airflow.dag_processing.bundles.manager.DagBundlesManager","filename":"manager.py","lineno":179}
{"timestamp":"2025-11-09T19:52:17.728357Z","level":"info","event":"Filling up the DagBag from /opt/airflow/dags/stock_intraday_pipeline.py","logger":"airflow.models.dagbag.DagBag","filename":"dagbag.py","lineno":593}
{"timestamp":"2025-11-09T19:52:18.030822Z","level":"info","event":"🚀 Start AV collector | symbols=['AAPL', 'MSFT', 'IBM', 'GOOGL', 'AMZN'] | interval=5min | batches=3","logger":"task.stdout"}
{"timestamp":"2025-11-09T19:52:18.031542Z","level":"info","event":"","logger":"task.stdout"}
{"timestamp":"2025-11-09T19:52:18.031896Z","level":"info","event":"🔹 Batch 1/3: ['AAPL', 'MSFT']","logger":"task.stdout"}
{"timestamp":"2025-11-09T19:52:38.586356Z","level":"warning","event":"Retrying (Retry(total=4, connect=2, read=3, redirect=None, status=None)) after connection broken by 'NewConnectionError('<urllib3.connection.HTTPSConnection object at 0x7410b49327e0>: Failed to establish a new connection: [Errno 101] Network is unreachable')': /query?function=TIME_SERIES_INTRADAY&symbol=AAPL&interval=5min&outputsize=full&datatype=json&apikey=TJ36KWWPYCDOX90X","logger":"urllib3.connectionpool","filename":"connectionpool.py","lineno":868}
{"timestamp":"2025-11-09T19:53:02.592701Z","level":"warning","event":"Retrying (Retry(total=3, connect=1, read=3, redirect=None, status=None)) after connection broken by 'NewConnectionError('<urllib3.connection.HTTPSConnection object at 0x7410b17e3230>: Failed to establish a new connection: [Errno 101] Network is unreachable')': /query?function=TIME_SERIES_INTRADAY&symbol=AAPL&interval=5min&outputsize=full&datatype=json&apikey=TJ36KWWPYCDOX90X","logger":"urllib3.connectionpool","filename":"connectionpool.py","lineno":868}
{"timestamp":"2025-11-09T19:53:30.620737Z","level":"warning","event":"Retrying (Retry(total=2, connect=0, read=3, redirect=None, status=None)) after connection broken by 'NewConnectionError('<urllib3.connection.HTTPSConnection object at 0x7410b17e3680>: Failed to establish a new connection: [Errno 101] Network is unreachable')': /query?function=TIME_SERIES_INTRADAY&symbol=AAPL&interval=5min&outputsize=full&datatype=json&apikey=TJ36KWWPYCDOX90X","logger":"urllib3.connectionpool","filename":"connectionpool.py","lineno":868}
{"timestamp":"2025-11-09T19:53:50.638878Z","level":"info","event":"❌ AAPL: request error → HTTPSConnectionPool(host='www.alphavantage.co', port=443): Max retries exceeded with url: /query?function=TIME_SERIES_INTRADAY&symbol=AAPL&interval=5min&outputsize=full&datatype=json&apikey=TJ36KWWPYCDOX90X (Caused by NewConnectionError('<urllib3.connection.HTTPSConnection object at 0x7410b17e3980>: Failed to establish a new connection: [Errno 101] Network is unreachable'))","logger":"task.stdout"}
{"timestamp":"2025-11-09T19:53:50.639375Z","level":"info","event":"ℹ️  AAPL: 0 record → skip upload","logger":"task.stdout"}
{"timestamp":"2025-11-09T19:53:50.639668Z","level":"info","event":"⏳ sleep 23s between symbols…","logger":"task.stdout"}
{"timestamp":"2025-11-09T19:54:33.668920Z","level":"warning","event":"Retrying (Retry(total=4, connect=2, read=3, redirect=None, status=None)) after connection broken by 'NewConnectionError('<urllib3.connection.HTTPSConnection object at 0x7410b17e3e00>: Failed to establish a new connection: [Errno 101] Network is unreachable')': /query?function=TIME_SERIES_INTRADAY&symbol=MSFT&interval=5min&outputsize=full&datatype=json&apikey=TJ36KWWPYCDOX90X","logger":"urllib3.connectionpool","filename":"connectionpool.py","lineno":868}
{"timestamp":"2025-11-09T19:54:57.685479Z","level":"warning","event":"Retrying (Retry(total=3, connect=1, read=3, redirect=None, status=None)) after connection broken by 'NewConnectionError('<urllib3.connection.HTTPSConnection object at 0x7410b18cdfa0>: Failed to establish a new connection: [Errno 101] Network is unreachable')': /query?function=TIME_SERIES_INTRADAY&symbol=MSFT&interval=5min&outputsize=full&datatype=json&apikey=TJ36KWWPYCDOX90X","logger":"urllib3.connectionpool","filename":"connectionpool.py","lineno":868}
{"timestamp":"2025-11-09T19:55:25.699440Z","level":"warning","event":"Retrying (Retry(total=2, connect=0, read=3, redirect=None, status=None)) after connection broken by 'NewConnectionError('<urllib3.connection.HTTPSConnection object at 0x7410b17e8260>: Failed to establish a new connection: [Errno 101] Network is unreachable')': /query?function=TIME_SERIES_INTRADAY&symbol=MSFT&interval=5min&outputsize=full&datatype=json&apikey=TJ36KWWPYCDOX90X","logger":"urllib3.connectionpool","filename":"connectionpool.py","lineno":868}
{"timestamp":"2025-11-09T19:55:45.727230Z","level":"info","event":"❌ MSFT: request error → HTTPSConnectionPool(host='www.alphavantage.co', port=443): Max retries exceeded with url: /query?function=TIME_SERIES_INTRADAY&symbol=MSFT&interval=5min&outputsize=full&datatype=json&apikey=TJ36KWWPYCDOX90X (Caused by NewConnectionError('<urllib3.connection.HTTPSConnection object at 0x7410b17e8470>: Failed to establish a new connection: [Errno 101] Network is unreachable'))","logger":"task.stdout"}
{"timestamp":"2025-11-09T19:55:45.727933Z","level":"info","event":"ℹ️  MSFT: 0 record → skip upload","logger":"task.stdout"}
{"timestamp":"2025-11-09T19:55:45.728557Z","level":"info","event":"⏳ sleep 24s between symbols…","logger":"task.stdout"}
{"timestamp":"2025-11-09T19:56:09.726030Z","level":"info","event":"⏳ Sleep 70s between batches…","logger":"task.stdout"}
{"timestamp":"2025-11-09T19:56:24.862525Z","level":"error","event":"Server indicated the task shouldn't be running anymore. Terminating process","detail":{"detail":{"reason":"not_found","message":"Task Instance not found"}},"logger":"task"}
{"timestamp":"2025-11-09T19:56:29.876625Z","level":"error","event":"Task killed!","logger":"task"}
