{"timestamp":"2025-11-24T08:38:34.615547Z","level":"info","event":"DAG bundles loaded: dags-folder","logger":"airflow.dag_processing.bundles.manager.DagBundlesManager","filename":"manager.py","lineno":179}
{"timestamp":"2025-11-24T08:38:34.621012Z","level":"info","event":"Filling up the DagBag from /opt/airflow/dags/stock_intraday_pipeline-v2.py","logger":"airflow.models.dagbag.DagBag","filename":"dagbag.py","lineno":593}
{"timestamp":"2025-11-24T08:38:38.995068Z","level":"info","event":"Số mẫu huấn luyện: 20226","logger":"task.stdout"}
{"timestamp":"2025-11-24T08:38:39.015802Z","level":"info","event":"","logger":"task.stdout"}
{"timestamp":"2025-11-24T08:38:39.017250Z","level":"info","event":"--- Giai đoạn 1: Train LSTM (Max 200 epochs) ---","logger":"task.stdout"}
{"timestamp":"2025-11-24T08:39:11.061666Z","level":"info","event":"   Epoch   0 | Train Loss: 0.6932 | Val Loss: 0.6952","logger":"task.stdout"}
{"timestamp":"2025-11-24T08:40:12.286970Z","level":"info","event":"   Epoch  10 | Train Loss: 0.6896 | Val Loss: 0.7000","logger":"task.stdout"}
{"timestamp":"2025-11-24T08:41:12.934096Z","level":"info","event":"   Epoch  20 | Train Loss: 0.6913 | Val Loss: 0.6932","logger":"task.stdout"}
{"timestamp":"2025-11-24T08:42:08.653003Z","level":"info","event":"   Epoch  30 | Train Loss: 0.6863 | Val Loss: 0.6947","logger":"task.stdout"}
{"timestamp":"2025-11-24T08:43:10.235112Z","level":"info","event":"   Epoch  40 | Train Loss: 0.6668 | Val Loss: 0.7052","logger":"task.stdout"}
{"timestamp":"2025-11-24T08:44:10.553153Z","level":"info","event":"   Epoch  50 | Train Loss: 0.6481 | Val Loss: 0.7207","logger":"task.stdout"}
{"timestamp":"2025-11-24T08:44:48.578581Z","level":"info","event":"🛑 DỪNG SỚM tại Epoch 56 (Val Loss không giảm trong 20 lần).","logger":"task.stdout"}
{"timestamp":"2025-11-24T08:44:48.579226Z","level":"info","event":"✅ Đã load lại model tốt nhất với Val Loss: 0.6900","logger":"task.stdout"}
{"timestamp":"2025-11-24T08:44:59.645073Z","level":"info","event":"","logger":"task.stdout"}
{"timestamp":"2025-11-24T08:44:59.645490Z","level":"info","event":"==================================================","logger":"task.stdout"}
{"timestamp":"2025-11-24T08:44:59.645722Z","level":"info","event":"KẾT QUẢ ĐÁNH GIÁ MÔ HÌNH (Validation Set)","logger":"task.stdout"}
{"timestamp":"2025-11-24T08:44:59.645916Z","level":"info","event":"==================================================","logger":"task.stdout"}
{"timestamp":"2025-11-24T08:45:00.480484Z","level":"info","event":"Accuracy Tổng : 53.71%","logger":"task.stdout"}
{"timestamp":"2025-11-24T08:45:00.480919Z","level":"info","event":"F1-Score Tổng : 54.33%","logger":"task.stdout"}
{"timestamp":"2025-11-24T08:45:00.481245Z","level":"info","event":"--------------------------------------------------","logger":"task.stdout"}
{"timestamp":"2025-11-24T08:45:00.481488Z","level":"info","event":"Classification Report:","logger":"task.stdout"}
{"timestamp":"2025-11-24T08:45:00.486910Z","level":"info","event":"              precision    recall  f1-score   support","logger":"task.stdout"}
{"timestamp":"2025-11-24T08:45:00.487221Z","level":"info","event":"","logger":"task.stdout"}
{"timestamp":"2025-11-24T08:45:00.487589Z","level":"info","event":"    GIẢM (0)       0.57      0.50      0.53      2139","logger":"task.stdout"}
{"timestamp":"2025-11-24T08:45:00.487854Z","level":"info","event":"    TĂNG (1)       0.51      0.58      0.54      1907","logger":"task.stdout"}
{"timestamp":"2025-11-24T08:45:00.488089Z","level":"info","event":"","logger":"task.stdout"}
{"timestamp":"2025-11-24T08:45:00.488295Z","level":"info","event":"    accuracy                           0.54      4046","logger":"task.stdout"}
{"timestamp":"2025-11-24T08:45:00.488517Z","level":"info","event":"   macro avg       0.54      0.54      0.54      4046","logger":"task.stdout"}
{"timestamp":"2025-11-24T08:45:00.488746Z","level":"info","event":"weighted avg       0.54      0.54      0.54      4046","logger":"task.stdout"}
{"timestamp":"2025-11-24T08:45:00.488957Z","level":"info","event":"","logger":"task.stdout"}
{"timestamp":"2025-11-24T08:45:00.617420Z","level":"info","event":"--------------------------------------------------","logger":"task.stdout"}
{"timestamp":"2025-11-24T08:45:00.617871Z","level":"info","event":"Ma trận nhầm lẫn (Confusion Matrix):","logger":"task.stdout"}
{"timestamp":"2025-11-24T08:45:00.618205Z","level":"info","event":"   [Thực tế GIẢM]  Đoán đúng: 1059  |  Sai thành Tăng: 1080","logger":"task.stdout"}
{"timestamp":"2025-11-24T08:45:00.618491Z","level":"info","event":"   [Thực tế TĂNG]  Sai thành Giảm: 793  |  Đoán đúng: 1114","logger":"task.stdout"}
{"timestamp":"2025-11-24T08:45:00.618745Z","level":"info","event":"==================================================","logger":"task.stdout"}
{"timestamp":"2025-11-24T08:45:00.618962Z","level":"info","event":"","logger":"task.stdout"}
{"timestamp":"2025-11-24T08:45:06.534638Z","level":"info","event":"   💾 Uploaded: hybrid/v2_tech_indicators/lstm_extractor.pth","logger":"task.stdout"}
{"timestamp":"2025-11-24T08:45:07.573224Z","level":"info","event":"   💾 Uploaded: hybrid/v2_tech_indicators/xgboost_cls.json","logger":"task.stdout"}
{"timestamp":"2025-11-24T08:45:07.998347Z","level":"info","event":"   💾 Uploaded: hybrid/v2_tech_indicators/scaler.pkl","logger":"task.stdout"}
{"timestamp":"2025-11-24T08:45:08.406462Z","level":"info","event":"   💾 Uploaded: hybrid/v2_tech_indicators/metadata.json","logger":"task.stdout"}
{"timestamp":"2025-11-24T08:45:08.406871Z","level":"info","event":"✅ Train Hoàn Tất!","logger":"task.stdout"}
{"timestamp":"2025-11-24T08:45:08.560600Z","level":"info","event":"Done. Returned value was: None","logger":"airflow.task.operators.airflow.providers.standard.operators.python.PythonOperator","filename":"python.py","lineno":218}
