{"timestamp":"2025-11-15T06:39:23.217768Z","level":"info","event":"DAG bundles loaded: dags-folder","logger":"airflow.dag_processing.bundles.manager.DagBundlesManager","filename":"manager.py","lineno":179}
{"timestamp":"2025-11-15T06:39:23.219352Z","level":"info","event":"Filling up the DagBag from /opt/airflow/dags/stock_intraday_pipeline.py","logger":"airflow.models.dagbag.DagBag","filename":"dagbag.py","lineno":593}
{"timestamp":"2025-11-15T06:39:23.749403Z","level":"info","event":"Collector start | interval=5min | batches=3","logger":"task.stdout"}
{"timestamp":"2025-11-15T06:39:23.749800Z","level":"info","event":"Batch 1/3: ['AAPL', 'MSFT']","logger":"task.stdout"}
{"timestamp":"2025-11-15T06:39:25.240591Z","level":"info","event":"AAPL: infer trading date = 2025-11-14","logger":"task.stdout"}
{"timestamp":"2025-11-15T06:39:25.244262Z","level":"info","event":"AAPL: fetched 100 records for 2025-11-14","logger":"task.stdout"}
{"timestamp":"2025-11-15T06:39:25.346786Z","level":"info","event":"uploaded s3://warehouse/bronze1/stocks_intraday/date_ny=2025-11-14/symbol=AAPL/ts_20251115T063925Z.json (25977 bytes)","logger":"task.stdout"}
{"timestamp":"2025-11-15T06:39:25.347182Z","level":"info","event":"AAPL: uploaded 100 recs","logger":"task.stdout"}
{"timestamp":"2025-11-15T06:39:46.889627Z","level":"info","event":"MSFT: infer trading date = 2025-11-14","logger":"task.stdout"}
{"timestamp":"2025-11-15T06:39:46.890978Z","level":"info","event":"MSFT: fetched 100 records for 2025-11-14","logger":"task.stdout"}
{"timestamp":"2025-11-15T06:39:46.967996Z","level":"info","event":"uploaded s3://warehouse/bronze1/stocks_intraday/date_ny=2025-11-14/symbol=MSFT/ts_20251115T063946Z.json (25928 bytes)","logger":"task.stdout"}
{"timestamp":"2025-11-15T06:39:46.968470Z","level":"info","event":"MSFT: uploaded 100 recs","logger":"task.stdout"}
{"timestamp":"2025-11-15T06:41:18.983809Z","level":"info","event":"Batch 2/3: ['IBM', 'GOOGL']","logger":"task.stdout"}
{"timestamp":"2025-11-15T06:41:19.525646Z","level":"info","event":"IBM: infer trading date = 2025-11-14","logger":"task.stdout"}
{"timestamp":"2025-11-15T06:41:19.526984Z","level":"info","event":"IBM: fetched 100 records for 2025-11-14","logger":"task.stdout"}
{"timestamp":"2025-11-15T06:41:19.617036Z","level":"info","event":"uploaded s3://warehouse/bronze1/stocks_intraday/date_ny=2025-11-14/symbol=IBM/ts_20251115T064119Z.json (25725 bytes)","logger":"task.stdout"}
{"timestamp":"2025-11-15T06:41:19.617503Z","level":"info","event":"IBM: uploaded 100 recs","logger":"task.stdout"}
{"timestamp":"2025-11-15T06:41:42.205343Z","level":"info","event":"GOOGL: infer trading date = 2025-11-14","logger":"task.stdout"}
{"timestamp":"2025-11-15T06:41:42.206809Z","level":"info","event":"GOOGL: fetched 100 records for 2025-11-14","logger":"task.stdout"}
{"timestamp":"2025-11-15T06:41:42.296937Z","level":"info","event":"uploaded s3://warehouse/bronze1/stocks_intraday/date_ny=2025-11-14/symbol=GOOGL/ts_20251115T064142Z.json (26083 bytes)","logger":"task.stdout"}
{"timestamp":"2025-11-15T06:41:42.297280Z","level":"info","event":"GOOGL: uploaded 100 recs","logger":"task.stdout"}
{"timestamp":"2025-11-15T06:44:19.911426Z","level":"info","event":"Batch 3/3: ['AMZN']","logger":"task.stdout"}
{"timestamp":"2025-11-15T06:43:15.814161Z","level":"info","event":"AMZN: infer trading date = 2025-11-14","logger":"task.stdout"}
{"timestamp":"2025-11-15T06:43:15.815509Z","level":"info","event":"AMZN: fetched 100 records for 2025-11-14","logger":"task.stdout"}
{"timestamp":"2025-11-15T06:43:15.886763Z","level":"info","event":"uploaded s3://warehouse/bronze1/stocks_intraday/date_ny=2025-11-14/symbol=AMZN/ts_20251115T064315Z.json (25997 bytes)","logger":"task.stdout"}
{"timestamp":"2025-11-15T06:43:15.887415Z","level":"info","event":"AMZN: uploaded 100 recs","logger":"task.stdout"}
{"timestamp":"2025-11-15T06:43:36.885004Z","level":"info","event":"Done. Returned value was: None","logger":"airflow.task.operators.airflow.providers.standard.operators.python.PythonOperator","filename":"python.py","lineno":218}
