{"timestamp":"2025-11-06T13:31:37.801950Z","level":"info","event":"DAG bundles loaded: dags-folder","logger":"airflow.dag_processing.bundles.manager.DagBundlesManager","filename":"manager.py","lineno":179}
{"timestamp":"2025-11-06T13:31:37.803561Z","level":"info","event":"Filling up the DagBag from /opt/airflow/dags/finance_news_pipeline.py","logger":"airflow.models.dagbag.DagBag","filename":"dagbag.py","lineno":593}
{"timestamp":"2025-11-06T13:31:37.990392Z","level":"info","event":"Sẽ lấy tin cho các ngày (trừ hôm nay 2025-11-06): ['2025-11-05', '2025-11-04', '2025-11-03', '2025-11-02', '2025-11-01']","logger":"task.stdout"}
{"timestamp":"2025-11-06T13:31:37.991066Z","level":"info","event":"","logger":"task.stdout"}
{"timestamp":"2025-11-06T13:31:38.041205Z","level":"info","event":"--> 2025-11-05 (VN time) | from=2025-11-04T17:00:00Z to=2025-11-05T16:59:59.999000Z","logger":"task.stdout"}
{"timestamp":"2025-11-06T13:31:40.238686Z","level":"info","event":"   • Trang 1: nhận 97 bài, thêm mới 97, totalResults=1047","logger":"task.stdout"}
{"timestamp":"2025-11-06T13:31:40.321792Z","level":"info","event":"⬆️  Uploaded: s3://warehouse/bronze1/newsapi/date=2025-11-05/ts_20251106T133140Z.json (88461 bytes)","logger":"task.stdout"}
{"timestamp":"2025-11-06T13:31:41.322395Z","level":"info","event":"--> 2025-11-04 (VN time) | from=2025-11-03T17:00:00Z to=2025-11-04T16:59:59.999000Z","logger":"task.stdout"}
{"timestamp":"2025-11-06T13:31:41.778745Z","level":"info","event":"   • Trang 1: nhận 98 bài, thêm mới 98, totalResults=1298","logger":"task.stdout"}
{"timestamp":"2025-11-06T13:31:41.994969Z","level":"info","event":"⬆️  Uploaded: s3://warehouse/bronze1/newsapi/date=2025-11-04/ts_20251106T133141Z.json (76636 bytes)","logger":"task.stdout"}
{"timestamp":"2025-11-06T13:31:42.995567Z","level":"info","event":"--> 2025-11-03 (VN time) | from=2025-11-02T17:00:00Z to=2025-11-03T16:59:59.999000Z","logger":"task.stdout"}
{"timestamp":"2025-11-06T13:31:43.746894Z","level":"info","event":"   • Trang 1: nhận 99 bài, thêm mới 99, totalResults=829","logger":"task.stdout"}
{"timestamp":"2025-11-06T13:31:43.821432Z","level":"info","event":"⬆️  Uploaded: s3://warehouse/bronze1/newsapi/date=2025-11-03/ts_20251106T133143Z.json (92288 bytes)","logger":"task.stdout"}
{"timestamp":"2025-11-06T13:31:44.821886Z","level":"info","event":"--> 2025-11-02 (VN time) | from=2025-11-01T17:00:00Z to=2025-11-02T16:59:59.999000Z","logger":"task.stdout"}
{"timestamp":"2025-11-06T13:31:45.654335Z","level":"info","event":"   • Trang 1: nhận 98 bài, thêm mới 98, totalResults=345","logger":"task.stdout"}
{"timestamp":"2025-11-06T13:31:45.728052Z","level":"info","event":"⬆️  Uploaded: s3://warehouse/bronze1/newsapi/date=2025-11-02/ts_20251106T133145Z.json (84416 bytes)","logger":"task.stdout"}
{"timestamp":"2025-11-06T13:31:46.728460Z","level":"info","event":"--> 2025-11-01 (VN time) | from=2025-10-31T17:00:00Z to=2025-11-01T16:59:59.999000Z","logger":"task.stdout"}
{"timestamp":"2025-11-06T13:31:47.192738Z","level":"info","event":"   • Trang 1: nhận 99 bài, thêm mới 99, totalResults=504","logger":"task.stdout"}
{"timestamp":"2025-11-06T13:31:47.278750Z","level":"info","event":"⬆️  Uploaded: s3://warehouse/bronze1/newsapi/date=2025-11-01/ts_20251106T133147Z.json (92938 bytes)","logger":"task.stdout"}
{"timestamp":"2025-11-06T13:31:48.279097Z","level":"info","event":"✅ Done. Tổng số bài: 491","logger":"task.stdout"}
{"timestamp":"2025-11-06T13:31:48.281691Z","level":"info","event":"Done. Returned value was: 491","logger":"airflow.task.operators.airflow.providers.standard.operators.python.PythonOperator","filename":"python.py","lineno":218}
{"timestamp":"2025-11-06T13:31:48.282122Z","level":"info","event":"Pushing xcom","ti":"RuntimeTaskInstance(id=UUID('019a595d-98a3-7ea3-8332-7a006bbf941e'), task_id='collect_finance_news_to_minio', dag_id='newsapi_finance_pipeline', run_id='scheduled__2025-11-06T00:00:00+00:00', try_number=1, dag_version_id=UUID('019a595d-252c-7009-a3f0-09a1e76e70ee'), map_index=-1, hostname='5e12fe44da57', context_carrier={}, task=<Task(PythonOperator): collect_finance_news_to_minio>, bundle_instance=LocalDagBundle(name=dags-folder), max_tries=0, start_date=datetime.datetime(2025, 11, 6, 13, 31, 37, 724722, tzinfo=datetime.timezone.utc), end_date=None, state=<TaskInstanceState.RUNNING: 'running'>, is_mapped=False, rendered_map_index=None)","logger":"task","filename":"task_runner.py","lineno":1352}
{"timestamp":"2025-11-06T15:28:18.363540Z","level":"info","event":"DAG bundles loaded: dags-folder","logger":"airflow.dag_processing.bundles.manager.DagBundlesManager","filename":"manager.py","lineno":179}
{"timestamp":"2025-11-06T15:28:18.365154Z","level":"info","event":"Filling up the DagBag from /opt/airflow/dags/finance_news_pipeline.py","logger":"airflow.models.dagbag.DagBag","filename":"dagbag.py","lineno":593}
{"timestamp":"2025-11-06T15:29:18.231152Z","level":"info","event":"Sẽ lấy tin cho các ngày (trừ hôm nay 2025-11-06): ['2025-11-05', '2025-11-04', '2025-11-03', '2025-11-02', '2025-11-01', '2025-10-31', '2025-10-30', '2025-10-29', '2025-10-28', '2025-10-27']","logger":"task.stdout"}
{"timestamp":"2025-11-06T15:29:18.231914Z","level":"info","event":"","logger":"task.stdout"}
{"timestamp":"2025-11-06T15:29:18.236522Z","level":"info","event":"--> 2025-11-05 (VN time) | from=2025-11-04T17:00:00Z to=2025-11-05T16:59:59.999000Z","logger":"task.stdout"}
{"timestamp":"2025-11-06T15:28:21.981556Z","level":"info","event":"   • Trang 1: nhận 97 bài, thêm mới 97, totalResults=1156","logger":"task.stdout"}
{"timestamp":"2025-11-06T15:28:22.159383Z","level":"info","event":"⬆️  Uploaded: s3://warehouse/bronze1/newsapi/date=2025-11-05/ts_20251106T152821Z.json (88240 bytes)","logger":"task.stdout"}
{"timestamp":"2025-11-06T15:28:23.160005Z","level":"info","event":"--> 2025-11-04 (VN time) | from=2025-11-03T17:00:00Z to=2025-11-04T16:59:59.999000Z","logger":"task.stdout"}
{"timestamp":"2025-11-06T15:28:23.888457Z","level":"info","event":"   • Trang 1: nhận 98 bài, thêm mới 98, totalResults=1298","logger":"task.stdout"}
{"timestamp":"2025-11-06T15:28:23.966175Z","level":"info","event":"⬆️  Uploaded: s3://warehouse/bronze1/newsapi/date=2025-11-04/ts_20251106T152823Z.json (76636 bytes)","logger":"task.stdout"}
{"timestamp":"2025-11-06T15:28:24.966685Z","level":"info","event":"--> 2025-11-03 (VN time) | from=2025-11-02T17:00:00Z to=2025-11-03T16:59:59.999000Z","logger":"task.stdout"}
{"timestamp":"2025-11-06T15:28:25.491397Z","level":"info","event":"   • Trang 1: nhận 99 bài, thêm mới 99, totalResults=829","logger":"task.stdout"}
{"timestamp":"2025-11-06T15:28:25.601144Z","level":"info","event":"⬆️  Uploaded: s3://warehouse/bronze1/newsapi/date=2025-11-03/ts_20251106T152825Z.json (92288 bytes)","logger":"task.stdout"}
{"timestamp":"2025-11-06T15:28:26.601602Z","level":"info","event":"--> 2025-11-02 (VN time) | from=2025-11-01T17:00:00Z to=2025-11-02T16:59:59.999000Z","logger":"task.stdout"}
{"timestamp":"2025-11-06T15:28:27.029785Z","level":"info","event":"   • Trang 1: nhận 98 bài, thêm mới 98, totalResults=345","logger":"task.stdout"}
{"timestamp":"2025-11-06T15:28:27.109069Z","level":"info","event":"⬆️  Uploaded: s3://warehouse/bronze1/newsapi/date=2025-11-02/ts_20251106T152827Z.json (84416 bytes)","logger":"task.stdout"}
{"timestamp":"2025-11-06T15:28:28.109469Z","level":"info","event":"--> 2025-11-01 (VN time) | from=2025-10-31T17:00:00Z to=2025-11-01T16:59:59.999000Z","logger":"task.stdout"}
{"timestamp":"2025-11-06T15:28:28.645591Z","level":"info","event":"   • Trang 1: nhận 99 bài, thêm mới 99, totalResults=504","logger":"task.stdout"}
{"timestamp":"2025-11-06T15:28:28.761011Z","level":"info","event":"⬆️  Uploaded: s3://warehouse/bronze1/newsapi/date=2025-11-01/ts_20251106T152828Z.json (92938 bytes)","logger":"task.stdout"}
{"timestamp":"2025-11-06T15:28:29.761597Z","level":"info","event":"--> 2025-10-31 (VN time) | from=2025-10-30T17:00:00Z to=2025-10-31T16:59:59.999000Z","logger":"task.stdout"}
{"timestamp":"2025-11-06T15:29:28.347535Z","level":"info","event":"   • Trang 1: nhận 97 bài, thêm mới 97, totalResults=1068","logger":"task.stdout"}
{"timestamp":"2025-11-06T15:28:30.274009Z","level":"info","event":"⬆️  Uploaded: s3://warehouse/bronze1/newsapi/date=2025-10-31/ts_20251106T152928Z.json (86448 bytes)","logger":"task.stdout"}
{"timestamp":"2025-11-06T15:28:31.274527Z","level":"info","event":"--> 2025-10-30 (VN time) | from=2025-10-29T17:00:00Z to=2025-10-30T16:59:59.999000Z","logger":"task.stdout"}
{"timestamp":"2025-11-06T15:28:31.812910Z","level":"info","event":"   • Trang 1: nhận 99 bài, thêm mới 99, totalResults=1440","logger":"task.stdout"}
{"timestamp":"2025-11-06T15:28:32.546225Z","level":"info","event":"⬆️  Uploaded: s3://warehouse/bronze1/newsapi/date=2025-10-30/ts_20251106T152831Z.json (90608 bytes)","logger":"task.stdout"}
{"timestamp":"2025-11-06T15:28:33.546628Z","level":"info","event":"--> 2025-10-29 (VN time) | from=2025-10-28T17:00:00Z to=2025-10-29T16:59:59.999000Z","logger":"task.stdout"}
{"timestamp":"2025-11-06T15:28:34.152542Z","level":"info","event":"   • Trang 1: nhận 100 bài, thêm mới 100, totalResults=1099","logger":"task.stdout"}
{"timestamp":"2025-11-06T15:28:35.544593Z","level":"info","event":"   ✗ Lỗi API: You have requested too many results. Developer accounts are limited to a max of 100 results. You are trying to request results 100 to 200. Please upgrade to a paid plan if you need more results.","logger":"task.stdout"}
{"timestamp":"2025-11-06T15:28:35.633797Z","level":"info","event":"⬆️  Uploaded: s3://warehouse/bronze1/newsapi/date=2025-10-29/ts_20251106T152835Z.json (92020 bytes)","logger":"task.stdout"}
{"timestamp":"2025-11-06T15:28:36.634222Z","level":"info","event":"--> 2025-10-28 (VN time) | from=2025-10-27T17:00:00Z to=2025-10-28T16:59:59.999000Z","logger":"task.stdout"}
{"timestamp":"2025-11-06T15:28:37.185755Z","level":"info","event":"   • Trang 1: nhận 98 bài, thêm mới 98, totalResults=1021","logger":"task.stdout"}
{"timestamp":"2025-11-06T15:28:37.259692Z","level":"info","event":"⬆️  Uploaded: s3://warehouse/bronze1/newsapi/date=2025-10-28/ts_20251106T152837Z.json (89115 bytes)","logger":"task.stdout"}
{"timestamp":"2025-11-06T15:28:38.260231Z","level":"info","event":"--> 2025-10-27 (VN time) | from=2025-10-26T17:00:00Z to=2025-10-27T16:59:59.999000Z","logger":"task.stdout"}
{"timestamp":"2025-11-06T15:28:38.700358Z","level":"info","event":"   • Trang 1: nhận 98 bài, thêm mới 98, totalResults=995","logger":"task.stdout"}
{"timestamp":"2025-11-06T15:28:38.801404Z","level":"info","event":"⬆️  Uploaded: s3://warehouse/bronze1/newsapi/date=2025-10-27/ts_20251106T152838Z.json (88889 bytes)","logger":"task.stdout"}
{"timestamp":"2025-11-06T15:28:39.801855Z","level":"info","event":"✅ Done. Tổng số bài: 983","logger":"task.stdout"}
{"timestamp":"2025-11-06T15:28:39.801806Z","level":"info","event":"Done. Returned value was: 983","logger":"airflow.task.operators.airflow.providers.standard.operators.python.PythonOperator","filename":"python.py","lineno":218}
{"timestamp":"2025-11-06T15:28:39.802135Z","level":"info","event":"Pushing xcom","ti":"RuntimeTaskInstance(id=UUID('019a59c8-6410-771a-8b46-6d2a7240974e'), task_id='collect_finance_news_to_minio', dag_id='newsapi_finance_pipeline', run_id='scheduled__2025-11-06T00:00:00+00:00', try_number=1, dag_version_id=UUID('019a59c4-f104-7d13-a657-a2b56036ddce'), map_index=-1, hostname='19486da2718c', context_carrier={}, task=<Task(PythonOperator): collect_finance_news_to_minio>, bundle_instance=LocalDagBundle(name=dags-folder), max_tries=0, start_date=datetime.datetime(2025, 11, 6, 15, 28, 16, 688834, tzinfo=datetime.timezone.utc), end_date=None, state=<TaskInstanceState.RUNNING: 'running'>, is_mapped=False, rendered_map_index=None)","logger":"task","filename":"task_runner.py","lineno":1352}
{"timestamp":"2025-11-06T16:36:42.565279Z","level":"info","event":"DAG bundles loaded: dags-folder","logger":"airflow.dag_processing.bundles.manager.DagBundlesManager","filename":"manager.py","lineno":179}
{"timestamp":"2025-11-06T16:36:42.566726Z","level":"info","event":"Filling up the DagBag from /opt/airflow/dags/finance_news_pipeline.py","logger":"airflow.models.dagbag.DagBag","filename":"dagbag.py","lineno":593}
{"timestamp":"2025-11-06T16:36:44.350376Z","level":"info","event":"Sẽ lấy tin cho các ngày (trừ hôm nay 2025-11-06): ['2025-11-05', '2025-11-04', '2025-11-03', '2025-11-02', '2025-11-01']","logger":"task.stdout"}
{"timestamp":"2025-11-06T16:36:44.350771Z","level":"info","event":"","logger":"task.stdout"}
{"timestamp":"2025-11-06T16:36:44.384612Z","level":"info","event":"--> 2025-11-05 (VN time) | from=2025-11-04T17:00:00Z to=2025-11-05T16:59:59.999000Z","logger":"task.stdout"}
{"timestamp":"2025-11-06T16:36:45.253484Z","level":"info","event":"   • Trang 1: nhận 96 bài, thêm mới 96, totalResults=1213","logger":"task.stdout"}
{"timestamp":"2025-11-06T16:36:45.498869Z","level":"info","event":"⬆️  Uploaded: s3://warehouse/bronze1/finance_news/date=2025-11-05/ts_20251106T163645Z.json (87391 bytes)","logger":"task.stdout"}
{"timestamp":"2025-11-06T16:36:46.501066Z","level":"info","event":"--> 2025-11-04 (VN time) | from=2025-11-03T17:00:00Z to=2025-11-04T16:59:59.999000Z","logger":"task.stdout"}
{"timestamp":"2025-11-06T16:36:47.507470Z","level":"info","event":"   • Trang 1: nhận 98 bài, thêm mới 98, totalResults=1298","logger":"task.stdout"}
{"timestamp":"2025-11-06T16:36:47.641379Z","level":"info","event":"⬆️  Uploaded: s3://warehouse/bronze1/finance_news/date=2025-11-04/ts_20251106T163647Z.json (76636 bytes)","logger":"task.stdout"}
{"timestamp":"2025-11-06T16:36:48.640003Z","level":"info","event":"--> 2025-11-03 (VN time) | from=2025-11-02T17:00:00Z to=2025-11-03T16:59:59.999000Z","logger":"task.stdout"}
{"timestamp":"2025-11-06T16:36:49.236148Z","level":"info","event":"   • Trang 1: nhận 99 bài, thêm mới 99, totalResults=829","logger":"task.stdout"}
{"timestamp":"2025-11-06T16:36:49.348945Z","level":"info","event":"⬆️  Uploaded: s3://warehouse/bronze1/finance_news/date=2025-11-03/ts_20251106T163649Z.json (92288 bytes)","logger":"task.stdout"}
{"timestamp":"2025-11-06T16:36:50.349383Z","level":"info","event":"--> 2025-11-02 (VN time) | from=2025-11-01T17:00:00Z to=2025-11-02T16:59:59.999000Z","logger":"task.stdout"}
{"timestamp":"2025-11-06T16:36:51.375593Z","level":"info","event":"   • Trang 1: nhận 98 bài, thêm mới 98, totalResults=345","logger":"task.stdout"}
{"timestamp":"2025-11-06T16:36:51.513173Z","level":"info","event":"⬆️  Uploaded: s3://warehouse/bronze1/finance_news/date=2025-11-02/ts_20251106T163651Z.json (84416 bytes)","logger":"task.stdout"}
{"timestamp":"2025-11-06T16:36:52.513751Z","level":"info","event":"--> 2025-11-01 (VN time) | from=2025-10-31T17:00:00Z to=2025-11-01T16:59:59.999000Z","logger":"task.stdout"}
{"timestamp":"2025-11-06T16:36:52.992271Z","level":"info","event":"   • Trang 1: nhận 99 bài, thêm mới 99, totalResults=504","logger":"task.stdout"}
{"timestamp":"2025-11-06T16:36:53.821763Z","level":"info","event":"⬆️  Uploaded: s3://warehouse/bronze1/finance_news/date=2025-11-01/ts_20251106T163652Z.json (92938 bytes)","logger":"task.stdout"}
{"timestamp":"2025-11-06T16:36:54.822154Z","level":"info","event":"✅ Done. Tổng số bài: 490","logger":"task.stdout"}
{"timestamp":"2025-11-06T16:36:54.822137Z","level":"info","event":"Done. Returned value was: 490","logger":"airflow.task.operators.airflow.providers.standard.operators.python.PythonOperator","filename":"python.py","lineno":218}
{"timestamp":"2025-11-06T16:36:54.822597Z","level":"info","event":"Pushing xcom","ti":"RuntimeTaskInstance(id=UUID('019a5a07-0339-7f08-903f-711e5b46d213'), task_id='collect_finance_news_to_minio', dag_id='newsapi_finance_pipeline', run_id='scheduled__2025-11-06T00:00:00+00:00', try_number=1, dag_version_id=UUID('019a59fe-73fa-727c-8c93-381af641c7ad'), map_index=-1, hostname='f777cfd64302', context_carrier={}, task=<Task(PythonOperator): collect_finance_news_to_minio>, bundle_instance=LocalDagBundle(name=dags-folder), max_tries=0, start_date=datetime.datetime(2025, 11, 6, 16, 36, 40, 708504, tzinfo=datetime.timezone.utc), end_date=None, state=<TaskInstanceState.RUNNING: 'running'>, is_mapped=False, rendered_map_index=None)","logger":"task","filename":"task_runner.py","lineno":1352}
{"timestamp":"2025-11-06T17:03:15.313724Z","level":"info","event":"DAG bundles loaded: dags-folder","logger":"airflow.dag_processing.bundles.manager.DagBundlesManager","filename":"manager.py","lineno":179}
{"timestamp":"2025-11-06T17:03:15.314724Z","level":"info","event":"Filling up the DagBag from /opt/airflow/dags/finance_news_pipeline.py","logger":"airflow.models.dagbag.DagBag","filename":"dagbag.py","lineno":593}
{"timestamp":"2025-11-06T17:03:16.887239Z","level":"info","event":"Sẽ lấy tin cho các ngày (trừ hôm nay 2025-11-07): ['2025-11-06', '2025-11-05', '2025-11-04', '2025-11-03', '2025-11-02']","logger":"task.stdout"}
{"timestamp":"2025-11-06T17:03:16.887764Z","level":"info","event":"","logger":"task.stdout"}
{"timestamp":"2025-11-06T17:03:16.904197Z","level":"info","event":"--> 2025-11-06 (VN time) | from=2025-11-05T17:00:00Z to=2025-11-06T16:59:59.999000Z","logger":"task.stdout"}
{"timestamp":"2025-11-06T17:03:17.744836Z","level":"info","event":"   • Trang 1: nhận 10 bài, thêm mới 10, totalResults=10","logger":"task.stdout"}
{"timestamp":"2025-11-06T17:03:17.826150Z","level":"info","event":"⬆️  Uploaded: s3://warehouse/bronze1/finance_news/date=2025-11-06/ts_20251106T170317Z.json (9142 bytes)","logger":"task.stdout"}
{"timestamp":"2025-11-06T17:03:18.826556Z","level":"info","event":"--> 2025-11-05 (VN time) | from=2025-11-04T17:00:00Z to=2025-11-05T16:59:59.999000Z","logger":"task.stdout"}
{"timestamp":"2025-11-06T17:03:19.329618Z","level":"info","event":"   • Trang 1: nhận 97 bài, thêm mới 97, totalResults=1237","logger":"task.stdout"}
{"timestamp":"2025-11-06T17:03:19.401669Z","level":"info","event":"⬆️  Uploaded: s3://warehouse/bronze1/finance_news/date=2025-11-05/ts_20251106T170319Z.json (88232 bytes)","logger":"task.stdout"}
{"timestamp":"2025-11-06T17:03:20.402196Z","level":"info","event":"--> 2025-11-04 (VN time) | from=2025-11-03T17:00:00Z to=2025-11-04T16:59:59.999000Z","logger":"task.stdout"}
{"timestamp":"2025-11-06T17:03:20.897467Z","level":"info","event":"   • Trang 1: nhận 98 bài, thêm mới 98, totalResults=1298","logger":"task.stdout"}
{"timestamp":"2025-11-06T17:03:21.868406Z","level":"info","event":"⬆️  Uploaded: s3://warehouse/bronze1/finance_news/date=2025-11-04/ts_20251106T170320Z.json (76636 bytes)","logger":"task.stdout"}
{"timestamp":"2025-11-06T17:03:22.868854Z","level":"info","event":"--> 2025-11-03 (VN time) | from=2025-11-02T17:00:00Z to=2025-11-03T16:59:59.999000Z","logger":"task.stdout"}
{"timestamp":"2025-11-06T17:03:23.502328Z","level":"info","event":"   • Trang 1: nhận 99 bài, thêm mới 99, totalResults=829","logger":"task.stdout"}
{"timestamp":"2025-11-06T17:03:23.583552Z","level":"info","event":"⬆️  Uploaded: s3://warehouse/bronze1/finance_news/date=2025-11-03/ts_20251106T170323Z.json (92288 bytes)","logger":"task.stdout"}
{"timestamp":"2025-11-06T17:03:24.583951Z","level":"info","event":"--> 2025-11-02 (VN time) | from=2025-11-01T17:00:00Z to=2025-11-02T16:59:59.999000Z","logger":"task.stdout"}
{"timestamp":"2025-11-06T17:03:25.274036Z","level":"info","event":"   • Trang 1: nhận 98 bài, thêm mới 98, totalResults=345","logger":"task.stdout"}
{"timestamp":"2025-11-06T17:03:25.382845Z","level":"info","event":"⬆️  Uploaded: s3://warehouse/bronze1/finance_news/date=2025-11-02/ts_20251106T170325Z.json (84416 bytes)","logger":"task.stdout"}
{"timestamp":"2025-11-06T17:03:26.383166Z","level":"info","event":"✅ Done. Tổng số bài: 402","logger":"task.stdout"}
{"timestamp":"2025-11-06T17:03:26.384270Z","level":"info","event":"Done. Returned value was: 402","logger":"airflow.task.operators.airflow.providers.standard.operators.python.PythonOperator","filename":"python.py","lineno":218}
{"timestamp":"2025-11-06T17:03:26.384570Z","level":"info","event":"Pushing xcom","ti":"RuntimeTaskInstance(id=UUID('019a5a1f-5373-7001-9c36-a73fec92cc53'), task_id='collect_finance_news_to_minio', dag_id='newsapi_finance_pipeline', run_id='scheduled__2025-11-06T00:00:00+00:00', try_number=1, dag_version_id=UUID('019a5a1d-7614-7b17-95e5-55af7deaf967'), map_index=-1, hostname='dbbf6a04f7be', context_carrier={}, task=<Task(PythonOperator): collect_finance_news_to_minio>, bundle_instance=LocalDagBundle(name=dags-folder), max_tries=0, start_date=datetime.datetime(2025, 11, 6, 17, 3, 14, 45601, tzinfo=datetime.timezone.utc), end_date=None, state=<TaskInstanceState.RUNNING: 'running'>, is_mapped=False, rendered_map_index=None)","logger":"task","filename":"task_runner.py","lineno":1352}
{"timestamp":"2025-11-06T17:48:31.388902Z","level":"info","event":"DAG bundles loaded: dags-folder","logger":"airflow.dag_processing.bundles.manager.DagBundlesManager","filename":"manager.py","lineno":179}
{"timestamp":"2025-11-06T17:48:31.390185Z","level":"info","event":"Filling up the DagBag from /opt/airflow/dags/finance_news_pipeline.py","logger":"airflow.models.dagbag.DagBag","filename":"dagbag.py","lineno":593}
{"timestamp":"2025-11-06T17:48:31.924212Z","level":"info","event":"Sẽ lấy tin cho các ngày (trừ hôm nay 2025-11-07): ['2025-11-06', '2025-11-05', '2025-11-04', '2025-11-03', '2025-11-02']","logger":"task.stdout"}
{"timestamp":"2025-11-06T17:48:31.924618Z","level":"info","event":"","logger":"task.stdout"}
{"timestamp":"2025-11-06T17:48:31.929783Z","level":"info","event":"--> 2025-11-06 (VN time) | from=2025-11-05T17:00:00Z to=2025-11-06T16:59:59.999000Z","logger":"task.stdout"}
{"timestamp":"2025-11-06T17:48:32.685422Z","level":"info","event":"   • Trang 1: nhận 53 bài, thêm mới 53, totalResults=54","logger":"task.stdout"}
{"timestamp":"2025-11-06T17:48:32.763320Z","level":"info","event":"⬆️  Uploaded: s3://warehouse/bronze1/finance_news/date=2025-11-06/ts_20251106T174832Z.json (48862 bytes)","logger":"task.stdout"}
{"timestamp":"2025-11-06T17:48:33.763870Z","level":"info","event":"--> 2025-11-05 (VN time) | from=2025-11-04T17:00:00Z to=2025-11-05T16:59:59.999000Z","logger":"task.stdout"}
{"timestamp":"2025-11-06T17:48:34.643172Z","level":"info","event":"   • Trang 1: nhận 97 bài, thêm mới 97, totalResults=1237","logger":"task.stdout"}
{"timestamp":"2025-11-06T17:48:34.737822Z","level":"info","event":"⬆️  Uploaded: s3://warehouse/bronze1/finance_news/date=2025-11-05/ts_20251106T174834Z.json (88232 bytes)","logger":"task.stdout"}
{"timestamp":"2025-11-06T17:48:35.738325Z","level":"info","event":"--> 2025-11-04 (VN time) | from=2025-11-03T17:00:00Z to=2025-11-04T16:59:59.999000Z","logger":"task.stdout"}
{"timestamp":"2025-11-06T17:48:36.154741Z","level":"info","event":"   • Trang 1: nhận 98 bài, thêm mới 98, totalResults=1298","logger":"task.stdout"}
{"timestamp":"2025-11-06T17:48:36.230912Z","level":"info","event":"⬆️  Uploaded: s3://warehouse/bronze1/finance_news/date=2025-11-04/ts_20251106T174836Z.json (76636 bytes)","logger":"task.stdout"}
{"timestamp":"2025-11-06T17:48:37.231378Z","level":"info","event":"--> 2025-11-03 (VN time) | from=2025-11-02T17:00:00Z to=2025-11-03T16:59:59.999000Z","logger":"task.stdout"}
{"timestamp":"2025-11-06T17:48:37.910347Z","level":"info","event":"   • Trang 1: nhận 99 bài, thêm mới 99, totalResults=829","logger":"task.stdout"}
{"timestamp":"2025-11-06T17:48:37.980951Z","level":"info","event":"⬆️  Uploaded: s3://warehouse/bronze1/finance_news/date=2025-11-03/ts_20251106T174837Z.json (92288 bytes)","logger":"task.stdout"}
{"timestamp":"2025-11-06T17:49:37.192221Z","level":"info","event":"--> 2025-11-02 (VN time) | from=2025-11-01T17:00:00Z to=2025-11-02T16:59:59.999000Z","logger":"task.stdout"}
{"timestamp":"2025-11-06T17:48:39.985819Z","level":"info","event":"   • Trang 1: nhận 98 bài, thêm mới 98, totalResults=345","logger":"task.stdout"}
{"timestamp":"2025-11-06T17:48:40.137196Z","level":"info","event":"⬆️  Uploaded: s3://warehouse/bronze1/finance_news/date=2025-11-02/ts_20251106T174839Z.json (84416 bytes)","logger":"task.stdout"}
{"timestamp":"2025-11-06T17:48:41.137487Z","level":"info","event":"✅ Done. Tổng số bài: 445","logger":"task.stdout"}
{"timestamp":"2025-11-06T17:48:41.140793Z","level":"info","event":"Done. Returned value was: 445","logger":"airflow.task.operators.airflow.providers.standard.operators.python.PythonOperator","filename":"python.py","lineno":218}
{"timestamp":"2025-11-06T17:48:41.141095Z","level":"info","event":"Pushing xcom","ti":"RuntimeTaskInstance(id=UUID('019a5a48-ca11-7ac1-b9fc-1701888ec682'), task_id='collect_finance_news_to_minio', dag_id='newsapi_finance_pipeline', run_id='scheduled__2025-11-06T00:00:00+00:00', try_number=1, dag_version_id=UUID('019a5a2e-bd67-760f-8bce-a89812224e8e'), map_index=-1, hostname='6f3b153b887a', context_carrier={}, task=<Task(PythonOperator): collect_finance_news_to_minio>, bundle_instance=LocalDagBundle(name=dags-folder), max_tries=0, start_date=datetime.datetime(2025, 11, 6, 17, 48, 31, 329202, tzinfo=datetime.timezone.utc), end_date=None, state=<TaskInstanceState.RUNNING: 'running'>, is_mapped=False, rendered_map_index=None)","logger":"task","filename":"task_runner.py","lineno":1352}
