{"timestamp":"2025-11-08T20:28:32.068837Z","level":"info","event":"DAG bundles loaded: dags-folder","logger":"airflow.dag_processing.bundles.manager.DagBundlesManager","filename":"manager.py","lineno":179}
{"timestamp":"2025-11-08T20:28:32.071406Z","level":"info","event":"Filling up the DagBag from /opt/airflow/dags/stock_intraday_pipeline.py","logger":"airflow.models.dagbag.DagBag","filename":"dagbag.py","lineno":593}
{"timestamp":"2025-11-08T20:28:32.382911Z","level":"info","event":"🚀 Start AV collector | symbols=['AAPL', 'MSFT', 'IBM', 'GOOGL', 'AMZN'] | interval=5min | batches=3","logger":"task.stdout"}
{"timestamp":"2025-11-08T20:28:32.384010Z","level":"info","event":"","logger":"task.stdout"}
{"timestamp":"2025-11-08T20:28:32.384533Z","level":"info","event":"🔹 Batch 1/3: ['AAPL', 'MSFT']","logger":"task.stdout"}
{"timestamp":"2025-11-08T20:28:34.833404Z","level":"info","event":"⬆️  Uploaded: s3://warehouse/bronze1/stocks_intraday/symbol=AAPL/ts_20251108T202834Z.json  (575476 bytes)","logger":"task.stdout"}
{"timestamp":"2025-11-08T20:28:34.833988Z","level":"info","event":"✅ AAPL: uploaded 4224 records","logger":"task.stdout"}
{"timestamp":"2025-11-08T20:28:34.834346Z","level":"info","event":"⏳ sleep 25s between symbols…","logger":"task.stdout"}
{"timestamp":"2025-11-08T20:29:01.584914Z","level":"info","event":"⬆️  Uploaded: s3://warehouse/bronze1/stocks_intraday/symbol=MSFT/ts_20251108T202901Z.json  (573548 bytes)","logger":"task.stdout"}
{"timestamp":"2025-11-08T20:29:01.585510Z","level":"info","event":"✅ MSFT: uploaded 4224 records","logger":"task.stdout"}
{"timestamp":"2025-11-08T20:29:01.585887Z","level":"info","event":"⏳ sleep 23s between symbols…","logger":"task.stdout"}
{"timestamp":"2025-11-08T20:29:24.584853Z","level":"info","event":"⏳ Sleep 70s between batches…","logger":"task.stdout"}
{"timestamp":"2025-11-08T20:30:34.583455Z","level":"info","event":"","logger":"task.stdout"}
{"timestamp":"2025-11-08T20:30:34.584020Z","level":"info","event":"🔹 Batch 2/3: ['IBM', 'GOOGL']","logger":"task.stdout"}
{"timestamp":"2025-11-08T20:30:36.396513Z","level":"info","event":"⬆️  Uploaded: s3://warehouse/bronze1/stocks_intraday/symbol=IBM/ts_20251108T203036Z.json  (561269 bytes)","logger":"task.stdout"}
{"timestamp":"2025-11-08T20:30:36.397048Z","level":"info","event":"✅ IBM: uploaded 4193 records","logger":"task.stdout"}
{"timestamp":"2025-11-08T20:30:36.397399Z","level":"info","event":"⏳ sleep 23s between symbols…","logger":"task.stdout"}
{"timestamp":"2025-11-08T20:31:01.228877Z","level":"info","event":"⬆️  Uploaded: s3://warehouse/bronze1/stocks_intraday/symbol=GOOGL/ts_20251108T203101Z.json  (579016 bytes)","logger":"task.stdout"}
{"timestamp":"2025-11-08T20:31:01.229258Z","level":"info","event":"✅ GOOGL: uploaded 4224 records","logger":"task.stdout"}
{"timestamp":"2025-11-08T20:31:01.229449Z","level":"info","event":"⏳ sleep 22s between symbols…","logger":"task.stdout"}
{"timestamp":"2025-11-08T20:31:23.215943Z","level":"info","event":"⏳ Sleep 70s between batches…","logger":"task.stdout"}
{"timestamp":"2025-11-08T20:32:33.216710Z","level":"info","event":"","logger":"task.stdout"}
{"timestamp":"2025-11-08T20:32:33.217466Z","level":"info","event":"🔹 Batch 3/3: ['AMZN']","logger":"task.stdout"}
{"timestamp":"2025-11-08T20:32:35.153059Z","level":"info","event":"⬆️  Uploaded: s3://warehouse/bronze1/stocks_intraday/symbol=AMZN/ts_20251108T203234Z.json  (576322 bytes)","logger":"task.stdout"}
{"timestamp":"2025-11-08T20:32:35.153502Z","level":"info","event":"✅ AMZN: uploaded 4224 records","logger":"task.stdout"}
{"timestamp":"2025-11-08T20:32:35.158480Z","level":"info","event":"⏳ sleep 24s between symbols…","logger":"task.stdout"}
{"timestamp":"2025-11-08T20:32:59.150443Z","level":"info","event":"⏳ Sleep 70s between batches…","logger":"task.stdout"}
{"timestamp":"2025-11-08T20:35:09.445915Z","level":"info","event":"Done. Returned value was: None","logger":"airflow.task.operators.airflow.providers.standard.operators.python.PythonOperator","filename":"python.py","lineno":218}
